n,hrg_deg,low,high,rep
4096,97.6387,80.7235,143.597,0
8192,97.5034,85.4107,146.826,0
16384,100.341,91.7377,152.668,0
32768,102.205,92.3243,157.101,0
65536,94.5382,93.6704,146.423,0
131072,98.8561,95.5159,153.497,0
262144,98.7904,97.8835,153.781,0
524288,99.8788,99.2351,155.475,0
1048576,99.2942,96.7537,154.953,0
2097152,99.2994,98.6594,155.349,0
4096,95.0498,85.0807,140.904,1
8192,90.5068,85.5926,136.644,1
16384,94.3446,90.1249,144.281,1
32768,99.338,91.0921,151.917,1
65536,97.6994,93.8639,150.938,1
131072,101.88,99.552,157.397,1
262144,100.934,98.6277,156.724,1
524288,98.953,97.5035,154.034,1
1048576,101.96,94.891,158.318,1
2097152,100.066,97.7789,156.157,1
4096,98.1333,89.7191,146.242,2
8192,101.303,90.9548,152.548,2
16384,94.3745,88.089,143.958,2
32768,100.109,96.1791,153.097,2
65536,101.091,96.0172,155.784,2
131072,97.5955,92.163,151.159,2
262144,99.6686,97.9361,155.148,2
524288,98.7861,94.3677,153.774,2
1048576,100.143,99.7717,156.278,2
2097152,98.647,98.0112,154.329,2
4096,102.553,90.6755,151.627,3
8192,92.1096,82.4489,137.985,3
16384,100.711,93.7277,153.23,3
32768,98.2953,93.6302,150.707,3
65536,100.246,94.6659,154.872,3
131072,100.448,97.6034,155.577,3
262144,99.815,98.8988,155.766,3
524288,101.99,99.938,158.363,3
1048576,98.6119,98.2459,154.274,3
2097152,100.189,95.1603,156.35,3
4096,96.0742,87.0485,143.548,4
8192,97.1589,89.3597,146.308,4
16384,102.828,96.5417,155.648,4
32768,99.5599,93.4735,153.034,4
65536,106.266,96.5731,162.512,4
131072,102.074,99.4619,158.094,4
262144,99.7955,97.7879,155.346,4
524288,98.8183,97.641,153.825,4
1048576,98.4881,97.8533,154.08,4
2097152,100.484,99.5617,157.203,4
4096,102.466,93.6806,152.699,5
8192,96.8796,86.7186,146.644,5
16384,98.0725,94.4906,149.982,5
32768,94.8162,93.4273,146.484,5
65536,97.967,94.6568,150.586,5
131072,102.712,89.412,158.282,5
262144,99.6423,98.4551,155.107,5
524288,99.1911,86.6179,154.017,5
1048576,102.551,99.3659,159.634,5
2097152,99.3958,98.2116,155.5,5
4096,98.7588,86.5104,147.174,6
8192,101.964,90.1546,152.349,6
16384,104.094,93.7451,156.344,6
32768,100.727,86.3069,154.436,6
65536,96.521,94.5793,149.117,6
131072,99.1453,95.5242,153.559,6
262144,105.235,92.7586,162.99,6
524288,100.134,98.6668,155.872,6
1048576,99.0473,95.9714,154.568,6
2097152,100.45,99.5276,157.149,6
4096,96.5034,87.7013,144.19,7
8192,97.9937,81.5529,147.182,7
16384,99.7539,91.7463,152.553,7
32768,94.1031,92.7247,146.117,7
65536,99.5915,91.3246,153.472,7
131072,99.0286,92.4331,153.378,7
262144,103.848,85.8575,160.032,7
524288,98.5815,97.9461,153.456,7
1048576,100.35,93.1175,155.817,7
2097152,101.117,96.8711,157.798,7
4096,107.425,90.8705,157.99,8
8192,99.9231,95.1807,151.251,8
16384,99.9161,88.0706,152.021,8
32768,100.266,97.1524,154.12,8
65536,104.816,91.5299,160.704,8
131072,99.0666,91.1142,153.437,8
262144,98.922,89.8993,153.213,8
524288,104.404,88.8862,161.296,8
1048576,98.8657,98.4988,154.671,8
2097152,99.0391,97.3175,154.942,8
4096,94.0576,83.1638,141.638,9
8192,99.4102,83.5472,149.698,9
16384,99.4066,94.1451,151.634,9
32768,89.0001,87.5747,137.498,9
65536,98.2865,85.5591,151.077,9
131072,97.2975,96.1383,150.697,9
262144,103.649,100.147,160.535,9
524288,98.1079,88.0863,152.335,9
1048576,99.5842,98.67,155.406,9
2097152,100.613,99.9644,157.404,9
4096,109.809,91.9861,159.78,10
8192,96.4138,82.6108,145.939,10
16384,98.6423,85.3295,150.083,10
32768,96.7959,94.3193,148.786,10
65536,99.7536,96.6558,154.501,10
131072,97.2325,96.074,150.976,10
262144,99.776,95.8591,155.315,10
524288,97.059,96.168,151.844,10
1048576,100.071,99.1528,156.166,10
2097152,101.536,100.326,158.451,10
4096,99.6069,88.0704,148.438,11
8192,97.9714,81.2665,147.531,11
16384,93.1525,86.6937,142.822,11
32768,99.8328,91.8189,152.674,11
65536,101.578,94.8129,156.137,11
131072,99.8186,97.2647,154.992,11
262144,104.323,87.9617,160.764,11
524288,98.2564,97.6231,152.95,11
1048576,98.3785,98.2824,153.909,11
2097152,99.6385,94.6371,155.88,11
4096,97.3892,84.2454,144.372,12
8192,94.093,86.2826,141.691,12
16384,102.452,94.2276,155.479,12
32768,97.4131,93.0562,149.354,12
65536,103.618,96.7164,159.271,12
131072,97.9879,92.8014,151.766,12
262144,98.7392,88.1131,153.316,12
524288,98.3238,97.1524,153.439,12
1048576,100.857,100.207,157.392,12
2097152,98.4375,98.3413,154.385,12
4096,106.698,89.3802,157.338,13
8192,92.4949,86.3346,140.73,13
16384,96.8634,92.7959,147.376,13
32768,101.346,97.0904,154.593,13
65536,101.426,87.4603,155.111,13
131072,96.0533,94.9089,149.52,13
262144,101.522,97.2586,157.636,13
524288,96.9731,96.0829,151.331,13
1048576,99.9301,99.5592,155.946,13
2097152,100.145,99.5,156.673,13
4096,101.074,89.9205,150.229,14
8192,92.5537,83.6056,141.542,14
16384,104.877,88.4285,158.34,14
32768,103.78,96.8684,159.116,14
65536,100.072,97.512,154.213,14
131072,97.3902,95.9636,151.221,14
262144,100.917,98.8865,157.091,14
524288,103.395,100.749,160.949,14
1048576,98.7034,97.5275,154.031,14
2097152,100.666,99.4663,157.093,14
4096,91.167,81.2312,137.641,15
8192,95.8191,84.7213,144.664,15
16384,94.6161,85.9861,142.848,15
32768,101.214,90.3217,154.391,15
65536,97.8174,96.117,151.12,15
131072,95.8797,92.64,148.876,15
262144,95.624,94.7462,148.852,15
524288,99.9177,98.4541,155.926,15
1048576,99.3023,98.3907,154.966,15
2097152,100.679,100.031,157.508,15
4096,98.0542,89.1106,146.124,16
8192,93.2346,83.9658,141.491,16
16384,96.3142,92.5331,147.293,16
32768,99.5575,94.0157,152.642,16
65536,98.6704,82.9255,151.667,16
131072,99.5035,97.7738,154.114,16
262144,101.194,97.2211,156.732,16
524288,100.72,97.5923,156.785,16
1048576,100.255,92.4809,156.06,16
2097152,99.8474,99.2038,156.207,16
4096,107.888,89.197,157.406,17
8192,100.218,86.1442,150.131,17
16384,95.6255,89.2567,146.24,17
32768,103.307,94.7316,157.987,17
65536,94.893,93.503,146.602,17
131072,97.4518,96.0243,151.697,17
262144,98.7229,97.2767,153.29,17
524288,98.2181,97.585,153.274,17
1048576,101.602,100.948,158.555,17
2097152,99.3905,97.6628,155.492,17
4096,98.4009,82.699,145.103,18
8192,97.4902,87.7983,146.045,18
16384,101.164,94.98,153.92,18
32768,99.6047,85.6173,152.325,18
65536,102.218,92.895,157.92,18
131072,97.6915,97.0619,151.307,18
262144,99.8879,96.5128,155.099,18
524288,102.225,84.7951,158.329,18
1048576,100.457,99.8097,156.768,18
2097152,99.1932,98.0114,155.183,18
4096,99.7427,83.8267,147.861,19
8192,99.3364,88.3745,149.587,19
16384,98.7778,86.257,150.289,19
32768,99.2483,93.181,152.555,19
65536,101.287,95.6488,155.689,19
131072,98.5014,97.0585,152.562,19
262144,98.3573,96.6476,153.491,19
524288,97.9415,94.0966,152.842,19
1048576,99.6576,98.1978,155.52,19
2097152,100.378,99.7306,157.036,19
4096,99.8701,91.8532,149.22,20
8192,92.8633,86.1706,141.653,20
16384,98.7861,91.9367,150.302,20
32768,102.904,84.7953,157.371,20
65536,101.344,81.8469,155.38,20
131072,107.724,96.7205,165.163,20
262144,98.2504,97.3485,152.941,20
524288,100.844,93.025,156.585,20
1048576,99.3247,95.9687,155.001,20
2097152,100.758,96.251,157.237,20
4096,100.772,84.4162,149.387,21
8192,101.391,88.816,151.096,21
16384,95.5919,91.5778,146.562,21
32768,100.881,93.3351,155.066,21
65536,99.9978,98.8064,154.879,21
131072,100.226,98.4833,155.232,21
262144,100.579,98.8311,156.173,21
524288,97.8113,95.8436,152.257,21
1048576,101.203,99.7208,157.537,21
2097152,99.4657,99.0965,155.609,21
4096,101.408,93.2674,151.121,22
8192,99.7546,88.7466,150.606,22
16384,94.9792,90.7312,145.622,22
32768,104.482,97.5234,159.376,22
65536,102.557,96.287,158.041,22
131072,100.855,96.896,156.208,22
262144,100.848,97.1651,156.197,22
524288,99.6907,96.0496,155.183,22
1048576,99.9686,99.3242,156.006,22
2097152,99.3055,98.937,155.359,22
4096,103.788,90.9159,153.858,23
8192,96.5071,86.9129,145.703,23
16384,96.1044,92.0687,146.597,23
32768,106.146,95.5939,161.085,23
65536,97.3856,94.8939,150.833,23
131072,100.512,95.1923,155.676,23
262144,98.8695,96.0695,153.904,23
524288,99.7829,96.4114,155.326,23
1048576,98.8584,98.2212,154.273,23
2097152,100.928,98.3455,157.503,23
4096,96.8379,84.8277,144.689,24
8192,97.6909,90.3832,148.254,24
16384,100.638,88.9819,152.333,24
32768,101.316,95.1226,154.943,24
65536,102.431,91.4072,156.647,24
131072,104.231,94.724,160.622,24
262144,98.2143,95.1643,152.884,24
524288,99.9609,97.6766,155.994,24
1048576,102.897,92.386,160.173,24
2097152,98.8558,98.2187,154.655,24
4096,102.37,88.8341,151.756,25
8192,104.668,88.2525,156.389,25
16384,103.385,89.9972,155.683,25
32768,96.9111,89.6617,148.963,25
65536,99.0232,94.865,152.983,25
131072,101.106,94.3725,156.201,25
262144,98.0238,97.1239,151.822,25
524288,102.93,93.542,159.421,25
1048576,99.6357,98.4486,155.486,25
2097152,99.3796,99.0108,155.475,25
4096,96.3184,84.8994,144.289,26
8192,92.7163,85.0201,139.98,26
16384,103.057,89.7119,155.994,26
32768,104.351,96.2593,159.583,26
65536,95.7999,94.3966,148.003,26
131072,97.8504,96.9522,151.171,26
262144,98.8313,84.412,153.073,26
524288,99.3933,94.676,154.72,26
1048576,100.226,93.8253,156.017,26
2097152,100.873,99.1195,157.811,26
4096,96.6899,84.6981,145.224,27
8192,99.791,89.3247,150.271,27
16384,101.231,93.9356,153.626,27
32768,95.9056,89.7804,147.417,27
65536,98.0126,93.3608,151.422,27
131072,101.992,96.8722,157.569,27
262144,100.129,98.9363,155.474,27
524288,101.752,91.915,157.994,27
1048576,99.8067,99.1634,156.143,27
2097152,100.978,100.051,157.976,27
4096,100.691,90.1306,150.447,28
8192,94.4258,90.4606,144.405,28
16384,99.5508,88.293,151.076,28
32768,100.292,90.0473,153.376,28
65536,98.9412,96.6803,152.856,28
131072,104.001,93.0928,160.267,28
262144,100.882,96.0939,156.643,28
524288,99.2278,98.0455,154.462,28
1048576,102.713,87.4466,159.486,28
2097152,99.3212,98.4094,155.383,28
4096,99.2622,86.1371,148.699,29
8192,100.417,96.2005,151.999,29
16384,93.8845,87.6317,143.211,29
32768,102.264,86.7849,155.993,29
65536,95.7705,92.0108,147.584,29
131072,101.787,95.5645,156.458,29
262144,101.012,95.6654,156.45,29
524288,104.273,92.196,161.501,29
1048576,98.1234,97.7592,153.126,29
2097152,99.1221,98.7543,155.072,29
4096,95.1909,88.5908,142.972,30
8192,98.0818,90.2084,148.081,30
16384,98.9564,94.801,150.561,30
32768,98.232,85.2431,150.226,30
65536,106.384,84.7544,162.693,30
131072,100.266,94.9591,155.295,30
262144,103.285,94.4293,159.971,30
524288,100.192,92.6967,155.962,30
1048576,98.5398,97.6353,154.161,30
2097152,101.08,97.1117,157.74,30
4096,91.4272,82.4631,138.391,31
8192,100.263,88.1024,149.807,31
16384,101.335,85.4421,153.388,31
32768,99.9797,93.3209,153.289,31
65536,99.9644,95.7667,154.437,31
131072,98.9023,96.9127,153.569,31
262144,96.6706,93.4042,150.481,31
524288,101.167,98.855,157.876,31
1048576,99.6293,97.3526,155.476,31
2097152,99.9796,99.0618,156.413,31
4096,95.1265,85.6696,141.389,32
8192,93.3057,87.0914,141.234,32
16384,98.8594,85.5172,150.027,32
32768,100.291,96.3535,154.158,32
65536,97.9781,89.5773,151.369,32
131072,100.793,87.1902,155.324,32
262144,98.9175,96.6571,154.365,32
524288,100.806,99.0536,156.919,32
1048576,100.826,98.2467,156.95,32
2097152,99.3582,96.816,155.053,32
4096,101.062,89.6329,149.026,33
8192,98.1833,92.4496,148.234,33
16384,106.487,97.6476,161.602,33
32768,98.764,88.4053,151.039,33
65536,100.597,96.9227,154.628,33
131072,103.797,90.0722,159.953,33
262144,97.8084,96.9106,151.87,33
524288,99.9803,92.5013,155.633,33
1048576,99.6523,96.5577,155.512,33
2097152,99.3412,98.1576,155.415,33
4096,102.4,93.8999,153,34
8192,98.3052,81.8122,148.034,34
16384,101.455,94.1432,153.173,34
32768,99.4756,90.1303,152.905,34
65536,99.8119,98.3498,154.591,34
131072,98.2693,95.2176,152.202,34
262144,99.9079,95.7125,155.13,34
524288,104.851,99.8743,162.396,34
1048576,99.4076,98.7669,155.519,34
2097152,103.433,86.0795,160.604,34
4096,106.262,92.2111,155.034,35
8192,93.6602,84.6051,141.039,35
16384,99.4897,87.1507,150.595,35
32768,92.8521,88.6992,143.449,35
65536,99.7697,96.3985,153.747,35
131072,95.3231,93.6661,148.384,35
262144,98.8969,97.1778,153.561,35
524288,100.315,99.1202,156.547,35
1048576,98.4758,98.1103,153.676,35
2097152,100.43,98.4093,156.725,35
4096,91.5161,77.6636,135.308,36
8192,100.132,94.5586,152.35,36
16384,100.478,84.4446,152.483,36
32768,99.5267,89.9045,152.595,36
65536,97.8687,95.6322,150.817,36
131072,99.0773,94.9169,153.841,36
262144,99.3313,97.8762,154.235,36
524288,102.233,95.4241,158.741,36
1048576,100.396,99.4744,156.673,36
2097152,99.4664,99.0973,155.611,36
4096,95.2559,83.7024,141.209,37
8192,95.0188,91.0288,144.198,37
16384,99.4186,87.632,150.099,37
32768,101.037,97.8995,154.911,37
65536,97.3602,92.2069,150.414,37
131072,99.5211,97.5191,154.141,37
262144,103.613,96.712,160.478,37
524288,98.6782,94.8043,153.607,37
1048576,103.336,98.1487,160.856,37
2097152,99.3139,98.9453,155.372,37
4096,93.2905,85.2916,140.847,38
8192,99.8853,92.6865,150.413,38
16384,87.651,81.9331,134.387,38
32768,100.567,91.1191,154.582,38
65536,101.89,87.8599,156.616,38
131072,104.035,92.8393,159.914,38
262144,101.511,96.6931,157.619,38
524288,101.213,98.9005,157.553,38
1048576,99.242,98.3309,155.259,38
2097152,99.979,99.0613,156.022,38
4096,99.7305,87.0889,148.232,39
8192,97.6597,91.9565,148.588,39
16384,88.7458,74.706,135.372,39
32768,100.511,87.4958,154.104,39
65536,99.1597,97.436,153.194,39
131072,102.358,99.1789,157.735,39
262144,99.3336,98.4218,154.239,39
524288,102.99,99.5103,159.917,39
1048576,100.908,99.1542,157.472,39
2097152,98.7256,97.2794,154.452,39
4096,95.6831,84.8627,142.59,40
8192,99.198,95.8462,149.766,40
16384,94.0986,87.0596,143.905,40
32768,102.172,89.7794,155.453,40
65536,101.568,97.3025,156.517,40
131072,98.7528,94.876,152.951,40
262144,98.9974,98.0886,154.103,40
524288,98.5154,97.8805,153.353,40
1048576,103.088,101.296,160.471,40
2097152,100.447,99.2498,157.144,40
4096,100.771,88.2726,149.384,41
8192,106.418,98.7482,159.419,41
16384,94.6838,87.601,143.69,41
32768,101.546,85.0644,155.294,41
65536,99.3627,96.0053,153.896,41
131072,98.8851,97.1662,153.929,41
262144,96.6933,93.9549,150.139,41
524288,101.255,95.8955,157.618,41
1048576,99.0565,98.6889,154.582,41
2097152,100.001,99.0826,156.446,41
4096,99.8555,92.3858,149.198,42
8192,101.88,91.7518,152.621,42
16384,96.111,88.133,146.607,42
32768,105.329,88.8096,160.668,42
65536,98.179,88.4186,151.295,42
131072,99.2256,98.0434,154.071,42
262144,105.327,98.5997,162.31,42
524288,101.046,85.475,156.898,42
1048576,99.5815,97.8505,155.402,42
2097152,101.343,89.0512,157.755,42
4096,89.2876,84.4396,134.455,43
8192,95.7007,91.4203,145.607,43
16384,97.8549,94.5484,150.414,43
32768,103.816,96.3338,157.954,43
65536,99.0992,97.6476,153.101,43
131072,99.2833,85.6125,153.385,43
262144,102.499,89.7864,158.352,43
524288,98.3544,96.3758,153.487,43
1048576,100.409,98.3892,156.693,43
2097152,99.7114,96.8875,155.994,43
4096,103.084,91.1452,153.217,44
8192,88.7043,85.8284,135.309,44
16384,102.141,94.2212,155.406,44
32768,105.149,94.6959,159.983,44
65536,98.9837,94.8271,152.535,44
131072,99.8216,98.6323,154.996,44
262144,101.496,94.4591,157.597,44
524288,101.774,98.6137,158.426,44
1048576,99.0074,95.9327,154.506,44
2097152,100.508,99.0357,157.24,44
4096,88.5688,85.2129,133.718,45
8192,96.6572,91.5412,145.93,45
16384,98.0371,87.7547,149.545,45
32768,95.1044,88.7703,146.186,45
65536,96.8366,94.8886,149.605,45
131072,97.7933,91.5475,151.465,45
262144,101.192,93.3453,156.728,45
524288,103.787,93.185,160.748,45
1048576,100.584,96.36,156.966,45
2097152,102.206,99.5912,159.498,45
4096,94.9561,83.4389,140.765,46
8192,109.173,94.4386,161.84,46
16384,106.266,93.3771,160.437,46
32768,98.213,95.9686,150.58,46
65536,103.938,88.4898,159.359,46
131072,103.85,86.1427,159.629,46
262144,102.911,88.1775,158.587,46
524288,100.684,98.6583,156.729,46
1048576,98.1822,97.5494,153.218,46
2097152,99.5547,98.3686,155.749,46
4096,98.6621,83.7279,147.415,47
8192,97.3274,84.192,146.181,47
16384,99.5112,82.2717,151.016,47
32768,98.421,89.9822,150.899,47
65536,98.4135,95.6264,151.657,47
131072,100.334,98.3156,155.008,47
262144,100.09,99.445,156.195,47
524288,99.4367,91.9983,154.787,47
1048576,98.0583,96.3538,153.408,47
2097152,100.07,98.0571,156.555,47
4096,99.3008,82.0977,147.594,48
8192,103.517,93.2263,156.287,48
16384,96.4523,90.8196,147.127,48
32768,98.0992,93.7115,150.406,48
65536,102.127,97.0007,157.379,48
131072,104.74,94.3278,160.179,48
262144,99.3664,98.1825,154.29,48
524288,102.318,91.5866,158.873,48
1048576,100.639,96.9629,157.051,48
2097152,99.8204,99.45,156.164,48
4096,93.5083,86.0021,140.445,49
8192,91.1394,86.6892,139.023,49
16384,99.1178,88.9931,149.645,49
32768,95.1788,86.2372,146.672,49
65536,100.983,91.4957,154.827,49
131072,100.836,97.7044,156.177,49
262144,98.8747,93.1006,153.912,49
524288,99.005,97.8255,154.115,49
1048576,98.8984,97.9906,154.336,49
2097152,102.187,95.1021,158.67,49
