dimension,n,avgDeg,alpha,ple,threads,seed,plot,TimeWeights,TimePositions,TimeBinary,TimeEdges,GenNumEdge,GenAvgDeg
1,1024,10,inf,2.5,1,1,0,0.402,0.0742,0.0839,0.4256,5067,9.89648
1,1024,100,inf,2.5,1,2,0,0.1192,0.038,2.2475,1.4979,51330,100.254
1,2048,10,inf,2.5,1,3,0,0.307,0.0737,0.4601,0.6697,10188,9.94922
1,2048,100,inf,2.5,1,4,0,0.2379,0.0729,2.6281,2.8485,102444,100.043
1,4096,10,inf,2.5,1,5,0,0.9411,0.1484,0.2249,1.3249,20748,10.1309
1,4096,100,inf,2.5,1,6,0,0.5584,0.1591,4.141,6.2298,204055,99.6362
1,4096,1000,inf,2.5,1,7,0,0.6269,0.1489,102.979,47.1698,2047342,999.679
1,8192,10,inf,2.5,1,8,0,1.5127,0.2889,1.5661,3.2274,41044,10.0205
1,8192,100,inf,2.5,1,9,0,1.2531,0.2936,6.6662,13.325,410132,100.13
1,8192,1000,inf,2.5,1,10,0,0.9502,0.2843,127.103,112.585,4096003,1000
1,16384,10,inf,2.5,1,11,0,2.0935,0.5445,1.1088,5.8747,82253,10.0406
1,16384,100,inf,2.5,1,12,0,1.9056,0.5477,23.6234,27.3248,819797,100.073
1,16384,1000,inf,2.5,1,13,0,1.9182,0.5922,176.744,255.725,8192295,1000.04
1,32768,10,inf,2.5,1,14,0,4.0111,1.0736,0.9536,12.038,164178,10.0206
1,32768,100,inf,2.5,1,15,0,4.1261,1.0727,17.229,48.7508,1637378,99.9376
1,32768,1000,inf,2.5,1,16,0,4.1173,1.2842,319.986,537.66,16385472,1000.09
1,65536,10,inf,2.5,1,17,0,8.0212,2.2446,3.9258,27.5409,327030,9.98016
1,65536,100,inf,2.5,1,18,0,7.8307,2.201,18.5711,108.799,3279318,100.077
1,65536,1000,inf,2.5,1,19,0,7.6364,2.2104,278.244,1067.81,32774026,1000.18
1,131072,10,inf,2.5,1,20,0,15.6712,4.4573,9.6997,62.2928,656159,10.0122
1,131072,100,inf,2.5,1,21,0,15.2974,4.2434,81.6325,249.406,6550002,99.9451
1,131072,1000,inf,2.5,1,22,0,16.2291,4.6937,660.053,1725.09,65533350,999.96
1,262144,10,inf,2.5,1,23,0,31.744,9.3718,16.6915,126.507,1312849,10.0162
1,262144,100,inf,2.5,1,24,0,33.55,9.1878,141.837,614.884,13109601,100.018
1,262144,1000,inf,2.5,1,25,0,34.6402,8.8038,1265.02,3885.13,131066627,999.959
1,524288,10,inf,2.5,1,26,0,64.2291,17.6896,23.853,269.951,2623270,10.007
1,524288,100,inf,2.5,1,27,0,66.4247,17.7659,120.323,1384.84,26206386,99.9694
1,524288,1000,inf,2.5,1,28,0,68.3135,17.8467,1639.28,8584.78,262133821,999.961
1,1048576,10,inf,2.5,1,29,0,128.673,35.7575,59.9193,580.996,5237495,9.98973
1,1048576,100,inf,2.5,1,30,0,128.044,35.4695,212.201,2965.72,52428172,99.9988
1,1048576,1000,inf,2.5,1,31,0,130.912,35.5961,3756.03,19885.9,524301344,1000.03
1,32768,2,inf,2.5,1,32,1,6.214,1.4321,2.4529,16.46,32809,2.0025
1,32768,4,inf,2.5,1,33,1,4.0978,1.2958,2.0791,9.3245,65944,4.0249
1,32768,8,inf,2.5,1,34,1,4.5074,1.2355,3.2927,11.7088,131556,8.02954
1,32768,16,inf,2.5,1,35,1,4.4726,1.2355,2.6185,15.1675,262208,16.0039
1,32768,32,inf,2.5,1,36,1,4.1901,1.3909,3.5622,19.8993,524002,31.9825
1,32768,64,inf,2.5,1,37,1,3.8817,1.1029,33.7911,33.4529,1049119,64.0331
1,32768,128,inf,2.5,1,38,1,4.1512,1.0978,24.4661,51.5538,2098442,128.079
1,32768,256,inf,2.5,1,39,1,3.8524,1.1135,84.045,80.5677,4196319,256.123
1,32768,512,inf,2.5,1,40,1,3.8733,1.1001,140.58,223.298,8386094,511.847
1,32768,1024,inf,2.5,1,41,1,4.3644,1.0745,261.348,422.663,16779710,1024.15
1,32768,2048,inf,2.5,1,42,1,4.0214,1.1571,634.723,830.302,33548891,2047.66
1,32768,4096,inf,2.5,1,43,1,4.5592,1.1085,2526.43,1686.16,67105610,4095.8
1,32768,10,inf,2.5,1,44,2,4.007,1.3959,2.592,12.5482,163891,10.0031
1,32768,10,5,2.5,1,45,2,3.929,1.0732,18.0239,99.3248,163880,10.0024
1,32768,10,4.5,2.5,1,46,2,3.8167,1.0978,8.5249,118.735,163802,9.99768
1,32768,10,4,2.5,1,47,2,3.9092,1.101,9.158,107.554,163819,9.99872
1,32768,10,3.5,2.5,1,48,2,3.8179,1.1001,11.2131,103.196,164483,10.0392
1,32768,10,3,2.5,1,49,2,3.815,1.0964,7.3943,108.256,163499,9.97919
1,32768,10,2.5,2.5,1,50,2,3.8613,1.3862,8.8849,107.724,163488,9.97852
1,32768,10,2,2.5,1,51,2,3.8752,1.0643,2.9571,63.8794,164577,10.045
1,32768,10,inf,2.5,1,52,3,3.9119,1.0731,2.632,12.9762,163114,9.95569
2,32768,10,inf,2.5,1,53,3,4.256,1.7377,3.4115,26.0943,163331,9.96893
3,32768,10,inf,2.5,1,54,3,4.0426,2.0476,32.0579,80.423,163983,10.0087
4,32768,10,inf,2.5,1,55,3,4.0283,2.5364,88.1633,471.523,163720,9.99268
5,32768,10,inf,2.5,1,56,3,3.8805,2.8901,449.272,1563.06,163763,9.9953
1,32768,10,inf,2.5,1,57,4,4.2087,1.1868,2.003,12.0149,164938,10.067
2,32768,10,inf,2.5,1,58,4,3.9847,1.5829,2.528,25.9802,164602,10.0465
3,32768,10,inf,2.5,1,59,4,3.7523,2.0411,40.6409,81.3325,164214,10.0228
4,32768,10,inf,2.5,1,60,4,3.7556,2.4918,110.753,503.7,163834,9.99963
5,32768,10,inf,2.5,1,61,4,4.0371,3.0562,472.984,1573.03,163592,9.98486
1,32768,10,inf,2.5,2,62,4,3.853,1.4256,2.0758,11.7621,163728,9.99316
2,32768,10,inf,2.5,2,63,4,3.7839,1.9237,2.7961,15.72,163799,9.9975
3,32768,10,inf,2.5,2,64,4,3.8107,2.3889,27.6573,47.1364,164129,10.0176
4,32768,10,inf,2.5,2,65,4,3.7501,2.8489,93.3877,284.228,163843,10.0002
5,32768,10,inf,2.5,2,66,4,3.7537,3.6308,481.662,1021.66,164006,10.0101
1,32768,10,inf,2.5,3,67,4,3.8655,1.4619,2.7371,9.5365,163853,10.0008
2,32768,10,inf,2.5,3,68,4,3.7728,2.06,3.3874,12.3084,164822,10.0599
3,32768,10,inf,2.5,3,69,4,3.7955,2.393,27.2445,35.667,163276,9.96558
4,32768,10,inf,2.5,3,70,4,3.7574,2.8513,88.0521,227.915,164177,10.0206
5,32768,10,inf,2.5,3,71,4,4.6772,3.9192,441.985,761.519,164051,10.0129
1,32768,10,inf,2.5,4,72,4,3.8818,1.4711,1.9395,7.5711,164126,10.0175
2,32768,10,inf,2.5,4,73,4,3.9657,1.9881,6.1913,10.1528,163543,9.98187
3,32768,10,inf,2.5,4,74,4,3.8706,2.4506,27.5158,26.9709,164065,10.0137
4,32768,10,inf,2.5,4,75,4,4.0942,2.8452,77.1994,161.245,163598,9.98523
5,32768,10,inf,2.5,4,76,4,3.7505,3.6146,455.882,580.989,164029,10.0115
1,32768,10,inf,2.5,5,77,4,3.8595,1.4631,2.8364,7.6258,164373,10.0325
2,32768,10,inf,2.5,5,78,4,4.0075,1.9834,2.8359,9.3495,163308,9.96753
3,32768,10,inf,2.5,5,79,4,3.969,2.4635,42.1454,25.4512,164283,10.027
4,32768,10,inf,2.5,5,80,4,3.8735,2.9212,93.3125,140.364,163616,9.98633
5,32768,10,inf,2.5,5,81,4,3.8646,3.6801,428.219,527.124,163720,9.99268
1,32768,10,inf,2.5,6,82,4,3.8776,1.4942,3.3865,6.1314,164042,10.0123
2,32768,10,inf,2.5,6,83,4,3.9031,2.0831,2.9733,8.4229,163834,9.99963
3,32768,10,inf,2.5,6,84,4,3.8966,2.7127,33.3324,22.0907,164596,10.0461
4,32768,10,inf,2.5,6,85,4,3.852,2.9278,89.0616,129.687,163851,10.0007
5,32768,10,inf,2.5,6,86,4,3.8687,3.411,444.516,465.173,164224,10.0234
1,32768,10,2,2.5,1,87,5,3.8878,1.4952,4.5713,63.1359,164228,10.0237
2,32768,10,2,2.5,1,88,5,3.9699,1.8772,7.1346,181.43,163964,10.0076
3,32768,10,2,2.5,1,89,5,3.853,2.4185,26.548,1054.8,163255,9.96429
4,32768,10,2,2.5,1,90,5,4.0872,2.8484,48.8933,5485.09,163930,10.0055
5,32768,10,2,2.5,1,91,5,3.6842,3.2375,49.6914,25114.3,163707,9.99188
1,32768,10,2,2.5,2,93,5,3.9466,1.4174,3.6345,38.7135,164103,10.0161
2,32768,10,2,2.5,2,94,5,3.94,1.9312,6.1366,104.238,163588,9.98462
3,32768,10,2,2.5,2,95,5,3.7496,2.3912,17.4191,632.373,163739,9.99384
4,32768,10,2,2.5,2,96,5,3.8405,3.1953,31.2131,3568.36,163338,9.96936
5,32768,10,2,2.5,2,97,5,3.7783,3.4749,307.65,21484.1,163964,10.0076
1,32768,10,2,2.5,3,99,5,3.8297,1.4581,4.2897,29.1051,163980,10.0085
2,32768,10,2,2.5,3,100,5,3.7652,1.9224,4.3525,84.3196,164039,10.0121
3,32768,10,2,2.5,3,101,5,3.788,2.393,19.0381,487.47,162816,9.9375
4,32768,10,2,2.5,3,102,5,3.7709,2.8415,19.091,2872.76,164306,10.0284
5,32768,10,2,2.5,3,103,5,3.776,3.3183,46.8818,12984.8,163865,10.0015
1,32768,10,2,2.5,4,105,5,3.8432,1.4228,4.5148,21.7772,164754,10.0558
2,32768,10,2,2.5,4,106,5,4.076,2.0067,4.857,56.7435,163683,9.99042
3,32768,10,2,2.5,4,107,5,3.8066,2.6889,32.4026,374.673,163336,9.96924
4,32768,10,2,2.5,4,108,5,3.8785,2.9491,53.9633,2078.49,163547,9.98212
5,32768,10,2,2.5,4,109,5,3.8799,3.4226,61.0606,10145.3,164679,10.0512
1,32768,10,2,2.5,5,111,5,4.0116,1.4577,2.6923,19.7115,163425,9.97467
2,32768,10,2,2.5,5,112,5,3.8739,2.0411,5.031,50.0091,164153,10.0191
3,32768,10,2,2.5,5,113,5,4.1349,2.4589,7.457,321.475,164136,10.0181
4,32768,10,2,2.5,5,114,5,3.8789,2.9408,109.89,1756.94,163534,9.98132
5,32768,10,2,2.5,5,115,5,3.8688,3.6749,39.655,9447.31,164359,10.0317
1,32768,10,2,2.5,6,117,5,4.0556,1.4961,3.3985,18.694,163648,9.98828
2,32768,10,2,2.5,6,118,5,3.8762,2.0146,5.7103,45.575,163938,10.006
3,32768,10,2,2.5,6,119,5,4.1132,2.4742,6.6346,284.785,163874,10.0021
4,32768,10,2,2.5,6,120,5,4.097,2.9272,27.9258,1571.76,163830,9.99939
5,32768,10,2,2.5,6,121,5,3.8543,3.4022,76.1572,8459.15,163663,9.9892
1,1024,10,inf,2.5,1,123,0,0.1345,0.0529,0.0854,0.3469,5053,9.86914
1,1024,100,inf,2.5,1,124,0,0.1243,0.0506,1.529,1.1626,51146,99.8945
1,2048,10,inf,2.5,1,125,0,0.2486,0.1002,0.1396,0.6794,10283,10.042
1,2048,100,inf,2.5,1,126,0,0.2398,0.0951,3.374,2.0939,102645,100.239
1,4096,10,inf,2.5,1,127,0,0.5319,0.1878,0.5504,1.4149,20399,9.96045
1,4096,100,inf,2.5,1,128,0,0.4795,0.1883,4.6256,4.7292,205368,100.277
1,4096,1000,inf,2.5,1,129,0,0.487,0.1925,115.527,26.3917,2047375,999.695
1,8192,10,inf,2.5,1,130,0,1.4631,0.3743,1.2295,3.0034,40881,9.98071
1,8192,100,inf,2.5,1,131,0,0.9475,0.372,3.309,10.5238,409632,100.008
1,8192,1000,inf,2.5,1,132,0,1.0115,0.3761,92.4286,68.5324,4100059,1000.99
1,16384,10,inf,2.5,1,133,0,2.1092,0.7527,1.4808,5.9864,82021,10.0123
1,16384,100,inf,2.5,1,134,0,1.9228,0.7337,8.7114,23.8493,818506,99.9153
1,16384,1000,inf,2.5,1,135,0,1.8746,0.7958,178.943,165.009,8190604,999.83
1,32768,10,inf,2.5,1,136,0,4.5681,1.4998,1.786,13.6491,163981,10.0086
1,32768,100,inf,2.5,1,137,0,3.7779,1.459,16.4494,47.6713,1637973,99.9739
1,32768,1000,inf,2.5,1,138,0,4.0862,1.4918,279.185,407.783,16386708,1000.17
1,65536,10,inf,2.5,1,139,0,8.3631,2.9195,3.6739,28.3381,328075,10.0121
1,65536,100,inf,2.5,1,140,0,7.4765,3.1684,53.6599,105.391,3276504,99.991
1,65536,1000,inf,2.5,1,141,0,7.4208,2.8378,469.617,937.859,32765303,999.918
1,131072,10,inf,2.5,1,142,0,15.2719,6.1125,8.8589,62.2702,654689,9.98976
1,131072,100,inf,2.5,1,143,0,15.2242,5.65,187.56,266.13,6554058,100.007
1,131072,1000,inf,2.5,1,144,0,15.4133,5.9692,486.243,1329.98,65524888,999.83
1,262144,10,inf,2.5,1,145,0,31.3391,12.5278,15.1495,123.967,1310527,9.99853
1,262144,100,inf,2.5,1,146,0,30.8787,12.4016,250.572,616.011,13107684,100.004
1,262144,1000,inf,2.5,1,147,0,33.9155,11.6633,1255.83,3034.25,131078645,1000.05
1,524288,10,inf,2.5,1,148,0,64.5774,22.9469,28.3621,297.615,2619239,9.9916
1,524288,100,inf,2.5,1,149,0,64.5416,23.2826,174.119,1283.91,26208786,99.9786
1,524288,1000,inf,2.5,1,150,0,65.9896,22.9353,1771.16,6886.92,262155537,1000.04
1,1048576,10,inf,2.5,1,151,0,138.268,48.6534,64.8386,617.387,5233402,9.98192
1,1048576,100,inf,2.5,1,152,0,125.702,46.1821,157.891,2693.87,52423890,99.9906
1,1048576,1000,inf,2.5,1,153,0,126.817,47.4245,4216.49,15261.1,524272996,999.971
1,32768,2,inf,2.5,1,154,1,5.951,2.2508,3.3362,15.9708,32299,1.97137
1,32768,4,inf,2.5,1,155,1,4.3414,1.7262,1.6626,10.4705,65472,3.99609
1,32768,8,inf,2.5,1,156,1,3.9452,1.435,3.0706,11.0288,131499,8.02606
1,32768,16,inf,2.5,1,157,1,4.3905,1.4711,2.8006,16.7166,262439,16.018
1,32768,32,inf,2.5,1,158,1,4.6752,1.4678,8.0511,22.8889,524958,32.0409
1,32768,64,inf,2.5,1,159,1,4.1419,1.46,6.1431,33.0333,1049709,64.0692
1,32768,128,inf,2.5,1,160,1,4.1957,1.4613,15.4352,51.6206,2097329,128.011
1,32768,256,inf,2.5,1,161,1,4.0265,1.5133,46.2256,80.2574,4199558,256.321
1,32768,512,inf,2.5,1,162,1,3.8859,1.4252,119.53,215.61,8387937,511.959
1,32768,1024,inf,2.5,1,163,1,4.4155,1.5069,317.115,416.988,16774347,1023.82
1,32768,2048,inf,2.5,1,164,1,4.7272,1.4242,792.705,847.272,33554991,2048.03
1,32768,4096,inf,2.5,1,165,1,4.0144,1.5768,1930.27,1637.46,67110958,4096.13
1,32768,10,inf,2.5,1,166,2,4.0928,1.421,3.6868,13.6122,163052,9.9519
1,32768,10,5,2.5,1,167,2,3.8735,1.7424,11.2413,103.201,163327,9.96869
1,32768,10,4.5,2.5,1,168,2,3.9926,1.4683,9.3431,104.362,163465,9.97711
1,32768,10,4,2.5,1,169,2,3.8033,1.458,9.5694,106.695,163278,9.9657
1,32768,10,3.5,2.5,1,170,2,4.1489,1.4636,14.7011,97.8458,163210,9.96155
1,32768,10,3,2.5,1,171,2,3.8557,1.4562,7.4106,108.634,164296,10.0278
1,32768,10,2.5,2.5,1,172,2,3.8163,1.4571,9.2416,107.938,163631,9.98724
1,32768,10,2,2.5,1,173,2,4.167,1.4711,3.1981,65.1738,163785,9.99664
1,32768,10,inf,2.5,1,174,3,3.8814,1.4534,2.2062,13.1961,163461,9.97687
2,32768,10,inf,2.5,1,175,3,4.1307,1.952,3.1323,27.546,163973,10.0081
3,32768,10,inf,2.5,1,176,3,3.8502,2.3986,21.3519,83.328,163634,9.98743
4,32768,10,inf,2.5,1,177,3,4.2356,2.8772,93.6645,474.18,164084,10.0149
5,32768,10,inf,2.5,1,178,3,3.8943,3.6244,474.036,1531.12,163848,10.0005
1,32768,10,inf,2.5,1,179,4,4.1099,1.4238,7.8056,13.7629,163563,9.98309
2,32768,10,inf,2.5,1,180,4,3.7444,1.8825,2.8216,25.3731,164447,10.037
3,32768,10,inf,2.5,1,181,4,4.0896,2.566,37.8434,82.5429,163751,9.99457
4,32768,10,inf,2.5,1,182,4,3.751,2.8605,98.1993,482.111,163434,9.97522
5,32768,10,inf,2.5,1,183,4,3.7834,3.3234,469.813,1544.98,163308,9.96753
1,32768,10,inf,2.5,2,184,4,4.2365,1.6042,2.2205,8.1948,164130,10.0177
2,32768,10,inf,2.5,2,185,4,3.8516,1.9321,2.9306,16.1271,164186,10.0211
3,32768,10,inf,2.5,2,186,4,3.7746,2.7404,19.5752,47.7264,164172,10.0203
4,32768,10,inf,2.5,2,187,4,4.4796,2.8559,102.452,292.68,164213,10.0228
5,32768,10,inf,2.5,2,188,4,3.8572,3.4398,432.811,1003.03,163023,9.95013
1,32768,10,inf,2.5,3,189,4,4.3794,1.7094,1.9538,6.9065,163473,9.9776
2,32768,10,inf,2.5,3,190,4,3.962,2.1087,2.5476,12.7522,164641,10.0489
3,32768,10,inf,2.5,3,191,4,3.7779,2.7594,34.2794,38.1882,163924,10.0051
4,32768,10,inf,2.5,3,192,4,3.8599,2.9255,93.3056,236.084,164176,10.0205
5,32768,10,inf,2.5,3,193,4,4.2217,3.3567,475.364,777.71,164143,10.0185
1,32768,10,inf,2.5,4,194,4,3.98,1.4957,2.8485,6.1594,164651,10.0495
2,32768,10,inf,2.5,4,195,4,3.9856,2.037,3.6225,9.0105,164427,10.0358
3,32768,10,inf,2.5,4,196,4,3.8804,2.7932,41.1098,30.1458,163620,9.98657
4,32768,10,inf,2.5,4,197,4,3.9249,2.9453,86.6798,167.151,164672,10.0508
5,32768,10,inf,2.5,4,198,4,3.8568,3.4064,365.775,604.675,163879,10.0024
1,32768,10,inf,2.5,5,199,4,4.0562,1.5072,3.4537,7.6698,164392,10.0337
2,32768,10,inf,2.5,5,200,4,4.4076,1.9849,2.758,10.2798,163774,9.99597
3,32768,10,inf,2.5,5,201,4,3.8594,2.5879,36.6911,26.778,164508,10.0408
4,32768,10,inf,2.5,5,202,4,4.3455,2.925,89.0305,159.416,163607,9.98578
5,32768,10,inf,2.5,5,203,4,3.8674,3.4058,453.515,535.875,163740,9.9939
1,32768,10,inf,2.5,6,204,4,4.3079,1.6506,2.4858,6.5396,163424,9.97461
2,32768,10,inf,2.5,6,205,4,5.223,2.6012,4.3056,8.9479,162886,9.94177
3,32768,10,inf,2.5,6,206,4,3.8976,2.702,22.4468,21.2054,162631,9.92621
4,32768,10,inf,2.5,6,207,4,3.8539,3.1722,86.5698,121.713,163902,10.0038
5,32768,10,inf,2.5,6,208,4,3.8534,3.6685,449.847,480.789,164598,10.0463
1,32768,10,2,2.5,1,209,5,4.9646,1.7938,4.941,69.2791,163936,10.0059
2,32768,10,2,2.5,1,210,5,3.8637,1.9725,15.1819,183.853,163783,9.99652
3,32768,10,2,2.5,1,211,5,3.7659,3.5075,13.3589,1096.51,163546,9.98206
4,32768,10,2,2.5,1,212,5,3.6536,3.1963,17.7405,5534.44,163349,9.97003
5,32768,10,2,2.5,1,213,5,3.6832,3.2785,68.7123,25153,164046,10.0126
1,32768,10,2,2.5,2,215,5,4.2088,1.4914,2.6584,37.3621,163976,10.0083
2,32768,10,2,2.5,2,216,5,3.9902,2.3137,6.3758,107.795,163882,10.0026
3,32768,10,2,2.5,2,217,5,4.1622,2.4575,9.5054,667.134,164820,10.0598
4,32768,10,2,2.5,2,218,5,4.0565,3.0771,27.1503,3601.63,162995,9.94843
5,32768,10,2,2.5,2,219,5,3.8785,3.4184,81.7364,17003.1,163791,9.99701
1,32768,10,2,2.5,3,221,5,3.8715,1.4599,2.7209,28.7138,164026,10.0114
2,32768,10,2,2.5,3,222,5,4.1873,1.9316,5.7939,83.8043,163161,9.95856
3,32768,10,2,2.5,3,223,5,3.7788,2.3902,7.5756,495.584,164178,10.0206
4,32768,10,2,2.5,3,224,5,3.7463,2.8448,19.4092,2852.48,163650,9.9884
5,32768,10,2,2.5,3,225,5,4.0473,3.3202,64.3326,13388.6,164052,10.0129
1,32768,10,2,2.5,4,227,5,4.0593,1.516,2.5512,21.1219,163494,9.97888
2,32768,10,2,2.5,4,228,5,3.8594,2.0879,4.2244,57.1822,164116,10.0168
3,32768,10,2,2.5,4,229,5,3.7671,2.426,5.7456,372.53,163419,9.9743
4,32768,10,2,2.5,4,230,5,3.8716,3.0238,41.2912,2201.32,163078,9.95349
5,32768,10,2,2.5,4,231,5,4.0339,3.6869,44.9758,11134.1,163373,9.9715
1,32768,10,2,2.5,5,233,5,3.8159,1.4701,6.942,22.0809,163728,9.99316
2,32768,10,2,2.5,5,234,5,3.8785,1.9766,4.524,49.8329,163734,9.99353
3,32768,10,2,2.5,5,235,5,3.8609,2.4593,9.2651,320.67,163230,9.96277
4,32768,10,2,2.5,5,236,5,3.847,2.9246,22.0118,1820.07,163966,10.0077
5,32768,10,2,2.5,5,237,5,3.8534,3.4079,68.7499,9446.62,163538,9.98157
1,32768,10,2,2.5,6,239,5,4.1604,1.4966,2.5781,18.2104,163245,9.96368
2,32768,10,2,2.5,6,240,5,4.0973,1.9854,45.1798,84.6981,163507,9.97968
3,32768,10,2,2.5,6,241,5,3.9541,2.4561,12.6475,298.553,163609,9.9859
4,32768,10,2,2.5,6,242,5,3.9291,2.9208,28.9108,1611.83,164101,10.0159
5,32768,10,2,2.5,6,243,5,3.8767,3.4064,73.5611,8549.71,164566,10.0443
1,1024,10,inf,2.5,1,245,0,0.141,0.0548,0.4132,0.3409,5183,10.123
1,1024,100,inf,2.5,1,246,0,0.1224,0.05,1.9316,1.26,51016,99.6406
1,2048,10,inf,2.5,1,247,0,0.2574,0.1007,0.4211,0.6679,10171,9.93262
1,2048,100,inf,2.5,1,248,0,0.2402,0.095,2.8016,2.1046,102067,99.6748
1,4096,10,inf,2.5,1,249,0,0.5435,0.1961,0.2523,1.3561,20426,9.97363
1,4096,100,inf,2.5,1,250,0,0.4804,0.1874,2.6778,5.1821,205573,100.377
1,4096,1000,inf,2.5,1,251,0,0.479,0.1925,102.763,25.7391,2048624,1000.3
1,8192,10,inf,2.5,1,252,0,1.4928,0.3794,0.5189,2.8707,40762,9.95166
1,8192,100,inf,2.5,1,253,0,0.9743,0.3832,11.8024,10.6133,408531,99.739
1,8192,1000,inf,2.5,1,254,0,0.9577,0.3729,125.1,68.6675,4096978,1000.24
1,16384,10,inf,2.5,1,255,0,2.0875,0.735,1.2132,6.5266,81886,9.99585
1,16384,100,inf,2.5,1,256,0,1.9204,0.7281,11.679,22.2975,817636,99.8091
1,16384,1000,inf,2.5,1,257,0,1.9371,0.7513,119.964,165.156,8188865,999.617
1,32768,10,inf,2.5,1,258,0,4.3529,1.4252,1.8949,12.2838,164196,10.0217
1,32768,100,inf,2.5,1,259,0,3.8603,1.4586,17.5857,47.7806,1637823,99.9648
1,32768,1000,inf,2.5,1,260,0,3.7918,1.7666,305.486,412.986,16390680,1000.41
1,65536,10,inf,2.5,1,261,0,7.9992,3.2375,3.9509,28.8274,326991,9.97897
1,65536,100,inf,2.5,1,262,0,7.4092,3.2139,25.343,105.949,3279098,100.07
1,65536,1000,inf,2.5,1,263,0,7.4807,3.1466,412.587,940.095,32771240,1000.1
1,131072,10,inf,2.5,1,264,0,17.3849,6.0201,8.6934,61.5221,656910,10.0237
1,131072,100,inf,2.5,1,265,0,15.533,5.6519,96.0422,251.172,6556008,100.037
1,131072,1000,inf,2.5,1,266,0,16.1103,6.0025,730.099,1328.23,65534425,999.976
1,262144,10,inf,2.5,1,267,0,31.5942,11.7171,16.8742,125.411,1309697,9.9922
1,262144,100,inf,2.5,1,268,0,31.027,11.8043,64.9281,551.965,13107305,100.001
1,262144,1000,inf,2.5,1,269,0,34.6787,11.711,987.779,2968.48,131079351,1000.06
1,524288,10,inf,2.5,1,270,0,68.5185,23.1685,31.1453,289.8,2621024,9.99841
1,524288,100,inf,2.5,1,271,0,67.5525,23.936,274.626,1429.31,26207458,99.9735
1,524288,1000,inf,2.5,1,272,0,66.733,23.4472,1703.78,6939.65,262152461,1000.03
1,1048576,10,inf,2.5,1,273,0,128.736,46.3489,59.8233,591.079,5236325,9.9875
1,1048576,100,inf,2.5,1,274,0,128.371,47.3902,231.426,3002.63,52424689,99.9922
1,1048576,1000,inf,2.5,1,275,0,133.934,48.66,2646.77,15750.3,524300894,1000.02
1,32768,2,inf,2.5,1,276,1,5.8357,1.9325,2.5799,15.5668,32403,1.97772
1,32768,4,inf,2.5,1,277,1,4.3858,1.5179,2.4143,10.3416,65730,4.01184
1,32768,8,inf,2.5,1,278,1,3.9235,1.4348,1.4767,11.3739,131140,8.00415
1,32768,16,inf,2.5,1,279,1,4.0654,1.5625,3.0576,15.4685,262118,15.9984
1,32768,32,inf,2.5,1,280,1,4.1016,1.6163,7.365,21.9692,524515,32.0139
1,32768,64,inf,2.5,1,281,1,4.1503,1.4688,12.1697,34.0322,1047572,63.9387
1,32768,128,inf,2.5,1,282,1,3.8721,1.4614,16.0278,51.9058,2094553,127.841
1,32768,256,inf,2.5,1,283,1,3.8818,1.459,76.02,84.5366,4194249,255.997
1,32768,512,inf,2.5,1,284,1,3.9109,1.4971,135.396,224.147,8384165,511.729
1,32768,1024,inf,2.5,1,285,1,3.9184,1.4692,292.155,418.917,16776351,1023.95
1,32768,2048,inf,2.5,1,286,1,4.294,1.459,669.941,803.897,33550243,2047.74
1,32768,4096,inf,2.5,1,287,1,3.9731,1.4567,2147.21,1536.62,67097177,4095.29
1,32768,10,inf,2.5,1,288,2,3.8934,1.4252,2.291,13.21,163946,10.0065
1,32768,10,5,2.5,1,289,2,3.9193,1.4595,10.2256,103.978,163593,9.98492
1,32768,10,4.5,2.5,1,290,2,3.8376,1.7759,7.4212,116.57,164239,10.0244
1,32768,10,4,2.5,1,291,2,3.8188,1.4242,8.0529,105.895,163653,9.98859
1,32768,10,3.5,2.5,1,292,2,4.2491,1.4604,13.7905,113.555,164259,10.0256
1,32768,10,3,2.5,1,293,2,3.8112,1.4566,8.2096,107.311,163215,9.96185
1,32768,10,2.5,2.5,1,294,2,3.9708,1.5063,8.0821,107.115,163388,9.97241
1,32768,10,2,2.5,1,295,2,4.1442,1.4571,3.8205,65.0351,164120,10.0171
1,32768,10,inf,2.5,1,296,3,3.9916,1.5337,2.5188,13.2067,162977,9.94733
2,32768,10,inf,2.5,1,297,3,4.1957,1.9232,3.2473,27.1003,163442,9.97571
3,32768,10,inf,2.5,1,298,3,3.8363,2.4474,32.7248,81.772,163645,9.9881
4,32768,10,inf,2.5,1,299,3,3.8182,2.8495,85.7572,475.065,163374,9.97156
5,32768,10,inf,2.5,1,300,3,3.9239,3.648,451.83,1590.02,163285,9.96613
1,32768,10,inf,2.5,1,301,4,4.1405,1.4238,7.6883,14.0605,163655,9.98871
2,32768,10,inf,2.5,1,302,4,3.7658,2.3736,4.3993,26.4367,163898,10.0035
3,32768,10,inf,2.5,1,303,4,4.1891,2.3949,19.6387,80.6794,163405,9.97345
4,32768,10,inf,2.5,1,304,4,3.7811,2.8146,92.4643,466.597,164283,10.027
5,32768,10,inf,2.5,1,305,4,3.6615,3.2418,469.176,1568.19,163367,9.97113
1,32768,10,inf,2.5,2,306,4,3.8841,1.4205,1.7884,7.9461,163271,9.96527
2,32768,10,inf,2.5,2,307,4,3.859,1.9441,3.1477,15.7203,164063,10.0136
3,32768,10,inf,2.5,2,308,4,4.0997,2.4024,36.2639,52.4502,164457,10.0377
4,32768,10,inf,2.5,2,309,4,3.8594,3.2265,97.7846,294.129,163473,9.9776
5,32768,10,inf,2.5,2,310,4,4.0348,3.2409,481.916,1045.6,164508,10.0408
1,32768,10,inf,2.5,3,311,4,4.3683,1.5805,2.029,8.0408,164047,10.0126
2,32768,10,inf,2.5,3,312,4,4.0204,2.1867,6.8415,13.5045,163972,10.0081
3,32768,10,inf,2.5,3,313,4,4.1753,2.459,19.7532,42.1324,163461,9.97687
4,32768,10,inf,2.5,3,314,4,3.9341,2.9435,93.2883,240.073,163479,9.97797
5,32768,10,inf,2.5,3,315,4,3.8492,3.6953,442.392,846.803,163726,9.99304
1,32768,10,inf,2.5,4,316,4,4.3139,2.4497,3.1156,12.7392,162834,9.9386
2,32768,10,inf,2.5,4,317,4,5.2922,2.2585,8.1141,11.9416,163804,9.9978
3,32768,10,inf,2.5,4,318,4,4.2458,2.7645,39.5427,40.8287,162860,9.94019
4,32768,10,inf,2.5,4,319,4,4.026,3.1453,103.471,185.11,164247,10.0248
5,32768,10,inf,2.5,4,320,4,3.9146,3.4509,488.686,630.814,163562,9.98303
1,32768,10,inf,2.5,5,321,4,4.0645,1.5032,1.8583,6.0184,164203,10.0222
2,32768,10,inf,2.5,5,322,4,4.16,2.2479,3.0646,9.3004,163652,9.98853
3,32768,10,inf,2.5,5,323,4,4.1026,2.509,29.3129,24.1545,163790,9.99695
4,32768,10,inf,2.5,5,324,4,4.1549,2.964,79.2176,143.518,163284,9.96606
5,32768,10,inf,2.5,5,325,4,3.8497,3.7032,443.215,551.401,164442,10.0367
1,32768,10,inf,2.5,6,326,4,5.0658,1.8041,2.7325,5.7169,163639,9.98773
2,32768,10,inf,2.5,6,327,4,4.173,2.0647,2.8234,8.4968,163433,9.97516
3,32768,10,inf,2.5,6,328,4,4.3887,2.4738,38.016,31.7246,163154,9.95813
4,32768,10,inf,2.5,6,329,4,4.4313,3.0832,96.7411,128.939,163975,10.0082
5,32768,10,inf,2.5,6,330,4,3.955,3.4119,493.369,492.887,163463,9.97699
1,32768,10,2,2.5,1,331,5,5.0365,1.874,4.1206,66.7929,163682,9.99036
2,32768,10,2,2.5,1,332,5,3.874,1.9788,5.9952,198.934,164609,10.0469
3,32768,10,2,2.5,1,333,5,3.865,2.4636,18.1937,1192.73,163858,10.0011
4,32768,10,2,2.5,1,334,5,4.1363,3.181,27.9472,5979.46,163638,9.98767
5,32768,10,2,2.5,1,335,5,3.9212,3.7254,65.8426,25302.3,163474,9.97766
1,32768,10,2,2.5,2,337,5,4.3075,1.4623,3.6707,35.4691,163854,10.0009
2,32768,10,2,2.5,2,338,5,3.7518,1.9241,3.9884,103.734,163607,9.98578
3,32768,10,2,2.5,2,339,5,3.7584,2.3912,7.848,656.355,164122,10.0172
4,32768,10,2,2.5,2,340,5,4.078,2.8474,39.8521,3515.4,164428,10.0359
5,32768,10,2,2.5,2,341,5,3.8159,3.6808,115.44,17144.7,164122,10.0172
1,32768,10,2,2.5,3,343,5,3.9082,1.7381,3.6053,29.0496,163882,10.0026
2,32768,10,2,2.5,3,344,5,3.796,1.926,6.0864,83.2502,164005,10.0101
3,32768,10,2,2.5,3,345,5,4.1257,2.4403,18.8059,491.595,163198,9.96082
4,32768,10,2,2.5,3,346,5,3.7482,2.8813,18.3305,2889.01,164644,10.0491
5,32768,10,2,2.5,3,347,5,3.7653,3.3248,113.177,13325.5,163931,10.0056
1,32768,10,2,2.5,4,349,5,3.9453,1.4205,2.6959,20.3878,163343,9.96967
2,32768,10,2,2.5,4,350,5,4.1322,2.0707,13.4753,59.685,164031,10.0117
3,32768,10,2,2.5,4,351,5,4.2685,2.5711,19.5098,377.46,163470,9.97742
4,32768,10,2,2.5,4,352,5,3.9174,2.9611,14.529,2207.12,163474,9.97766
5,32768,10,2,2.5,4,353,5,3.7612,3.3196,98.3856,10481.6,164160,10.0195
1,32768,10,2,2.5,5,355,5,3.8103,1.4572,4.2152,20.8756,164046,10.0126
2,32768,10,2,2.5,5,356,5,4.0858,1.9831,11.1016,53.2226,163513,9.98004
3,32768,10,2,2.5,5,357,5,3.8488,2.4589,8.4976,319.949,163314,9.9679
4,32768,10,2,2.5,5,358,5,3.8521,3.5525,31.9856,1788.06,163802,9.99768
5,32768,10,2,2.5,5,359,5,3.865,3.4078,105.168,9309.9,163577,9.98395
1,32768,10,2,2.5,6,361,5,3.8994,1.4951,2.7761,18.3248,164049,10.0128
2,32768,10,2,2.5,6,362,5,3.8655,2.0142,66.7835,44.2101,163829,9.99933
3,32768,10,2,2.5,6,363,5,3.8799,2.4579,6.2252,286.696,164179,10.0207
4,32768,10,2,2.5,6,364,5,3.8618,2.9255,26.7405,1585.68,163815,9.99847
5,32768,10,2,2.5,6,365,5,3.8497,3.406,72.1331,8434.22,163756,9.99487
1,1024,10,inf,2.5,1,367,0,0.1503,0.0566,0.1609,0.3511,5097,9.95508
1,1024,100,inf,2.5,1,368,0,0.1256,0.0515,1.5736,0.9563,51155,99.9121
1,2048,10,inf,2.5,1,369,0,0.2448,0.0974,0.1642,0.6521,10087,9.85059
1,2048,100,inf,2.5,1,370,0,0.2394,0.095,2.8809,2.0647,101987,99.5967
1,4096,10,inf,2.5,1,371,0,0.5524,0.1962,0.4151,1.4409,20332,9.92773
1,4096,100,inf,2.5,1,372,0,0.4991,0.2013,5.7025,4.7958,204896,100.047
1,4096,1000,inf,2.5,1,373,0,0.4745,0.1874,98.836,27.4587,2047358,999.687
1,8192,10,inf,2.5,1,374,0,1.2554,0.3845,0.5357,2.8745,41035,10.0183
1,8192,100,inf,2.5,1,375,0,0.9781,0.3886,10.7112,10.5229,409903,100.074
1,8192,1000,inf,2.5,1,376,0,1.318,0.364,126.719,68.4118,4098031,1000.5
1,16384,10,inf,2.5,1,377,0,2.0472,1.056,1.024,5.7757,82161,10.0294
1,16384,100,inf,2.5,1,378,0,1.8981,0.7336,12.2871,23.1596,819774,100.07
1,16384,1000,inf,2.5,1,379,0,1.9288,1.056,195.483,171.167,8193091,1000.13
1,32768,10,inf,2.5,1,380,0,4.3245,1.4976,1.9752,13.0291,163281,9.96588
1,32768,100,inf,2.5,1,381,0,3.8577,1.4577,43.4379,48.5013,1637770,99.9615
1,32768,1000,inf,2.5,1,382,0,3.7728,1.459,290.656,417.223,16399631,1000.95
1,65536,10,inf,2.5,1,383,0,8.2091,2.9185,3.9819,28.4685,328361,10.0208
1,65536,100,inf,2.5,1,384,0,7.9239,2.9097,34.7697,111.14,3277840,100.032
1,65536,1000,inf,2.5,1,385,0,7.5956,3.2296,517.755,956.41,32763991,999.878
1,131072,10,inf,2.5,1,386,0,15.8348,5.8389,11.9337,64.0093,656863,10.0229
1,131072,100,inf,2.5,1,387,0,15.2451,6.1194,68.743,249.515,6556247,100.04
1,131072,1000,inf,2.5,1,388,0,15.6267,5.7911,728.07,1334.28,65534924,999.984
1,262144,10,inf,2.5,1,389,0,31.7172,11.7408,18.4185,133.72,1312202,10.0113
1,262144,100,inf,2.5,1,390,0,32.1731,11.6397,135.815,656.964,13106829,99.9972
1,262144,1000,inf,2.5,1,391,0,34.38,12.0015,1104.24,3098.66,131063135,999.932
1,524288,10,inf,2.5,1,392,0,65.3858,23.6419,34.8105,281.949,2618344,9.98819
1,524288,100,inf,2.5,1,393,0,65.2267,23.4272,254.37,1406.59,26205952,99.9678
1,524288,1000,inf,2.5,1,394,0,67.1528,23.3984,1669.2,7232.31,262135772,999.969
1,1048576,10,inf,2.5,1,395,0,129.056,47.9151,67.9356,579.923,5239674,9.99389
1,1048576,100,inf,2.5,1,396,0,128.803,49.964,448.839,3003.57,52427577,99.9977
1,1048576,1000,inf,2.5,1,397,0,127.509,45.8513,2777.42,15595,524297069,1000.02
1,32768,2,inf,2.5,1,398,1,6.1899,1.9733,2.0828,15.6662,32489,1.98297
1,32768,4,inf,2.5,1,399,1,4.2278,1.5949,1.8485,10.0382,65977,4.02692
1,32768,8,inf,2.5,1,400,1,3.9662,1.7925,1.8119,10.9603,131235,8.00995
1,32768,16,inf,2.5,1,401,1,4.3256,1.5935,3.54,14.8734,261583,15.9658
1,32768,32,inf,2.5,1,402,1,3.859,1.5843,13.2771,22.2373,525597,32.0799
1,32768,64,inf,2.5,1,403,1,3.8808,1.4594,32.8822,34.1195,1047482,63.9332
1,32768,128,inf,2.5,1,404,1,4.4977,1.426,47.0239,50.8518,2096248,127.945
1,32768,256,inf,2.5,1,405,1,3.8553,1.4573,63.5993,81.6162,4194987,256.042
1,32768,512,inf,2.5,1,406,1,3.8976,1.4933,89.3079,226.705,8386092,511.846
1,32768,1024,inf,2.5,1,407,1,3.8961,1.4655,267.037,414.05,16772790,1023.73
1,32768,2048,inf,2.5,1,408,1,3.9926,2.2243,819.954,803.866,33561497,2048.43
1,32768,4096,inf,2.5,1,409,1,4.3989,1.4252,2332,1555.42,67102790,4095.63
1,32768,10,inf,2.5,1,410,2,4.3108,1.4618,2.0675,12.512,163832,9.99951
1,32768,10,5,2.5,1,411,2,3.9012,1.4605,18.837,108.9,163999,10.0097
1,32768,10,4.5,2.5,1,412,2,3.9676,1.4696,8.8543,115.033,163778,9.99622
1,32768,10,4,2.5,1,413,2,3.9198,1.4975,8.0134,113.742,162733,9.93243
1,32768,10,3.5,2.5,1,414,2,3.9063,1.4976,7.1202,112.481,163750,9.99451
1,32768,10,3,2.5,1,415,2,4.2388,1.4636,23.3776,100.138,164289,10.0274
1,32768,10,2.5,2.5,1,416,2,4.0301,1.8514,8.6835,109.707,163506,9.97961
1,32768,10,2,2.5,1,417,2,3.8896,1.4604,2.8799,67.7069,164050,10.0128
1,32768,10,inf,2.5,1,418,3,3.8933,1.5574,2.394,12.8441,163938,10.006
2,32768,10,inf,2.5,1,419,3,4.0589,1.9487,2.3016,27.8502,163762,9.99524
3,32768,10,inf,2.5,1,420,3,5.3737,2.5011,27.5275,81.7081,163179,9.95966
4,32768,10,inf,2.5,1,421,3,3.7834,2.9171,86.8712,482.877,163693,9.99103
5,32768,10,inf,2.5,1,422,3,4.2184,3.3341,468.796,1524.05,163386,9.97229
1,32768,10,inf,2.5,1,423,4,3.7894,1.4864,1.5787,13.2485,163655,9.98871
2,32768,10,inf,2.5,1,424,4,3.7574,1.9456,2.7774,27.847,163559,9.98285
3,32768,10,inf,2.5,1,425,4,3.661,2.6541,75.0823,81.2954,163741,9.99396
4,32768,10,inf,2.5,1,426,4,3.7626,2.8475,92.3169,472.089,163155,9.95819
5,32768,10,inf,2.5,1,427,4,4.1029,3.3188,405.46,1536.88,164479,10.039
1,32768,10,inf,2.5,2,428,4,4.0116,1.4743,4.4851,8.7115,163967,10.0078
2,32768,10,inf,2.5,2,429,4,3.8887,1.9167,2.4418,14.5178,164079,10.0146
3,32768,10,inf,2.5,2,430,4,4.0584,2.4237,33.4432,47.5405,163598,9.98523
4,32768,10,inf,2.5,2,431,4,3.7756,2.8461,94.7381,284.748,164329,10.0298
5,32768,10,inf,2.5,2,432,4,3.7487,3.3512,477.201,996.454,163666,9.98938
1,32768,10,inf,2.5,3,433,4,3.9092,1.4993,2.9951,7.5789,163726,9.99304
2,32768,10,inf,2.5,3,434,4,4.0037,1.9705,2.0954,12.8116,164082,10.0148
3,32768,10,inf,2.5,3,435,4,4.0746,2.4413,28.0742,35.002,163940,10.0061
4,32768,10,inf,2.5,3,436,4,3.7585,2.8975,79.3684,240.385,164375,10.0327
5,32768,10,inf,2.5,3,437,4,3.8479,3.6866,449.635,771.339,164211,10.0226
1,32768,10,inf,2.5,4,438,4,4.4327,1.4511,2.4083,5.3774,164425,10.0357
2,32768,10,inf,2.5,4,439,4,3.8614,1.9422,12.8539,11.135,163528,9.98096
3,32768,10,inf,2.5,4,440,4,3.816,2.4361,28.2848,27.3327,163601,9.98541
4,32768,10,inf,2.5,4,441,4,3.8775,2.9263,91.0149,161.529,163326,9.96863
5,32768,10,inf,2.5,4,442,4,4.1216,3.3938,446.84,599.612,164652,10.0496
1,32768,10,inf,2.5,5,443,4,3.9726,1.4599,1.9056,5.6,163912,10.0044
2,32768,10,inf,2.5,5,444,4,3.9347,2.0614,11.0892,11.4064,163885,10.0027
3,32768,10,inf,2.5,5,445,4,4.1613,2.4956,35.4814,28.4666,164040,10.0122
4,32768,10,inf,2.5,5,446,4,3.9253,2.9371,87.7436,147.231,163872,10.002
5,32768,10,inf,2.5,5,447,4,4.155,3.4281,424.079,535.012,163247,9.96381
1,32768,10,inf,2.5,6,448,4,4.1962,1.5101,2.1245,5.2128,164423,10.0356
2,32768,10,inf,2.5,6,449,4,4.0979,2.0211,2.8892,8.1108,163834,9.99963
3,32768,10,inf,2.5,6,450,4,4.2811,2.4863,27.3753,27.3243,163147,9.9577
4,32768,10,inf,2.5,6,451,4,4.6488,3.7737,89.1984,124.501,163889,10.003
5,32768,10,inf,2.5,6,452,4,3.9471,3.4343,446.004,484.092,164041,10.0123
1,32768,10,2,2.5,1,453,5,3.9017,1.5286,2.6667,69.1886,164208,10.0225
2,32768,10,2,2.5,1,454,5,3.7775,1.9394,5.9942,188.537,162872,9.94092
3,32768,10,2,2.5,1,455,5,3.7769,2.4964,25.2583,1073.25,163680,9.99023
4,32768,10,2,2.5,1,456,5,4.1976,2.9324,23.8471,5588.07,163840,10
5,32768,10,2,2.5,1,457,5,3.6504,3.3572,131.168,25455.8,162937,9.94489
1,32768,10,2,2.5,2,459,5,3.9198,1.4521,2.4348,37.7735,163733,9.99347
2,32768,10,2,2.5,2,460,5,3.8484,1.9223,8.0561,102.113,163956,10.0071
3,32768,10,2,2.5,2,461,5,3.7621,2.3936,6.586,646.478,163347,9.96991
4,32768,10,2,2.5,2,462,5,3.7964,2.8893,38.977,3513.69,164222,10.0233
5,32768,10,2,2.5,2,463,5,3.7529,3.6735,87.0854,17160.9,164332,10.03
1,32768,10,2,2.5,3,465,5,4.2286,1.4201,2.9589,27.9434,163234,9.96301
2,32768,10,2,2.5,3,466,5,3.7764,1.9663,4.4772,82.1882,163880,10.0024
3,32768,10,2,2.5,3,467,5,4.11,2.4306,5.9965,504.997,163776,9.99609
4,32768,10,2,2.5,3,468,5,4.1071,2.8476,34.8234,2944.6,163422,9.97449
5,32768,10,2,2.5,3,469,5,3.9063,3.4165,48.6484,13413.4,164222,10.0233
1,32768,10,2,2.5,4,471,5,4.1878,1.4353,3.8975,24.0969,163385,9.97223
2,32768,10,2,2.5,4,472,5,4.3617,2.0022,6.5066,57.9381,163880,10.0024
3,32768,10,2,2.5,4,473,5,3.8696,2.4571,17.5277,380.94,163515,9.98016
4,32768,10,2,2.5,4,474,5,3.8441,3.2014,13.6117,2125.41,164151,10.019
5,32768,10,2,2.5,4,475,5,3.8715,3.8373,61.5388,10347.1,163485,9.97833
1,32768,10,2,2.5,5,477,5,3.8483,1.7874,2.7015,19.9193,164030,10.0116
2,32768,10,2,2.5,5,478,5,3.8687,2.1635,3.3572,49.8481,164369,10.0323
3,32768,10,2,2.5,5,479,5,3.8576,2.456,12.1076,327.886,164420,10.0354
4,32768,10,2,2.5,5,480,5,3.948,2.9695,17.4377,1842.61,163469,9.97736
5,32768,10,2,2.5,5,481,5,3.8753,3.4064,96.2114,9475.49,163905,10.004
1,32768,10,2,2.5,6,483,5,4.1963,1.4942,2.6435,19.2362,163974,10.0082
2,32768,10,2,2.5,6,484,5,3.9365,2.2409,5.2425,49.9255,164417,10.0352
3,32768,10,2,2.5,6,485,5,3.962,2.9848,6.5934,297.703,163776,9.99609
4,32768,10,2,2.5,6,486,5,3.8934,2.9296,30.9356,1589.49,163770,9.99573
5,32768,10,2,2.5,6,487,5,4.1015,3.4014,79.649,8538.16,164016,10.0107
1,1024,10,inf,2.5,1,489,0,0.1475,0.0552,0.0951,0.3618,5203,10.1621
1,1024,100,inf,2.5,1,490,0,0.1276,0.0515,2.1148,1.004,51260,100.117
1,2048,10,inf,2.5,1,491,0,0.249,0.1034,0.2857,0.7036,10149,9.91113
1,2048,100,inf,2.5,1,492,0,0.2504,0.0993,1.3491,3.9169,102856,100.445
1,4096,10,inf,2.5,1,493,0,0.5282,0.1929,0.2509,1.7599,20318,9.9209
1,4096,100,inf,2.5,1,494,0,0.5069,0.1934,3.565,4.9011,205159,100.175
1,4096,1000,inf,2.5,1,495,0,0.5018,0.1995,96.9559,28.134,2047684,999.846
1,8192,10,inf,2.5,1,496,0,1.0384,0.3673,0.5764,2.9993,40790,9.9585
1,8192,100,inf,2.5,1,497,0,0.9488,0.3729,3.5051,10.6806,409774,100.042
1,8192,1000,inf,2.5,1,498,0,0.9577,0.3738,118.38,69.2759,4095409,999.856
1,16384,10,inf,2.5,1,499,0,2.3861,0.7337,0.9016,6.3166,81862,9.99292
1,16384,100,inf,2.5,1,500,0,1.9144,0.7337,17.0064,23.3294,818559,99.9218
1,16384,1000,inf,2.5,1,501,0,1.9195,0.7336,152.213,170.086,8199864,1000.96
1,32768,10,inf,2.5,1,502,0,4.3551,1.4609,1.9858,12.929,163565,9.98322
1,32768,100,inf,2.5,1,503,0,3.7431,1.4164,29.2577,48.487,1638234,99.9899
1,32768,1000,inf,2.5,1,504,0,3.7885,1.4562,261.451,421.123,16380577,999.791
1,65536,10,inf,2.5,1,505,0,7.8855,2.9194,4.5681,30.656,328105,10.013
1,65536,100,inf,2.5,1,506,0,7.7111,2.912,26.0573,113.656,3276793,99.9998
1,65536,1000,inf,2.5,1,507,0,8.1489,2.9927,452.756,600.437,32770177,1000.07
1,131072,10,inf,2.5,1,508,0,15.9884,6.0289,9.9224,64.6279,657616,10.0344
1,131072,100,inf,2.5,1,509,0,16.0825,6.2669,89.9594,251.337,6554542,100.014
1,131072,1000,inf,2.5,1,510,0,16.1062,5.8059,680.927,1335.24,65536473,1000.01
1,262144,10,inf,2.5,1,511,0,31.8122,12.9433,15.3503,133.055,1309131,9.98788
1,262144,100,inf,2.5,1,512,0,32.1817,11.9467,52.2718,569.424,13107039,99.9988
1,262144,1000,inf,2.5,1,513,0,33.8189,11.635,1320.09,3051.35,131044244,999.788
1,524288,10,inf,2.5,1,514,0,65.7276,24.2472,25.5313,290.168,2623323,10.0072
1,524288,100,inf,2.5,1,515,0,64.8214,23.4505,154.92,1388.11,26208979,99.9793
1,524288,1000,inf,2.5,1,516,0,66.2151,22.9426,2551.05,7093.17,262141172,999.989
1,1048576,10,inf,2.5,1,517,0,131.945,48.3116,69.9994,592.299,5234412,9.98385
1,1048576,100,inf,2.5,1,518,0,128.968,47.2496,232.27,3097.18,52433001,100.008
1,1048576,1000,inf,2.5,1,519,0,133.339,48.9786,3868.41,16099.2,524272778,999.971
1,32768,2,inf,2.5,1,520,1,6.0934,2.2498,3.002,20.3714,32504,1.98389
1,32768,4,inf,2.5,1,521,1,4.5511,1.9789,4.0217,14.2211,65415,3.99261
1,32768,8,inf,2.5,1,522,1,4.8019,1.5263,2.5659,12.7295,130676,7.97583
1,32768,16,inf,2.5,1,523,1,4.2356,1.4919,1.9882,18.5698,262856,16.0435
1,32768,32,inf,2.5,1,524,1,4.506,1.5044,4.9601,23.2816,524293,32.0003
1,32768,64,inf,2.5,1,525,1,3.8905,1.818,10.1861,35.0262,1050399,64.1113
1,32768,128,inf,2.5,1,526,1,3.9541,1.5814,28.6321,53.2434,2098269,128.068
1,32768,256,inf,2.5,1,527,1,3.9452,1.4692,72.0259,121.843,4191813,255.848
1,32768,512,inf,2.5,1,528,1,3.91,1.7828,163.864,153.296,8392486,512.237
1,32768,1024,inf,2.5,1,529,1,3.9722,1.5012,317.471,447.425,16774991,1023.86
1,32768,2048,inf,2.5,1,530,1,4.621,1.4669,700.336,830.937,33553144,2047.92
1,32768,4096,inf,2.5,1,531,1,4.0487,1.5067,1947.98,1620.44,67113829,4096.3
1,32768,10,inf,2.5,1,532,2,3.9619,1.4613,3.0669,12.5671,164141,10.0184
1,32768,10,5,2.5,1,533,2,4.2017,1.4595,29.7827,90.7334,159384,9.72803
1,32768,10,4.5,2.5,1,534,2,4.3298,1.7419,9.472,103.151,163635,9.98749
1,32768,10,4,2.5,1,535,2,4.1457,1.4581,8.1846,103.837,164191,10.0214
1,32768,10,3.5,2.5,1,536,2,3.8204,1.4563,7.9397,103.537,163538,9.98157
1,32768,10,3,2.5,1,537,2,3.8594,1.4228,7.9193,105.664,163093,9.95441
1,32768,10,2.5,2.5,1,538,2,4.0287,1.4335,15.7746,103.48,163582,9.98425
1,32768,10,2,2.5,1,539,2,3.8084,1.4586,2.8819,69.2976,163819,9.99872
1,32768,10,inf,2.5,1,540,3,4.2143,1.7261,2.5986,14.6629,163894,10.0033
2,32768,10,inf,2.5,1,541,3,4.5147,1.9352,2.7706,30.5656,163638,9.98767
3,32768,10,inf,2.5,1,542,3,4.0765,2.6754,59.1681,81.4916,163189,9.96027
4,32768,10,inf,2.5,1,543,3,3.9351,2.9259,97.8551,470.517,162723,9.93182
5,32768,10,inf,2.5,1,544,3,3.9365,3.6471,439.187,1531.45,164270,10.0262
1,32768,10,inf,2.5,1,545,4,3.8345,1.4604,2.0429,13.4423,164134,10.0179
2,32768,10,inf,2.5,1,546,4,3.7811,1.9251,5.4448,26.9314,164422,10.0355
3,32768,10,inf,2.5,1,547,4,3.7783,2.3935,26.6287,81.4874,163778,9.99622
4,32768,10,inf,2.5,1,548,4,3.7486,2.8452,107.41,470.822,164387,10.0334
5,32768,10,inf,2.5,1,549,4,3.7278,3.308,474.628,1531,163958,10.0072
1,32768,10,inf,2.5,2,550,4,3.9388,1.4613,4.9206,8.9099,163512,9.97998
2,32768,10,inf,2.5,2,551,4,3.9578,2.3142,2.8912,15.7477,163783,9.99652
3,32768,10,inf,2.5,2,552,4,3.8961,2.4399,27.7273,49.1177,163908,10.0042
4,32768,10,inf,2.5,2,553,4,3.8497,2.9209,98.1881,284.5,164019,10.0109
5,32768,10,inf,2.5,2,554,4,4.0757,3.3262,453.044,1028.7,164137,10.0181
1,32768,10,inf,2.5,3,555,4,4.0399,1.4692,2.2446,7.0669,164182,10.0209
2,32768,10,inf,2.5,3,556,4,4.0181,1.9353,4.0803,13.3751,163439,9.97552
3,32768,10,inf,2.5,3,557,4,4.5449,2.578,31.4536,38.171,163812,9.99829
4,32768,10,inf,2.5,3,558,4,3.8516,2.9208,89.6154,251.483,163489,9.97858
5,32768,10,inf,2.5,3,559,4,3.8688,3.7018,461.799,783.007,164156,10.0193
1,32768,10,inf,2.5,4,560,4,4.3232,1.4581,2.4875,5.9464,164156,10.0193
2,32768,10,inf,2.5,4,561,4,4.2773,2.0169,4.2973,10.367,163334,9.96912
3,32768,10,inf,2.5,4,562,4,4.0005,2.4978,90.9334,28.1169,164218,10.0231
4,32768,10,inf,2.5,4,563,4,4.1841,2.952,90.004,164.935,163222,9.96228
5,32768,10,inf,2.5,4,564,4,3.8604,3.6828,454.006,589.742,163160,9.9585
1,32768,10,inf,2.5,5,565,4,4.2208,1.5319,1.6431,5.4576,163630,9.98718
2,32768,10,inf,2.5,5,566,4,3.9476,2.2646,3.2668,9.9283,164247,10.0248
3,32768,10,inf,2.5,5,567,4,4.1976,2.4648,24.7249,25.7048,163804,9.9978
4,32768,10,inf,2.5,5,568,4,3.9202,3.0191,102.107,154.745,164880,10.0635
5,32768,10,inf,2.5,5,569,4,3.8516,3.4076,450.688,553.427,163335,9.96918
1,32768,10,inf,2.5,6,570,4,3.8951,1.4957,1.958,5.6742,163771,9.99579
2,32768,10,inf,2.5,6,571,4,4.0477,1.9849,2.8493,9.728,164432,10.0361
3,32768,10,inf,2.5,6,572,4,3.8892,2.463,29.3506,33.6208,163610,9.98596
4,32768,10,inf,2.5,6,573,4,4.7846,3.9699,85.4572,126.286,163741,9.99396
5,32768,10,inf,2.5,6,574,4,4.115,3.405,452.779,473.01,164206,10.0223
1,32768,10,2,2.5,1,575,5,4.1891,1.51,3.0047,71.1027,163448,9.97607
2,32768,10,2,2.5,1,576,5,4.0046,2.1107,7.9727,192.37,163670,9.98962
3,32768,10,2,2.5,1,577,5,3.7673,2.3912,45.972,1389.71,164571,10.0446
4,32768,10,2,2.5,1,578,5,3.7662,3.0809,27.3244,5534.52,164000,10.0098
5,32768,10,2,2.5,1,579,5,3.7612,3.3285,48.1016,25511.4,163936,10.0059
1,32768,10,2,2.5,2,581,5,3.976,1.4237,3.468,37.1762,163672,9.98975
2,32768,10,2,2.5,2,582,5,3.8636,1.9312,3.7997,104.988,163671,9.98969
3,32768,10,2,2.5,2,583,5,3.7641,2.4139,9.67,642.031,164008,10.0103
4,32768,10,2,2.5,2,584,5,4.0125,2.7938,38.3004,3559.88,164327,10.0297
5,32768,10,2,2.5,2,585,5,3.6567,3.2422,137.332,17173.3,163357,9.97052
1,32768,10,2,2.5,3,587,5,3.8701,1.4571,2.6306,29.9038,163995,10.0095
2,32768,10,2,2.5,3,588,5,4.1164,1.9403,2.7878,93.2551,163377,9.97174
3,32768,10,2,2.5,3,589,5,3.7964,2.7316,10.7539,526.953,163310,9.96765
4,32768,10,2,2.5,3,590,5,3.8766,2.9218,77.0588,2874.56,162733,9.93243
5,32768,10,2,2.5,3,591,5,3.7603,4.0112,87.2042,13691.8,163289,9.96637
1,32768,10,2,2.5,4,593,5,3.8915,1.4205,2.9032,21.5986,163276,9.96558
2,32768,10,2,2.5,4,594,5,4.0686,2.0235,7.0497,55.6263,164314,10.0289
3,32768,10,2,2.5,4,595,5,3.9095,2.496,13.5235,369.957,163874,10.0021
4,32768,10,2,2.5,4,596,5,4.3426,2.9561,39.3076,2245.49,163524,9.98071
5,32768,10,2,2.5,4,597,5,3.8888,3.7352,52.2853,10347,163579,9.98407
1,32768,10,2,2.5,5,599,5,3.9532,1.567,3.3633,20.8134,163813,9.99835
2,32768,10,2,2.5,5,600,5,3.9365,2.1018,4.9553,50.6167,164072,10.0142
3,32768,10,2,2.5,5,601,5,3.8627,2.4552,131.026,380.567,163302,9.96716
4,32768,10,2,2.5,5,602,5,3.8437,2.919,13.5736,1863.45,164341,10.0306
5,32768,10,2,2.5,5,603,5,3.8529,3.6795,61.2967,9388.12,163665,9.98932
1,32768,10,2,2.5,6,605,5,3.7793,1.4549,3.3438,20.2401,163965,10.0076
2,32768,10,2,2.5,6,606,5,3.8572,1.983,5.0254,46.5981,163826,9.99915
3,32768,10,2,2.5,6,607,5,4.1572,3.052,9.4252,291.239,163515,9.98016
4,32768,10,2,2.5,6,608,5,3.89,2.9422,27.0164,1674.96,164012,10.0105
5,32768,10,2,2.5,6,609,5,4.1081,3.431,51.7107,8554.75,164260,10.0256
1,1024,10,inf,2.5,1,611,0,0.1415,0.0538,0.1192,0.3488,5123,10.0059
1,1024,100,inf,2.5,1,612,0,0.122,0.0501,2.079,0.9712,51077,99.7598
1,2048,10,inf,2.5,1,613,0,0.262,0.1396,0.0737,0.6919,10246,10.0059
1,2048,100,inf,2.5,1,614,0,0.2565,0.097,3.6373,2.3847,102171,99.7764
1,4096,10,inf,2.5,1,615,0,0.5389,0.199,0.3321,1.7378,20408,9.96484
1,4096,100,inf,2.5,1,616,0,0.5477,0.2407,2.2836,5.0189,204816,100.008
1,4096,1000,inf,2.5,1,617,0,0.5226,0.1878,123.914,27.5162,2047510,999.761
1,8192,10,inf,2.5,1,618,0,1.0018,0.4012,0.7462,3.3461,40754,9.94971
1,8192,100,inf,2.5,1,619,0,0.9651,0.3817,7.0697,11.6777,409502,99.9761
1,8192,1000,inf,2.5,1,620,0,0.9939,0.3812,127.207,71.3785,4095030,999.763
1,16384,10,inf,2.5,1,621,0,2.432,0.7383,1.2893,6.1013,81926,10.0007
1,16384,100,inf,2.5,1,622,0,1.9098,0.7328,15.821,23.2951,819676,100.058
1,16384,1000,inf,2.5,1,623,0,1.8648,0.7165,194.644,166.714,8191737,999.968
1,32768,10,inf,2.5,1,624,0,4.0881,1.4702,1.9251,12.8644,164361,10.0318
1,32768,100,inf,2.5,1,625,0,3.9044,1.4716,21.6028,47.6702,1639230,100.051
1,32768,1000,inf,2.5,1,626,0,3.8697,1.4572,301.135,410.448,16381880,999.871
1,65536,10,inf,2.5,1,627,0,8.1197,2.9241,3.9782,29.3079,327141,9.98355
1,65536,100,inf,2.5,1,628,0,7.9267,2.9745,18.4159,109.75,3275626,99.9642
1,65536,1000,inf,2.5,1,629,0,7.6085,3.2348,467.786,982.555,32762775,999.841
1,131072,10,inf,2.5,1,630,0,16.2814,6.2883,9.5957,63.7084,653789,9.97603
1,131072,100,inf,2.5,1,631,0,15.5822,5.8796,151.232,293.911,6558589,100.076
1,131072,1000,inf,2.5,1,632,0,16.6766,6.2646,538.699,1389.66,65537924,1000.03
1,262144,10,inf,2.5,1,633,0,31.3433,12.0134,19.6564,135.034,1308645,9.98417
1,262144,100,inf,2.5,1,634,0,31.2621,11.6392,157.881,601.6,13105773,99.9891
1,262144,1000,inf,2.5,1,635,0,35.073,11.9866,1393.9,3070.16,131059373,999.904
1,524288,10,inf,2.5,1,636,0,66.7701,25.7057,29.0199,280.898,2617184,9.98376
1,524288,100,inf,2.5,1,637,0,64.249,23.6582,107.789,1275.67,26208430,99.9772
1,524288,1000,inf,2.5,1,638,0,63.712,23.827,2080.93,6862.12,262152066,1000.03
1,1048576,10,inf,2.5,1,639,0,131.462,47.1884,65.9924,586.614,5236657,9.98813
1,1048576,100,inf,2.5,1,640,0,132.012,47.2065,246.811,2997.33,52436183,100.014
1,1048576,1000,inf,2.5,1,641,0,128.673,47.4861,3256.71,15973.2,524281385,999.987
1,32768,2,inf,2.5,1,642,1,5.9144,1.9427,2.8828,15.6758,32992,2.01367
1,32768,4,inf,2.5,1,643,1,4.1749,1.5833,2.4185,10.2187,65804,4.01636
1,32768,8,inf,2.5,1,644,1,3.9387,1.4874,2.7524,11.3948,131057,7.99908
1,32768,16,inf,2.5,1,645,1,4.1191,1.9491,2.5253,14.9408,262736,16.0361
1,32768,32,inf,2.5,1,646,1,3.8529,1.6052,5.4039,22.2656,525098,32.0494
1,32768,64,inf,2.5,1,647,1,3.9893,1.4683,8.4341,32.7722,1048948,64.0227
1,32768,128,inf,2.5,1,648,1,4.2852,1.5981,18.2638,70.8087,2099794,128.161
1,32768,256,inf,2.5,1,649,1,3.9248,1.4567,68.4421,83.0521,4193593,255.957
1,32768,512,inf,2.5,1,650,1,4.3316,1.433,121.62,228.295,8390218,512.098
1,32768,1024,inf,2.5,1,651,1,3.9388,1.4631,296.098,431.781,16780854,1024.22
1,32768,2048,inf,2.5,1,652,1,3.9832,1.4687,669.798,820.695,33558108,2048.22
1,32768,4096,inf,2.5,1,653,1,3.9527,1.4628,1884.41,1648.43,67112668,4096.23
1,32768,10,inf,2.5,1,654,2,4.0511,1.4251,1.99,12.9971,163538,9.98157
1,32768,10,5,2.5,1,655,2,3.9055,1.4594,9.9331,106.876,163757,9.99493
1,32768,10,4.5,2.5,1,656,2,4.1507,1.458,8.1954,113.229,164530,10.0421
1,32768,10,4,2.5,1,657,2,3.8149,1.4535,11.8224,99.5408,164023,10.0112
1,32768,10,3.5,2.5,1,658,2,3.9457,1.7707,9.2369,107.302,163852,10.0007
1,32768,10,3,2.5,1,659,2,3.8707,1.4595,8.4499,106.165,163283,9.966
1,32768,10,2.5,2.5,1,660,2,3.8242,1.4618,8.0742,109.662,164212,10.0227
1,32768,10,2,2.5,1,661,2,3.8446,1.4576,2.6453,65.7926,163888,10.0029
1,32768,10,inf,2.5,1,662,3,3.7977,1.7799,2.2424,12.7953,164015,10.0107
2,32768,10,inf,2.5,1,663,3,3.9235,2.0485,2.5781,26.8479,163632,9.9873
3,32768,10,inf,2.5,1,664,3,3.8288,2.4005,35.0582,82.1797,163217,9.96198
4,32768,10,inf,2.5,1,665,3,4.1813,2.8512,83.0836,468.057,164497,10.0401
5,32768,10,inf,2.5,1,666,3,3.884,3.2483,463.746,1555.76,163684,9.99048
1,32768,10,inf,2.5,1,667,4,3.8534,1.459,2.0954,13.0545,163892,10.0032
2,32768,10,inf,2.5,1,668,4,3.8127,2.2455,2.5535,27.713,163655,9.98871
3,32768,10,inf,2.5,1,669,4,4.0974,2.3959,36.6002,83.7481,163266,9.96497
4,32768,10,inf,2.5,1,670,4,3.8057,3.175,113.148,522.966,164525,10.0418
5,32768,10,inf,2.5,1,671,4,4.1442,3.4022,440.161,1619.39,163587,9.98456
1,32768,10,inf,2.5,2,672,4,3.9629,1.4275,2.0243,7.6508,164161,10.0196
2,32768,10,inf,2.5,2,673,4,3.9142,2.2538,9.2949,17.6965,163900,10.0037
3,32768,10,inf,2.5,2,674,4,3.917,2.7604,22.2845,48.961,163519,9.98041
4,32768,10,inf,2.5,2,675,4,4.1006,3.0697,104.435,347.651,163029,9.9505
5,32768,10,inf,2.5,2,676,4,3.7773,3.3178,465.977,1038.26,163521,9.98053
1,32768,10,inf,2.5,3,677,4,3.853,1.4577,1.8847,6.2729,164284,10.0271
2,32768,10,inf,2.5,3,678,4,4.2327,2.0893,2.8471,12.8695,164440,10.0366
3,32768,10,inf,2.5,3,679,4,3.7533,2.4264,18.8944,36.6775,163910,10.0043
4,32768,10,inf,2.5,3,680,4,3.7862,2.849,99.0015,230.952,164329,10.0298
5,32768,10,inf,2.5,3,681,4,3.757,3.3201,427.178,769.408,163367,9.97113
1,32768,10,inf,2.5,4,682,4,4.3208,1.4637,1.9311,5.4553,164033,10.0118
2,32768,10,inf,2.5,4,683,4,3.9035,2.419,3.5645,9.397,163692,9.99097
3,32768,10,inf,2.5,4,684,4,3.8372,2.4362,34.0396,28.4713,163649,9.98834
4,32768,10,inf,2.5,4,685,4,3.9198,2.9272,116.118,164.619,163629,9.98712
5,32768,10,inf,2.5,4,686,4,3.8668,3.6164,443.104,590.656,163981,10.0086
1,32768,10,inf,2.5,5,687,4,3.8591,1.4594,2.4366,6.5266,163297,9.96686
2,32768,10,inf,2.5,5,688,4,3.8827,2.0865,2.5628,9.2531,163878,10.0023
3,32768,10,inf,2.5,5,689,4,3.9078,2.4635,34.0216,24.9457,163924,10.0051
4,32768,10,inf,2.5,5,690,4,3.8549,2.9236,110.403,144.546,163353,9.97028
5,32768,10,inf,2.5,5,691,4,4.4476,3.4244,420.32,542.736,163479,9.97797
1,32768,10,inf,2.5,6,692,4,3.8808,1.4957,1.9446,5.7076,163065,9.9527
2,32768,10,inf,2.5,6,693,4,3.9106,2.0592,2.9926,8.2463,164175,10.0204
3,32768,10,inf,2.5,6,694,4,4.044,2.4738,29.4748,25.1201,163939,10.006
4,32768,10,inf,2.5,6,695,4,3.8623,2.931,92.5343,126.238,163474,9.97766
5,32768,10,inf,2.5,6,696,4,4.1308,3.5645,464.911,482.092,164402,10.0343
1,32768,10,2,2.5,1,697,5,3.9114,1.4948,3.3387,66.5058,163499,9.97919
2,32768,10,2,2.5,1,698,5,3.7556,1.9372,4.6637,186.657,163623,9.98676
3,32768,10,2,2.5,1,699,5,4.1183,2.3985,8.4754,1102.35,164475,10.0388
4,32768,10,2,2.5,1,700,5,3.7487,2.8503,34.7149,5577.82,163813,9.99835
5,32768,10,2,2.5,1,701,5,3.7324,3.2876,87.7998,25491.4,163323,9.96844
1,32768,10,2,2.5,2,703,5,4.2435,1.4237,2.9663,35.3452,164025,10.0113
2,32768,10,2,2.5,2,704,5,3.6716,2.2312,3.8966,104.595,164138,10.0182
3,32768,10,2,2.5,2,705,5,3.7504,2.7103,6.2256,655.105,163577,9.98395
4,32768,10,2,2.5,2,706,5,4.0876,2.8531,19.8841,3537.21,164502,10.0404
5,32768,10,2,2.5,2,707,5,4.1237,3.3818,93.5842,16893.9,164565,10.0443
1,32768,10,2,2.5,3,709,5,3.8855,1.4206,2.618,28.3997,163511,9.97992
2,32768,10,2,2.5,3,710,5,3.7886,1.9241,7.7769,79.8466,163178,9.95959
3,32768,10,2,2.5,3,711,5,3.7654,2.3916,4.321,493.087,164185,10.0211
4,32768,10,2,2.5,3,712,5,3.7455,2.8813,10.6259,2889.02,163904,10.0039
5,32768,10,2,2.5,3,713,5,3.757,3.321,61.3001,13164.1,163513,9.98004
1,32768,10,2,2.5,4,715,5,3.8349,1.4214,3.2162,20.6479,163960,10.0073
2,32768,10,2,2.5,4,716,5,3.8261,2.1009,7.0748,56.3075,164085,10.015
3,32768,10,2,2.5,4,717,5,3.8641,2.4538,11.4811,370.863,162919,9.94379
4,32768,10,2,2.5,4,718,5,3.7603,3.1384,12.4559,2031.28,163838,9.99988
5,32768,10,2,2.5,4,719,5,4.032,3.3173,38.06,10209.6,163627,9.987
1,32768,10,2,2.5,5,721,5,3.9504,1.4206,2.3137,20.9332,163616,9.98633
2,32768,10,2,2.5,5,722,5,3.892,2.0906,3.6277,51.0368,163880,10.0024
3,32768,10,2,2.5,5,723,5,4.116,2.4724,13.0723,313.663,164133,10.0179
4,32768,10,2,2.5,5,724,5,3.8414,2.9176,52.6864,1802.12,163666,9.98938
5,32768,10,2,2.5,5,725,5,4.1474,3.4059,87.0396,9433.47,164577,10.045
1,32768,10,2,2.5,6,727,5,3.8725,1.4948,3.7379,17.7132,163604,9.9856
2,32768,10,2,2.5,6,728,5,4.0868,2.0012,3.5404,46.67,163845,10.0003
3,32768,10,2,2.5,6,729,5,4.1225,2.458,8.1507,287.83,163396,9.9729
4,32768,10,2,2.5,6,730,5,3.8571,2.9213,43.8724,1588.6,164206,10.0223
5,32768,10,2,2.5,6,731,5,3.8474,3.4031,166.254,8425.87,163454,9.97644
1,1024,10,inf,2.5,1,733,0,0.1906,0.0497,0.1076,0.3868,5014,9.79297
1,1024,100,inf,2.5,1,734,0,0.121,0.0487,1.5045,1.1584,51077,99.7598
1,2048,10,inf,2.5,1,735,0,0.2867,0.1066,0.16,0.6674,10377,10.1338
1,2048,100,inf,2.5,1,736,0,0.2402,0.1465,3.6062,2.1537,102966,100.553
1,4096,10,inf,2.5,1,737,0,0.6168,0.1827,0.2212,1.3528,20610,10.0635
1,4096,100,inf,2.5,1,738,0,0.4847,0.185,5.3032,4.5325,204900,100.049
1,4096,1000,inf,2.5,1,739,0,0.7875,0.1827,101.171,27.0879,2047285,999.651
1,8192,10,inf,2.5,1,740,0,1.1432,0.359,0.2513,3.1351,40747,9.948
1,8192,100,inf,2.5,1,741,0,0.9248,0.3632,8.7499,10.9365,408971,99.8464
1,8192,1000,inf,2.5,1,742,0,0.9331,0.3641,109.499,69.05,4096757,1000.18
1,16384,10,inf,2.5,1,743,0,2.0146,0.7472,0.8663,5.7494,82161,10.0294
1,16384,100,inf,2.5,1,744,0,1.9098,1.0471,10.5312,23.2538,820013,100.099
1,16384,1000,inf,2.5,1,745,0,1.9098,0.7364,153.621,171.564,8194014,1000.25
1,32768,10,inf,2.5,1,746,0,4.2672,1.4242,1.8171,12.7071,163903,10.0038
1,32768,100,inf,2.5,1,747,0,3.795,1.4183,31.9485,49.518,1638024,99.9771
1,32768,1000,inf,2.5,1,748,0,3.6822,1.7586,260.896,417.779,16384391,1000.02
1,65536,10,inf,2.5,1,749,0,7.6801,2.9115,2.752,28.4674,328207,10.0161
1,65536,100,inf,2.5,1,750,0,8.6168,2.8424,45.8812,108.912,3278842,100.062
1,65536,1000,inf,2.5,1,751,0,7.5218,3.1606,361.926,965.265,32771591,1000.11
1,131072,10,inf,2.5,1,752,0,15.5784,6.1101,6.6407,63.003,656429,10.0163
1,131072,100,inf,2.5,1,753,0,15.2626,5.7243,100.031,263.792,6551647,99.9702
1,131072,1000,inf,2.5,1,754,0,15.853,6.1008,742.669,1399.67,65538426,1000.04
1,262144,10,inf,2.5,1,755,0,32.2189,12.1206,16.4906,128.536,1309432,9.99017
1,262144,100,inf,2.5,1,756,0,31.5525,11.7023,111.378,587.342,13100806,99.9512
1,262144,1000,inf,2.5,1,757,0,33.2614,11.6628,1153.23,2960.28,131067508,999.966
1,524288,10,inf,2.5,1,758,0,65.4637,23.2496,32.6809,274.144,2618794,9.98991
1,524288,100,inf,2.5,1,759,0,66.2888,23.4778,90.9635,1269.84,26218681,100.016
1,524288,1000,inf,2.5,1,760,0,67.1615,23.4626,2019.97,6941.75,262130155,999.947
1,1048576,10,inf,2.5,1,761,0,130.911,47.2316,83.4374,668.555,5242980,10.0002
1,1048576,100,inf,2.5,1,762,0,135.474,47.1513,183.923,2805.8,52431178,100.005
1,1048576,1000,inf,2.5,1,763,0,130.517,47.3378,3396.31,15537.1,524290689,1000.01
1,32768,2,inf,2.5,1,764,1,5.92,1.9515,2.9102,15.693,32752,1.99902
1,32768,4,inf,2.5,1,765,1,4.5028,1.6283,1.5977,10.2043,65108,3.97388
1,32768,8,inf,2.5,1,766,1,3.7922,1.4674,2.0837,11.6267,131531,8.02802
1,32768,16,inf,2.5,1,767,1,3.9801,1.4701,2.6829,15.1338,262539,16.0241
1,32768,32,inf,2.5,1,768,1,4.1828,1.6103,3.7342,20.9326,526244,32.1194
1,32768,64,inf,2.5,1,769,1,4.1841,1.6264,9.3992,33.0616,1047213,63.9168
1,32768,128,inf,2.5,1,770,1,3.9017,1.4636,23.7124,52.3298,2097579,128.026
1,32768,256,inf,2.5,1,771,1,3.8382,1.4868,63.412,80.9346,4194828,256.032
1,32768,512,inf,2.5,1,772,1,4.2031,1.8398,117.661,224.475,8390945,512.143
1,32768,1024,inf,2.5,1,773,1,4.0612,1.4803,279.729,421.334,16776336,1023.95
1,32768,2048,inf,2.5,1,774,1,3.9415,1.4191,806.565,814.938,33547784,2047.59
1,32768,4096,inf,2.5,1,775,1,4.0312,1.4567,2172.64,1663.98,67121546,4096.77
1,32768,10,inf,2.5,1,776,2,4.1173,1.4687,2.0053,13.1056,163129,9.9566
1,32768,10,5,2.5,1,777,2,4.2199,1.4734,8.5676,107.361,163583,9.98431
1,32768,10,4.5,2.5,1,778,2,3.9885,1.51,7.7277,110.874,163580,9.98413
1,32768,10,4,2.5,1,779,2,5.4071,1.4613,15.5683,109.909,164050,10.0128
1,32768,10,3.5,2.5,1,780,2,4.2203,1.496,8.2254,111.869,163012,9.94946
1,32768,10,3,2.5,1,781,2,3.9137,1.499,31.3466,93.7846,164157,10.0193
1,32768,10,2.5,2.5,1,782,2,3.8752,1.4576,8.5069,111.598,163332,9.96899
1,32768,10,2,2.5,1,783,2,3.839,1.4725,2.8693,72.6228,164087,10.0151
1,32768,10,inf,2.5,1,784,3,3.8878,1.5025,2.0962,14.0414,163527,9.9809
2,32768,10,inf,2.5,1,785,3,4.2481,2.0429,3.1787,29.2935,163455,9.9765
3,32768,10,inf,2.5,1,786,3,3.9045,2.4543,30.5406,82.4658,164283,10.027
4,32768,10,inf,2.5,1,787,3,3.8993,2.8967,85.071,491.721,163547,9.98212
5,32768,10,inf,2.5,1,788,3,3.9147,3.4125,485.213,1575.5,163743,9.99408
1,32768,10,inf,2.5,1,789,4,4.2305,1.4975,3.2742,13.5564,163326,9.96863
2,32768,10,inf,2.5,1,790,4,3.8799,2.0619,2.7724,26.3425,163571,9.98358
3,32768,10,inf,2.5,1,791,4,3.7788,2.3899,22.4046,82.1019,163585,9.98444
4,32768,10,inf,2.5,1,792,4,3.8385,2.8224,95.8545,474.974,164122,10.0172
5,32768,10,inf,2.5,1,793,4,4.1229,3.3243,398.296,1523.35,164390,10.0336
1,32768,10,inf,2.5,2,794,4,4.1661,1.6065,1.7442,7.5924,163298,9.96692
2,32768,10,inf,2.5,2,795,4,4.2652,1.9567,2.6797,15.6753,163890,10.0031
3,32768,10,inf,2.5,2,796,4,3.9731,2.4023,28.9155,50.3504,163724,9.99292
4,32768,10,inf,2.5,2,797,4,4.166,3.2793,81.9446,298.141,164307,10.0285
5,32768,10,inf,2.5,2,798,4,3.8762,3.4101,467.891,1036.87,163574,9.98376
1,32768,10,inf,2.5,3,799,4,4.2096,1.4905,2.0717,7.482,164007,10.0102
2,32768,10,inf,2.5,3,800,4,4.1763,1.9738,3.6717,13.8982,163826,9.99915
3,32768,10,inf,2.5,3,801,4,4.007,2.4612,20.7338,36.8877,163861,10.0013
4,32768,10,inf,2.5,3,802,4,3.897,2.9222,104.438,232.115,163840,10
5,32768,10,inf,2.5,3,803,4,3.9058,3.4394,476.758,784.061,163443,9.97577
1,32768,10,inf,2.5,4,804,4,4.045,1.5967,2.3295,6.484,163517,9.98029
2,32768,10,inf,2.5,4,805,4,3.8957,1.985,2.6699,8.9976,163429,9.97491
3,32768,10,inf,2.5,4,806,4,3.9021,2.4561,30.695,28.2518,163845,10.0003
4,32768,10,inf,2.5,4,807,4,3.6962,2.9564,83.1008,166.581,163222,9.96228
5,32768,10,inf,2.5,4,808,4,3.8628,3.4012,416.675,596.966,164104,10.0161
1,32768,10,inf,2.5,5,809,4,3.9926,1.5124,1.9061,5.7057,163473,9.9776
2,32768,10,inf,2.5,5,810,4,3.8664,2.0359,3.3735,9.6487,164464,10.0381
3,32768,10,inf,2.5,5,811,4,4.0482,2.4604,36.2936,24.8928,164367,10.0322
4,32768,10,inf,2.5,5,812,4,3.8687,3.1964,95.7148,143.363,163089,9.95416
5,32768,10,inf,2.5,5,813,4,3.872,3.6852,486.657,535.967,164477,10.0389
1,32768,10,inf,2.5,6,814,4,3.8979,1.4993,4.3635,6.6018,163702,9.99158
2,32768,10,inf,2.5,6,815,4,3.9452,1.9761,3.3489,9.8995,164053,10.013
3,32768,10,inf,2.5,6,816,4,4.1308,2.457,18.8707,21.4623,164488,10.0396
4,32768,10,inf,2.5,6,817,4,4.1127,2.9241,92.8172,124.629,163742,9.99402
5,32768,10,inf,2.5,6,818,4,3.8742,3.4087,477.1,475.781,163989,10.0091
1,32768,10,2,2.5,1,819,5,3.9837,1.6136,3.1708,69.1307,163865,10.0015
2,32768,10,2,2.5,1,820,5,4.1934,1.9802,5.0198,200.98,163854,10.0009
3,32768,10,2,2.5,1,821,5,3.7773,2.7442,56.557,1100.98,163066,9.95276
4,32768,10,2,2.5,1,822,5,3.6595,3.1443,19.3133,5553.1,164199,10.0219
5,32768,10,2,2.5,1,823,5,3.7649,3.5576,123.566,25085.5,163559,9.98285
1,32768,10,2,2.5,2,825,5,3.8691,1.4289,5.6468,35.7037,163576,9.98389
2,32768,10,2,2.5,2,826,5,3.7737,1.9251,6.2015,103.114,164061,10.0135
3,32768,10,2,2.5,2,827,5,3.8859,2.3981,9.21,652.422,163927,10.0053
4,32768,10,2,2.5,2,828,5,3.822,3.2176,19.374,3537.67,163408,9.97363
5,32768,10,2,2.5,2,829,5,3.75,3.3216,79.6174,16830.8,164122,10.0172
1,32768,10,2,2.5,3,831,5,3.9759,1.4562,3.1884,27.4519,164133,10.0179
2,32768,10,2,2.5,3,832,5,3.8502,1.9311,12.7889,79.905,163680,9.99023
3,32768,10,2,2.5,3,833,5,3.7473,2.393,7.7352,491.524,164471,10.0385
4,32768,10,2,2.5,3,834,5,3.783,2.8475,107.403,2830.26,163860,10.0012
5,32768,10,2,2.5,3,835,5,4.0658,3.355,54.4528,13122.3,163662,9.98914
1,32768,10,2,2.5,4,837,5,4.0423,1.7897,2.547,20.3612,163778,9.99622
2,32768,10,2,2.5,4,838,5,3.8195,2.0651,5.4289,54.0689,163244,9.96362
3,32768,10,2,2.5,4,839,5,3.769,2.3959,16.7833,372.032,163744,9.99414
4,32768,10,2,2.5,4,840,5,3.7949,2.8495,11.8989,2122.19,163889,10.003
5,32768,10,2,2.5,4,841,5,4.0663,3.3577,59.9679,10236.1,163853,10.0008
1,32768,10,2,2.5,5,843,5,3.935,1.772,2.9032,20.7499,163814,9.99841
2,32768,10,2,2.5,5,844,5,3.8939,2.1212,4.8441,50.1022,164459,10.0378
3,32768,10,2,2.5,5,845,5,3.8841,2.4523,18.7117,329.151,164454,10.0375
4,32768,10,2,2.5,5,846,5,3.8642,3.1888,54.9472,1857.21,163955,10.007
5,32768,10,2,2.5,5,847,5,4.1123,3.4059,115.003,9361.16,164002,10.0099
1,32768,10,2,2.5,6,849,5,4.0542,1.4971,3.168,17.7842,164169,10.0201
2,32768,10,2,2.5,6,850,5,3.879,1.9817,4.3242,45.0481,163348,9.96997
3,32768,10,2,2.5,6,851,5,3.8655,2.7015,10.3421,290.712,163541,9.98175
4,32768,10,2,2.5,6,852,5,3.859,2.9167,15.3878,1559.26,163965,10.0076
5,32768,10,2,2.5,6,853,5,3.9013,3.4054,56.6836,8422.21,163991,10.0092
1,1024,10,inf,2.5,1,855,0,0.1739,0.0765,0.1739,0.32,5194,10.1445
1,1024,100,inf,2.5,1,856,0,0.1211,0.0491,1.6135,0.9447,51226,100.051
1,2048,10,inf,2.5,1,857,0,0.3177,0.1113,0.2203,0.6888,10140,9.90234
1,2048,100,inf,2.5,1,858,0,0.2346,0.0932,3.0914,2.0647,102027,99.6357
1,4096,10,inf,2.5,1,859,0,0.7165,0.1911,0.4634,1.536,20372,9.94727
1,4096,100,inf,2.5,1,860,0,0.8283,0.1947,5.3352,4.8024,204659,99.9312
1,4096,1000,inf,2.5,1,861,0,0.4795,0.1938,114.157,25.8227,2048979,1000.48
1,8192,10,inf,2.5,1,862,0,1.1821,0.3682,0.4433,2.9013,40939,9.99487
1,8192,100,inf,2.5,1,863,0,0.9474,0.3714,8.3664,10.4523,410213,100.15
1,8192,1000,inf,2.5,1,864,0,0.9563,0.3715,127.633,68.0018,4096577,1000.14
1,16384,10,inf,2.5,1,865,0,2.2841,0.7295,1.159,6.2312,81654,9.96753
1,16384,100,inf,2.5,1,866,0,1.9117,0.7365,20.6122,24.8715,819551,100.043
1,16384,1000,inf,2.5,1,867,0,1.8625,0.7166,152.41,160.614,8192048,1000.01
1,32768,10,inf,2.5,1,868,0,4.0668,1.459,2.0731,12.6905,164378,10.0328
1,32768,100,inf,2.5,1,869,0,3.8577,1.7845,29.9967,46.7696,1638396,99.9998
1,32768,1000,inf,2.5,1,870,0,4.109,1.4506,314.02,403.535,16376844,999.563
1,65536,10,inf,2.5,1,871,0,8.224,2.9143,3.5108,28.7337,328270,10.018
1,65536,100,inf,2.5,1,872,0,7.469,3.1629,84.0487,106.782,3276026,99.9764
1,65536,1000,inf,2.5,1,873,0,7.2886,2.8972,383.564,959.434,32763429,999.861
1,131072,10,inf,2.5,1,874,0,16.1451,6.2201,7.3266,63.5167,657156,10.0274
1,131072,100,inf,2.5,1,875,0,15.2296,5.6887,69.8393,242.438,6556383,100.042
1,131072,1000,inf,2.5,1,876,0,15.6707,5.6533,763.597,1290.23,65528532,999.886
1,262144,10,inf,2.5,1,877,0,32.6122,12.0831,16.4058,129.286,1312261,10.0118
1,262144,100,inf,2.5,1,878,0,31.769,11.5627,73.4057,568.604,13102324,99.9628
1,262144,1000,inf,2.5,1,879,0,32.6132,11.6406,1050.98,3014.02,131074216,1000.02
1,524288,10,inf,2.5,1,880,0,65.2629,23.2203,35.8317,265.823,2619192,9.99142
1,524288,100,inf,2.5,1,881,0,64.4569,22.9407,355.513,1321.52,26221215,100.026
1,524288,1000,inf,2.5,1,882,0,65.9761,23.4435,1158.22,6721.8,262138187,999.978
1,1048576,10,inf,2.5,1,883,0,127.051,46.036,59.1551,582.979,5247189,10.0082
1,1048576,100,inf,2.5,1,884,0,126.568,46.2776,243.337,2855.16,52422285,99.9876
1,1048576,1000,inf,2.5,1,885,0,126.996,46.7269,3383.3,15596.8,524301810,1000.03
1,32768,2,inf,2.5,1,886,1,5.8844,1.9478,2.0957,15.2789,32482,1.98254
1,32768,4,inf,2.5,1,887,1,4.4995,1.5555,1.7191,10.1569,65526,3.99939
1,32768,8,inf,2.5,1,888,1,4.0093,1.5559,2.1936,11.0219,131161,8.00543
1,32768,16,inf,2.5,1,889,1,3.8201,1.7006,2.029,14.2697,261586,15.9659
1,32768,32,inf,2.5,1,890,1,4.172,1.4243,6.9342,22.3059,525263,32.0595
1,32768,64,inf,2.5,1,891,1,4.4099,1.8616,9.9297,34.9505,1048974,64.0243
1,32768,128,inf,2.5,1,892,1,3.8711,1.4595,38.9853,52.8831,2096290,127.947
1,32768,256,inf,2.5,1,893,1,3.9018,1.4659,48.1642,81.8936,4194978,256.041
1,32768,512,inf,2.5,1,894,1,4.2134,1.4252,79.2556,219.323,8385518,511.811
1,32768,1024,inf,2.5,1,895,1,4.0236,1.4275,323.551,413.349,16777905,1024.04
1,32768,2048,inf,2.5,1,896,1,3.9559,1.427,782.595,784.756,33551179,2047.8
1,32768,4096,inf,2.5,1,897,1,4.358,1.4238,2065.74,1578.21,67107550,4095.92
1,32768,10,inf,2.5,1,898,2,4.0013,1.4326,2.3945,12.346,163182,9.95984
1,32768,10,5,2.5,1,899,2,4.2899,1.4242,11.0683,101.754,164175,10.0204
1,32768,10,4.5,2.5,1,900,2,3.8103,1.4585,7.5344,109.202,164025,10.0113
1,32768,10,4,2.5,1,901,2,3.9634,1.4252,8.5727,104.951,163848,10.0005
1,32768,10,3.5,2.5,1,902,2,4.135,1.4359,9.248,99.6819,163896,10.0034
1,32768,10,3,2.5,1,903,2,4.2731,1.4266,7.5571,109.898,163900,10.0037
1,32768,10,2.5,2.5,1,904,2,3.833,1.4576,8.7355,105.462,163923,10.0051
1,32768,10,2,2.5,1,905,2,3.9666,1.9029,2.9686,65.4534,164367,10.0322
1,32768,10,inf,2.5,1,906,3,3.9216,1.4233,2.5888,13.5402,163107,9.95526
2,32768,10,inf,2.5,1,907,3,3.9806,2.3615,2.9566,25.5411,164258,10.0255
3,32768,10,inf,2.5,1,908,3,4.4327,2.4019,34.4088,82.1607,163719,9.99261
4,32768,10,inf,2.5,1,909,3,3.8711,2.7803,86.3954,468.985,164363,10.0319
5,32768,10,inf,2.5,1,910,3,3.8298,3.2463,433.723,1510.84,164428,10.0359
1,32768,10,inf,2.5,1,911,4,4.1233,1.4219,1.8736,12.2867,163964,10.0076
2,32768,10,inf,2.5,1,912,4,4.3487,1.9622,5.246,24.8802,164234,10.024
3,32768,10,inf,2.5,1,913,4,3.7575,2.3944,21.952,81.818,164785,10.0577
4,32768,10,inf,2.5,1,914,4,4.007,2.777,93.523,467.3,163648,9.98828
5,32768,10,inf,2.5,1,915,4,3.7268,3.2422,460.88,1509.97,164130,10.0177
1,32768,10,inf,2.5,2,916,4,4.1233,1.497,1.6431,7.9281,163509,9.9798
2,32768,10,inf,2.5,2,917,4,4.2421,2.0623,4.2332,16.6275,164208,10.0225
3,32768,10,inf,2.5,2,918,4,3.7709,2.7112,27.3971,46.6111,163555,9.9826
4,32768,10,inf,2.5,2,919,4,3.7682,2.8461,89.6191,283.637,163511,9.97992
5,32768,10,inf,2.5,2,920,4,3.7538,3.3182,450.83,995.141,164109,10.0164
1,32768,10,inf,2.5,3,921,4,4.2287,1.4557,1.6774,6.7739,164659,10.05
2,32768,10,inf,2.5,3,922,4,3.9355,2.2409,1.8689,12.2881,163585,9.98444
3,32768,10,inf,2.5,3,923,4,3.7527,2.4019,29.7002,36.6752,164308,10.0286
4,32768,10,inf,2.5,3,924,4,3.7742,2.8523,92.7239,231.871,163654,9.98865
5,32768,10,inf,2.5,3,925,4,3.8479,3.4106,434.502,772.077,163839,9.99994
1,32768,10,inf,2.5,4,926,4,4.0265,1.4566,2.61,5.9423,163665,9.98932
2,32768,10,inf,2.5,4,927,4,3.9545,2.0109,2.5331,9.7581,163842,10.0001
3,32768,10,inf,2.5,4,928,4,3.9211,2.464,25.3838,28.6768,163266,9.96497
4,32768,10,inf,2.5,4,929,4,3.8938,2.9477,108.837,166.271,163391,9.9726
5,32768,10,inf,2.5,4,930,4,3.8711,3.4055,454.774,593.319,163334,9.96912
1,32768,10,inf,2.5,5,931,4,3.9374,1.8991,2.0967,5.7248,163942,10.0062
2,32768,10,inf,2.5,5,932,4,4.0079,2.2539,6.9352,10.8878,163687,9.99066
3,32768,10,inf,2.5,5,933,4,3.8687,2.4636,20.7745,25.1437,164071,10.0141
4,32768,10,inf,2.5,5,934,4,3.8697,2.9264,100.576,144.593,163243,9.96356
5,32768,10,inf,2.5,5,935,4,3.8673,3.6885,455.734,533.648,163414,9.974
1,32768,10,inf,2.5,6,936,4,3.9046,1.4947,2.6318,6.0354,163421,9.97443
2,32768,10,inf,2.5,6,937,4,3.8794,1.9835,2.6491,8.2963,163986,10.0089
3,32768,10,inf,2.5,6,938,4,4.0205,2.4676,32.8023,22.7186,163632,9.9873
4,32768,10,inf,2.5,6,939,4,3.8886,2.9255,93.6325,124.762,164424,10.0356
5,32768,10,inf,2.5,6,940,4,3.8779,3.4106,440.669,474.539,163600,9.98535
1,32768,10,2,2.5,1,941,5,3.8905,1.4998,3.4843,65.2258,164282,10.027
2,32768,10,2,2.5,1,942,5,3.7305,1.913,5.1316,185.7,163766,9.99548
3,32768,10,2,2.5,1,943,5,3.9777,2.4101,25.3886,1072.41,163243,9.96356
4,32768,10,2,2.5,1,944,5,3.7222,2.7765,21.235,5475.92,163094,9.95447
5,32768,10,2,2.5,1,945,5,3.7078,3.6147,89.2263,25102.4,163382,9.97205
1,32768,10,2,2.5,2,947,5,3.9249,1.4158,4.1053,36.57,163735,9.99359
2,32768,10,2,2.5,2,948,5,3.8567,1.9547,4.775,105.658,164577,10.045
3,32768,10,2,2.5,2,949,5,4.1836,2.3953,10.184,682.268,164049,10.0128
4,32768,10,2,2.5,2,950,5,3.8071,2.872,35.0786,3493.37,162114,9.89465
5,32768,10,2,2.5,2,951,5,4.0214,3.9999,133.881,16720.9,164366,10.0321
1,32768,10,2,2.5,3,953,5,3.8924,1.4233,4.1336,29.0157,163774,9.99597
2,32768,10,2,2.5,3,954,5,3.7538,2.2312,6.6012,80.6729,163803,9.99774
3,32768,10,2,2.5,3,955,5,3.749,2.3941,13.3728,489.535,162864,9.94043
4,32768,10,2,2.5,3,956,5,3.7472,2.8842,17.8546,2849.31,164479,10.039
5,32768,10,2,2.5,3,957,5,3.7556,3.6137,45.3797,13003,163717,9.99249
1,32768,10,2,2.5,4,959,5,3.9086,1.4205,7.9698,22.2484,163527,9.9809
2,32768,10,2,2.5,4,960,5,3.7802,2.2233,4.1471,57.0036,163142,9.9574
3,32768,10,2,2.5,4,961,5,4.0784,2.393,9.4938,370.251,163758,9.995
4,32768,10,2,2.5,4,962,5,3.7964,2.8448,16.5152,2083.67,163291,9.96649
5,32768,10,2,2.5,4,963,5,3.7872,3.6517,48.9392,10601.7,163477,9.97784
1,32768,10,2,2.5,5,965,5,3.8831,1.4228,3.9601,21.0505,164181,10.0208
2,32768,10,2,2.5,5,966,5,4.319,1.9844,3.5117,51.8011,164208,10.0225
3,32768,10,2,2.5,5,967,5,3.8832,2.725,12.7903,318.713,164476,10.0388
4,32768,10,2,2.5,5,968,5,3.847,2.9254,21.4025,1831.99,164071,10.0141
5,32768,10,2,2.5,5,969,5,4.1424,3.4142,106.066,9515.09,163308,9.96753
1,32768,10,2,2.5,6,971,5,3.9573,1.4914,2.5085,17.9409,163447,9.97601
2,32768,10,2,2.5,6,972,5,4.0858,1.9752,4.2963,45.9019,163633,9.98737
3,32768,10,2,2.5,6,973,5,3.8842,2.4769,14.3198,287.712,163749,9.99445
4,32768,10,2,2.5,6,974,5,4.0857,2.9213,35.282,1605.64,163744,9.99414
5,32768,10,2,2.5,6,975,5,4.0894,3.4078,41.4368,8350.91,164113,10.0167
1,1024,10,inf,2.5,1,977,0,0.1364,0.0663,0.0831,0.659,5052,9.86719
1,1024,100,inf,2.5,1,978,0,0.1257,0.0515,1.6519,1.1803,51153,99.9082
1,2048,10,inf,2.5,1,979,0,0.2416,0.0997,0.1498,0.6683,10267,10.0264
1,2048,100,inf,2.5,1,980,0,0.2379,0.095,2.1162,2.075,102230,99.834
1,4096,10,inf,2.5,1,981,0,0.4939,0.1957,0.3024,1.4288,20284,9.9043
1,4096,100,inf,2.5,1,982,0,0.5004,0.1976,4.3446,4.7132,204711,99.9565
1,4096,1000,inf,2.5,1,983,0,0.4866,0.192,112.674,26.752,2047243,999.63
1,8192,10,inf,2.5,1,984,0,1.0602,0.3696,0.6103,3.2218,40689,9.93384
1,8192,100,inf,2.5,1,985,0,0.9475,0.3719,8.3663,10.8085,410237,100.156
1,8192,1000,inf,2.5,1,986,0,0.9581,0.3733,100.671,68.9011,4098302,1000.56
1,16384,10,inf,2.5,1,987,0,2.2025,0.7592,1.1798,6.457,82369,10.0548
1,16384,100,inf,2.5,1,988,0,1.9139,0.7332,13.1335,23.9685,818476,99.9116
1,16384,1000,inf,2.5,1,989,0,2.2692,0.7661,161.391,171.149,8191789,999.974
1,32768,10,inf,2.5,1,990,0,4.1057,1.4971,1.0008,12.5357,163638,9.98767
1,32768,100,inf,2.5,1,991,0,3.8688,1.4622,14.5651,46.8151,1638037,99.9778
1,32768,1000,inf,2.5,1,992,0,3.7069,1.7929,240.211,405.432,16385554,1000.09
1,65536,10,inf,2.5,1,993,0,7.7449,3.0429,3.7096,27.8972,328229,10.0168
1,65536,100,inf,2.5,1,994,0,7.9986,2.9282,20.904,103.772,3277252,100.014
1,65536,1000,inf,2.5,1,995,0,7.7431,2.8656,386.066,568.819,32765338,999.919
1,131072,10,inf,2.5,1,996,0,15.6694,5.8791,6.2943,61.1153,656108,10.0114
1,131072,100,inf,2.5,1,997,0,15.2959,5.6728,34.3217,237.416,6553852,100.004
1,131072,1000,inf,2.5,1,998,0,15.592,5.7224,680.969,1308.3,65534423,999.976
1,262144,10,inf,2.5,1,999,0,31.3911,11.9809,16.801,128.478,1309596,9.99142
1,262144,100,inf,2.5,1,1000,0,31.4973,11.6698,51.7506,509.376,13116321,100.07
1,262144,1000,inf,2.5,1,1001,0,33.7545,11.3141,1138.66,2922.96,131079523,1000.06
1,524288,10,inf,2.5,1,1002,0,63.6369,22.9622,23.981,272.424,2616080,9.97955
1,524288,100,inf,2.5,1,1003,0,64.4411,22.9936,168.303,1240.29,26214024,99.9986
1,524288,1000,inf,2.5,1,1004,0,65.6737,24.3627,1982.37,6753.91,262143985,1000
1,1048576,10,inf,2.5,1,1005,0,129.044,46.7265,55.0029,600.343,5234078,9.98321
1,1048576,100,inf,2.5,1,1006,0,130.186,48.8078,193.799,3001.07,52412220,99.9684
1,1048576,1000,inf,2.5,1,1007,0,127.321,46.9514,4478.42,15994.1,524316402,1000.05
1,32768,2,inf,2.5,1,1008,1,5.9636,1.9455,3.0566,15.8725,32884,2.00708
1,32768,4,inf,2.5,1,1009,1,4.32,1.5318,1.4558,10.3249,65719,4.01117
1,32768,8,inf,2.5,1,1010,1,3.8507,1.5393,1.9047,11.3479,131332,8.01587
1,32768,16,inf,2.5,1,1011,1,4.0296,1.594,2.5276,15.2324,262829,16.0418
1,32768,32,inf,2.5,1,1012,1,4.0204,1.4674,4.6976,21.4469,524753,32.0284
1,32768,64,inf,2.5,1,1013,1,4.1076,1.4729,28.4029,32.8464,1046559,63.8769
1,32768,128,inf,2.5,1,1014,1,3.8571,1.4576,13.6709,53.4999,2095354,127.89
1,32768,256,inf,2.5,1,1015,1,4.2184,1.5281,40.7504,82.0981,4197144,256.173
1,32768,512,inf,2.5,1,1016,1,4.1965,1.4609,101.69,141.084,8389544,512.057
1,32768,1024,inf,2.5,1,1017,1,3.9792,1.4594,307.844,430.079,16774918,1023.86
1,32768,2048,inf,2.5,1,1018,1,3.992,1.4975,713.343,789.513,33551235,2047.8
1,32768,4096,inf,2.5,1,1019,1,3.9346,1.4271,2234.19,1638.76,67105834,4095.82
1,32768,10,inf,2.5,1,1020,2,3.9337,1.46,1.8245,13.171,163314,9.9679
1,32768,10,5,2.5,1,1021,2,3.9833,1.46,8.3275,112.368,164569,10.0445
1,32768,10,4.5,2.5,1,1022,2,3.8878,1.4822,8.2254,109.192,163503,9.97943
1,32768,10,4,2.5,1,1023,2,3.8614,1.8031,7.3604,108.638,164105,10.0162
1,32768,10,3.5,2.5,1,1024,2,3.8793,1.4669,7.8238,106.76,163241,9.96344
1,32768,10,3,2.5,1,1025,2,3.8372,1.4771,8.1962,107.562,164186,10.0211
1,32768,10,2.5,2.5,1,1026,2,4.167,1.4646,10.0735,106.198,164175,10.0204
1,32768,10,2,2.5,1,1027,2,3.9235,1.477,2.7512,66.7051,163677,9.99005
1,32768,10,inf,2.5,1,1028,3,4.3186,1.4794,2.2448,12.7003,164054,10.0131
2,32768,10,inf,2.5,1,1029,3,3.8599,1.972,3.3267,26.886,164147,10.0187
3,32768,10,inf,2.5,1,1030,3,3.8697,2.7408,41.5787,82.4218,163938,10.006
4,32768,10,inf,2.5,1,1031,3,3.8925,2.7803,91.8308,474.727,164814,10.0594
5,32768,10,inf,2.5,1,1032,3,3.8692,3.252,453.282,1532.6,164002,10.0099
1,32768,10,inf,2.5,1,1033,4,4.3172,1.5054,1.9813,12.5663,162977,9.94733
2,32768,10,inf,2.5,1,1034,4,3.8725,1.9766,2.8661,28.5171,163958,10.0072
3,32768,10,inf,2.5,1,1035,4,3.8707,2.9593,27.5891,85.8976,163935,10.0058
4,32768,10,inf,2.5,1,1036,4,4.2467,2.9408,90.0314,495.014,163858,10.0011
5,32768,10,inf,2.5,1,1037,4,3.8789,3.7144,459.072,1523.88,163578,9.98401
1,32768,10,inf,2.5,2,1038,4,3.8456,1.4544,3.2351,9.3227,163733,9.99347
2,32768,10,inf,2.5,2,1039,4,3.8582,1.9682,2.6013,15.1657,164139,10.0182
3,32768,10,inf,2.5,2,1040,4,4.2537,2.4798,28.179,47.4745,163918,10.0048
4,32768,10,inf,2.5,2,1041,4,3.7838,2.8425,93.0277,290.892,163175,9.95941
5,32768,10,inf,2.5,2,1042,4,3.8494,3.6777,450.242,1005.28,163576,9.98389
1,32768,10,inf,2.5,3,1043,4,3.9245,1.4571,1.8116,7.0739,164725,10.054
2,32768,10,inf,2.5,3,1044,4,3.8808,1.938,4.3571,13.3463,163720,9.99268
3,32768,10,inf,2.5,3,1045,4,4.0903,2.3944,43.6507,39.1926,164035,10.0119
4,32768,10,inf,2.5,3,1046,4,3.8075,2.8522,103.864,238.403,163784,9.99658
5,32768,10,inf,2.5,3,1047,4,3.8841,3.4147,440.678,791.736,163503,9.97943
1,32768,10,inf,2.5,4,1048,4,4.3535,1.4687,4.0728,6.9625,163591,9.9848
2,32768,10,inf,2.5,4,1049,4,3.9411,2.047,7.264,11.245,164046,10.0126
3,32768,10,inf,2.5,4,1050,4,3.9206,2.7669,25.8616,30.8397,163902,10.0038
4,32768,10,inf,2.5,4,1051,4,3.8706,3.2218,76.2129,166.08,164191,10.0214
5,32768,10,inf,2.5,4,1052,4,3.8993,3.7074,461.44,613.844,162856,9.93994
1,32768,10,inf,2.5,5,1053,4,4.1869,1.5097,2.0934,6.7153,164406,10.0345
2,32768,10,inf,2.5,5,1054,4,3.8984,2.2818,2.9862,9.4451,163248,9.96387
3,32768,10,inf,2.5,5,1055,4,4.3266,2.5911,37.0106,27.0396,163314,9.9679
4,32768,10,inf,2.5,5,1056,4,3.9806,2.9227,104.287,155.348,164071,10.0141
5,32768,10,inf,2.5,5,1057,4,3.8656,3.4458,479.175,536.599,164059,10.0134
1,32768,10,inf,2.5,6,1058,4,4.1771,1.5022,2.2989,5.8315,163406,9.97351
2,32768,10,inf,2.5,6,1059,4,4.1182,1.9863,3.1156,8.6641,163563,9.98309
3,32768,10,inf,2.5,6,1060,4,4.1952,2.4696,31.4105,22.8415,163229,9.96271
4,32768,10,inf,2.5,6,1061,4,4.0969,2.9269,98.7297,125.166,163437,9.9754
5,32768,10,inf,2.5,6,1062,4,3.8516,3.6545,472.671,474.705,163981,10.0086
1,32768,10,2,2.5,1,1063,5,3.9063,1.5004,3.0386,65.0778,164170,10.0201
2,32768,10,2,2.5,1,1064,5,4.5038,2.2618,3.1415,193.822,164509,10.0408
3,32768,10,2,2.5,1,1065,5,3.7552,2.3972,13.2215,1087.87,163648,9.98828
4,32768,10,2,2.5,1,1066,5,3.7529,3.168,24.3825,5604.66,163679,9.99017
5,32768,10,2,2.5,1,1067,5,4.0238,3.2445,106.09,25428.2,164028,10.0115
1,32768,10,2,2.5,2,1069,5,3.9319,1.4576,2.9135,38.6073,163505,9.97955
2,32768,10,2,2.5,2,1070,5,3.7974,1.9654,4.929,104.989,163317,9.96808
3,32768,10,2,2.5,2,1071,5,3.8821,2.4534,14.4205,663.851,162935,9.94476
4,32768,10,2,2.5,2,1072,5,3.783,2.8968,64.2848,3515.97,163031,9.95062
5,32768,10,2,2.5,2,1073,5,3.7986,3.6503,121.787,17143,163642,9.98792
1,32768,10,2,2.5,3,1075,5,3.885,1.4952,3.7941,33.5759,164103,10.0161
2,32768,10,2,2.5,3,1076,5,3.892,1.9733,23.4476,81.466,163633,9.98737
3,32768,10,2,2.5,3,1077,5,4.0561,2.3945,8.4308,493.516,163594,9.98499
4,32768,10,2,2.5,3,1078,5,3.7616,3.1179,98.9195,2906.41,164364,10.032
5,32768,10,2,2.5,3,1079,5,3.8214,3.3884,67.1699,13149.9,163782,9.99646
1,32768,10,2,2.5,4,1081,5,3.9485,1.4585,3.0234,20.9215,163882,10.0026
2,32768,10,2,2.5,4,1082,5,3.9542,2.1301,6.3996,56.9419,164576,10.0449
3,32768,10,2,2.5,4,1083,5,3.9119,2.72,13.0296,367.188,163864,10.0015
4,32768,10,2,2.5,4,1084,5,4.1424,2.9204,39.9021,2047.06,164360,10.0317
5,32768,10,2,2.5,4,1085,5,3.8932,3.7236,76.9994,10099.8,163885,10.0027
1,32768,10,2,2.5,5,1087,5,4.2078,1.4562,2.6871,20.5593,163778,9.99622
2,32768,10,2,2.5,5,1088,5,4.161,2.1009,5.3403,49.8969,164318,10.0292
3,32768,10,2,2.5,5,1089,5,3.8775,2.458,9.5908,355.897,163314,9.9679
4,32768,10,2,2.5,5,1090,5,3.8484,2.9207,18.8773,1828.57,164091,10.0153
5,32768,10,2,2.5,5,1091,5,3.7856,3.7199,60.9753,9632.8,163456,9.97656
1,32768,10,2,2.5,6,1093,5,4.2138,1.5138,2.9551,19.2451,163013,9.94952
2,32768,10,2,2.5,6,1094,5,3.854,1.9761,30.2841,51.5237,162931,9.94452
3,32768,10,2,2.5,6,1095,5,4.1189,2.4663,16.2912,280.452,164721,10.0538
4,32768,10,2,2.5,6,1096,5,3.8781,2.9347,19.1661,1588.83,164440,10.0366
5,32768,10,2,2.5,6,1097,5,3.8451,3.4091,43.8256,8437.86,163660,9.98901
1,1024,10,inf,2.5,1,1099,0,0.1414,0.0608,0.0677,0.3446,5156,10.0703
1,1024,100,inf,2.5,1,1100,0,0.1262,0.0515,1.74,0.9767,51136,99.875
1,2048,10,inf,2.5,1,1101,0,0.2491,0.1034,0.1618,0.7054,10255,10.0146
1,2048,100,inf,2.5,1,1102,0,0.2505,0.0979,3.1712,2.1292,102382,99.9824
1,4096,10,inf,2.5,1,1103,0,0.5147,0.2012,0.2551,1.4739,20424,9.97266
1,4096,100,inf,2.5,1,1104,0,0.4906,0.2022,6.2586,5.2174,204977,100.086
1,4096,1000,inf,2.5,1,1105,0,0.4901,0.1873,104.521,26.7984,2048583,1000.28
1,8192,10,inf,2.5,1,1106,0,1.3226,0.371,0.6178,2.9676,41114,10.0376
1,8192,100,inf,2.5,1,1107,0,0.9484,0.3729,12.198,10.7771,409647,100.011
1,8192,1000,inf,2.5,1,1108,0,0.9534,0.6938,96.2366,73.0713,4092916,999.247
1,16384,10,inf,2.5,1,1109,0,2.1231,0.7601,1.7901,6.4487,81977,10.007
1,16384,100,inf,2.5,1,1110,0,1.9553,0.7517,8.9355,23.8877,818682,99.9368
1,16384,1000,inf,2.5,1,1111,0,2.2232,0.7574,203.859,177.991,8194078,1000.25
1,32768,10,inf,2.5,1,1112,0,3.9332,1.4608,1.9622,14.9773,164525,10.0418
1,32768,100,inf,2.5,1,1113,0,4.0969,1.472,15.7217,52.9304,1638386,99.9991
1,32768,1000,inf,2.5,1,1114,0,3.9054,1.8068,278.654,431.676,16381489,999.847
1,65536,10,inf,2.5,1,1115,0,8.0422,2.9186,3.7834,30.0828,326315,9.95834
1,65536,100,inf,2.5,1,1116,0,7.8994,2.912,28.4921,116.302,3279630,100.086
1,65536,1000,inf,2.5,1,1117,0,8.0172,2.9074,351.81,948.319,32762777,999.841
1,131072,10,inf,2.5,1,1118,0,16.1299,5.9803,9.5856,63.0193,654247,9.98302
1,131072,100,inf,2.5,1,1119,0,15.5775,5.8051,33.4084,253.669,6553596,99.9999
1,131072,1000,inf,2.5,1,1120,0,16.8732,5.7957,745.538,1345.59,65536024,1000
1,262144,10,inf,2.5,1,1121,0,32.2528,11.9703,20.1239,140.589,1310456,9.99799
1,262144,100,inf,2.5,1,1122,0,32.8278,11.9463,64.2968,588.99,13103496,99.9717
1,262144,1000,inf,2.5,1,1123,0,33.971,11.7422,1203.34,2993.15,131097381,1000.19
1,524288,10,inf,2.5,1,1124,0,65.2545,23.1504,26.1037,366.375,2625741,10.0164
1,524288,100,inf,2.5,1,1125,0,65.0774,23.0117,87.9824,1237.26,26212849,99.9941
1,524288,1000,inf,2.5,1,1126,0,65.1209,23.6077,1714.26,6933.43,262129035,999.943
1,1048576,10,inf,2.5,1,1127,0,128.969,46.6899,49.5324,576.918,5238692,9.99201
1,1048576,100,inf,2.5,1,1128,0,129.919,47.9624,216.915,2974.65,52430389,100.003
1,1048576,1000,inf,2.5,1,1129,0,127.646,48.7156,3027.67,16067.7,524312258,1000.05
1,32768,2,inf,2.5,1,1130,1,5.8973,1.9557,2.5349,15.61,32272,1.96973
1,32768,4,inf,2.5,1,1131,1,4.5597,1.6598,2.2103,10.2404,64836,3.95728
1,32768,8,inf,2.5,1,1132,1,4.0365,1.473,1.9952,11.4231,130971,7.99384
1,32768,16,inf,2.5,1,1133,1,4.2518,1.4692,1.9677,17.8277,262561,16.0255
1,32768,32,inf,2.5,1,1134,1,3.9272,1.4664,3.3614,21.0518,524354,32.004
1,32768,64,inf,2.5,1,1135,1,4.0279,1.467,12.889,34.3587,1047899,63.9587
1,32768,128,inf,2.5,1,1136,1,3.8785,1.46,54.0916,51.6606,2095094,127.874
1,32768,256,inf,2.5,1,1137,1,3.9147,1.4605,65.1946,122.973,4193444,255.948
1,32768,512,inf,2.5,1,1138,1,4.206,1.4664,129.058,224.854,8390150,512.094
1,32768,1024,inf,2.5,1,1139,1,3.9174,1.4595,308.338,415.985,16772518,1023.71
1,32768,2048,inf,2.5,1,1140,1,4.0918,1.4678,676.982,779.685,33563864,2048.58
1,32768,4096,inf,2.5,1,1141,1,4.0682,1.4655,2217.2,1637.72,67106810,4095.87
1,32768,10,inf,2.5,1,1142,2,3.8956,1.459,1.9798,12.7996,163564,9.98315
1,32768,10,5,2.5,1,1143,2,4.2158,1.4604,26.9613,94.6898,163015,9.94965
1,32768,10,4.5,2.5,1,1144,2,3.8878,1.7354,8.5147,108.127,162988,9.948
1,32768,10,4,2.5,1,1145,2,3.883,1.4251,9.2169,105.292,163580,9.98413
1,32768,10,3.5,2.5,1,1146,2,3.8437,1.4581,10.3875,106.552,163708,9.99194
1,32768,10,3,2.5,1,1147,2,4.2041,1.4692,7.6397,108.791,164578,10.045
1,32768,10,2.5,2.5,1,1148,2,3.7996,1.4229,7.6847,111.241,163747,9.99432
1,32768,10,2,2.5,1,1149,2,3.8456,1.4651,4.8575,65.9497,163431,9.97504
1,32768,10,inf,2.5,1,1150,3,4.1558,1.5128,2.7873,13.0778,163953,10.0069
2,32768,10,inf,2.5,1,1151,3,3.9694,1.9363,2.1185,27.1434,164167,10.02
3,32768,10,inf,2.5,1,1152,3,3.8285,2.4208,29.203,84.0636,164956,10.0681
4,32768,10,inf,2.5,1,1153,3,4.1809,2.9125,95.2362,472.188,163599,9.98529
5,32768,10,inf,2.5,1,1154,3,3.8947,3.2821,446.285,1536.41,163774,9.99597
1,32768,10,inf,2.5,1,1155,4,3.9976,1.6292,3.9847,14.2032,164393,10.0338
2,32768,10,inf,2.5,1,1156,4,3.9374,2.2288,3.2965,25.6747,164049,10.0128
3,32768,10,inf,2.5,1,1157,4,4.084,2.386,36.2913,81.5588,164646,10.0492
4,32768,10,inf,2.5,1,1158,4,3.6813,2.7771,108.252,473.792,164357,10.0316
5,32768,10,inf,2.5,1,1159,4,4.0338,3.3136,458.076,1537.88,163473,9.9776
1,32768,10,inf,2.5,2,1160,4,4.4813,1.5175,2.0397,8.2834,163947,10.0065
2,32768,10,inf,2.5,2,1161,4,4.0413,2.0628,2.8587,16.4758,164190,10.0214
3,32768,10,inf,2.5,2,1162,4,3.8938,2.7822,27.8127,51.5511,163890,10.0031
4,32768,10,inf,2.5,2,1163,4,4.1768,2.9606,87.585,286.721,163239,9.96332
5,32768,10,inf,2.5,2,1164,4,4.3511,3.3238,491.234,1012.01,163848,10.0005
1,32768,10,inf,2.5,3,1165,4,3.8641,1.7456,3.636,7.4552,163749,9.99445
2,32768,10,inf,2.5,3,1166,4,4.2871,1.9335,2.3299,13.6844,163716,9.99243
3,32768,10,inf,2.5,3,1167,4,3.7996,2.3949,22.9866,35.1944,163997,10.0096
4,32768,10,inf,2.5,3,1168,4,3.7639,2.8908,100.855,241.119,163336,9.96924
5,32768,10,inf,2.5,3,1169,4,3.8645,3.4083,449.202,802.204,163409,9.97369
1,32768,10,inf,2.5,4,1170,4,4.5333,1.4614,7.7524,7.5542,164300,10.0281
2,32768,10,inf,2.5,4,1171,4,3.7876,2.1477,2.881,10.0378,163894,10.0033
3,32768,10,inf,2.5,4,1172,4,3.8246,2.4269,26.3591,28.9735,163393,9.97272
4,32768,10,inf,2.5,4,1173,4,3.8733,2.9232,93.8805,165.067,163914,10.0045
5,32768,10,inf,2.5,4,1174,4,3.8512,3.4035,462.019,600.054,164324,10.0295
1,32768,10,inf,2.5,5,1175,4,3.86,1.5082,2.0814,6.7028,163764,9.99536
2,32768,10,inf,2.5,5,1176,4,3.962,2.0054,3.4286,10.0754,164388,10.0334
3,32768,10,inf,2.5,5,1177,4,4.1632,2.7493,23.7375,24.1642,163591,9.9848
4,32768,10,inf,2.5,5,1178,4,3.8888,2.9259,102.348,150.896,164556,10.0437
5,32768,10,inf,2.5,5,1179,4,4.3024,3.4241,467.93,538.4,164288,10.0273
1,32768,10,inf,2.5,6,1180,4,4.1507,1.5021,3.0961,6.0768,163960,10.0073
2,32768,10,inf,2.5,6,1181,4,4.2046,2.1264,2.8262,8.4053,163679,9.99017
3,32768,10,inf,2.5,6,1182,4,4.0185,2.5405,20.2379,21.8826,163427,9.97479
4,32768,10,inf,2.5,6,1183,4,3.8554,2.9264,99.6486,127.582,163810,9.99817
5,32768,10,inf,2.5,6,1184,4,3.8817,3.4361,437.705,489.696,163354,9.97034
1,32768,10,2,2.5,1,1185,5,3.8929,1.4971,3.4838,65.8254,163249,9.96393
2,32768,10,2,2.5,1,1186,5,3.7588,1.8792,3.0228,193.968,162944,9.94531
3,32768,10,2,2.5,1,1187,5,3.7691,2.4027,8.2253,1093.56,163187,9.96014
4,32768,10,2,2.5,1,1188,5,3.7375,2.7821,26.836,5611.82,163756,9.99487
5,32768,10,2,2.5,1,1189,5,4.2078,3.3359,159.625,25268.7,163356,9.97046
1,32768,10,2,2.5,2,1191,5,3.8785,1.6807,2.8763,37.7675,163801,9.99762
2,32768,10,2,2.5,2,1192,5,3.8678,1.9868,3.9198,108.575,163613,9.98615
3,32768,10,2,2.5,2,1193,5,3.8701,2.4635,8.3743,666.626,163746,9.99426
4,32768,10,2,2.5,2,1194,5,3.9388,2.9078,24.096,3570.93,163526,9.98083
5,32768,10,2,2.5,2,1195,5,3.7765,3.3163,48.7398,17100.5,164049,10.0128
1,32768,10,2,2.5,3,1197,5,3.801,1.4548,5.121,28.3497,162768,9.93457
2,32768,10,2,2.5,3,1198,5,4.0951,1.9224,12.9066,82.7413,164699,10.0524
3,32768,10,2,2.5,3,1199,5,3.7496,2.395,32.1285,486.187,164151,10.019
4,32768,10,2,2.5,3,1200,5,3.7701,3.1768,40.4832,2883.02,163953,10.0069
5,32768,10,2,2.5,3,1201,5,3.8074,3.6138,110.025,13200.2,163482,9.97815
1,32768,10,2,2.5,4,1203,5,3.866,1.453,2.9203,21.0959,164522,10.0416
2,32768,10,2,2.5,4,1204,5,3.981,2.0475,14.8379,62.2056,163348,9.96997
3,32768,10,2,2.5,4,1205,5,3.8678,2.4556,8.6266,383.053,163981,10.0086
4,32768,10,2,2.5,4,1206,5,3.7491,2.8443,16.1336,2129.14,163536,9.98145
5,32768,10,2,2.5,4,1207,5,3.8693,3.4096,42.9835,10519.7,163556,9.98267
1,32768,10,2,2.5,5,1209,5,3.9526,1.7372,2.9157,20.4559,163409,9.97369
2,32768,10,2,2.5,5,1210,5,3.8795,2.0883,7.5915,51.5117,164034,10.0118
3,32768,10,2,2.5,5,1211,5,3.8628,2.4584,11.4235,320.008,163386,9.97229
4,32768,10,2,2.5,5,1212,5,4.1108,2.9323,26.0996,1840.28,163556,9.98267
5,32768,10,2,2.5,5,1213,5,3.9392,3.488,62.2267,9661.56,162943,9.94525
1,32768,10,2,2.5,6,1215,5,3.9226,1.4614,3.0122,20.8913,163554,9.98254
2,32768,10,2,2.5,6,1216,5,3.8813,2.1296,3.4486,45.0361,163718,9.99255
3,32768,10,2,2.5,6,1217,5,3.91,2.4835,9.465,284.676,163921,10.0049
4,32768,10,2,2.5,6,1218,5,3.8864,3.1633,15.5535,1644.04,163564,9.98315
5,32768,10,2,2.5,6,1219,5,4.0853,3.4022,97.4897,8506.65,163295,9.96674
