dimension,n,avgDeg,alpha,ple,threads,seed,plot,TimeWeights,TimePositions,TimeBinary,TimeEdges,TimeTotal,GenNumEdge,GenAvgDeg
1,1024,10,inf,2.5,1,1,0,0.3562,0.0979,0.0775,0.5249,1.0675,5067,9.89648
1,1024,100,inf,2.5,1,2,0,0.1318,0.0357,2.1894,1.7442,4.1113,51330,100.254
1,2048,10,inf,2.5,1,3,0,0.3149,0.0668,0.4758,0.9878,1.8612,10188,9.94922
1,2048,100,inf,2.5,1,4,0,0.2341,0.0644,2.6717,3.385,6.3721,102444,100.043
1,4096,10,inf,2.5,1,5,0,0.5139,0.1295,0.2203,1.4028,2.3096,20748,10.1309
1,4096,100,inf,2.5,1,6,0,0.563,0.1925,4.2847,7.373,12.4582,204055,99.6362
1,4096,1000,inf,2.5,1,7,0,0.4684,0.129,114.066,54.1463,168.858,2047342,999.679
1,8192,10,inf,2.5,1,8,0,1.0295,0.2579,1.6194,2.8142,5.8091,41044,10.0205
1,8192,100,inf,2.5,1,9,0,0.9201,0.2565,7.4528,11.7323,20.4503,410132,100.13
1,8192,1000,inf,2.5,1,10,0,0.9286,0.2486,141.152,102.125,244.545,4096003,1000
1,16384,10,inf,2.5,1,11,0,2.2255,0.7796,1.1145,5.8263,10.1083,82253,10.0406
1,16384,100,inf,2.5,1,12,0,1.8922,0.4874,25.209,23.5747,51.3373,819797,100.073
1,16384,1000,inf,2.5,1,13,0,5.9354,1.2262,207.379,205.969,420.686,8192295,1000.04
1,32768,10,inf,2.5,1,14,0,3.6702,1.614,0.864,11.8255,18.3643,164178,10.0206
1,32768,100,inf,2.5,1,15,0,3.6295,0.9493,18.1965,61.3699,84.5667,1637378,99.9376
1,32768,1000,inf,2.5,1,16,0,3.9295,1.1251,362.568,442.58,810.55,16385472,1000.09
1,65536,10,inf,2.5,1,17,0,7.6805,3.462,3.5845,24.2634,39.6624,327030,9.98016
1,65536,100,inf,2.5,1,18,0,7.1379,1.8917,20.0479,107.79,137.569,3279318,100.077
1,65536,1000,inf,2.5,1,19,0,7.6745,1.966,307.789,918.196,1236.34,32774026,1000.18
1,131072,10,inf,2.5,1,20,0,15.2394,7.2014,8.5212,50.7505,83.0962,656159,10.0122
1,131072,100,inf,2.5,1,21,0,15.027,3.8823,86.6936,210.62,317.664,6550002,99.9451
1,131072,1000,inf,2.5,1,22,0,15.0196,3.8943,765.706,1560.06,2346.18,65533350,999.96
1,262144,10,inf,2.5,1,23,0,30.1222,14.638,14.3949,110.128,172.035,1312849,10.0162
1,262144,100,inf,2.5,1,24,0,29.9204,8.1094,146.239,444.8,631.936,13109601,100.018
1,262144,1000,inf,2.5,1,25,0,29.9678,7.7847,1408.54,3169.76,4618.93,131066627,999.959
1,524288,10,inf,2.5,1,26,0,59.9791,29.2267,19.7222,221.483,336.11,2623270,10.007
1,524288,100,inf,2.5,1,27,0,59.8168,15.9629,120.098,888.316,1090.25,26206386,99.9694
1,524288,1000,inf,2.5,1,28,0,58.9946,16.4021,1708.96,6417.05,8208.46,262133821,999.961
1,1048576,10,inf,2.5,1,29,0,119.543,58.3444,50.9194,446.735,688.837,5237495,9.98973
1,1048576,100,inf,2.5,1,30,0,116.597,51.1286,205.777,1761.95,2146.82,52428172,99.9988
1,1048576,1000,inf,2.5,1,31,0,117.825,31.1128,3951.39,12865.4,16978.5,524301344,1000.03
1,32768,2,inf,2.5,1,32,1,3.7124,0.9822,1.6515,10.8331,17.5197,32809,2.0025
1,32768,4,inf,2.5,1,33,1,3.6763,0.9758,1.7563,7.2301,14.0706,65944,4.0249
1,32768,8,inf,2.5,1,34,1,3.6684,0.9804,2.3346,7.8071,15.1301,131556,8.02954
1,32768,16,inf,2.5,1,35,1,3.6846,0.9743,2.4362,8.6882,16.1308,262208,16.0039
1,32768,32,inf,2.5,1,36,1,3.6837,0.9818,3.0116,11.3944,19.423,524002,31.9825
1,32768,64,inf,2.5,1,37,1,3.6657,0.9757,34.5628,18.7594,58.3133,1049119,64.0331
1,32768,128,inf,2.5,1,38,1,4.0246,0.98,25.6,31.2126,62.1673,2098442,128.079
1,32768,256,inf,2.5,1,39,1,3.6665,0.9776,90.4589,79.904,175.347,4196319,256.123
1,32768,512,inf,2.5,1,40,1,3.7166,0.9568,156.619,175.101,336.738,8386094,511.847
1,32768,1024,inf,2.5,1,41,1,4.0927,0.9957,291.784,517.226,814.484,16779710,1024.15
1,32768,2048,inf,2.5,1,42,1,3.6786,0.9604,714.636,818.351,1537.97,33548891,2047.66
1,32768,4096,inf,2.5,1,43,1,3.8474,1.3235,2859.29,1617.35,4482.17,67105610,4095.8
1,32768,10,inf,2.5,1,44,2,3.6679,1.2939,2.4909,7.7255,15.4988,163891,10.0031
1,32768,10,5,2.5,1,45,2,3.9174,0.9614,18.2316,85.3237,108.778,164024,10.0112
1,32768,10,4.5,2.5,1,46,2,3.6698,0.9753,8.0352,96.3575,109.377,163915,10.0046
1,32768,10,4,2.5,1,47,2,4.0761,0.9544,8.6554,92.0315,106.062,163833,9.99957
1,32768,10,3.5,2.5,1,48,2,3.6553,0.9767,10.8828,89.8885,105.74,164358,10.0316
1,32768,10,3,2.5,1,49,2,3.692,0.9522,7.2404,93.9395,106.169,163509,9.9798
1,32768,10,2.5,2.5,1,50,2,4.0264,0.9757,8.9034,93.7804,108.031,163488,9.97852
1,32768,10,2,2.5,1,51,2,3.6647,0.9767,2.9556,53.0092,61.0161,164577,10.045
1,32768,10,inf,2.5,1,52,3,3.6703,0.9516,2.3185,8.4893,15.7645,163114,9.95569
2,32768,10,inf,2.5,1,53,3,3.7334,1.4094,3.2969,18.2748,27.0562,163331,9.96893
3,32768,10,inf,2.5,1,54,3,3.8507,2.2363,31.8734,292.374,330.669,163983,10.0087
4,32768,10,inf,2.5,1,55,3,3.8099,2.4361,87.962,950.069,1044.65,163720,9.99268
5,32768,10,inf,2.5,1,56,3,3.6336,2.8773,456.145,2421.82,2884.92,163763,9.9953
1,32768,10,inf,2.5,1,57,4,3.6225,1.0194,1.8779,8.3065,15.1837,164938,10.067
2,32768,10,inf,2.5,1,58,4,3.7659,1.4654,2.4121,18.6466,26.6393,164602,10.0465
3,32768,10,inf,2.5,1,59,4,4.0575,1.9116,40.4809,318.432,365.235,164214,10.0228
4,32768,10,inf,2.5,1,60,4,4.0163,2.4116,113.902,730.264,850.976,163834,9.99963
5,32768,10,inf,2.5,1,61,4,4.0065,2.8721,483.461,2452.64,2943.36,163592,9.98486
1,32768,10,inf,2.5,2,62,4,3.7082,1.0296,1.9446,7.001,14.1574,163728,9.99316
2,32768,10,inf,2.5,2,63,4,3.7278,1.8216,2.8592,10.8212,19.77,163799,9.9975
3,32768,10,inf,2.5,2,64,4,4.2217,2.2325,27.4704,176.425,210.847,164129,10.0176
4,32768,10,inf,2.5,2,65,4,3.6615,2.7409,92.7676,574.058,673.748,163843,10.0002
5,32768,10,inf,2.5,2,66,4,3.5663,3.4551,480.582,1580.9,2069.02,164006,10.0101
1,32768,10,inf,2.5,3,67,4,3.8103,1.6051,2.1926,5.247,13.3407,163853,10.0008
2,32768,10,inf,2.5,3,68,4,3.6759,1.9125,3.22,8.8737,18.1593,164822,10.0599
3,32768,10,inf,2.5,3,69,4,3.8409,2.5614,26.6003,130.523,164.021,163276,9.96558
4,32768,10,inf,2.5,3,70,4,3.6569,2.7181,89.2198,468.751,564.877,164177,10.0206
5,32768,10,inf,2.5,3,71,4,3.6628,3.181,443.961,1216.61,1667.94,164051,10.0129
1,32768,10,inf,2.5,4,72,4,3.6781,1.3301,1.5657,4.9447,12.0065,164126,10.0175
2,32768,10,inf,2.5,4,73,4,3.7263,1.8329,5.761,7.1916,18.9941,163543,9.98187
3,32768,10,inf,2.5,4,74,4,3.7518,2.2911,27.4332,99.5349,133.503,164065,10.0137
4,32768,10,inf,2.5,4,75,4,3.7148,2.7242,77.5592,320.511,405.039,163598,9.98523
5,32768,10,inf,2.5,4,76,4,3.7468,3.494,469.38,924.368,1401.52,164029,10.0115
1,32768,10,inf,2.5,5,77,4,3.7495,1.6496,2.7941,4.4243,13.113,164373,10.0325
2,32768,10,inf,2.5,5,78,4,3.7691,1.8379,2.9714,6.7469,15.8201,163308,9.96753
3,32768,10,inf,2.5,5,79,4,3.7773,2.3296,42.6949,90.1922,139.495,164283,10.027
4,32768,10,inf,2.5,5,80,4,4.058,2.7961,96.5325,294.661,398.595,163616,9.98633
5,32768,10,inf,2.5,5,81,4,4.0413,3.2686,446.644,841.44,1295.94,163720,9.99268
1,32768,10,inf,2.5,6,82,4,3.7871,1.37,3.2927,4.3219,13.2712,164042,10.0123
2,32768,10,inf,2.5,6,83,4,3.7565,1.8508,2.5678,6.7061,15.3744,163834,9.99963
3,32768,10,inf,2.5,6,84,4,3.7802,2.3271,33.493,81.952,122.06,164596,10.0461
4,32768,10,inf,2.5,6,85,4,3.7552,2.8006,83.8633,253.583,344.547,163851,10.0007
5,32768,10,inf,2.5,6,86,4,3.7588,3.2616,440.214,742.463,1190.24,164224,10.0234
1,32768,10,2,2.5,1,87,5,3.7783,1.6126,4.5751,50.9691,61.4242,164228,10.0237
2,32768,10,2,2.5,1,88,5,3.5723,1.7833,7.4435,160.965,174.252,163964,10.0076
3,32768,10,2,2.5,1,89,5,3.9077,2.2103,26.463,1109.84,1142.91,163255,9.96429
4,32768,10,2,2.5,1,90,5,3.6193,2.656,48.6799,5313.82,5369.3,163930,10.0055
5,32768,10,2,2.5,1,91,5,4.4197,3.4281,50.2451,22992.4,23051.1,163707,9.99188
1,32768,10,2,2.5,2,92,5,3.7306,1.3926,2.6862,29.3357,37.6338,164063,10.0136
2,32768,10,2,2.5,2,93,5,3.9644,1.7469,7.2895,90.3306,103.814,164564,10.0442
3,32768,10,2,2.5,2,94,5,3.5844,2.2238,12.5775,667.3,686.188,164185,10.0211
4,32768,10,2,2.5,2,95,5,3.6684,2.7459,46.7891,3463.47,3517.2,163799,9.9975
5,32768,10,2,2.5,2,96,5,3.616,3.1865,85.3107,15392.7,15485.3,163899,10.0036
1,32768,10,2,2.5,3,97,5,3.7737,1.4289,36.648,27.8928,70.2354,163558,9.98279
2,32768,10,2,2.5,3,98,5,3.6601,1.7902,7.7073,71.2904,84.9359,164396,10.0339
3,32768,10,2,2.5,3,99,5,3.706,2.5743,25.5475,506.428,539.062,163693,9.99103
4,32768,10,2,2.5,3,100,5,3.6554,2.7206,17.5336,2783.31,2807.8,162960,9.94629
5,32768,10,2,2.5,3,101,5,3.6615,3.1815,126.473,11661.6,11795.4,162757,9.9339
1,32768,10,2,2.5,4,102,5,3.7481,1.4232,2.7303,18.1589,26.5586,164913,10.0655
2,32768,10,2,2.5,4,103,5,4.007,1.8282,3.8442,50.1513,60.3251,165006,10.0712
3,32768,10,2,2.5,4,104,5,3.6996,2.2511,14.4205,382.425,403.308,163998,10.0096
4,32768,10,2,2.5,4,105,5,3.7129,3.0146,52.0278,1967.43,2026.72,163660,9.98901
5,32768,10,2,2.5,4,106,5,3.6619,3.2111,57.2378,9122.08,9186.72,163326,9.96863
1,32768,10,2,2.5,5,107,5,4.6058,1.5452,6.7627,16.4277,29.8482,163754,9.99475
2,32768,10,2,2.5,5,108,5,3.7629,1.8388,10.4386,44.5204,61.0648,164344,10.0308
3,32768,10,2,2.5,5,109,5,4.026,2.3119,8.852,327.896,343.588,163561,9.98297
4,32768,10,2,2.5,5,110,5,3.7625,2.8036,15.1624,1715.01,1737.28,164062,10.0135
5,32768,10,2,2.5,5,111,5,3.7552,3.5362,53.3042,8282.9,8344.05,163456,9.97656
1,32768,10,2,2.5,6,112,5,3.8093,1.3718,2.9621,15.5358,24.1874,163797,9.99738
2,32768,10,2,2.5,6,113,5,3.9898,1.8444,4.2156,39.7445,50.298,163467,9.97723
3,32768,10,2,2.5,6,114,5,4.0455,2.4732,70.3311,293.334,370.696,163448,9.97607
4,32768,10,2,2.5,6,115,5,3.7714,2.8076,14.1103,1704.58,1725.82,163936,10.0059
5,32768,10,2,2.5,6,116,5,3.7519,3.4931,77.8181,7563.47,7649.08,163443,9.97577
1,1024,10,inf,2.5,1,117,0,0.1456,0.0492,0.1029,0.2416,0.5551,5138,10.0352
1,1024,100,inf,2.5,1,118,0,0.128,0.0473,1.5499,0.8236,2.5637,50989,99.5879
1,2048,10,inf,2.5,1,119,0,0.2579,0.09,0.1234,0.4633,0.961,10232,9.99219
1,2048,100,inf,2.5,1,120,0,0.243,0.3367,3.3001,1.7948,5.7016,102156,99.7617
1,4096,10,inf,2.5,1,121,0,0.5046,0.1725,0.2982,0.9581,1.9959,20371,9.94678
1,4096,100,inf,2.5,1,122,0,0.4643,0.1706,6.6698,3.2348,10.606,205035,100.115
1,4096,1000,inf,2.5,1,123,0,0.4693,0.1725,121.181,19.5363,141.429,2048185,1000.09
1,8192,10,inf,2.5,1,124,0,1.0527,0.3326,0.6831,1.8161,4.0023,40858,9.9751
1,8192,100,inf,2.5,1,125,0,0.8974,0.327,13.204,6.4157,20.9688,410083,100.118
1,8192,1000,inf,2.5,1,126,0,0.941,0.3279,124.117,45.19,170.707,4098728,1000.67
1,16384,10,inf,2.5,1,127,0,1.8439,0.6706,1.1418,3.8692,7.7653,81849,9.99133
1,16384,100,inf,2.5,1,128,0,1.843,0.6665,8.1275,13.2317,24.1224,819430,100.028
1,16384,1000,inf,2.5,1,129,0,1.8412,0.6669,196.999,154.465,354.225,8188461,999.568
1,32768,10,inf,2.5,1,130,0,4.3859,1.3413,1.5972,7.6355,15.4268,164326,10.0297
1,32768,100,inf,2.5,1,131,0,4.0654,1.2995,15.5942,26.5873,48.0362,1638154,99.985
1,32768,1000,inf,2.5,1,132,0,4.021,1.3463,317.728,388.462,712.056,16382079,999.883
1,65536,10,inf,2.5,1,133,0,7.6513,2.6871,3.698,17.5077,32.5101,327618,9.99811
1,65536,100,inf,2.5,1,134,0,7.6424,2.5976,44.9651,54.9574,111.13,3276037,99.9767
1,65536,1000,inf,2.5,1,135,0,7.2227,2.636,574.45,714.743,1300.02,32771392,1000.1
1,131072,10,inf,2.5,1,136,0,14.9783,5.5226,5.4567,35.2534,63.1851,656300,10.0143
1,131072,100,inf,2.5,1,137,0,15.0131,5.3839,28.3465,154.071,204.743,6555407,100.028
1,131072,1000,inf,2.5,1,138,0,14.5425,5.6974,739.179,1537.81,2299.51,65544629,1000.13
1,262144,10,inf,2.5,1,139,0,29.9901,10.9638,15.7191,73.4057,134.082,1311602,10.0067
1,262144,100,inf,2.5,1,140,0,29.888,10.8754,63.0869,372.222,479.968,13109775,100.02
1,262144,1000,inf,2.5,1,141,0,29.6607,10.8368,1173.47,3125.29,4343.21,131078654,1000.05
1,524288,10,inf,2.5,1,142,0,59.6837,21.8796,19.9397,168.465,277.962,2622617,10.0045
1,524288,100,inf,2.5,1,143,0,59.5014,21.5454,661.199,865.937,1616.41,26207233,99.9727
1,524288,1000,inf,2.5,1,144,0,59.7598,21.5852,2182.48,6406.16,8678.47,262110056,999.871
1,1048576,10,inf,2.5,1,145,0,119.571,43.4397,39.6815,402.176,621.072,5239113,9.99282
1,1048576,100,inf,2.5,1,146,0,119.667,43.0864,427.535,1776.26,2383.04,52427984,99.9984
1,1048576,1000,inf,2.5,1,147,0,119.196,42.311,3992.44,15338.6,19510.6,524300434,1000.02
1,32768,2,inf,2.5,1,148,1,4.306,1.5592,2.13,12.5937,21.1655,32480,1.98242
1,32768,4,inf,2.5,1,149,1,4.237,1.5341,2.0549,9.8913,18.3059,65876,4.02075
1,32768,8,inf,2.5,1,150,1,4.2982,1.5764,2.2734,9.2461,17.9654,131294,8.01355
1,32768,16,inf,2.5,1,151,1,4.1697,1.5736,3.059,10.6546,20.0199,262281,16.0084
1,32768,32,inf,2.5,1,152,1,4.1448,2.4682,4.3868,13.9696,25.5592,524358,32.0043
1,32768,64,inf,2.5,1,153,1,4.2579,1.5308,14.7762,21.9942,43.1485,1049375,64.0488
1,32768,128,inf,2.5,1,154,1,4.609,1.5531,57.6057,35.6188,99.9686,2099792,128.161
1,32768,256,inf,2.5,1,155,1,4.5301,1.5499,55.3173,92.1898,154.195,4196010,256.104
1,32768,512,inf,2.5,1,156,1,5.5892,2.004,176.174,282.095,466.413,8394897,512.384
1,32768,1024,inf,2.5,1,157,1,5.536,2.3698,384.339,467.686,860.541,16773202,1023.76
1,32768,2048,inf,2.5,1,158,1,4.5945,1.6051,897.781,1212.56,2117.17,33557407,2048.18
1,32768,4096,inf,2.5,1,159,1,5.6111,2.1658,2812.67,2555.59,5376.63,67126390,4097.07
1,32768,10,inf,2.5,1,160,2,5.268,1.7966,3.5748,14.5406,25.9557,164196,10.0217
1,32768,10,5,2.5,1,161,2,6.0332,2.3467,10.9532,111.284,131.199,163692,9.99097
1,32768,10,4.5,2.5,1,162,2,4.2444,1.5328,9.8143,116.162,132.339,164086,10.015
1,32768,10,4,2.5,1,163,2,4.6637,1.5864,10.2354,106.177,123.246,163692,9.99097
1,32768,10,3.5,2.5,1,164,2,4.6308,1.554,11.2585,101.766,119.79,163001,9.94879
1,32768,10,3,2.5,1,165,2,5.8537,2.4729,10.1399,107.785,126.833,164329,10.0298
1,32768,10,2.5,2.5,1,166,2,4.2754,1.5416,16.9804,104.331,127.693,163156,9.95825
1,32768,10,2,2.5,1,167,2,4.634,1.497,3.8711,62.2058,72.7755,163983,10.0087
1,32768,10,inf,2.5,1,168,3,4.3056,1.581,2.3717,9.2874,18.1134,163945,10.0064
2,32768,10,inf,2.5,1,169,3,4.1818,2.0586,3.2418,21.5731,31.6466,163629,9.98712
3,32768,10,inf,2.5,1,170,3,4.3474,2.8368,50.8494,351.331,409.947,164273,10.0264
4,32768,10,inf,2.5,1,171,3,4.6274,3.1684,101.648,1114.69,1224.76,163497,9.97906
5,32768,10,inf,2.5,1,172,3,5.8417,4.3863,518.697,2832.97,3362.55,163939,10.006
1,32768,10,inf,2.5,1,173,4,4.6093,1.574,1.8407,9.152,17.7359,164655,10.0497
2,32768,10,inf,2.5,1,174,4,4.941,2.0601,2.9506,22.3254,32.8692,163934,10.0057
3,32768,10,inf,2.5,1,175,4,4.326,2.625,33.0922,362.564,403.202,164427,10.0358
4,32768,10,inf,2.5,1,176,4,4.378,3.3187,108.722,1168.8,1285.87,163290,9.96643
5,32768,10,inf,2.5,1,177,4,4.3868,4.0316,551.134,2594.21,3154.31,163773,9.99591
1,32768,10,inf,2.5,2,178,4,4.0201,1.3333,1.7392,5.6088,13.1984,164117,10.0169
2,32768,10,inf,2.5,2,179,4,3.757,2.1779,11.9212,10.9709,29.3259,162715,9.93134
3,32768,10,inf,2.5,2,180,4,3.8043,2.3108,25.3668,171.063,203.046,163317,9.96808
4,32768,10,inf,2.5,2,181,4,3.656,3.0933,97.9896,600.161,705.44,162815,9.93744
5,32768,10,inf,2.5,2,182,4,4.0357,3.1982,492.035,1618.9,2118.74,163242,9.9635
1,32768,10,inf,2.5,3,183,4,3.8919,1.484,1.7447,4.9875,12.6159,163679,9.99017
2,32768,10,inf,2.5,3,184,4,4.0779,1.8592,4.3107,9.2085,19.9554,163808,9.99805
3,32768,10,inf,2.5,3,185,4,3.8298,2.322,35.0645,143.307,185.084,163871,10.0019
4,32768,10,inf,2.5,3,186,4,3.7904,2.7947,97.3905,501.807,606.322,163955,10.007
5,32768,10,inf,2.5,3,187,4,3.7685,3.6053,498.442,1226.69,1733.04,163816,9.99854
1,32768,10,inf,2.5,4,188,4,3.7909,1.336,2.7478,4.1794,12.5528,164315,10.029
2,32768,10,inf,2.5,4,189,4,3.7682,1.8388,2.2242,7.2204,15.5498,163877,10.0023
3,32768,10,inf,2.5,4,190,4,3.7996,2.311,25.9149,105.055,137.593,164541,10.0428
4,32768,10,inf,2.5,4,191,4,3.7621,2.853,106.818,344.897,458.877,163284,9.96606
5,32768,10,inf,2.5,4,192,4,3.7482,3.2709,464.429,954.57,1426.55,163165,9.9588
1,32768,10,inf,2.5,5,193,4,3.7912,1.3701,2.2033,3.9583,11.8132,163879,10.0024
2,32768,10,inf,2.5,5,194,4,3.7616,1.8496,3.2927,6.9933,16.39,163493,9.97882
3,32768,10,inf,2.5,5,195,4,3.7645,2.3132,30.9134,84.864,122.377,163667,9.98944
4,32768,10,inf,2.5,5,196,4,3.7514,3.0636,101.252,302.451,411.064,163697,9.99127
5,32768,10,inf,2.5,5,197,4,3.7783,3.2588,445.273,933.896,1386.78,164033,10.0118
1,32768,10,inf,2.5,6,198,4,3.9128,1.4076,8.2814,4.5055,18.6295,163970,10.0079
2,32768,10,inf,2.5,6,199,4,3.9045,2.1352,7.3122,8.4935,22.3801,163070,9.953
3,32768,10,inf,2.5,6,200,4,8.3325,3.5404,38.42,90.9858,141.84,164734,10.0546
4,32768,10,inf,2.5,6,201,4,3.802,2.8062,112.089,371.403,490.906,163170,9.95911
5,32768,10,inf,2.5,6,202,4,3.7731,3.3517,491.352,924.536,1423.67,163948,10.0066
1,32768,10,2,2.5,1,203,5,5.1042,1.8607,4.8125,64.7876,77.1937,163701,9.99152
2,32768,10,2,2.5,1,204,5,4.2547,2.0981,3.4718,187.083,197.603,163330,9.96887
3,32768,10,2,2.5,1,205,5,4.1335,2.3894,8.179,1255.22,1270.44,163755,9.99481
4,32768,10,2,2.5,1,206,5,3.7904,2.7983,11.5567,5905.43,5924.11,163891,10.0031
5,32768,10,2,2.5,1,207,5,3.7435,3.5089,46.5323,22940.9,22995.2,163725,9.99298
1,32768,10,2,2.5,2,208,5,3.8771,1.4507,3.1091,28.4365,37.3713,163374,9.97156
2,32768,10,2,2.5,2,209,5,3.6925,2.1231,8.8297,90.7993,105.943,164283,10.027
3,32768,10,2,2.5,2,210,5,3.6791,2.2526,33.6389,669.911,709.982,162865,9.94049
4,32768,10,2,2.5,2,211,5,3.6558,3.0419,31.3484,3455.45,3494.06,163733,9.99347
5,32768,10,2,2.5,2,212,5,3.6647,3.2338,52.1494,15978.9,16038.5,163833,9.99957
1,32768,10,2,2.5,3,213,5,3.7538,1.759,2.9779,24.6048,33.5991,164267,10.0261
2,32768,10,2,2.5,3,214,5,3.7904,2.2053,7.1737,72.1405,85.8166,162963,9.94647
3,32768,10,2,2.5,3,215,5,3.9987,2.3184,4.2722,578.289,589.387,164462,10.038
4,32768,10,2,2.5,3,216,5,3.7662,2.7882,33.3931,2974.28,3014.82,162933,9.94464
5,32768,10,2,2.5,3,217,5,3.769,3.2961,65.6213,12929,13002.4,163883,10.0026
1,32768,10,2,2.5,4,218,5,4.1953,1.5276,3.507,25.7581,35.5886,163492,9.97876
2,32768,10,2,2.5,4,219,5,4.4346,2.0972,7.2361,72.7824,87.1848,163528,9.98096
3,32768,10,2,2.5,4,220,5,5.6172,3.2511,14.1324,489.327,512.962,163956,10.0071
4,32768,10,2,2.5,4,221,5,4.23,3.1643,19.1833,2325.1,2352.25,163800,9.99756
5,32768,10,2,2.5,4,222,5,4.0793,3.8678,97.6307,9971.53,10077.7,163731,9.99335
1,32768,10,2,2.5,5,223,5,4.134,1.4687,2.5321,17.4841,26.1432,163328,9.96875
2,32768,10,2,2.5,5,224,5,4.1563,1.939,4.4318,50.9974,62.0615,163054,9.95203
3,32768,10,2,2.5,5,225,5,4.0514,2.7344,9.9097,366.572,383.809,163631,9.98724
4,32768,10,2,2.5,5,226,5,3.962,3.1981,27.9359,2024.35,2060.01,164430,10.036
5,32768,10,2,2.5,5,227,5,3.757,3.2699,55.4566,9593.04,9656.07,163741,9.99396
1,32768,10,2,2.5,6,228,5,3.7709,1.3756,2.9709,15.4148,24.0492,164728,10.0542
2,32768,10,2,2.5,6,229,5,3.7667,1.8361,3.1545,39.1954,48.4549,163889,10.003
3,32768,10,2,2.5,6,230,5,4.032,2.3101,15.0312,299.032,320.923,163744,9.99414
4,32768,10,2,2.5,6,231,5,3.7621,2.7915,15.1792,1608.11,1630.39,164236,10.0242
5,32768,10,2,2.5,6,232,5,3.7722,3.2547,194.523,7740.18,7942.36,163867,10.0016
1,1024,10,inf,2.5,1,233,0,0.2189,0.0834,0.154,0.4169,0.8987,5195,10.1465
1,1024,100,inf,2.5,1,234,0,0.1994,0.0793,4.2761,0.7517,5.3259,51011,99.6309
1,2048,10,inf,2.5,1,235,0,0.3845,0.1517,0.4086,0.8319,1.818,10231,9.99121
1,2048,100,inf,2.5,1,236,0,0.3817,0.1461,7.7038,2.5252,10.8012,102436,100.035
1,4096,10,inf,2.5,1,237,0,0.558,0.2133,0.1591,1.3175,2.3203,20419,9.97021
1,4096,100,inf,2.5,1,238,0,0.5366,0.1962,8.3906,3.1915,12.391,204663,99.9331
1,4096,1000,inf,2.5,1,239,0,0.5078,0.1832,120.675,24.3961,145.838,2046802,999.415
1,8192,10,inf,2.5,1,240,0,0.9757,0.3762,0.6391,2.0192,4.1474,41081,10.0295
1,8192,100,inf,2.5,1,241,0,1,0.3798,8.653,7.3299,17.5157,409406,99.9526
1,8192,1000,inf,2.5,1,242,0,1.0452,0.3682,150.811,53.0811,205.456,4094751,999.695
1,16384,10,inf,2.5,1,243,0,2.06,0.7133,0.693,4.0537,7.7769,81986,10.0081
1,16384,100,inf,2.5,1,244,0,1.8941,0.691,30.0411,14.5919,47.4978,819261,100.007
1,16384,1000,inf,2.5,1,245,0,1.9274,0.6896,222.677,168.565,394.142,8188262,999.544
1,32768,10,inf,2.5,1,246,0,4.0321,1.4613,2.1218,9.543,17.7354,164390,10.0336
1,32768,100,inf,2.5,1,247,0,3.7773,1.3783,20.7351,32.8033,59.2998,1637568,99.9492
1,32768,1000,inf,2.5,1,248,0,4.3422,1.5444,389.335,456.409,852.174,16383628,999.977
1,65536,10,inf,2.5,1,249,0,10.1663,2.8824,4.2866,17.5545,35.9453,327836,10.0048
1,65536,100,inf,2.5,1,250,0,7.8113,2.8629,17.4034,59.795,88.9248,3278785,100.061
1,65536,1000,inf,2.5,1,251,0,7.6216,2.7524,662.933,698.464,1372.76,32763847,999.873
1,131072,10,inf,2.5,1,252,0,15.0442,5.4915,7.0738,35.1712,64.7588,655739,10.0058
1,131072,100,inf,2.5,1,253,0,14.8921,5.3069,34.4566,153.84,210.429,6555028,100.022
1,131072,1000,inf,2.5,1,254,0,14.6152,5.1822,828.562,1539.03,2389.37,65546831,1000.17
1,262144,10,inf,2.5,1,255,0,30.407,11.1035,15.0586,73.8074,134.708,1311095,10.0029
1,262144,100,inf,2.5,1,256,0,29.607,10.924,68.3873,371.294,484.565,13105522,99.9872
1,262144,1000,inf,2.5,1,257,0,29.7975,10.5229,1059.9,3101.17,4205.33,131081960,1000.08
1,524288,10,inf,2.5,1,258,0,59.7956,21.8749,34.0337,150.007,273.488,2622747,10.005
1,524288,100,inf,2.5,1,259,0,59.0034,21.139,355.679,807.623,1251.37,26217254,100.011
1,524288,1000,inf,2.5,1,260,0,59.3966,21.3496,2183.32,6315.61,8587.41,262156554,1000.05
1,1048576,10,inf,2.5,1,261,0,119.539,43.5756,63.9788,385.517,628.506,5250224,10.014
1,1048576,100,inf,2.5,1,262,0,116.907,44.2462,184.859,1712.48,2074.28,52437298,100.016
1,1048576,1000,inf,2.5,1,263,0,118.8,43.0887,2470.57,13116.5,15765.4,524339326,1000.1
1,32768,2,inf,2.5,1,264,1,3.7797,1.3853,2.1189,16.7217,24.7842,33388,2.03784
1,32768,4,inf,2.5,1,265,1,5.4878,1.9575,2.2247,10.0559,20.5324,65419,3.99286
1,32768,8,inf,2.5,1,266,1,5.3167,2.1277,4.9025,12.2249,25.2744,131701,8.03839
1,32768,16,inf,2.5,1,267,1,4.2105,1.6495,1.7921,8.7202,16.9461,261474,15.9591
1,32768,32,inf,2.5,1,268,1,5.6538,1.9744,6.9668,14.3838,29.5347,525319,32.0629
1,32768,64,inf,2.5,1,269,1,4.1374,1.4122,12.0384,19.2742,37.3955,1047727,63.9482
1,32768,128,inf,2.5,1,270,1,4.7429,1.3904,31.4746,34.1329,72.2876,2097508,128.022
1,32768,256,inf,2.5,1,271,1,5.3691,1.434,73.8649,114.278,195.477,4195318,256.062
1,32768,512,inf,2.5,1,272,1,3.9519,1.479,162.172,268.213,436.373,8389371,512.047
1,32768,1024,inf,2.5,1,273,1,3.8757,1.4053,298.367,386.871,691.365,16771762,1023.67
1,32768,2048,inf,2.5,1,274,1,3.776,1.3464,891.808,889.648,1787.09,33548787,2047.66
1,32768,4096,inf,2.5,1,275,1,4.052,1.377,2304.98,2204.16,4515.1,67117549,4096.53
1,32768,10,inf,2.5,1,276,2,3.7969,1.478,1.6831,8.5013,15.9522,163757,9.99493
1,32768,10,5,2.5,1,277,2,3.7831,1.3713,10.9148,89.1484,105.718,163956,10.0071
1,32768,10,4.5,2.5,1,278,2,3.7055,1.3306,8.2412,99.9217,113.728,164169,10.0201
1,32768,10,4,2.5,1,279,2,3.8135,1.3714,11.2111,94.0676,111.041,164392,10.0337
1,32768,10,3.5,2.5,1,280,2,5.2666,2.0016,11.4483,94.3842,113.641,163529,9.98102
1,32768,10,3,2.5,1,281,2,5.4451,1.8132,10.2414,100.889,118.951,164377,10.0328
1,32768,10,2.5,2.5,1,282,2,4.1054,1.5986,7.4574,95.5762,109.243,163528,9.98096
1,32768,10,2,2.5,1,283,2,3.6128,1.4293,4.1581,52.0163,61.7189,163743,9.99408
1,32768,10,inf,2.5,1,284,3,3.7417,1.4308,1.7734,8.237,15.6861,163130,9.95667
2,32768,10,inf,2.5,1,285,3,3.6428,1.8945,2.3411,18.5655,26.9389,163894,10.0033
3,32768,10,inf,2.5,1,286,3,4.0066,2.2664,24.2736,311.33,342.407,164241,10.0245
4,32768,10,inf,2.5,1,287,3,3.8322,2.8113,90.0453,998.679,1095.94,163643,9.98798
5,32768,10,inf,2.5,1,288,3,3.8655,3.4291,481.091,2581.45,3070.43,164482,10.0392
1,32768,10,inf,2.5,1,289,4,3.8697,1.6677,1.8314,8.5074,16.3998,163954,10.007
2,32768,10,inf,2.5,1,290,4,3.8098,2.3434,2.426,18.8086,27.9346,163494,9.97888
3,32768,10,inf,2.5,1,291,4,3.7677,2.3138,24.7551,304.005,335.343,164053,10.013
4,32768,10,inf,2.5,1,292,4,3.6814,2.7186,83.7603,994.702,1085.73,163869,10.0018
5,32768,10,inf,2.5,1,293,4,3.8437,3.5803,499.731,2572.15,3079.9,164396,10.0339
1,32768,10,inf,2.5,2,294,4,3.8511,1.46,1.9505,6.0192,13.8059,163124,9.9563
2,32768,10,inf,2.5,2,295,4,3.7932,2.0016,5.4868,18.8755,30.7275,163139,9.95721
3,32768,10,inf,2.5,2,296,4,3.8186,3.026,36.3201,195.186,238.894,163550,9.9823
4,32768,10,inf,2.5,2,297,4,3.801,2.7525,90.3652,587.959,685.399,163269,9.96515
5,32768,10,inf,2.5,2,298,4,3.5733,3.1387,459.168,1626.56,2092.98,163559,9.98285
1,32768,10,inf,2.5,3,299,4,3.7106,1.4664,1.7535,4.8469,12.3594,163002,9.94885
2,32768,10,inf,2.5,3,300,4,4.0566,1.8435,2.6796,9.1381,18.5415,162957,9.94611
3,32768,10,inf,2.5,3,301,4,3.7584,2.3013,27.9828,88.0089,122.597,163564,9.98315
4,32768,10,inf,2.5,3,302,4,3.7852,2.8136,93.4707,478.802,579.412,163685,9.99054
5,32768,10,inf,2.5,3,303,4,3.8498,3.2635,478.212,1269.49,1755.4,163470,9.97742
1,32768,10,inf,2.5,4,304,4,3.8469,1.3797,2.3717,4.5895,12.7244,164186,10.0211
2,32768,10,inf,2.5,4,305,4,3.7917,1.875,2.5892,7.5136,16.2908,163539,9.98163
3,32768,10,inf,2.5,4,306,4,3.8311,2.3374,27.2672,98.9297,132.934,164310,10.0287
4,32768,10,inf,2.5,4,307,4,4.6947,3.5368,105.715,352.747,467.246,163501,9.97931
5,32768,10,inf,2.5,4,308,4,3.8164,3.3262,440.054,1044.54,1492.34,163810,9.99817
1,32768,10,inf,2.5,5,309,4,5.4267,1.9157,3.0953,6.4009,17.5713,163298,9.96692
2,32768,10,inf,2.5,5,310,4,5.6306,2.7724,5.0365,12.0663,26.1352,164183,10.0209
3,32768,10,inf,2.5,5,311,4,4.9202,2.9413,34.0318,90.1246,132.532,164215,10.0229
4,32768,10,inf,2.5,5,312,4,3.7635,2.7909,109.219,360.218,477.286,164416,10.0352
5,32768,10,inf,2.5,5,313,4,5.7239,5.3936,560.871,880.2,1452.75,164418,10.0353
1,32768,10,inf,2.5,6,314,4,4.755,1.6167,2.7951,4.775,14.4464,162976,9.94727
2,32768,10,inf,2.5,6,315,4,3.7867,2.0456,2.7794,6.2024,15.5752,163340,9.96948
3,32768,10,inf,2.5,6,316,4,3.7709,2.4974,26.5104,75.7227,109.293,164721,10.0538
4,32768,10,inf,2.5,6,317,4,4.8417,3.0419,105.371,187.717,301.522,163630,9.98718
5,32768,10,inf,2.5,6,318,4,3.7732,3.502,428.636,748.795,1185.26,163790,9.99695
1,32768,10,2,2.5,1,319,5,4.0306,1.3936,3.744,55.4026,65.095,164506,10.0406
2,32768,10,2,2.5,1,320,5,3.7653,2.1472,5.582,176.466,188.485,163591,9.9848
3,32768,10,2,2.5,1,321,5,3.9207,2.3282,9.8462,1172.03,1188.69,163802,9.99768
4,32768,10,2,2.5,1,322,5,3.968,3.7089,20.9252,5707.22,5736.35,164354,10.0314
5,32768,10,2,2.5,1,323,5,3.6062,3.1017,58.1347,23428.8,23494.2,164530,10.0421
1,32768,10,2,2.5,2,324,5,3.6578,1.396,2.253,30.7377,38.5767,163869,10.0018
2,32768,10,2,2.5,2,325,5,3.7199,2.1514,3.3406,90.3036,99.9941,164180,10.0208
3,32768,10,2,2.5,2,326,5,3.6044,2.5192,6.693,667.626,680.955,163898,10.0035
4,32768,10,2,2.5,2,327,5,3.6907,2.7182,10.7312,3427.21,3444.88,164041,10.0123
5,32768,10,2,2.5,2,328,5,3.6586,3.1958,170.683,15310.3,15488.4,164588,10.0457
1,32768,10,2,2.5,3,329,5,3.6225,1.4293,3.193,23.5637,32.3112,163250,9.96399
2,32768,10,2,2.5,3,330,5,3.7189,1.7897,5.3361,73.0866,84.4355,163273,9.96539
3,32768,10,2,2.5,3,331,5,3.6753,2.2497,17.3871,512.922,536.743,163291,9.96649
4,32768,10,2,2.5,3,332,5,4.0334,2.7608,27.7227,2803.22,2838.28,163720,9.99268
5,32768,10,2,2.5,3,333,5,3.6708,3.1833,120.967,11753.2,11881.6,163785,9.99664
1,32768,10,2,2.5,4,334,5,3.8553,1.3315,2.8976,17.4762,26.0573,164348,10.031
2,32768,10,2,2.5,4,335,5,3.7384,1.8258,5.1784,51.4027,62.6379,164286,10.0272
3,32768,10,2,2.5,4,336,5,3.7027,2.2498,24.2282,382.113,412.798,164006,10.0101
4,32768,10,2,2.5,4,337,5,3.6693,2.7599,35.6499,2030.01,2072.68,164440,10.0366
5,32768,10,2,2.5,4,338,5,3.9059,3.7329,50.9167,9318.61,9377.76,163847,10.0004
1,32768,10,2,2.5,5,339,5,3.7459,1.3672,2.8763,16.8218,25.3265,163208,9.96143
2,32768,10,2,2.5,5,340,5,4.052,1.8532,8.0784,45.7763,60.2653,164385,10.0333
3,32768,10,2,2.5,5,341,5,3.8247,2.3295,17.3495,337.111,361.137,163606,9.98572
4,32768,10,2,2.5,5,342,5,3.7672,2.798,14.2158,1726.57,1747.89,164559,10.0439
5,32768,10,2,2.5,5,343,5,4.0145,3.2613,100.946,8320.66,8429.44,163392,9.97266
1,32768,10,2,2.5,6,344,5,4.9994,1.581,3.7445,15.6011,26.4409,164197,10.0218
2,32768,10,2,2.5,6,345,5,3.7597,1.8352,8.2111,39.0043,53.3106,162971,9.94696
3,32768,10,2,2.5,6,346,5,3.7515,2.323,7.4176,297.563,311.568,164526,10.0419
4,32768,10,2,2.5,6,347,5,3.7607,2.7867,41.7572,1531.95,1580.81,163566,9.98328
5,32768,10,2,2.5,6,348,5,3.7751,3.2653,276.555,8310.6,8594.74,163223,9.96234
1,1024,10,inf,2.5,1,349,0,0.1479,0.0501,0.1369,0.2467,0.5974,5125,10.0098
1,1024,100,inf,2.5,1,350,0,0.1317,0.0478,2.0063,0.8561,3.0599,51498,100.582
1,2048,10,inf,2.5,1,351,0,0.2717,0.1034,0.1604,0.4953,1.0601,10270,10.0293
1,2048,100,inf,2.5,1,352,0,0.2565,0.1127,6.8243,1.6241,8.8524,102246,99.8496
1,4096,10,inf,2.5,1,353,0,0.5408,0.1896,0.4224,1.0675,2.2934,20673,10.0942
1,4096,100,inf,2.5,1,354,0,0.5198,0.1938,7.5428,3.2166,11.5548,204309,99.7603
1,4096,1000,inf,2.5,1,355,0,0.5408,0.1952,133.835,20.9785,155.624,2046842,999.435
1,8192,10,inf,2.5,1,356,0,0.9554,0.3756,1.7442,1.9493,5.1488,41236,10.0674
1,8192,100,inf,2.5,1,357,0,0.9447,0.3441,6.6523,6.6152,14.693,409360,99.9414
1,8192,1000,inf,2.5,1,358,0,0.9516,0.3465,156.86,50.2512,208.573,4094841,999.717
1,16384,10,inf,2.5,1,359,0,1.963,0.7434,1.0101,4.4331,8.4173,82031,10.0135
1,16384,100,inf,2.5,1,360,0,1.9562,0.6915,14.3977,15.2904,32.6052,819571,100.045
1,16384,1000,inf,2.5,1,361,0,1.894,0.6915,152.938,166.354,322.139,8188148,999.53
1,32768,10,inf,2.5,1,362,0,4.7104,1.3667,11.6132,8.3674,26.5994,164446,10.037
1,32768,100,inf,2.5,1,363,0,3.9666,1.4284,14.4403,28.762,49.1126,1639569,100.071
1,32768,1000,inf,2.5,1,364,0,3.7792,1.3635,350.16,434.849,790.682,16384445,1000.03
1,65536,10,inf,2.5,1,365,0,7.9453,2.872,4.1016,18.4487,34.5089,326399,9.96091
1,65536,100,inf,2.5,1,366,0,8.1294,3.3039,22.5721,63.9366,99.0508,3279007,100.067
1,65536,1000,inf,2.5,1,367,0,7.917,3.1351,526.623,762.288,1301.03,32765819,999.933
1,131072,10,inf,2.5,1,368,0,15.5562,5.4739,18.6713,37.8504,79.656,655266,9.99857
1,131072,100,inf,2.5,1,369,0,15.4037,5.458,69.8992,182.598,275.562,6553410,99.9971
1,131072,1000,inf,2.5,1,370,0,16.4424,6.1042,808.184,1548.49,2381.22,65545396,1000.14
1,262144,10,inf,2.5,1,371,0,36.755,11.2956,11.5164,74.8688,138.474,1308202,9.98079
1,262144,100,inf,2.5,1,372,0,30.3481,10.9403,49.3937,396.005,491.06,13106318,99.9933
1,262144,1000,inf,2.5,1,373,0,30.4403,10.9237,1356.26,3392.46,4794.04,131081148,1000.07
1,524288,10,inf,2.5,1,374,0,60.3577,21.8639,31.4203,152.673,274.155,2618323,9.98811
1,524288,100,inf,2.5,1,375,0,58.7794,21.0968,162.109,831.543,1081.51,26224375,100.038
1,524288,1000,inf,2.5,1,376,0,59.9847,21.6107,2434.81,6568.33,9093.06,262144355,1000
1,1048576,10,inf,2.5,1,377,0,119.635,43.4528,66.5035,401.691,649.959,5244673,10.0034
1,1048576,100,inf,2.5,1,378,0,119.642,43.3239,173.227,1834.98,2187.68,52434738,100.011
1,1048576,1000,inf,2.5,1,379,0,122.212,44.1358,4328.23,13057.9,17568.9,524282008,999.989
1,32768,2,inf,2.5,1,380,1,3.6786,1.3404,1.4015,11.5154,18.4349,32308,1.97192
1,32768,4,inf,2.5,1,381,1,3.6684,1.3575,2.0837,8.5255,16.1062,65248,3.98242
1,32768,8,inf,2.5,1,382,1,3.6772,1.4279,1.9497,8.8937,16.4448,131103,8.00189
1,32768,16,inf,2.5,1,383,1,3.7417,1.4214,2.8925,8.8032,17.3583,262316,16.0105
1,32768,32,inf,2.5,1,384,1,4.1369,1.7743,4.3668,12.9359,23.7222,524760,32.0288
1,32768,64,inf,2.5,1,385,1,3.7844,1.6668,11.3576,18.5963,35.9193,1047498,63.9342
1,32768,128,inf,2.5,1,386,1,4.0831,1.3667,14.529,32.3933,52.89,2098362,128.074
1,32768,256,inf,2.5,1,387,1,3.763,1.3682,65.6,102.545,173.784,4194533,256.014
1,32768,512,inf,2.5,1,388,1,3.6359,1.4424,125.888,257.394,389.201,8389561,512.058
1,32768,1024,inf,2.5,1,389,1,3.7537,1.5509,339.441,393.122,738.377,16772253,1023.7
1,32768,2048,inf,2.5,1,390,1,3.713,1.6088,909.437,816.698,1731.97,33550778,2047.78
1,32768,4096,inf,2.5,1,391,1,3.8488,1.5309,1836.55,1612.8,3455.23,67105817,4095.81
1,32768,10,inf,2.5,1,392,2,3.7626,1.4785,1.6697,8.3715,16.0752,164325,10.0296
1,32768,10,5,2.5,1,393,2,3.8029,1.4696,11.8243,89.5894,107.187,163506,9.97961
1,32768,10,4.5,2.5,1,394,2,3.6531,1.428,7.5173,94.2553,107.357,163875,10.0021
1,32768,10,4,2.5,1,395,2,4.039,1.3329,9.8449,90.3323,106.049,164198,10.0219
1,32768,10,3.5,2.5,1,396,2,3.7204,1.3315,8.4824,88.9846,103.01,162954,9.94592
1,32768,10,3,2.5,1,397,2,3.7171,1.32,8.2055,90.9417,104.683,163671,9.98969
1,32768,10,2.5,2.5,1,398,2,4.0839,1.3329,7.3048,93.154,106.375,163360,9.9707
1,32768,10,2,2.5,1,399,2,3.7051,1.33,2.5619,54.1766,62.3012,164095,10.0156
1,32768,10,inf,2.5,1,400,3,4.0752,1.3352,1.8898,7.7839,15.5896,163682,9.99036
2,32768,10,inf,2.5,1,401,3,4.0176,1.7967,3.3576,18.3908,28.0608,164322,10.0294
3,32768,10,inf,2.5,1,402,3,3.674,2.2683,21.5708,298.478,326.495,163553,9.98248
4,32768,10,inf,2.5,1,403,3,3.718,2.7218,111.654,977.537,1096.15,163982,10.0087
5,32768,10,inf,2.5,1,404,3,3.7788,3.2075,461.722,2627.33,3096.66,163953,10.0069
1,32768,10,inf,2.5,1,405,4,4.2468,1.5471,2.2887,8.9465,17.614,163527,9.9809
2,32768,10,inf,2.5,1,406,4,4.379,2.0146,2.5006,20.5362,29.9869,163594,9.98499
3,32768,10,inf,2.5,1,407,4,3.9962,2.791,31.8024,321.796,360.921,164384,10.0332
4,32768,10,inf,2.5,1,408,4,3.8469,2.8681,108.439,1058.8,1174.54,163587,9.98456
5,32768,10,inf,2.5,1,409,4,4.0997,3.3224,498.327,2733.83,3240.2,163715,9.99237
1,32768,10,inf,2.5,2,410,4,5.8347,2.2011,4.2134,6.6346,19.4899,163832,9.99951
2,32768,10,inf,2.5,2,411,4,4.1954,2.1133,7.8275,13.5564,28.2829,163373,9.9715
3,32768,10,inf,2.5,2,412,4,4.0872,2.6119,30.8671,206.927,245.083,163462,9.97693
4,32768,10,inf,2.5,2,413,4,4.5662,3.1954,97.4628,704.178,810.037,163646,9.98816
5,32768,10,inf,2.5,2,414,4,4.0673,3.6981,528.521,1828.62,2365.54,163803,9.99774
1,32768,10,inf,2.5,3,415,4,4.3048,1.5411,7.6615,6.5359,20.8241,164226,10.0236
2,32768,10,inf,2.5,3,416,4,5.7568,2.9328,4.314,12.6038,26.1931,164238,10.0243
3,32768,10,inf,2.5,3,417,4,4.1967,2.5924,35.77,156.642,199.83,164109,10.0164
4,32768,10,inf,2.5,3,418,4,4.3678,3.2511,106.306,501.752,616.3,163735,9.99359
5,32768,10,inf,2.5,3,419,4,4.1637,3.6638,571,1404.26,1983.73,164149,10.0189
1,32768,10,inf,2.5,4,420,4,3.8167,1.3441,1.7026,4.3752,11.776,164585,10.0455
2,32768,10,inf,2.5,4,421,4,4.0603,1.8792,7.0428,7.3451,20.8575,163675,9.98993
3,32768,10,inf,2.5,4,422,4,3.7945,2.3184,26.6616,111.745,145.034,163920,10.0049
4,32768,10,inf,2.5,4,423,4,4.0376,2.7924,93.0139,334.231,434.905,163562,9.98303
5,32768,10,inf,2.5,4,424,4,3.7834,3.278,464.087,1042.53,1514.28,163126,9.95642
1,32768,10,inf,2.5,5,425,4,5.2369,1.7595,14.7251,5.6784,28.0464,164640,10.0488
2,32768,10,inf,2.5,5,426,4,3.9971,2.0212,3.5256,9.3537,19.4881,163592,9.98486
3,32768,10,inf,2.5,5,427,4,4.1303,2.7952,42.3908,108.872,158.722,162771,9.93475
4,32768,10,inf,2.5,5,428,4,3.7871,2.8119,113.505,330.226,450.88,163413,9.97394
5,32768,10,inf,2.5,5,429,4,3.7691,3.2728,453.072,1031.16,1492,162631,9.92621
1,32768,10,inf,2.5,6,430,4,6.5656,2.5363,3.924,7.5533,21.4024,163631,9.98724
2,32768,10,inf,2.5,6,431,4,6.8758,3.1935,12.6424,9.6454,33.0171,163293,9.96661
3,32768,10,inf,2.5,6,432,4,5.6445,3.5391,53.2809,123.142,186.205,162809,9.93707
4,32768,10,inf,2.5,6,433,4,4.7615,3.7695,122.394,390.716,522.315,163896,10.0034
5,32768,10,inf,2.5,6,434,4,5.183,4.8436,569.347,886.239,1466.26,164022,10.0111
1,32768,10,2,2.5,1,435,5,4.2393,1.6366,2.9009,59.4964,68.8576,163884,10.0027
2,32768,10,2,2.5,1,436,5,4.2621,2.5832,8.9086,183.974,200.296,163013,9.94952
3,32768,10,2,2.5,1,437,5,4.301,2.5726,33.2494,1233.75,1274.38,163044,9.95142
4,32768,10,2,2.5,1,438,5,3.6879,2.721,17.9728,5756.85,5781.85,163813,9.99835
5,32768,10,2,2.5,1,439,5,4.2579,4.5352,265.649,28773.9,29048.9,164303,10.0283
1,32768,10,2,2.5,2,440,5,3.6814,1.3408,3.3257,38.5424,47.5066,163663,9.9892
2,32768,10,2,2.5,2,441,5,4.3542,2.1853,5.5267,96.1633,108.744,163613,9.98615
3,32768,10,2,2.5,2,442,5,3.7741,2.624,12.6192,677.477,696.995,164153,10.0191
4,32768,10,2,2.5,2,443,5,3.6615,2.7199,23.0043,3474.39,3504.31,163286,9.96619
5,32768,10,2,2.5,2,444,5,3.6582,3.494,214.221,22060,22282.1,163235,9.96307
1,32768,10,2,2.5,3,445,5,3.8464,1.6627,3.2473,23.9039,33.1631,164021,10.011
2,32768,10,2,2.5,3,446,5,3.6902,2.157,8.21,72.4768,87.029,164468,10.0383
3,32768,10,2,2.5,3,447,5,3.9935,2.2493,26.8721,504.848,538.466,164003,10.0099
4,32768,10,2,2.5,3,448,5,3.8335,2.7998,23.6513,2823.16,2853.98,163736,9.99365
5,32768,10,2,2.5,3,449,5,3.6638,3.2218,55.3308,12148.1,12210.8,163730,9.99329
1,32768,10,2,2.5,4,450,5,3.8159,1.421,2.6694,17.9831,26.3874,163760,9.99512
2,32768,10,2,2.5,4,451,5,4.1785,1.8259,3.8896,52.7675,63.1954,164229,10.0237
3,32768,10,2,2.5,4,452,5,3.834,2.3198,54.8462,437.191,498.727,163767,9.99554
4,32768,10,2,2.5,4,453,5,3.7941,2.8048,8.5973,1986.84,2002.61,164183,10.0209
5,32768,10,2,2.5,4,454,5,3.8089,3.5589,98.6124,9060.11,9166.63,163177,9.95953
1,32768,10,2,2.5,5,455,5,3.8721,1.8073,4.653,17.6446,28.4903,163601,9.98541
2,32768,10,2,2.5,5,456,5,3.789,1.8463,4.7407,52.5844,63.4955,164074,10.0143
3,32768,10,2,2.5,5,457,5,3.8159,2.3286,27.1535,334.557,368.401,162918,9.94373
4,32768,10,2,2.5,5,458,5,3.8061,2.8813,26.2019,1810.45,1843.91,164047,10.0126
5,32768,10,2,2.5,5,459,5,4.0941,3.3169,49.0179,8560.64,8617.61,164259,10.0256
1,32768,10,2,2.5,6,460,5,4.6714,1.574,4.0794,15.8613,26.7015,164356,10.0315
2,32768,10,2,2.5,6,461,5,3.9601,2.0757,3.6569,39.4365,49.6394,163273,9.96539
3,32768,10,2,2.5,6,462,5,3.7876,2.5568,15.5765,299.905,322.589,164019,10.0109
4,32768,10,2,2.5,6,463,5,3.7653,2.7913,31.9968,1502.85,1541.95,163843,10.0002
5,32768,10,2,2.5,6,464,5,3.7612,3.2567,79.5714,7304.82,7391.96,163005,9.94904
1,1024,10,inf,2.5,1,465,0,0.1429,0.0482,0.1688,0.2458,0.6214,5229,10.2129
1,1024,100,inf,2.5,1,466,0,0.1276,0.0473,1.6111,0.6808,2.4821,51412,100.414
1,2048,10,inf,2.5,1,467,0,0.2592,0.0909,0.2778,0.4688,1.1237,10375,10.1318
1,2048,100,inf,2.5,1,468,0,0.2388,0.0895,2.8286,1.6069,4.7907,102538,100.135
1,4096,10,inf,2.5,1,469,0,0.5037,0.1762,0.3631,0.9242,2.0285,20668,10.0918
1,4096,100,inf,2.5,1,470,0,0.4508,0.1675,4.531,3.137,8.3531,205014,100.104
1,4096,1000,inf,2.5,1,471,0,0.4827,0.1748,116.629,19.9936,137.351,2047760,999.883
1,8192,10,inf,2.5,1,472,0,1.0249,0.3446,0.5459,1.9108,3.9466,41063,10.0251
1,8192,100,inf,2.5,1,473,0,0.9057,0.3377,11.2979,6.3096,18.9816,409831,100.056
1,8192,1000,inf,2.5,1,474,0,1.2555,0.3385,121.692,46.1787,169.592,4097244,1000.3
1,16384,10,inf,2.5,1,475,0,1.9353,0.652,1.1316,3.7292,7.6791,82355,10.0531
1,16384,100,inf,2.5,1,476,0,1.8657,0.6507,6.7094,12.8139,22.2924,818779,99.9486
1,16384,1000,inf,2.5,1,477,0,2.1185,0.6529,193.747,153.476,350.244,8191881,999.985
1,32768,10,inf,2.5,1,478,0,3.8567,1.3788,1.7484,7.8006,15.3242,162614,9.92517
1,32768,100,inf,2.5,1,479,0,3.7278,1.3672,23.366,27.0975,56.0603,1639879,100.09
1,32768,1000,inf,2.5,1,480,0,3.6925,1.3301,328.336,381.155,715.009,16387199,1000.2
1,65536,10,inf,2.5,1,481,0,7.6693,2.7585,3.821,17.0365,32.6107,327544,9.99585
1,65536,100,inf,2.5,1,482,0,7.3977,2.6639,34.4834,54.4386,100.324,3276449,99.9893
1,65536,1000,inf,2.5,1,483,0,7.3484,2.6524,438.671,853.94,1303.59,32765716,999.93
1,131072,10,inf,2.5,1,484,0,15.3307,5.7461,7.3535,34.4163,64.7945,654634,9.98892
1,131072,100,inf,2.5,1,485,0,14.8197,5.2503,62.1682,154.595,238.774,6552635,99.9853
1,131072,1000,inf,2.5,1,486,0,14.7478,5.5611,787.191,1484.76,2294.2,65531655,999.934
1,262144,10,inf,2.5,1,487,0,30.6445,11.0572,24.4953,73.2253,143.384,1311224,10.0038
1,262144,100,inf,2.5,1,488,0,29.676,10.45,134.835,375.255,554.159,13102711,99.9658
1,262144,1000,inf,2.5,1,489,0,30.0582,10.8949,1404.18,3062.77,4511.86,131061108,999.917
1,524288,10,inf,2.5,1,490,0,60.2472,21.5949,20.2597,150.22,260.113,2618923,9.9904
1,524288,100,inf,2.5,1,491,0,59.4987,21.4942,804.204,811.01,1703.98,26220358,100.023
1,524288,1000,inf,2.5,1,492,0,58.7767,21.1538,2034.67,6358.84,8481.35,262134323,999.963
1,1048576,10,inf,2.5,1,493,0,119.793,43.5209,57.0272,380.913,617.226,5256679,10.0263
1,1048576,100,inf,2.5,1,494,0,121.627,43.2121,164.811,1711.88,2057.28,52414524,99.9728
1,1048576,1000,inf,2.5,1,495,0,118.507,43.4894,3499.45,13231.5,16909.1,524327100,1000.07
1,32768,2,inf,2.5,1,496,1,3.6823,1.6997,1.6431,10.5985,18.1213,32381,1.97638
1,32768,4,inf,2.5,1,497,1,4.0458,1.3357,1.6038,8.4545,15.9143,66056,4.03174
1,32768,8,inf,2.5,1,498,1,4.0084,1.3319,4.4225,7.6406,17.8876,131446,8.02283
1,32768,16,inf,2.5,1,499,1,4.1154,1.332,2.1255,8.2838,16.345,261815,15.9799
1,32768,32,inf,2.5,1,500,1,3.9921,1.333,5.7906,11.4115,23.0229,524243,31.9973
1,32768,64,inf,2.5,1,501,1,3.7398,1.338,6.8587,19.0743,31.5205,1050181,64.098
1,32768,128,inf,2.5,1,502,1,3.7286,1.3394,18.8221,31.039,55.4328,2098672,128.093
1,32768,256,inf,2.5,1,503,1,3.6211,1.3301,72.7347,48.8747,127.064,4193208,255.933
1,32768,512,inf,2.5,1,504,1,3.7208,1.3324,112.651,248.502,366.761,8389209,512.037
1,32768,1024,inf,2.5,1,505,1,3.8372,1.3788,364.225,526.194,896.144,16778382,1024.07
1,32768,2048,inf,2.5,1,506,1,4.0609,1.3458,763.25,811.391,1580.54,33545418,2047.45
1,32768,4096,inf,2.5,1,507,1,4.1916,1.3542,2015.56,2179.24,4200.86,67110869,4096.12
1,32768,10,inf,2.5,1,508,2,3.7468,1.4552,1.8718,8.2871,15.8985,163196,9.96069
1,32768,10,5,2.5,1,509,2,3.8428,1.4683,15.6702,87.1398,108.625,164090,10.0153
1,32768,10,4.5,2.5,1,510,2,4.012,1.3325,7.3164,99.8404,113.02,164096,10.0156
1,32768,10,4,2.5,1,511,2,3.7562,1.7247,8.7322,92.5398,107.264,163957,10.0071
1,32768,10,3.5,2.5,1,512,2,3.6439,1.3329,8.0923,91.7816,105.353,164234,10.024
1,32768,10,3,2.5,1,513,2,3.6614,1.3348,10.0776,90.3476,105.927,163520,9.98047
1,32768,10,2.5,2.5,1,514,2,4.1465,1.3393,7.0461,94.5044,107.547,164182,10.0209
1,32768,10,2,2.5,1,515,2,3.8053,1.3431,5.101,52.4565,63.2121,163990,10.0092
1,32768,10,inf,2.5,1,516,3,3.7931,1.3505,2.0332,8.2505,15.9239,164085,10.015
2,32768,10,inf,2.5,1,517,3,3.6792,1.8462,4.5311,18.2353,28.8001,163068,9.95288
3,32768,10,inf,2.5,1,518,3,3.993,2.2576,26.2735,298.406,331.433,163642,9.98792
4,32768,10,inf,2.5,1,519,3,4.046,2.7246,115.559,726.875,849.786,163888,10.0029
5,32768,10,inf,2.5,1,520,3,4.4623,3.4101,479.222,2508.5,2996.15,163615,9.98627
1,32768,10,inf,2.5,1,521,4,3.6327,1.4302,5.7419,7.7834,19.0729,163789,9.99689
2,32768,10,inf,2.5,1,522,4,3.7272,2.1413,4.0158,18.2883,28.6818,164648,10.0493
3,32768,10,inf,2.5,1,523,4,3.6596,2.253,27.9591,299.713,334.089,163666,9.98938
4,32768,10,inf,2.5,1,524,4,3.6818,3.0432,106.049,985.659,1098.95,163459,9.97675
5,32768,10,inf,2.5,1,525,4,3.7951,3.2612,470.892,2464.69,2943.16,163817,9.9986
1,32768,10,inf,2.5,2,526,4,3.6767,1.3955,1.7206,5.2625,12.6127,163415,9.97406
2,32768,10,inf,2.5,2,527,4,4.0074,1.9168,2.8651,11.1425,20.4094,164239,10.0244
3,32768,10,inf,2.5,2,528,4,3.7584,2.2005,36.3075,182.889,225.651,164324,10.0295
4,32768,10,inf,2.5,2,529,4,3.6666,3.0538,101.938,680.729,790.007,163859,10.0012
5,32768,10,inf,2.5,2,530,4,4.1428,3.6726,466.449,1600.93,2075.74,164525,10.0418
1,32768,10,inf,2.5,3,531,4,3.6137,1.4279,1.8426,4.5793,11.9657,163776,9.99609
2,32768,10,inf,2.5,3,532,4,3.7278,1.824,3.3842,9.2508,18.6723,163769,9.99567
3,32768,10,inf,2.5,3,533,4,3.8122,2.2571,53.6501,132.137,192.677,163967,10.0078
4,32768,10,inf,2.5,3,534,4,3.6559,2.7173,93.5267,471.607,572.052,163195,9.96063
5,32768,10,inf,2.5,3,535,4,3.8186,3.1856,458.416,1231.79,1697.85,163200,9.96094
1,32768,10,inf,2.5,4,536,4,3.7946,1.5732,1.7984,4.2202,11.9183,163246,9.96375
2,32768,10,inf,2.5,4,537,4,4.0882,1.8811,2.5947,7.1412,16.2027,163725,9.99298
3,32768,10,inf,2.5,4,538,4,4.0997,2.3816,40.1619,104.832,151.992,164242,10.0245
4,32768,10,inf,2.5,4,539,4,3.7513,2.7886,76.8182,331.929,416.123,163889,10.003
5,32768,10,inf,2.5,4,540,4,3.75,3.2561,478.067,932.774,1418.38,163546,9.98206
1,32768,10,inf,2.5,5,541,4,3.9361,1.4223,1.6909,4.039,11.5873,163692,9.99097
2,32768,10,inf,2.5,5,542,4,4.0338,1.8375,11.0697,7.0905,24.5417,164160,10.0195
3,32768,10,inf,2.5,5,543,4,3.8577,2.3114,20.3131,90.7734,117.799,163391,9.9726
4,32768,10,inf,2.5,5,544,4,3.7018,2.789,90.1621,301.142,398.341,163490,9.97864
5,32768,10,inf,2.5,5,545,4,3.7649,3.2584,446.73,852.316,1306.62,163641,9.98785
1,32768,10,inf,2.5,6,546,4,3.7899,1.6311,3.0484,3.8428,12.8121,164184,10.021
2,32768,10,inf,2.5,6,547,4,3.7653,1.8434,2.5545,6.6662,15.3266,163792,9.99707
3,32768,10,inf,2.5,6,548,4,3.7518,2.3248,40.296,84.1837,131.061,163600,9.98535
4,32768,10,inf,2.5,6,549,4,3.7468,2.7914,96.8789,260.741,364.703,164314,10.0289
5,32768,10,inf,2.5,6,550,4,3.7458,3.2626,442.891,768.276,1218.73,163861,10.0013
1,32768,10,2,2.5,1,551,5,3.8252,1.3811,2.9195,54.5117,63.1425,163840,10
2,32768,10,2,2.5,1,552,5,3.6624,1.7887,4.5352,166.357,176.845,164184,10.021
3,32768,10,2,2.5,1,553,5,3.6753,2.5947,11.2519,1194.38,1212.44,164463,10.038
4,32768,10,2,2.5,1,554,5,3.6564,2.7868,24.077,5390.37,5421.44,163662,9.98914
5,32768,10,2,2.5,1,555,5,4.0125,3.1846,70.4779,22995,23073.2,164288,10.0273
1,32768,10,2,2.5,2,556,5,3.6466,1.4293,3.9963,29.2776,38.8517,163196,9.96069
2,32768,10,2,2.5,2,557,5,3.6614,1.7902,5.3351,91.7061,102.991,164384,10.0332
3,32768,10,2,2.5,2,558,5,4.0047,2.2498,7.1943,677.652,691.615,164044,10.0125
4,32768,10,2,2.5,2,559,5,3.6629,2.7191,19.2106,3489.93,3516.06,163495,9.97894
5,32768,10,2,2.5,2,560,5,3.6865,3.2956,91.3113,15855.9,15954.8,164607,10.0468
1,32768,10,2,2.5,3,561,5,3.7182,1.4752,4.1678,24.4082,34.2725,163147,9.9577
2,32768,10,2,2.5,3,562,5,3.7496,2.1615,101.571,97.2935,205.279,163926,10.0052
3,32768,10,2,2.5,3,563,5,3.6832,2.2493,7.1013,581.966,595.605,163863,10.0014
4,32768,10,2,2.5,3,564,5,5.3858,3.5358,20.5232,2870.7,2900.73,163919,10.0048
5,32768,10,2,2.5,3,565,5,4.8172,3.4884,51.1118,12113.2,12173.3,163448,9.97607
1,32768,10,2,2.5,4,566,5,3.7264,1.4298,3.5496,17.3729,26.5785,164114,10.0167
2,32768,10,2,2.5,4,567,5,3.9885,1.7906,3.2209,52.621,62.1153,163548,9.98218
3,32768,10,2,2.5,4,568,5,3.7774,2.3239,15.5767,381.196,403.41,163634,9.98743
4,32768,10,2,2.5,4,569,5,4.0325,2.7748,28.4021,1986.23,2021.98,163981,10.0086
5,32768,10,2,2.5,4,570,5,3.6523,3.1753,51.7885,9647.17,9706.33,163662,9.98914
1,32768,10,2,2.5,5,571,5,3.8655,1.3676,3.2933,17.3134,26.3527,163872,10.002
2,32768,10,2,2.5,5,572,5,3.7797,1.8366,4.448,45.4294,55.9963,163383,9.97211
3,32768,10,2,2.5,5,573,5,3.7555,2.3072,10.132,329.764,346.505,163344,9.96973
4,32768,10,2,2.5,5,574,5,3.7644,2.7869,24.4165,1720.75,1752.27,164165,10.0198
5,32768,10,2,2.5,5,575,5,3.7732,3.301,56.8417,8530.16,8594.62,163871,10.0019
1,32768,10,2,2.5,6,576,5,6.2618,2.3095,5.7132,29.5805,44.6911,163351,9.97015
2,32768,10,2,2.5,6,577,5,6.3908,2.4297,34.5947,119.525,164.058,163922,10.005
3,32768,10,2,2.5,6,578,5,6.272,3.091,18.6166,497.668,526.17,164275,10.0266
4,32768,10,2,2.5,6,579,5,3.8831,2.8313,17.4696,1698.24,1722.98,163524,9.98071
5,32768,10,2,2.5,6,580,5,4.0131,3.2686,147.734,8049.06,8204.63,163724,9.99292
1,1024,10,inf,2.5,1,581,0,0.1609,0.0501,0.1586,0.2458,0.6302,5229,10.2129
1,1024,100,inf,2.5,1,582,0,0.1252,0.0463,1.5128,0.8194,2.522,50981,99.5723
1,2048,10,inf,2.5,1,583,0,0.2848,0.0909,0.134,0.4632,0.9998,10421,10.1768
1,2048,100,inf,2.5,1,584,0,0.2365,0.0877,3.3999,1.3933,5.1456,102292,99.8945
1,4096,10,inf,2.5,1,585,0,0.4781,0.1753,0.2068,0.9071,1.8301,20663,10.0894
1,4096,100,inf,2.5,1,586,0,0.4642,0.1706,6.5799,3.1202,10.4055,205097,100.145
1,4096,1000,inf,2.5,1,587,0,0.4764,0.1721,120.988,20.966,142.675,2047523,999.767
1,8192,10,inf,2.5,1,588,0,1.1576,0.3914,0.3575,1.81,3.8385,40922,9.99072
1,8192,100,inf,2.5,1,589,0,0.9271,0.3357,12.1469,6.406,19.949,408868,99.8213
1,8192,1000,inf,2.5,1,590,0,0.9304,0.3386,129.973,46.9376,178.315,4093517,999.394
1,16384,10,inf,2.5,1,591,0,2.0563,0.6781,1.3426,3.9536,8.2742,81571,9.9574
1,16384,100,inf,2.5,1,592,0,1.8476,0.6692,7.7388,13.619,24.1321,818936,99.9678
1,16384,1000,inf,2.5,1,593,0,1.9074,0.6688,220.39,159.973,383.21,8190879,999.863
1,32768,10,inf,2.5,1,594,0,4.4049,1.4952,2.5892,8.2264,17.2773,163241,9.96344
1,32768,100,inf,2.5,1,595,0,4.3034,1.4418,27.6031,28.9317,62.8109,1636094,99.8593
1,32768,1000,inf,2.5,1,596,0,3.944,1.6951,335.468,410.943,752.595,16386495,1000.15
1,65536,10,inf,2.5,1,597,0,8.2054,2.829,4.001,18.3151,34.4375,328421,10.0226
1,65536,100,inf,2.5,1,598,0,8.2686,2.7427,41.8454,57.6505,111.528,3279430,100.08
1,65536,1000,inf,2.5,1,599,0,7.7124,2.7303,420.791,897.891,1330.38,32765814,999.933
1,131072,10,inf,2.5,1,600,0,18.2021,6.456,8.8817,40.8469,76.9893,654342,9.98447
1,131072,100,inf,2.5,1,601,0,17.1117,6.1407,202.13,157.996,385.361,6554998,100.021
1,131072,1000,inf,2.5,1,602,0,15.1286,5.3407,784.276,6082.81,6889.59,65536113,1000
1,262144,10,inf,2.5,1,603,0,30.6898,11.2566,18.3157,77.1854,141.478,1314717,10.0305
1,262144,100,inf,2.5,1,604,0,30.7185,10.8898,59.6791,382.45,487.775,13108418,100.009
1,262144,1000,inf,2.5,1,605,0,30.2809,11.2046,1233.17,3139.55,4418.44,131060564,999.913
1,524288,10,inf,2.5,1,606,0,60.044,21.8881,20.103,149.352,259.231,2623206,10.0067
1,524288,100,inf,2.5,1,607,0,58.8652,21.1094,87.513,799.531,975.049,26221932,100.029
1,524288,1000,inf,2.5,1,608,0,59.0386,21.8968,2138.19,6372.37,8599.9,262176231,1000.12
1,1048576,10,inf,2.5,1,609,0,122.348,43.8846,52.3937,387.471,622.734,5250464,10.0145
1,1048576,100,inf,2.5,1,610,0,121.583,44.008,203.764,1711.1,2096.33,52418915,99.9811
1,1048576,1000,inf,2.5,1,611,0,116.823,42.8193,3608.1,12755.8,16539.4,524290647,1000.01
1,32768,2,inf,2.5,1,612,1,3.6188,1.6682,1.7599,11.3192,18.86,32776,2.00049
1,32768,4,inf,2.5,1,613,1,3.962,1.3291,1.7907,8.2347,15.7964,65948,4.02515
1,32768,8,inf,2.5,1,614,1,3.9871,1.332,2.0582,7.4361,15.2891,131431,8.02191
1,32768,16,inf,2.5,1,615,1,3.7272,1.6543,2.1626,8.0746,16.1136,261931,15.987
1,32768,32,inf,2.5,1,616,1,3.6758,1.6543,4.1057,11.36,21.6333,525216,32.0566
1,32768,64,inf,2.5,1,617,1,3.6791,1.3314,6.7029,23.3892,35.6035,1047886,63.9579
1,32768,128,inf,2.5,1,618,1,3.7293,1.3329,18.8702,30.7446,55.1806,2098263,128.068
1,32768,256,inf,2.5,1,619,1,3.6781,1.3343,44.6818,68.07,118.254,4192722,255.903
1,32768,512,inf,2.5,1,620,1,3.6537,1.2999,157.132,240.291,402.874,8388673,512.004
1,32768,1024,inf,2.5,1,621,1,3.8705,1.3835,356.719,383.951,746.418,16776496,1023.96
1,32768,2048,inf,2.5,1,622,1,3.7598,1.3682,778.164,1051.43,1835.22,33557495,2048.19
1,32768,4096,inf,2.5,1,623,1,3.9234,1.7145,2403.8,1577.47,3987.41,67105377,4095.79
1,32768,10,inf,2.5,1,624,2,3.8266,1.4135,1.87,8.1995,15.8335,164361,10.0318
1,32768,10,5,2.5,1,625,2,3.9243,1.3644,8.7495,98.0198,112.555,162970,9.9469
1,32768,10,4.5,2.5,1,626,2,4.0515,1.3311,7.9875,95.0067,108.863,163598,9.98523
1,32768,10,4,2.5,1,627,2,3.6907,1.2967,9.2226,88.5918,103.286,163720,9.99268
1,32768,10,3.5,2.5,1,628,2,3.7524,1.2977,8.0506,89.8853,103.466,162579,9.92303
1,32768,10,3,2.5,1,629,2,4.0353,1.298,10.8076,89.1345,105.763,163963,10.0075
1,32768,10,2.5,2.5,1,630,2,3.8539,1.2994,8.1939,92.6738,106.521,163571,9.98358
1,32768,10,2,2.5,1,631,2,3.6637,1.3347,9.2448,50.9087,65.639,164167,10.02
1,32768,10,inf,2.5,1,632,3,7.3382,1.3918,1.7772,8.1353,19.2541,163788,9.99683
2,32768,10,inf,2.5,1,633,3,4.4958,1.8598,2.3903,20.3158,29.5708,164293,10.0276
3,32768,10,inf,2.5,1,634,3,5.7743,3.52,50.0902,314.242,374.146,164172,10.0203
4,32768,10,inf,2.5,1,635,3,4.2712,5.935,147.699,1043.89,1202.35,163340,9.96948
5,32768,10,inf,2.5,1,636,3,3.7301,3.5668,483.618,2431.35,2922.79,164098,10.0157
1,32768,10,inf,2.5,1,637,4,3.6671,1.9246,1.5698,8.0176,15.6847,164452,10.0374
2,32768,10,inf,2.5,1,638,4,3.8975,1.7545,2.4913,18.6616,27.3423,163678,9.99011
3,32768,10,inf,2.5,1,639,4,3.9398,2.2349,30.8754,296.615,334.167,163401,9.97321
4,32768,10,inf,2.5,1,640,4,3.9931,2.7158,84.3164,952.717,1044.29,162916,9.9436
5,32768,10,inf,2.5,1,641,4,3.6693,3.1805,454.002,2409.69,2871.07,164255,10.0253
1,32768,10,inf,2.5,2,642,4,4.0821,1.3038,2.1343,5.3221,13.3171,163932,10.0056
2,32768,10,inf,2.5,2,643,4,3.5752,2.0059,3.6879,10.3179,20.0566,164046,10.0126
3,32768,10,inf,2.5,2,644,4,4.0288,2.2469,36.2434,169.926,212.932,163765,9.99542
4,32768,10,inf,2.5,2,645,4,3.6146,2.656,90.9422,571.576,669.325,163970,10.0079
5,32768,10,inf,2.5,2,646,4,3.6605,3.4847,466.519,1581.47,2055.67,163637,9.98761
1,32768,10,inf,2.5,3,647,4,3.7463,1.332,1.8953,4.4949,11.9546,164156,10.0193
2,32768,10,inf,2.5,3,648,4,4.0014,1.9246,1.5166,8.9655,16.8913,163506,9.97961
3,32768,10,inf,2.5,3,649,4,3.9695,2.3452,34.3564,140.16,181.35,163652,9.98853
4,32768,10,inf,2.5,3,650,4,3.755,3.0998,84.7685,482.898,575.06,163694,9.99109
5,32768,10,inf,2.5,3,651,4,3.7106,3.1824,486.094,1225.08,1718.6,163749,9.99445
1,32768,10,inf,2.5,4,652,4,3.7269,1.4247,1.9145,4.4907,12.0826,163265,9.9649
2,32768,10,inf,2.5,4,653,4,3.7138,1.8898,2.9028,7.2547,16.2977,163302,9.96716
3,32768,10,inf,2.5,4,654,4,3.7357,2.3106,33.7786,98.1227,138.439,163665,9.98932
4,32768,10,inf,2.5,4,655,4,3.7073,2.7947,89.333,334.494,430.862,164081,10.0147
5,32768,10,inf,2.5,4,656,4,3.6772,3.2168,436.807,930.203,1374.44,163938,10.006
1,32768,10,inf,2.5,5,657,4,4.0366,1.3343,2.0949,4.0979,12.0598,164085,10.015
2,32768,10,inf,2.5,5,658,4,3.7538,1.8373,2.4185,6.7057,15.2084,164396,10.0339
3,32768,10,inf,2.5,5,659,4,3.7407,2.3101,31.75,90.2461,128.552,164408,10.0347
4,32768,10,inf,2.5,5,660,4,3.7588,2.8077,93.5133,291.774,392.399,164094,10.0155
5,32768,10,inf,2.5,5,661,4,3.7598,3.5269,517.573,837.278,1362.69,164041,10.0123
1,32768,10,inf,2.5,6,662,4,3.7635,1.4581,2.0929,4.0511,11.8646,164015,10.0107
2,32768,10,inf,2.5,6,663,4,3.7644,1.8338,2.4751,6.4496,15.0159,163632,9.9873
3,32768,10,inf,2.5,6,664,4,3.6963,2.3206,34.7024,79.1624,120.389,163217,9.96198
4,32768,10,inf,2.5,6,665,4,3.7653,2.7933,82.1134,251.179,340.399,164497,10.0401
5,32768,10,inf,2.5,6,666,4,4.0028,3.2612,466.495,753.24,1227.55,163684,9.99048
1,32768,10,2,2.5,1,667,5,3.7673,1.3658,2.5962,55.035,63.2594,163760,9.99512
2,32768,10,2,2.5,1,668,5,3.6943,1.7888,7.0752,165.11,178.205,163938,10.006
3,32768,10,2,2.5,1,669,5,3.8831,2.2316,31.4778,1125.68,1163.76,163042,9.95129
4,32768,10,2,2.5,1,670,5,3.9184,2.7386,114.247,6538.22,6659.67,164529,10.0421
5,32768,10,2,2.5,1,671,5,3.7106,3.201,80.2779,22994.7,23082.4,163564,9.98315
1,32768,10,2,2.5,2,672,5,3.628,1.428,2.6639,29.7647,37.9803,164294,10.0277
2,32768,10,2,2.5,2,673,5,3.6202,2.0856,33.5908,98.1603,138.295,164203,10.0222
3,32768,10,2,2.5,2,674,5,3.8376,2.3518,16.2221,727.471,750.479,163876,10.0022
4,32768,10,2,2.5,2,675,5,4.415,3.0697,37.4145,3566.41,3611.85,163489,9.97858
5,32768,10,2,2.5,2,676,5,3.9903,3.1782,131.743,15425.1,15564.6,163406,9.97351
1,32768,10,2,2.5,3,677,5,3.6828,1.6376,2.4292,23.4152,31.6531,164121,10.0172
2,32768,10,2,2.5,3,678,5,3.8376,2.2177,4.7866,72.9753,84.3062,163981,10.0086
3,32768,10,2,2.5,3,679,5,3.6647,2.5693,10.3568,506.332,523.423,163260,9.9646
4,32768,10,2,2.5,3,680,5,3.7788,2.7205,88.8858,2856.35,2952.28,164298,10.028
5,32768,10,2,2.5,3,681,5,3.7088,3.1814,56.4787,12605.5,12669.5,163407,9.97357
1,32768,10,2,2.5,4,682,5,3.61,1.4279,2.4992,17.748,25.7749,163902,10.0038
2,32768,10,2,2.5,4,683,5,3.6735,1.7892,7.8029,49.6951,63.4926,163758,9.995
3,32768,10,2,2.5,4,684,5,3.9843,2.2905,12.9869,381.307,401.114,163624,9.98682
4,32768,10,2,2.5,4,685,5,3.9675,2.7182,167.594,1955.32,2130.13,163755,9.99481
5,32768,10,2,2.5,4,686,5,3.6828,3.4796,62.3713,9208,9278.07,164299,10.028
1,32768,10,2,2.5,5,687,5,3.7738,1.4085,3.9327,17.3626,26.9923,163176,9.95947
2,32768,10,2,2.5,5,688,5,3.8025,1.836,4.9044,46.662,57.722,163514,9.9801
3,32768,10,2,2.5,5,689,5,3.7695,2.3263,15.7672,333.084,355.465,164165,10.0198
4,32768,10,2,2.5,5,690,5,4.0274,2.7941,36.6767,1730.98,1775.02,164105,10.0162
5,32768,10,2,2.5,5,691,5,3.7176,3.1971,188.681,8302.82,8498.97,164162,10.0197
1,32768,10,2,2.5,6,692,5,3.7699,1.3659,3.2041,15.5813,24.4401,163865,10.0015
2,32768,10,2,2.5,6,693,5,4.0306,1.8351,3.9202,40.5278,50.8262,163997,10.0096
3,32768,10,2,2.5,6,694,5,4.0075,2.31,8.5858,308.951,324.372,163663,9.9892
4,32768,10,2,2.5,6,695,5,3.75,2.7952,85.2207,1497.97,1590.36,162715,9.93134
5,32768,10,2,2.5,6,696,5,4.0807,3.2682,82.5489,7439.31,7529.75,164186,10.0211
1,1024,10,inf,2.5,1,697,0,0.1304,0.0482,0.0992,0.2523,0.5463,5196,10.1484
1,1024,100,inf,2.5,1,698,0,0.1275,0.0473,1.6877,0.8227,2.7,50826,99.2695
1,2048,10,inf,2.5,1,699,0,0.269,0.096,0.212,0.4935,1.0973,10201,9.96191
1,2048,100,inf,2.5,1,700,0,0.2383,0.0895,2.9557,1.5406,4.851,102145,99.751
1,4096,10,inf,2.5,1,701,0,0.4948,0.1781,0.2602,0.9702,1.965,20568,10.043
1,4096,100,inf,2.5,1,702,0,0.4527,0.1665,4.0139,2.8869,7.5844,205164,100.178
1,4096,1000,inf,2.5,1,703,0,0.4586,0.1674,115.018,20.0196,135.732,2047760,999.883
1,8192,10,inf,2.5,1,704,0,1.4153,0.3358,0.5162,1.8717,4.2569,40745,9.94751
1,8192,100,inf,2.5,1,705,0,0.8978,0.3265,6.1245,6.5262,14.0062,409837,100.058
1,8192,1000,inf,2.5,1,706,0,0.9057,0.3307,113.639,45.0583,160.063,4096081,1000.02
1,16384,10,inf,2.5,1,707,0,1.9038,0.6567,0.9198,3.9703,7.6832,82157,10.0289
1,16384,100,inf,2.5,1,708,0,1.8124,0.6488,10.3643,12.9265,26.0012,820065,100.106
1,16384,1000,inf,2.5,1,709,0,1.9196,0.6535,219.059,154.776,376.668,8193842,1000.22
1,32768,10,inf,2.5,1,710,0,3.911,1.3505,2.407,7.7579,15.9704,164448,10.0371
1,32768,100,inf,2.5,1,711,0,3.6837,1.3315,8.2166,26.2368,39.9791,1639926,100.093
1,32768,1000,inf,2.5,1,712,0,3.9861,1.3309,300.039,386.792,692.647,16381939,999.874
1,65536,10,inf,2.5,1,713,0,7.2821,2.7455,3.3646,16.2277,30.5942,327868,10.0057
1,65536,100,inf,2.5,1,714,0,7.6476,2.6671,41.4526,56.5574,109.327,3274410,99.9271
1,65536,1000,inf,2.5,1,715,0,7.3336,2.9977,463.2,708.928,1183.44,32771187,1000.1
1,131072,10,inf,2.5,1,716,0,14.8347,5.2541,6.9416,37.5968,66.5675,656548,10.0181
1,131072,100,inf,2.5,1,717,0,14.7455,5.9316,86.125,155.502,264.289,6552164,99.9781
1,131072,1000,inf,2.5,1,718,0,14.976,5.3152,829.043,1519.26,2370.63,65545660,1000.15
1,262144,10,inf,2.5,1,719,0,30.0101,11.1911,14.9913,74.1654,134.336,1311037,10.0024
1,262144,100,inf,2.5,1,720,0,29.9223,10.6481,136.441,376.035,557.004,13113292,100.046
1,262144,1000,inf,2.5,1,721,0,29.6177,10.9431,1161.14,3072.3,4277.91,131079494,1000.06
1,524288,10,inf,2.5,1,722,0,58.7511,21.581,19.5548,149.235,256.844,2626281,10.0185
1,524288,100,inf,2.5,1,723,0,59.0317,21.1173,104.108,807.366,999.524,26224143,100.037
1,524288,1000,inf,2.5,1,724,0,59.878,21.556,2436.97,6325.33,8851.45,262154392,1000.04
1,1048576,10,inf,2.5,1,725,0,120.155,43.2793,62.8936,388.817,631.229,5245557,10.0051
1,1048576,100,inf,2.5,1,726,0,118.696,42.6301,190.806,1723.88,2092.33,52427189,99.9969
1,1048576,1000,inf,2.5,1,727,0,121.51,43.386,2234.31,12892.3,15307.5,524284399,999.993
1,32768,2,inf,2.5,1,728,1,3.6939,1.3459,1.7345,10.6839,17.9298,32299,1.97137
1,32768,4,inf,2.5,1,729,1,3.7065,1.3379,1.7688,8.3878,15.6735,65260,3.98315
1,32768,8,inf,2.5,1,730,1,3.7059,1.3625,2.1097,7.6517,15.3252,130725,7.97882
1,32768,16,inf,2.5,1,731,1,3.6727,1.4905,4.5226,9.6325,19.8238,263109,16.0589
1,32768,32,inf,2.5,1,732,1,3.777,1.3374,4.0488,10.975,20.6428,523403,31.946
1,32768,64,inf,2.5,1,733,1,3.6665,1.6607,5.485,18.0513,29.3826,1048008,63.9653
1,32768,128,inf,2.5,1,734,1,3.7138,1.339,50.3083,28.6683,84.5343,2096977,127.989
1,32768,256,inf,2.5,1,735,1,3.6828,1.332,74.1115,48.8635,128.483,4192198,255.871
1,32768,512,inf,2.5,1,736,1,3.8146,1.3032,112.21,177.882,295.748,8386825,511.891
1,32768,1024,inf,2.5,1,737,1,3.8061,1.3831,282.592,390.373,678.654,16776871,1023.98
1,32768,2048,inf,2.5,1,738,1,3.7569,1.7118,637.271,797.11,1440.35,33549378,2047.69
1,32768,4096,inf,2.5,1,739,1,3.7853,1.3691,2368.93,1623.07,3997.65,67103940,4095.7
1,32768,10,inf,2.5,1,740,2,3.7315,1.3473,2.8633,7.7774,16.2397,163473,9.9776
1,32768,10,5,2.5,1,741,2,3.789,1.3416,15.2586,86.0856,106.979,163501,9.97931
1,32768,10,4.5,2.5,1,742,2,3.9693,1.3319,7.7031,95.0052,108.515,163815,9.99847
1,32768,10,4,2.5,1,743,2,3.6906,1.3393,8.8394,92.7468,107.116,164045,10.0125
1,32768,10,3.5,2.5,1,744,2,4.0079,1.3325,8.6404,87.5116,101.982,164156,10.0193
1,32768,10,3,2.5,1,745,2,3.687,1.2986,9.9423,87.5641,102.981,164134,10.0179
1,32768,10,2.5,2.5,1,746,2,3.7486,1.3732,7.059,92.43,105.102,163253,9.96417
1,32768,10,2,2.5,1,747,2,3.7441,1.2985,3.7509,52.967,62.3226,163705,9.99176
1,32768,10,inf,2.5,1,748,3,3.8511,1.3027,1.919,7.9731,15.5191,163681,9.9903
2,32768,10,inf,2.5,1,749,3,3.707,2.0026,2.405,18.2971,26.8971,164746,10.0553
3,32768,10,inf,2.5,1,750,3,3.9546,2.2553,37.1858,303.708,347.598,164139,10.0182
4,32768,10,inf,2.5,1,751,3,4.069,2.727,93.8695,948.546,1049.74,164331,10.03
5,32768,10,inf,2.5,1,752,3,4.0589,3.1049,484.626,2370.55,2862.87,164338,10.0304
1,32768,10,inf,2.5,1,753,4,3.8256,1.6469,1.6547,7.559,15.155,163992,10.0093
2,32768,10,inf,2.5,1,754,4,3.6801,1.7433,3.1161,18.5034,27.5256,163331,9.96893
3,32768,10,inf,2.5,1,755,4,3.6591,2.1955,35.225,294.205,335.776,163680,9.99023
4,32768,10,inf,2.5,1,756,4,3.5691,2.6913,88.8051,940.556,1036.15,164047,10.0126
5,32768,10,inf,2.5,1,757,4,3.5747,3.1684,445.433,2413.45,2866.19,163528,9.98096
1,32768,10,inf,2.5,2,758,4,3.7199,1.4714,1.5393,5.6937,12.9344,163965,10.0076
2,32768,10,inf,2.5,2,759,4,3.7992,1.8472,2.0569,11.725,19.9565,163605,9.98566
3,32768,10,inf,2.5,2,760,4,3.7583,2.3161,42.0095,180.401,229.013,164455,10.0375
4,32768,10,inf,2.5,2,761,4,3.6782,2.7377,91.1704,595.278,693.441,164481,10.0391
5,32768,10,inf,2.5,2,762,4,4.0149,3.199,418.38,1288.97,1715.11,163040,9.95117
1,32768,10,inf,2.5,3,763,4,4.0603,1.3398,1.6705,5.0138,12.7008,164073,10.0142
2,32768,10,inf,2.5,3,764,4,3.7218,1.8319,3.6569,9.3158,19.0344,163695,9.99115
3,32768,10,inf,2.5,3,765,4,3.7042,2.554,30.6893,128.586,166.051,163819,9.99872
4,32768,10,inf,2.5,3,766,4,3.8145,3.1067,92.04,475.463,574.979,163366,9.97107
5,32768,10,inf,2.5,3,767,4,3.6244,3.187,491.829,1239.59,1738.81,163124,9.9563
1,32768,10,inf,2.5,4,768,4,3.8819,1.3773,2.1223,4.0686,11.9704,164558,10.0438
2,32768,10,inf,2.5,4,769,4,3.7681,1.8444,2.8049,7.2472,16.1942,163580,9.98413
3,32768,10,inf,2.5,4,770,4,3.7668,2.3152,30.4607,106.772,143.844,162950,9.94568
4,32768,10,inf,2.5,4,771,4,4.0774,2.8309,80.4568,344.029,431.956,163751,9.99457
5,32768,10,inf,2.5,4,772,4,4.0491,3.2761,469.762,952.879,1430.52,163694,9.99109
1,32768,10,inf,2.5,5,773,4,3.7922,1.3695,2.2636,4.0905,12.0348,163717,9.99249
2,32768,10,inf,2.5,5,774,4,4.0046,1.9251,3.4216,7.5724,17.4493,163649,9.98834
3,32768,10,inf,2.5,5,775,4,3.9397,2.4445,26.9561,86.1663,120.038,164363,10.0319
4,32768,10,inf,2.5,5,776,4,3.9958,3.2621,95.4273,312.228,415.467,164329,10.0298
5,32768,10,inf,2.5,5,777,4,3.7546,3.3823,503.859,852.536,1364.09,164259,10.0256
1,32768,10,inf,2.5,6,778,4,3.8261,1.3802,1.7748,4.646,12.1545,164208,10.0225
2,32768,10,inf,2.5,6,779,4,3.7662,1.8565,4.8435,8.207,19.2074,164469,10.0384
3,32768,10,inf,2.5,6,780,4,3.7889,2.3226,23.987,77.1599,107.79,163890,10.0031
4,32768,10,inf,2.5,6,781,4,3.9717,2.8062,121.105,188.786,317.232,163643,9.98798
5,32768,10,inf,2.5,6,782,4,4.0024,3.2705,483.015,753.932,1244.78,163813,9.99835
1,32768,10,2,2.5,1,783,5,3.7871,1.3797,3.0293,55.5228,64.2393,164087,10.0151
2,32768,10,2,2.5,1,784,5,3.7138,1.7939,3.2028,170.648,179.882,163293,9.96661
3,32768,10,2,2.5,1,785,5,3.7709,2.2999,5.2842,1169.9,1181.77,164526,10.0419
4,32768,10,2,2.5,1,786,5,3.6916,2.7329,32.9262,5502.58,5542.47,163394,9.97278
5,32768,10,2,2.5,1,787,5,3.6782,3.5172,45.0281,22649.1,22701.9,163136,9.95703
1,32768,10,2,2.5,2,788,5,4.0677,1.3445,3.1865,29.7831,38.9018,164144,10.0186
2,32768,10,2,2.5,2,789,5,3.6717,1.8254,13.3908,91.6653,111.069,163846,10.0004
3,32768,10,2,2.5,2,790,5,3.9903,2.2632,13.8918,690.006,710.678,162873,9.94098
4,32768,10,2,2.5,2,791,5,3.7274,2.7284,13.984,3471.55,3492.52,163672,9.98975
5,32768,10,2,2.5,2,792,5,3.7125,3.2079,51.2112,15311.2,15369.8,163932,10.0056
1,32768,10,2,2.5,3,793,5,3.807,1.5044,6.6569,23.137,35.61,164148,10.0188
2,32768,10,2,2.5,3,794,5,3.6651,1.7883,3.8738,73.4061,83.2302,163231,9.96283
3,32768,10,2,2.5,3,795,5,3.6735,2.2502,9.5982,511.257,527.283,164277,10.0267
4,32768,10,2,2.5,3,796,5,3.6837,2.7153,23.0669,2817.52,2847.53,163608,9.98584
5,32768,10,2,2.5,3,797,5,3.9986,3.1741,32.3515,11819.3,11859.5,164243,10.0246
1,32768,10,2,2.5,4,798,5,3.7129,1.4915,2.7682,17.6886,26.1602,163523,9.98065
2,32768,10,2,2.5,4,799,5,3.7983,1.8959,3.5093,53.9951,63.7046,164979,10.0695
3,32768,10,2,2.5,4,800,5,4.044,2.3115,15.9911,397.438,420.328,163053,9.95197
4,32768,10,2,2.5,4,801,5,3.814,2.824,29.4674,2037.46,2074.14,163638,9.98767
5,32768,10,2,2.5,4,802,5,3.769,3.5933,128.018,9282.86,9418.79,163113,9.95563
1,32768,10,2,2.5,5,803,5,5.088,1.5443,3.386,18.1343,28.6891,163612,9.98608
2,32768,10,2,2.5,5,804,5,4.2101,1.8546,6.2299,45.7688,58.5805,165127,10.0786
3,32768,10,2,2.5,5,805,5,4.4804,2.5809,7.0242,346.993,361.671,163537,9.98151
4,32768,10,2,2.5,5,806,5,4.0844,2.7942,22.8569,1798.21,1828.5,163893,10.0032
5,32768,10,2,2.5,5,807,5,3.7524,3.2612,40.0209,8270.42,8318.01,163754,9.99475
1,32768,10,2,2.5,6,808,5,3.8052,1.3668,2.9059,15.5929,24.1856,164251,10.0251
2,32768,10,2,2.5,6,809,5,3.7584,1.8384,3.3094,40.4271,49.8411,164102,10.016
3,32768,10,2,2.5,6,810,5,3.7575,2.3119,9.9919,296.104,312.677,164154,10.0192
4,32768,10,2,2.5,6,811,5,3.9973,2.7868,59.3062,1471.77,1538.48,163533,9.98126
5,32768,10,2,2.5,6,812,5,4.173,3.3326,53.8552,7377.9,7439.8,164141,10.0184
1,1024,10,inf,2.5,1,813,0,0.1609,0.0575,0.102,0.3038,0.6413,5094,9.94922
1,1024,100,inf,2.5,1,814,0,0.1568,0.0557,3.3086,0.8774,4.4151,51358,100.309
1,2048,10,inf,2.5,1,815,0,0.3001,0.1053,0.2764,0.8565,1.5666,10243,10.0029
1,2048,100,inf,2.5,1,816,0,0.2945,0.1053,4.3196,1.3951,6.1413,102503,100.101
1,4096,10,inf,2.5,1,817,0,0.4726,0.1837,0.2634,0.9679,1.952,20642,10.0791
1,4096,100,inf,2.5,1,818,0,0.4577,0.1832,3.8818,2.9588,7.5506,204237,99.7251
1,4096,1000,inf,2.5,1,819,0,0.7968,0.1725,112.757,20.1276,133.923,2047394,999.704
1,8192,10,inf,2.5,1,820,0,1.0318,0.3567,0.4763,1.8027,3.79,40546,9.89893
1,8192,100,inf,2.5,1,821,0,0.9006,0.353,7.4639,6.7046,15.5552,409211,99.905
1,8192,1000,inf,2.5,1,822,0,0.9299,0.3358,154.659,45.6199,201.673,4095671,999.92
1,16384,10,inf,2.5,1,823,0,1.9334,0.6929,1.3319,3.9384,8.1549,82004,10.0103
1,16384,100,inf,2.5,1,824,0,1.8857,0.6827,22.4427,12.9372,38.1987,818968,99.9717
1,16384,1000,inf,2.5,1,825,0,1.8143,0.6506,221.325,162.763,386.812,8195946,1000.48
1,32768,10,inf,2.5,1,826,0,3.6727,1.3496,2.4042,7.9068,15.8154,164294,10.0277
1,32768,100,inf,2.5,1,827,0,3.6624,1.3292,19.7935,27.2051,52.4995,1638491,100.006
1,32768,1000,inf,2.5,1,828,0,3.662,1.6565,307.147,401.075,714.049,16383056,999.942
1,65536,10,inf,2.5,1,829,0,7.3015,2.6593,4.4359,16.4884,31.8538,327041,9.9805
1,65536,100,inf,2.5,1,830,0,7.2918,2.741,16.5213,54.342,82.2044,3274819,99.9395
1,65536,1000,inf,2.5,1,831,0,7.2822,2.5888,492.359,734.313,1237.54,32768467,1000.01
1,131072,10,inf,2.5,1,832,0,15.8956,5.9075,8.6048,37.1399,70.0309,656068,10.0108
1,131072,100,inf,2.5,1,833,0,15.3831,5.5268,88.8376,165.129,276.916,6555603,100.031
1,131072,1000,inf,2.5,1,834,0,15.5859,5.8366,684.16,1479.57,2187.15,65526956,999.862
1,262144,10,inf,2.5,1,835,0,31.2473,11.0405,10.9301,75.0228,132.635,1310670,9.99962
1,262144,100,inf,2.5,1,836,0,30.0629,11.202,373.232,381.866,800.747,13111590,100.033
1,262144,1000,inf,2.5,1,837,0,30.7975,11.2112,1099.41,3145.24,4290.98,131080123,1000.06
1,524288,10,inf,2.5,1,838,0,62.125,22.2632,30.6319,162.366,285.462,2621264,9.99933
1,524288,100,inf,2.5,1,839,0,60.8455,22.7413,684.914,828.821,1605.54,26214464,100
1,524288,1000,inf,2.5,1,840,0,59.4143,21.5411,2100.99,6237.05,8426.77,262157926,1000.05
1,1048576,10,inf,2.5,1,841,0,119.916,43.5663,52.2564,379.264,611.078,5248577,10.0109
1,1048576,100,inf,2.5,1,842,0,117.565,43.0048,162.126,1754.67,2093.16,52436917,100.015
1,1048576,1000,inf,2.5,1,843,0,119.354,43.0891,3667.14,12987.6,16833.3,524274707,999.975
1,32768,2,inf,2.5,1,844,1,3.6726,1.3491,1.9237,10.771,18.2112,32968,2.01221
1,32768,4,inf,2.5,1,845,1,3.7046,1.3342,2.2516,8.409,16.2282,65981,4.02716
1,32768,8,inf,2.5,1,846,1,4.3381,1.3041,2.7223,7.5381,16.3891,131690,8.03772
1,32768,16,inf,2.5,1,847,1,3.7877,1.3361,3.8632,8.5273,18.0828,261809,15.9796
1,32768,32,inf,2.5,1,848,1,3.7811,1.6395,5.2137,11.9184,23.0474,524453,32.0101
1,32768,64,inf,2.5,1,849,1,3.7463,1.3157,7.5478,18.873,32.3396,1050483,64.1164
1,32768,128,inf,2.5,1,850,1,3.7068,1.3324,13.427,32.1707,51.1467,2098128,128.06
1,32768,256,inf,2.5,1,851,1,3.7148,1.3324,56.0609,79.808,141.425,4194614,256.019
1,32768,512,inf,2.5,1,852,1,4.1142,1.3394,88.115,251.65,345.731,8391294,512.164
1,32768,1024,inf,2.5,1,853,1,4.0983,1.3473,247.934,538.865,792.778,16778227,1024.06
1,32768,2048,inf,2.5,1,854,1,3.7969,1.3853,816.472,1068.26,1890.45,33556152,2048.1
1,32768,4096,inf,2.5,1,855,1,3.9519,1.6412,2176.32,2135.41,4317.82,67114388,4096.34
1,32768,10,inf,2.5,1,856,2,3.7135,1.35,2.1611,8.1475,15.8697,163645,9.9881
1,32768,10,5,2.5,1,857,2,3.9861,1.4094,19.3151,85.7178,110.931,163436,9.97534
1,32768,10,4.5,2.5,1,858,2,4.0384,1.3339,7.6272,93.8074,107.3,163603,9.98553
1,32768,10,4,2.5,1,859,2,3.8112,1.2994,9.3815,89.313,104.306,163285,9.96613
1,32768,10,3.5,2.5,1,860,2,3.6592,1.332,9.3556,89.7772,104.613,163845,10.0003
1,32768,10,3,2.5,1,861,2,4.2208,1.3723,7.1861,91.8896,105.157,163184,9.95996
1,32768,10,2.5,2.5,1,862,2,3.7227,1.3375,16.7866,87.3373,109.709,164201,10.022
1,32768,10,2,2.5,1,863,2,4.0871,1.3365,2.5263,54.8846,63.3271,164149,10.0189
1,32768,10,inf,2.5,1,864,3,3.68,1.6399,1.9853,7.9406,15.732,163960,10.0073
2,32768,10,inf,2.5,1,865,3,3.7399,2.118,3.2886,18.1251,27.8002,163842,10.0001
3,32768,10,inf,2.5,1,866,3,3.7116,2.2006,33.3584,289.786,329.546,163817,9.9986
4,32768,10,inf,2.5,1,867,3,3.7519,2.6565,67.9378,921.518,996.386,163597,9.98517
5,32768,10,inf,2.5,1,868,3,3.9968,3.1133,475.238,2406.79,2889.66,163127,9.95648
1,32768,10,inf,2.5,1,869,4,3.7983,1.375,2.3087,8.23,16.1874,164065,10.0137
2,32768,10,inf,2.5,1,870,4,3.9013,1.7517,3.3229,18.604,28.0677,164208,10.0225
3,32768,10,inf,2.5,1,871,4,3.7321,2.3239,29.5609,307.023,343.125,163574,9.98376
4,32768,10,inf,2.5,1,872,4,3.5682,2.9829,104.365,944.038,1055.83,163597,9.98517
5,32768,10,inf,2.5,1,873,4,3.5659,3.1406,452.438,2446,2905.68,163875,10.0021
1,32768,10,inf,2.5,2,874,4,3.6935,1.3338,1.8268,5.4006,12.7458,163510,9.97986
2,32768,10,inf,2.5,2,875,4,3.6606,1.8732,5.1941,11.1249,22.4644,163984,10.0088
3,32768,10,inf,2.5,2,876,4,3.6782,2.2484,25.2489,168.915,200.591,163947,10.0065
4,32768,10,inf,2.5,2,877,4,3.6897,2.7186,83.9088,590.235,681.076,163715,9.99237
5,32768,10,inf,2.5,2,878,4,3.711,3.2079,461.742,1604.18,2073.39,164346,10.0309
1,32768,10,inf,2.5,3,879,4,4.0389,1.3357,1.7957,4.5765,12.2341,163784,9.99658
2,32768,10,inf,2.5,3,880,4,3.7356,1.9145,2.9472,8.8445,17.9325,163186,9.96008
3,32768,10,inf,2.5,3,881,4,3.7714,2.7154,31.4578,140.58,179.021,163570,9.98352
4,32768,10,inf,2.5,3,882,4,3.7283,2.7928,77.7518,471.293,556.113,164070,10.014
5,32768,10,inf,2.5,3,883,4,3.7547,3.5686,438.762,1217.76,1664.5,163632,9.9873
1,32768,10,inf,2.5,4,884,4,3.8851,1.3844,1.9552,4.0627,11.7918,164168,10.02
2,32768,10,inf,2.5,4,885,4,3.8391,1.855,2.3157,7.5451,16.0399,163702,9.99158
3,32768,10,inf,2.5,4,886,4,3.8108,2.3536,26.8175,101.377,134.875,164570,10.0446
4,32768,10,inf,2.5,4,887,4,3.7732,2.7979,90.7706,333.459,431.377,163217,9.96198
5,32768,10,inf,2.5,4,888,4,3.8052,3.2881,475.572,955.394,1438.59,163479,9.97797
1,32768,10,inf,2.5,5,889,4,3.9707,1.3877,2.1129,4.0339,12.0092,163762,9.99524
2,32768,10,inf,2.5,5,890,4,3.7969,1.8342,2.4796,7.4593,16.0692,164219,10.0231
3,32768,10,inf,2.5,5,891,4,3.7565,2.3063,32.0363,98.5391,137.144,163133,9.95685
4,32768,10,inf,2.5,5,892,4,3.7612,2.7887,100.975,307.241,415.311,163826,9.99915
5,32768,10,inf,2.5,5,893,4,3.7705,3.2626,462.274,857.629,1327.48,164727,10.0541
1,32768,10,inf,2.5,6,894,4,3.7913,1.3659,1.8634,3.7412,11.2598,163394,9.97278
2,32768,10,inf,2.5,6,895,4,3.9996,1.8393,3.2432,6.5229,16.1044,164096,10.0156
3,32768,10,inf,2.5,6,896,4,4.0167,2.31,35.7812,79.5567,122.173,163316,9.96802
4,32768,10,inf,2.5,6,897,4,3.835,2.7946,81.2555,247.245,335.678,163849,10.0005
5,32768,10,inf,2.5,6,898,4,3.7496,3.2654,443.053,717.159,1167.78,163521,9.98053
1,32768,10,2,2.5,1,899,5,3.7816,1.3663,2.9793,53.7698,62.401,163612,9.98608
2,32768,10,2,2.5,1,900,5,3.6601,1.7888,3.4328,167.936,177.321,163354,9.97034
3,32768,10,2,2.5,1,901,5,3.6749,2.5539,9.9145,1160.01,1176.66,164181,10.0208
4,32768,10,2,2.5,1,902,5,3.654,2.7213,65.2829,5789.05,5861.24,164038,10.0121
5,32768,10,2,2.5,1,903,5,3.6531,3.1884,49.3436,23154.7,23211.6,163833,9.99957
1,32768,10,2,2.5,2,904,5,4.0774,1.3723,3.3841,30.7042,40.0539,163821,9.99884
2,32768,10,2,2.5,2,905,5,3.7751,1.8351,5.1404,94.4998,105.77,163858,10.0011
3,32768,10,2,2.5,2,906,5,3.8636,2.651,19.5691,684.883,711.495,164768,10.0566
4,32768,10,2,2.5,2,907,5,3.6831,2.7756,17.0968,3541.42,3565.52,164127,10.0175
5,32768,10,2,2.5,2,908,5,3.7506,3.2645,89.7642,15357.9,15455.3,164096,10.0156
1,32768,10,2,2.5,3,909,5,3.7583,1.7294,2.5503,23.2691,31.8126,164363,10.0319
2,32768,10,2,2.5,3,910,5,3.8631,1.7906,15.2534,71.3577,92.7592,163540,9.98169
3,32768,10,2,2.5,3,911,5,3.6772,2.2535,3.8628,519.02,529.329,163767,9.99554
4,32768,10,2,2.5,3,912,5,3.9661,2.7182,94.957,2840.58,2942.78,163050,9.95178
5,32768,10,2,2.5,3,913,5,3.6694,3.1754,103.742,11809.8,11921,164213,10.0228
1,32768,10,2,2.5,4,914,5,4.1706,1.3333,10.0582,17.0611,33.1673,163542,9.98181
2,32768,10,2,2.5,4,915,5,4.0389,1.8324,4.709,50.8434,61.9325,164073,10.0142
3,32768,10,2,2.5,4,916,5,3.7603,2.3073,9.5471,381.773,397.923,164233,10.024
4,32768,10,2,2.5,4,917,5,3.7291,2.7233,61.6761,1955.04,2023.73,163701,9.99152
5,32768,10,2,2.5,4,918,5,4.0441,3.2144,58.3486,8980.19,9046.33,163990,10.0092
1,32768,10,2,2.5,5,919,5,3.8187,1.6463,2.9662,17.7679,26.715,163960,10.0073
2,32768,10,2,2.5,5,920,5,3.7546,1.8505,4.2323,44.9044,55.2487,163428,9.97485
3,32768,10,2,2.5,5,921,5,3.7616,2.5967,9.3616,336.558,352.795,163758,9.995
4,32768,10,2,2.5,5,922,5,4.0158,2.7947,13.6046,1728.48,1749.44,163751,9.99457
5,32768,10,2,2.5,5,923,5,4.0482,3.2626,72.6614,8324.88,8405.4,163641,9.98785
1,32768,10,2,2.5,6,924,5,3.7881,1.3695,2.9143,15.1865,23.7742,163880,10.0024
2,32768,10,2,2.5,6,925,5,3.7546,1.8357,7.2602,40.9827,54.3411,163664,9.98926
3,32768,10,2,2.5,6,926,5,4.0177,2.3498,16.5594,292.156,315.598,163983,10.0087
4,32768,10,2,2.5,6,927,5,3.757,3.0373,22.2048,1503.46,1533.05,164516,10.0413
5,32768,10,2,2.5,6,928,5,3.77,3.6573,45.2034,7469.62,7522.8,162928,9.94434
1,1024,10,inf,2.5,1,929,0,0.1618,0.0575,0.2421,0.3052,0.7832,5072,9.90625
1,1024,100,inf,2.5,1,930,0,0.1573,0.0561,2.2154,0.8765,3.3224,51085,99.7754
1,2048,10,inf,2.5,1,931,0,0.3112,0.108,0.3363,0.6196,1.4034,10193,9.9541
1,2048,100,inf,2.5,1,932,0,0.2945,0.1053,4.2728,1.3203,6.0203,102527,100.124
1,4096,10,inf,2.5,1,933,0,0.4619,0.1851,0.2968,1.2683,2.2747,20444,9.98242
1,4096,100,inf,2.5,1,934,0,0.4647,0.1716,5.7994,2.8341,9.3333,204339,99.7749
1,4096,1000,inf,2.5,1,935,0,0.4717,0.1702,121.092,20.9137,142.738,2047925,999.963
1,8192,10,inf,2.5,1,936,0,1.0017,0.3557,0.7105,1.9441,4.1354,40565,9.90356
1,8192,100,inf,2.5,1,937,0,0.9136,0.352,5.2081,6.4737,13.133,409060,99.8682
1,8192,1000,inf,2.5,1,938,0,0.921,0.3646,133.381,44.4884,179.285,4096080,1000.02
1,16384,10,inf,2.5,1,939,0,2.0805,0.6915,1.2063,3.8928,8.1169,81761,9.98059
1,16384,100,inf,2.5,1,940,0,1.9075,0.6818,7.1045,12.8663,22.8173,820097,100.109
1,16384,1000,inf,2.5,1,941,0,2.1862,0.6688,234.671,157.028,394.812,8191043,999.883
1,32768,10,inf,2.5,1,942,0,4.0362,1.3468,0.9303,7.6698,14.4681,163842,10.0001
1,32768,100,inf,2.5,1,943,0,3.6981,1.6575,43.32,27.2158,76.3999,1639672,100.078
1,32768,1000,inf,2.5,1,944,0,3.6605,1.3352,321.353,382.724,709.57,16383476,999.968
1,65536,10,inf,2.5,1,945,0,7.8855,2.7251,3.3828,17.3528,32.3437,326382,9.96039
1,65536,100,inf,2.5,1,946,0,7.3841,2.9718,86.1706,55.1489,152.653,3280645,100.117
1,65536,1000,inf,2.5,1,947,0,7.6614,2.5929,566.35,709.166,1286.84,32765366,999.92
1,131072,10,inf,2.5,1,948,0,14.7618,5.7669,7.0832,35.8507,65.8008,654801,9.99147
1,131072,100,inf,2.5,1,949,0,14.6644,5.6635,120.1,156.463,298.832,6555567,100.03
1,131072,1000,inf,2.5,1,950,0,15.418,5.2559,862.496,1500.32,2385.55,65526682,999.858
1,262144,10,inf,2.5,1,951,0,31.0312,11.4356,12.4174,73.7275,132.575,1310847,10.001
1,262144,100,inf,2.5,1,952,0,29.7248,10.7432,68.4235,377.877,491.106,13105851,99.9897
1,262144,1000,inf,2.5,1,953,0,30.3856,10.9592,1414.1,3100.86,4560.39,131061975,999.924
1,524288,10,inf,2.5,1,954,0,62.0175,22.1607,34.5693,159.497,286.47,2624416,10.0114
1,524288,100,inf,2.5,1,955,0,61.8547,22.2061,288.926,852.725,1234.01,26218087,100.014
1,524288,1000,inf,2.5,1,956,0,62.2271,22.1565,1337.11,6487.32,7916.69,262164454,1000.08
1,1048576,10,inf,2.5,1,957,0,119.26,43.7018,65.4128,399.335,644.809,5238018,9.99073
1,1048576,100,inf,2.5,1,958,0,121.412,43.2909,262.601,1737.28,2180.69,52437458,100.017
1,1048576,1000,inf,2.5,1,959,0,119.364,43.0739,4023.55,13646.7,17848.8,524255532,999.938
1,32768,2,inf,2.5,1,960,1,3.6578,1.4456,1.4219,10.8281,17.8565,32839,2.00433
1,32768,4,inf,2.5,1,961,1,3.6304,1.4302,1.9766,8.5231,16.1511,65291,3.98505
1,32768,8,inf,2.5,1,962,1,3.687,1.4113,1.7892,7.5863,14.951,130915,7.99042
1,32768,16,inf,2.5,1,963,1,3.6892,1.3385,2.5512,8.5773,16.6442,262556,16.0251
1,32768,32,inf,2.5,1,964,1,3.8275,1.3353,4.9391,11.5927,22.2077,524338,32.0031
1,32768,64,inf,2.5,1,965,1,4.0533,1.3305,21.3469,18.0039,45.2447,1046717,63.8865
1,32768,128,inf,2.5,1,966,1,3.6717,1.332,12.4095,30.445,48.3696,2100726,128.218
1,32768,256,inf,2.5,1,967,1,3.7287,1.3315,60.9076,100.107,166.568,4198517,256.257
1,32768,512,inf,2.5,1,968,1,3.7751,1.3073,133.16,243.923,382.706,8389880,512.078
1,32768,1024,inf,2.5,1,969,1,4.1229,1.3843,282.456,526.113,814.59,16783880,1024.41
1,32768,2048,inf,2.5,1,970,1,3.7802,1.3463,882.219,813.165,1701.02,33553782,2047.96
1,32768,4096,inf,2.5,1,971,1,3.8363,1.4377,2264.37,2398.5,4668.74,67116331,4096.46
1,32768,10,inf,2.5,1,972,2,4.9864,1.6381,2.2687,9.742,19.2705,163629,9.98712
1,32768,10,5,2.5,1,973,2,6.2205,2.0939,11.0905,111.833,131.833,163548,9.98218
1,32768,10,4.5,2.5,1,974,2,4.3938,1.5086,11.3869,100.61,118.768,164220,10.0232
1,32768,10,4,2.5,1,975,2,4.1229,1.5091,8.373,109.448,124.027,163810,9.99817
1,32768,10,3.5,2.5,1,976,2,4.1433,1.5124,9.9283,104.571,120.741,164209,10.0225
1,32768,10,3,2.5,1,977,2,4.4136,1.5458,25.8268,97.5838,130.079,164207,10.0224
1,32768,10,2.5,2.5,1,978,2,4.1582,2.1677,10.2762,118.764,135.953,163368,9.97119
1,32768,10,2,2.5,1,979,2,5.0885,1.7721,4.3032,66.2632,78.0387,164402,10.0343
1,32768,10,inf,2.5,1,980,3,4.928,1.9381,3.1318,10.3825,20.967,163586,9.9845
2,32768,10,inf,2.5,1,981,3,4.9109,2.0239,3.5062,22.7483,33.7823,163918,10.0048
3,32768,10,inf,2.5,1,982,3,4.5811,2.5734,28.4541,336.625,372.828,164509,10.0408
4,32768,10,inf,2.5,1,983,3,4.2166,3.0733,117.393,1067.83,1193.05,164341,10.0306
5,32768,10,inf,2.5,1,984,3,4.4118,3.2964,413.9,1999,2421.15,164431,10.0361
1,32768,10,inf,2.5,1,985,4,3.6165,1.4288,1.7994,8.1813,15.5252,163804,9.9978
2,32768,10,inf,2.5,1,986,4,3.7263,1.7943,3.0575,18.3699,27.4504,164233,10.024
3,32768,10,inf,2.5,1,987,4,3.6629,2.572,30.6559,304.392,341.79,163488,9.97852
4,32768,10,inf,2.5,1,988,4,3.6763,2.7227,100.979,1057.79,1165.71,163848,10.0005
5,32768,10,inf,2.5,1,989,4,3.7598,3.2562,463.895,2435.15,2906.59,164217,10.023
1,32768,10,inf,2.5,2,990,4,3.7416,1.3945,0.8668,5.3389,11.8196,163638,9.98767
2,32768,10,inf,2.5,2,991,4,3.5706,1.8273,2.4389,10.6533,18.9657,163935,10.0058
3,32768,10,inf,2.5,2,992,4,3.7194,2.2562,30.779,165.338,202.592,163565,9.98322
4,32768,10,inf,2.5,2,993,4,3.6062,3.0525,83.3346,570.513,661.042,164199,10.0219
5,32768,10,inf,2.5,2,994,4,3.6619,3.1824,445.035,1575.07,2027.49,164071,10.0141
1,32768,10,inf,2.5,3,995,4,4.4411,1.3426,4.7361,4.8134,15.865,163852,10.0007
2,32768,10,inf,2.5,3,996,4,3.9848,1.7957,6.8744,21.6432,35.2608,163917,10.0047
3,32768,10,inf,2.5,3,997,4,5.2907,3.5209,33.3056,146.51,189.176,164603,10.0466
4,32768,10,inf,2.5,3,998,4,3.7584,2.7988,98.1882,489.399,594.684,164237,10.0242
5,32768,10,inf,2.5,3,999,4,3.6675,3.2951,474.393,1246.72,1728.62,163736,9.99365
1,32768,10,inf,2.5,4,1000,4,4.0807,1.3333,1.7571,4.3767,12.0612,163799,9.9975
2,32768,10,inf,2.5,4,1001,4,3.7218,1.7915,10.7195,7.0233,23.7458,163419,9.9743
3,32768,10,inf,2.5,4,1002,4,4.0214,2.2807,26.304,105.955,139.075,163485,9.97833
4,32768,10,inf,2.5,4,1003,4,3.7671,2.7887,93.8514,342.883,443.827,163674,9.98987
5,32768,10,inf,2.5,4,1004,4,3.9573,3.2148,443.249,1070.91,1521.93,164507,10.0407
1,32768,10,inf,2.5,5,1005,4,4.2856,1.4859,2.0281,5.6658,14.0322,163818,9.99866
2,32768,10,inf,2.5,5,1006,4,3.995,1.9548,2.392,9.8087,18.7367,163873,10.002
3,32768,10,inf,2.5,5,1007,4,4.1665,3.2636,32.9582,130.452,171.456,163938,10.006
4,32768,10,inf,2.5,5,1008,4,5.1047,4.0984,110.469,335.916,456.146,162999,9.94867
5,32768,10,inf,2.5,5,1009,4,4.0389,3.2612,507.304,921.55,1436.72,163412,9.97388
1,32768,10,inf,2.5,6,1010,4,4.3413,1.5732,1.8939,4.9614,13.3821,164398,10.0341
2,32768,10,inf,2.5,6,1011,4,4.0788,1.8667,2.8442,6.2544,15.5427,164222,10.0233
3,32768,10,inf,2.5,6,1012,4,4.3431,2.3346,35.3776,79.6124,122.18,163941,10.0062
4,32768,10,inf,2.5,6,1013,4,3.7816,2.7928,92.9429,256.799,356.867,164333,10.0301
5,32768,10,inf,2.5,6,1014,4,3.7662,3.5042,469.877,751.784,1229.48,163049,9.95172
1,32768,10,2,2.5,1,1015,5,4.6534,1.5888,3.4134,54.2446,64.3975,164037,10.012
2,32768,10,2,2.5,1,1016,5,3.8088,1.8389,4.9693,162.962,174.066,164758,10.056
3,32768,10,2,2.5,1,1017,5,3.6805,2.5118,8.577,1131.32,1146.58,164000,10.0098
4,32768,10,2,2.5,1,1018,5,3.5775,2.6528,15.0516,5433.32,5455.14,162338,9.90833
5,32768,10,2,2.5,1,1019,5,3.911,3.1096,68.5686,22771.5,22847.6,163854,10.0009
1,32768,10,2,2.5,2,1020,5,4.0213,1.3009,3.0628,29.7595,38.6351,163850,10.0006
2,32768,10,2,2.5,2,1021,5,3.7314,1.8439,3.6354,93.1985,102.91,163137,9.95709
3,32768,10,2,2.5,2,1022,5,3.6754,2.2799,7.751,672.617,686.813,164077,10.0145
4,32768,10,2,2.5,2,1023,5,3.6091,2.7126,16.1025,3386.06,3409.01,163610,9.98596
5,32768,10,2,2.5,2,1024,5,3.6007,3.1694,62.657,15212.7,15282.6,163007,9.94916
1,32768,10,2,2.5,3,1025,5,3.7193,1.4201,2.7066,24.8431,33.1891,164346,10.0309
2,32768,10,2,2.5,3,1026,5,3.7945,1.7967,9.7034,74.8805,90.6792,163310,9.96765
3,32768,10,2,2.5,3,1027,5,3.7004,2.2511,6.7074,508.387,521.547,163218,9.96204
4,32768,10,2,2.5,3,1028,5,4.0106,2.7214,17.407,2759.34,2784.06,163788,9.99683
5,32768,10,2,2.5,3,1029,5,4.0868,3.3168,88.3312,12923.2,13019.5,163991,10.0092
1,32768,10,2,2.5,4,1030,5,3.7691,1.4279,6.3356,17.6821,29.7109,164377,10.0328
2,32768,10,2,2.5,4,1031,5,3.9944,1.9042,3.8275,50.8522,61.094,164314,10.0289
3,32768,10,2,2.5,4,1032,5,3.7538,2.31,8.0516,399.998,414.615,164119,10.017
4,32768,10,2,2.5,4,1033,5,3.7047,2.79,15.4565,2073.47,2095.98,163989,10.0091
5,32768,10,2,2.5,4,1034,5,3.8146,3.2741,120.597,9506.76,9635.01,163895,10.0034
1,32768,10,2,2.5,5,1035,5,3.7761,1.3736,2.6955,16.7833,25.2763,163295,9.96674
2,32768,10,2,2.5,5,1036,5,4.045,1.8435,4.9007,45.4173,56.7114,163437,9.9754
3,32768,10,2,2.5,5,1037,5,3.7923,2.3151,26.7052,338.974,372.302,163792,9.99707
4,32768,10,2,2.5,5,1038,5,3.7662,3.0604,75.7932,1769.95,1853.11,164296,10.0278
5,32768,10,2,2.5,5,1039,5,4.0111,3.264,48.8004,8508.57,8565.21,164252,10.0251
1,32768,10,2,2.5,6,1040,5,4.0347,1.371,2.8438,19.3191,28.1242,164376,10.0327
2,32768,10,2,2.5,6,1041,5,4.6618,2.2544,5.6774,39.2107,52.3131,162393,9.91168
3,32768,10,2,2.5,6,1042,5,3.7561,2.31,10.2914,301.025,317.936,164471,10.0385
4,32768,10,2,2.5,6,1043,5,4.6381,3.7515,19.6981,1563.32,1592.02,164141,10.0184
5,32768,10,2,2.5,6,1044,5,4.6535,4.1141,111.779,7727.76,7848.86,163177,9.95953
1,1024,10,inf,2.5,1,1045,0,0.146,0.0487,0.0658,0.2397,0.5167,5112,9.98438
1,1024,100,inf,2.5,1,1046,0,0.1289,0.0473,1.9659,0.8278,2.9848,51112,99.8281
1,2048,10,inf,2.5,1,1047,0,0.2602,0.0909,0.1345,0.4786,0.9911,10318,10.0762
1,2048,100,inf,2.5,1,1048,0,0.2579,0.0899,2.6318,1.6556,4.6632,102231,99.835
1,4096,10,inf,2.5,1,1049,0,0.4972,0.2064,1.6868,1.217,3.6689,20496,10.0078
1,4096,100,inf,2.5,1,1050,0,0.4624,0.1679,6.1797,2.8453,9.7206,205330,100.259
1,4096,1000,inf,2.5,1,1051,0,0.4809,0.1711,100.64,20.1345,121.5,2047913,999.958
1,8192,10,inf,2.5,1,1052,0,0.9322,0.3414,0.8941,1.8779,4.1652,40913,9.98853
1,8192,100,inf,2.5,1,1053,0,0.9215,0.3362,11.8993,6.401,19.6898,409514,99.979
1,8192,1000,inf,2.5,1,1054,0,0.9289,0.3363,89.5278,45.0249,135.948,4096381,1000.09
1,16384,10,inf,2.5,1,1055,0,1.9951,0.6613,1.3639,3.7844,8.4174,82099,10.0219
1,16384,100,inf,2.5,1,1056,0,1.8333,0.6497,23.7964,13.3524,39.8888,819185,99.9982
1,16384,1000,inf,2.5,1,1057,0,1.825,0.6683,201.264,154.117,358.127,8198468,1000.79
1,32768,10,inf,2.5,1,1058,0,3.8455,1.3463,2.1968,8.2245,16.0955,163406,9.97351
1,32768,100,inf,2.5,1,1059,0,3.6906,1.3004,20.2018,27.4691,53.1683,1639050,100.04
1,32768,1000,inf,2.5,1,1060,0,3.6563,1.3296,373.7,391.379,770.575,16387232,1000.2
1,65536,10,inf,2.5,1,1061,0,7.418,2.6805,4.4601,16.8947,32.5338,328677,10.0304
1,65536,100,inf,2.5,1,1062,0,7.3127,2.6602,27.7973,55.3907,94.158,3273748,99.9069
1,65536,1000,inf,2.5,1,1063,0,7.6615,2.6564,444,859.348,1314.66,32767613,999.988
1,131072,10,inf,2.5,1,1064,0,15.0789,5.8096,4.979,34.554,62.3681,655678,10.0049
1,131072,100,inf,2.5,1,1065,0,14.6239,5.1738,94.056,152.589,268.385,6552351,99.9809
1,131072,1000,inf,2.5,1,1066,0,14.3777,5.5577,651.66,1496.37,2170.07,65537915,1000.03
1,262144,10,inf,2.5,1,1067,0,30.7919,10.925,10.0435,78.7627,134.577,1309868,9.9935
1,262144,100,inf,2.5,1,1068,0,30.6351,11.1565,250.286,376.485,673.4,13103974,99.9754
1,262144,1000,inf,2.5,1,1069,0,29.7595,10.8225,1025.89,3080.94,4151.35,131074392,1000.02
1,524288,10,inf,2.5,1,1070,0,59.7162,21.9561,19.8025,150.93,263.104,2617536,9.98511
1,524288,100,inf,2.5,1,1071,0,60.3762,22.0262,104.106,828.357,1022.77,26213380,99.9961
1,524288,1000,inf,2.5,1,1072,0,59.9041,22.7228,1963.9,6267.81,8322.08,262150281,1000.02
1,1048576,10,inf,2.5,1,1073,0,120.418,43.8724,52.7457,382.462,615.759,5237779,9.99027
1,1048576,100,inf,2.5,1,1074,0,118.539,42.5744,169.96,1720.82,2067.91,52437443,100.016
1,1048576,1000,inf,2.5,1,1075,0,119.647,43.0447,3633.53,12924.6,16736.8,524278243,999.981
1,32768,2,inf,2.5,1,1076,1,4.0989,1.3445,2.6018,10.9871,19.553,33387,2.03778
1,32768,4,inf,2.5,1,1077,1,3.7427,1.3315,1.6218,8.3488,15.9197,65648,4.00684
1,32768,8,inf,2.5,1,1078,1,3.7334,1.3388,3.6119,8.1767,17.3863,131577,8.03082
1,32768,16,inf,2.5,1,1079,1,3.762,1.3348,2.6323,9.0653,17.3022,262344,16.0122
1,32768,32,inf,2.5,1,1080,1,3.6754,1.3324,3.9159,11.4875,20.9191,523447,31.9487
1,32768,64,inf,2.5,1,1081,1,3.687,1.3328,6.2823,18.503,30.3119,1048671,64.0058
1,32768,128,inf,2.5,1,1082,1,3.7444,1.3339,22.65,29.267,57.5058,2095728,127.913
1,32768,256,inf,2.5,1,1083,1,3.8256,1.651,75.1272,49.3584,130.47,4193530,255.953
1,32768,512,inf,2.5,1,1084,1,3.7653,1.3329,129.415,174.802,309.85,8387431,511.928
1,32768,1024,inf,2.5,1,1085,1,3.9092,1.3463,348.291,522.417,876.5,16779861,1024.16
1,32768,2048,inf,2.5,1,1086,1,3.7858,1.6788,853.668,1071.26,1930.9,33559664,2048.32
1,32768,4096,inf,2.5,1,1087,1,4.0927,1.3547,2212.03,1593.05,3811.05,67107672,4095.93
1,32768,10,inf,2.5,1,1088,2,3.8427,1.3848,2.1765,8.7939,16.8023,164313,10.0289
1,32768,10,5,2.5,1,1089,2,3.8836,1.3886,8.5987,99.8517,114.574,163445,9.97589
1,32768,10,4.5,2.5,1,1090,2,3.7046,1.472,8.3242,100.914,114.92,163193,9.96051
1,32768,10,4,2.5,1,1091,2,4.0338,1.3347,8.4341,93.4229,107.73,164073,10.0142
1,32768,10,3.5,2.5,1,1092,2,3.7065,1.3306,8.9099,89.3783,103.819,163992,10.0093
1,32768,10,3,2.5,1,1093,2,3.7222,1.3347,7.526,91.5613,104.648,163772,9.99585
1,32768,10,2.5,2.5,1,1094,2,3.9601,1.3343,23.68,87.5739,117.368,164132,10.0178
1,32768,10,2,2.5,1,1095,2,3.7143,1.3333,3.5343,52.9122,61.9985,164217,10.023
1,32768,10,inf,2.5,1,1096,3,3.9397,1.3332,1.8708,7.6791,15.3071,164041,10.0123
2,32768,10,inf,2.5,1,1097,3,3.6727,2.1018,2.7,18.3346,27.3151,163605,9.98566
3,32768,10,inf,2.5,1,1098,3,3.6842,2.2544,34.6635,295.714,336.812,162905,9.94293
4,32768,10,inf,2.5,1,1099,3,3.7889,2.6584,64.447,946.493,1017.92,163703,9.99164
5,32768,10,inf,2.5,1,1100,3,3.7412,3.5029,485.083,2419.72,2912.6,163941,10.0062
1,32768,10,inf,2.5,1,1101,4,3.8767,1.3699,1.6653,8.2259,15.6402,163365,9.97101
2,32768,10,inf,2.5,1,1102,4,3.7245,1.8485,2.2331,20.9559,29.2763,164234,10.024
3,32768,10,inf,2.5,1,1103,4,3.7129,2.2586,29.3305,292.939,328.735,164494,10.0399
4,32768,10,inf,2.5,1,1104,4,3.9453,2.7645,87.5298,962.887,1057.74,163720,9.99268
5,32768,10,inf,2.5,1,1105,4,3.667,3.2222,448.33,2393.7,2849.48,163957,10.0071
1,32768,10,inf,2.5,2,1106,4,3.6341,1.447,2.7511,5.7211,14.0313,164236,10.0242
2,32768,10,inf,2.5,2,1107,4,3.6953,1.8198,3.9722,11.3856,21.3858,163833,9.99957
3,32768,10,inf,2.5,2,1108,4,3.8173,2.2967,37.7275,173.515,217.862,163660,9.98901
4,32768,10,inf,2.5,2,1109,4,3.6563,2.7237,97.9183,587.013,691.846,163316,9.96802
5,32768,10,inf,2.5,2,1110,4,3.6545,3.1787,443.803,1587.43,2038.6,163255,9.96429
1,32768,10,inf,2.5,3,1111,4,3.7283,1.3352,1.5017,5.1069,12.232,164383,10.0331
2,32768,10,inf,2.5,3,1112,4,3.7425,1.8773,2.5814,9.2804,17.977,163701,9.99152
3,32768,10,inf,2.5,3,1113,4,3.724,2.3597,28.8571,138.226,173.936,163489,9.97858
4,32768,10,inf,2.5,3,1114,4,4.8083,3.1352,81.818,461.001,551.298,163535,9.98138
5,32768,10,inf,2.5,3,1115,4,3.9883,3.2251,455.623,1213.36,1676.78,163637,9.98761
1,32768,10,inf,2.5,4,1116,4,5.0513,1.9155,3.2965,6.0168,16.9701,164534,10.0424
2,32768,10,inf,2.5,4,1117,4,5.1014,2.6718,4.7361,10.1435,23.2399,163719,9.99261
3,32768,10,inf,2.5,4,1118,4,4.9313,2.8934,34.1213,103.094,145.546,163718,9.99255
4,32768,10,inf,2.5,4,1119,4,3.6657,2.7858,100.897,345.817,453.743,163406,9.97351
5,32768,10,inf,2.5,4,1120,4,4.0274,3.2175,417.699,742.946,1168.42,163760,9.99512
1,32768,10,inf,2.5,5,1121,4,4.064,1.3696,2.7539,4.1794,12.8626,164255,10.0253
2,32768,10,inf,2.5,5,1122,4,3.7477,2.0699,2.9495,6.6486,15.9105,163563,9.98309
3,32768,10,inf,2.5,5,1123,4,3.7755,2.5818,19.3104,90.4001,116.575,163549,9.98224
4,32768,10,inf,2.5,5,1124,4,3.7509,3.0693,88.2046,289.228,384.812,163851,10.0007
5,32768,10,inf,2.5,5,1125,4,3.7561,3.5112,454.469,860.598,1322.89,163472,9.97754
1,32768,10,inf,2.5,6,1126,4,3.7756,1.3756,2.0758,4.2755,12.0209,164174,10.0204
2,32768,10,inf,2.5,6,1127,4,4.0715,1.8402,2.5749,6.3741,15.3637,164042,10.0123
3,32768,10,inf,2.5,6,1128,4,3.7621,2.5548,25.8334,77.7331,110.395,163563,9.98309
4,32768,10,inf,2.5,6,1129,4,3.7538,2.7923,93.5454,256.425,357.066,164001,10.0098
5,32768,10,inf,2.5,6,1130,4,4.0028,3.2594,452.779,735.818,1196.42,163700,9.99146
1,32768,10,2,2.5,1,1131,5,3.7829,1.3737,4.7699,52.5449,62.9742,163434,9.97522
2,32768,10,2,2.5,1,1132,5,3.6887,1.7893,5.9172,164.051,175.929,163718,9.99255
3,32768,10,2,2.5,1,1133,5,3.8827,2.2284,4.6002,1140.87,1152.08,163724,9.99292
4,32768,10,2,2.5,1,1134,5,3.7941,2.6532,18.4669,5444.12,5469.58,164185,10.0211
5,32768,10,2,2.5,1,1135,5,3.7519,3.2676,90.0912,22922.5,23020.1,163290,9.96643
1,32768,10,2,2.5,2,1136,5,3.8442,1.441,19.1369,37.1854,62.1056,164081,10.0147
2,32768,10,2,2.5,2,1137,5,3.6601,1.818,18.1091,89.8074,113.891,163662,9.98914
3,32768,10,2,2.5,2,1138,5,3.6661,2.2794,12.3233,669.824,688.596,164374,10.0326
4,32768,10,2,2.5,2,1139,5,3.8094,2.8448,34.2715,3489.33,3530.79,163775,9.99603
5,32768,10,2,2.5,2,1140,5,3.6717,3.2236,155.606,15637.8,15800.9,163839,9.99994
1,32768,10,2,2.5,3,1141,5,3.7087,1.4266,2.7107,24.3149,32.6697,164046,10.0126
2,32768,10,2,2.5,3,1142,5,4.7462,2.0382,8.9466,77.837,94.0884,164382,10.0331
3,32768,10,2,2.5,3,1143,5,3.7663,2.3271,58.5211,519.894,585.051,164560,10.0439
4,32768,10,2,2.5,3,1144,5,3.7471,2.7877,24.9744,2849.16,2881.28,164110,10.0165
5,32768,10,2,2.5,3,1145,5,3.7802,3.2756,66.8805,12030.9,12105.5,163320,9.96826
1,32768,10,2,2.5,4,1146,5,3.8344,1.3329,3.2816,18.3218,27.2714,163497,9.97906
2,32768,10,2,2.5,4,1147,5,3.8024,1.8607,4.2124,52.1587,62.5447,164097,10.0157
3,32768,10,2,2.5,4,1148,5,4.0222,2.3111,6.5725,402.913,416.341,164723,10.0539
4,32768,10,2,2.5,4,1149,5,4.4216,2.8002,60.7941,1973.54,2042.13,164484,10.0393
5,32768,10,2,2.5,4,1150,5,3.7536,3.2209,158.242,9474.14,9639.94,164252,10.0251
1,32768,10,2,2.5,5,1151,5,4.0491,1.3709,2.9389,17.1456,26.0165,163831,9.99945
2,32768,10,2,2.5,5,1152,5,3.7611,1.843,4.9011,45.2229,56.2347,163594,9.98499
3,32768,10,2,2.5,5,1153,5,3.7524,2.5799,11.1744,336.95,354.972,164456,10.0376
4,32768,10,2,2.5,5,1154,5,3.7388,2.7937,40.545,1745.55,1793.17,164852,10.0618
5,32768,10,2,2.5,5,1155,5,3.7431,3.5306,143.17,8408.99,8559.99,163778,9.99622
1,32768,10,2,2.5,6,1156,5,4.6808,1.6126,3.8776,15.8233,26.5113,164077,10.0145
2,32768,10,2,2.5,6,1157,5,4.0163,1.8374,7.1133,39.8081,53.2796,163596,9.98511
3,32768,10,2,2.5,6,1158,5,3.776,2.3119,12.2324,295.631,314.474,162827,9.93817
4,32768,10,2,2.5,6,1159,5,3.9894,2.7946,24.5857,1521.92,1553.87,163438,9.97546
5,32768,10,2,2.5,6,1160,5,4.6368,4.1118,68.0459,7475.6,7552.98,163583,9.98431
