dimension,n,avgDeg,alpha,ple,threads,seed,plot,TimeWeights,TimePositions,TimeBinary,TimePre,TimeEdges,TimeTotal,GenNumEdge,GenAvgDeg
1,1024,10,inf,2.5,1,1,0,0.3367,0.1442,0.0389,0.147,0.1897,0.8738,5105,9.9707
1,1024,100,inf,2.5,1,2,0,0.1678,0.0445,0.1521,0.0469,0.5064,0.933,51338,100.27
1,2048,10,inf,2.5,1,3,0,0.3149,0.1072,0.0737,0.2449,0.3307,1.0945,10306,10.0645
1,2048,100,inf,2.5,1,4,0,0.2787,0.0729,0.2142,0.0779,0.9948,1.6565,102712,100.305
1,4096,10,inf,2.5,1,5,0,0.5598,0.1994,0.1141,0.4701,0.5379,2.0104,20328,9.92578
1,4096,100,inf,2.5,1,6,0,0.4772,0.1303,0.4605,0.2774,1.83,3.2483,204719,99.9604
1,4096,1000,inf,2.5,1,7,0,0.4239,0.1131,0.6786,0.2449,11.4049,12.9461,2047576,999.793
1,8192,10,inf,2.5,1,8,0,1.0022,0.4726,0.1271,0.6451,1.0644,3.514,40767,9.95288
1,8192,100,inf,2.5,1,9,0,0.9582,0.3757,0.6039,0.8264,3.9021,6.8322,408728,99.7871
1,8192,1000,inf,2.5,1,10,0,0.915,0.2541,0.9925,0.4295,27.2287,29.9516,4094470,999.626
1,16384,10,inf,2.5,1,11,0,1.8286,0.8051,0.1475,1.2801,2.1597,6.4784,82362,10.054
1,16384,100,inf,2.5,1,12,0,1.7303,0.6938,1.1739,1.0615,8.1526,13.0458,818361,99.8976
1,16384,1000,inf,2.5,1,13,0,1.7312,0.4494,2.2316,0.9781,62.6249,68.2685,8189173,999.655
1,32768,10,inf,2.5,1,14,0,3.4871,1.6895,0.314,2.4641,4.723,13.2883,164192,10.0215
1,32768,100,inf,2.5,1,15,0,3.4045,1.339,2.4812,1.9928,16.1879,25.8862,1638176,99.9863
1,32768,1000,inf,2.5,1,16,0,3.4429,1.2318,4.4104,1.8982,137.869,149.303,16387693,1000.23
1,65536,10,inf,2.5,1,17,0,7.2673,3.5269,0.7563,4.9308,9.6033,27.079,328052,10.0114
1,65536,100,inf,2.5,1,18,0,7.0047,3.0719,3.297,4.0519,33.1766,51.5162,3274824,99.9397
1,65536,1000,inf,2.5,1,19,0,6.7469,1.7967,9.6167,3.8373,185.778,208.688,32772093,1000.12
1,131072,10,inf,2.5,1,20,0,14.0865,7.2023,1.185,10.2781,17.3676,52.404,656271,10.0139
1,131072,100,inf,2.5,1,21,0,13.4552,5.5471,5.4131,8.634,66.31,101.186,6554913,100.02
1,131072,1000,inf,2.5,1,22,0,14.0206,3.4626,18.7005,7.8979,380.161,426.142,65532227,999.942
1,262144,10,inf,2.5,1,23,0,28.3367,14.6982,2.4845,20.4373,35.9505,106.03,1311137,10.0032
1,262144,100,inf,2.5,1,24,0,27.3952,10.8902,29.6728,16.5166,138.111,225.31,13108511,100.01
1,262144,1000,inf,2.5,1,25,0,27.565,6.9806,36.8334,8.486,789.078,871.652,131073985,1000.02
1,524288,10,inf,2.5,1,26,0,56.2643,18.547,4.8361,42.0796,72.601,201.256,2624776,10.0127
1,524288,100,inf,2.5,1,27,0,56.4948,14.9413,4.4044,34.8513,269.608,388.295,26218221,100.015
1,524288,1000,inf,2.5,1,28,0,56.6698,14.649,84.3396,33.5841,1598.63,1793.31,262147867,1000.01
1,1048576,10,inf,2.5,1,29,0,111.282,49.5642,2.7488,84.61,143.391,406.859,5237137,9.98905
1,1048576,100,inf,2.5,1,30,0,110.704,38.7961,149.268,69.8996,548.819,928.811,52429753,100.002
1,1048576,1000,inf,2.5,1,31,0,110.714,28.5936,151.444,32.7463,3259.25,3593.58,524264507,999.955
1,32768,2,inf,2.5,1,32,1,4.0366,0.8718,0.0784,1.4651,7.9142,14.6903,32730,1.99768
1,32768,4,inf,2.5,1,33,1,3.7829,0.8789,0.0969,1.6691,5.4242,12.1785,65451,3.99481
1,32768,8,inf,2.5,1,34,1,3.4918,0.8932,0.1035,1.2136,4.8075,10.8504,130944,7.99219
1,32768,16,inf,2.5,1,35,1,3.4625,0.8947,0.2629,1.1093,4.4916,10.5521,262428,16.0173
1,32768,32,inf,2.5,1,36,1,3.5167,0.8974,3.7074,1.0862,6.2776,15.815,524751,32.0283
1,32768,64,inf,2.5,1,37,1,3.5163,0.8983,0.5365,1.3487,10.2469,16.8747,1049044,64.0286
1,32768,128,inf,2.5,1,38,1,3.5802,0.9266,3.4268,1.0055,16.7986,26.0739,2096075,127.934
1,32768,256,inf,2.5,1,39,1,3.4472,0.8936,2.4465,0.9744,43.8526,51.9537,4192763,255.906
1,32768,512,inf,2.5,1,40,1,3.4513,0.8927,3.9229,1.0068,77.4196,87.0348,8391949,512.204
1,32768,1024,inf,2.5,1,41,1,3.4584,0.8959,4.5111,0.9512,137.493,147.652,16776029,1023.93
1,32768,2048,inf,2.5,1,42,1,3.5548,0.8914,4.9799,0.8163,249.025,259.604,33552202,2047.86
1,32768,4096,inf,2.5,1,43,1,3.583,0.8681,5.2819,0.8028,461.478,472.355,67109524,4096.04
1,32768,10,inf,2.5,1,44,2,9.2786,1.7827,0.2383,1.8801,6.4199,20.019,164114,10.0167
1,32768,10,5,2.5,1,45,2,4.4889,0.9925,3.8998,1.2304,77.2973,88.25,163925,10.0052
1,32768,10,4.5,2.5,1,46,2,3.4884,0.891,3.2653,1.3124,76.2329,85.548,163873,10.002
1,32768,10,4,2.5,1,47,2,3.4991,0.894,3.4704,1.247,81.4377,90.892,163445,9.97589
1,32768,10,3.5,2.5,1,48,2,3.5687,0.8998,3.686,1.2257,81.2397,90.9616,163681,9.9903
1,32768,10,3,2.5,1,49,2,3.4912,0.9248,3.5326,1.3584,81.7392,91.3874,163879,10.0024
1,32768,10,2.5,2.5,1,50,2,3.5074,0.8896,3.7236,1.2378,85.2336,94.9282,164850,10.0616
1,32768,10,2,2.5,1,51,2,3.8103,0.9499,0.4795,1.357,42.7673,49.7066,162828,9.93823
1,32768,10,inf,2.5,1,52,3,3.5205,0.9257,0.16,1.2498,4.7656,10.9533,163770,9.99573
2,32768,10,inf,2.5,1,53,3,3.5242,1.3037,0.1484,1.5289,14.3959,21.2479,163981,10.0086
3,32768,10,inf,2.5,1,54,3,3.6945,1.7066,0.9159,1.7488,71.4065,79.8191,164134,10.0179
4,32768,10,inf,2.5,1,55,3,3.4996,2.1301,1.8885,2.0253,762.995,772.916,163440,9.97559
5,32768,10,inf,2.5,1,56,3,3.5831,2.4803,2.2224,1.9163,1791.31,1801.91,163955,10.007
1,1024,10,inf,2.5,1,57,0,0.1753,0.0724,0.0107,0.0478,0.1939,0.5324,5240,10.2344
1,1024,100,inf,2.5,1,58,0,0.1558,0.0334,0.102,0.032,0.5115,0.8454,51319,100.232
1,2048,10,inf,2.5,1,59,0,0.3135,0.0779,0.0255,0.0797,0.269,0.7833,10194,9.95508
1,2048,100,inf,2.5,1,60,0,0.2253,0.0603,0.1995,0.0668,1.1354,1.7052,102097,99.7041
1,4096,10,inf,2.5,1,61,0,0.5398,0.1178,0.0469,0.1531,0.5324,1.4358,20475,9.99756
1,4096,100,inf,2.5,1,62,0,0.4239,0.1164,0.3603,0.1354,1.7827,2.8642,205027,100.111
1,4096,1000,inf,2.5,1,63,0,0.4216,0.116,0.6548,0.1029,11.3276,12.6701,2048228,1000.11
1,8192,10,inf,2.5,1,64,0,0.959,0.2657,0.0477,0.2949,1.062,2.7163,41048,10.0215
1,8192,100,inf,2.5,1,65,0,0.8858,0.2272,0.9281,0.2913,3.807,6.2294,410181,100.142
1,8192,1000,inf,2.5,1,66,0,0.8422,0.2276,1.2386,0.2031,27.3749,29.9733,4095504,999.879
1,16384,10,inf,2.5,1,67,0,1.7689,0.4526,0.1173,0.6427,2.4324,5.6306,82024,10.0127
1,16384,100,inf,2.5,1,68,0,1.7006,0.4498,0.9773,0.8236,7.4554,11.5659,818660,99.9341
1,16384,1000,inf,2.5,1,69,0,1.6807,0.434,2.2897,0.4067,63.6391,68.6205,8193600,1000.2
1,32768,10,inf,2.5,1,70,0,3.4505,0.896,0.0821,1.12,4.4994,10.3773,163457,9.97662
1,32768,100,inf,2.5,1,71,0,3.4579,0.8867,3.744,1.0063,15.8845,25.3315,1638504,100.006
1,32768,1000,inf,2.5,1,72,0,3.4463,1.2215,4.1466,0.8993,135.401,145.439,16384634,1000.04
1,65536,10,inf,2.5,1,73,0,6.9755,2.1343,0.2106,2.2348,8.6702,21.0815,328715,10.0316
1,65536,100,inf,2.5,1,74,0,7.1351,1.7368,1.1386,1.9408,32.6317,45.2518,3276303,99.9848
1,65536,1000,inf,2.5,1,75,0,6.8012,2.0652,9.0148,1.8504,180.308,200.702,32775110,1000.22
1,131072,10,inf,2.5,1,76,0,13.9427,3.5807,0.4169,5.0444,17.3732,42.0481,655838,10.0073
1,131072,100,inf,2.5,1,77,0,13.6106,3.8108,14.0331,4.307,66.3091,103.409,6554489,100.014
1,131072,1000,inf,2.5,1,78,0,13.8843,3.4704,16.9562,3.815,378.125,417.588,65540224,1000.06
1,262144,10,inf,2.5,1,79,0,27.968,7.117,1.292,10.0073,36.3501,85.5448,1312011,10.0098
1,262144,100,inf,2.5,1,80,0,27.7306,6.9587,30.3995,8.1141,133.911,210.145,13112335,100.039
1,262144,1000,inf,2.5,1,81,0,27.1499,7.2896,36.5287,7.7444,789.932,871.758,131094772,1000.17
1,524288,10,inf,2.5,1,82,0,58.1125,14.65,1.318,21.228,71.5446,172.357,2619763,9.9936
1,524288,100,inf,2.5,1,83,0,58.0067,14.6412,18.2349,17.376,277.136,391.123,26212549,99.9929
1,524288,1000,inf,2.5,1,84,0,54.4075,14.6306,73.2823,16.0575,1575.81,1739.64,262140611,999.987
1,1048576,10,inf,2.5,1,85,0,110.652,28.4201,3.4486,39.8715,143.443,336.672,5244534,10.0032
1,1048576,100,inf,2.5,1,86,0,118.152,29.7396,24.4652,35.8682,543.505,762.89,52419183,99.9817
1,1048576,1000,inf,2.5,1,87,0,109.766,28.3641,169.43,31.9967,3258.06,3608.86,524304965,1000.03
1,32768,2,inf,2.5,1,88,1,3.4431,0.9007,0.0775,1.6005,8.2077,14.5521,32507,1.98407
1,32768,4,inf,2.5,1,89,1,3.7478,0.9618,0.102,1.4804,5.4386,12.0943,65535,3.99994
1,32768,8,inf,2.5,1,90,1,3.8758,0.8681,0.1002,1.3714,4.538,11.0863,131376,8.01855
1,32768,16,inf,2.5,1,91,1,3.7274,0.8719,0.1391,1.1993,4.8474,11.1416,261907,15.9855
1,32768,32,inf,2.5,1,92,1,3.4723,0.9414,0.3645,1.1668,6.4106,12.7202,524498,32.0128
1,32768,64,inf,2.5,1,93,1,3.7402,0.9048,0.8449,1.0162,10.3258,17.51,1048357,63.9866
1,32768,128,inf,2.5,1,94,1,3.5817,1.0013,1.6947,1.113,16.7978,24.5255,2096790,127.978
1,32768,256,inf,2.5,1,95,1,3.5186,0.8933,4.0658,1.0101,43.1852,53.0129,4194976,256.041
1,32768,512,inf,2.5,1,96,1,3.5037,0.8919,4.351,0.9754,77.2183,87.2816,8389268,512.04
1,32768,1024,inf,2.5,1,97,1,3.8845,0.9758,4.2384,0.9246,138.553,148.912,16779756,1024.16
1,32768,2048,inf,2.5,1,98,1,3.9217,0.8696,4.7374,0.7977,244.864,255.526,33546308,2047.5
1,32768,4096,inf,2.5,1,99,1,3.5168,0.8714,5.4261,0.8038,463.493,474.446,67105232,4095.78
1,32768,10,inf,2.5,1,100,2,3.7983,0.8742,0.0775,1.1228,4.256,10.4469,164007,10.0102
1,32768,10,5,2.5,1,101,2,3.4755,0.8705,3.5227,1.1928,74.707,84.1039,164211,10.0226
1,32768,10,4.5,2.5,1,102,2,3.4296,0.8724,3.4263,1.6018,75.7338,85.4038,163578,9.98401
1,32768,10,4,2.5,1,103,2,3.5019,0.8951,3.7983,1.2851,77.6696,87.4847,164524,10.0417
1,32768,10,3.5,2.5,1,104,2,3.8901,0.9229,3.5766,1.2786,82.6579,92.6682,163807,9.99799
1,32768,10,3,2.5,1,105,2,3.4908,0.9252,3.4003,1.6065,81.6302,91.3976,163386,9.97229
1,32768,10,2.5,2.5,1,106,2,3.8122,0.8942,3.3831,1.3056,85.2531,94.9904,164300,10.0281
1,32768,10,2,2.5,1,107,2,3.4964,0.9382,0.8064,1.2328,42.2701,49.0834,163627,9.987
1,32768,10,inf,2.5,1,108,3,3.4838,0.9284,0.0876,1.485,4.2615,10.5761,163708,9.99194
2,32768,10,inf,2.5,1,109,3,3.5302,1.3092,0.1777,1.4663,14.2845,21.1089,163499,9.97919
3,32768,10,inf,2.5,1,110,3,3.5289,1.7549,2.2327,1.5694,71.1368,80.5644,163667,9.98944
4,32768,10,inf,2.5,1,111,3,3.5037,2.0726,1.8833,2.0843,769.426,779.406,163613,9.98615
5,32768,10,inf,2.5,1,112,3,3.5784,2.419,1.9181,1.9831,1810.14,1820.41,163676,9.98999
1,1024,10,inf,2.5,1,113,0,0.1887,0.0348,0.0083,0.082,0.2115,0.5375,5017,9.79883
1,1024,100,inf,2.5,1,114,0,0.1159,0.0324,0.1132,0.0324,0.3859,0.691,51138,99.8789
1,2048,10,inf,2.5,1,115,0,0.2607,0.1076,0.013,0.0743,0.2611,0.7337,10068,9.83203
1,2048,100,inf,2.5,1,116,0,0.2216,0.0589,0.1762,0.0566,0.813,1.343,102116,99.7227
1,4096,10,inf,2.5,1,117,0,0.5537,0.1141,0.0208,0.1391,0.5278,1.3987,20417,9.96924
1,4096,100,inf,2.5,1,118,0,0.4429,0.1141,0.4257,0.1178,2.266,3.4125,204330,99.7705
1,4096,1000,inf,2.5,1,119,0,0.5083,0.1131,0.7026,0.1053,10.9657,12.4433,2047641,999.825
1,8192,10,inf,2.5,1,120,0,0.8752,0.2301,0.0538,0.2792,1.4007,2.939,40885,9.98169
1,8192,100,inf,2.5,1,121,0,0.8653,0.2267,0.3641,0.2319,3.821,5.5931,409451,99.9636
1,8192,1000,inf,2.5,1,122,0,0.8673,0.2272,1.2187,0.2022,27.3586,29.9636,4096737,1000.18
1,16384,10,inf,2.5,1,123,0,1.7326,0.4504,0.0821,0.5603,2.1454,5.1312,81932,10.0015
1,16384,100,inf,2.5,1,124,0,1.7252,0.4494,1.8105,0.4684,7.9634,12.5788,819083,99.9857
1,16384,1000,inf,2.5,1,125,0,1.7405,0.4456,2.0762,0.3993,62.4385,67.2724,8191339,999.919
1,32768,10,inf,2.5,1,126,0,3.507,0.9507,0.0998,1.1825,4.2327,10.3095,164253,10.0252
1,32768,100,inf,2.5,1,127,0,3.8006,0.8899,3.144,0.9576,16.3743,25.4915,1639071,100.041
1,32768,1000,inf,2.5,1,128,0,3.4027,0.8858,4.4295,1.1914,136.405,146.629,16384952,1000.06
1,65536,10,inf,2.5,1,129,0,6.9274,1.8755,0.2031,2.2604,8.9646,21.0806,327470,9.99359
1,65536,100,inf,2.5,1,130,0,6.7835,2.0628,7.1546,2.0452,33.222,51.9332,3278269,100.045
1,65536,1000,inf,2.5,1,131,0,7.0595,1.7216,8.7633,1.8629,290.845,310.905,32764794,999.902
1,131072,10,inf,2.5,1,132,0,14.3569,3.6814,0.3525,4.8074,17.3719,41.9144,652936,9.96301
1,131072,100,inf,2.5,1,133,0,14.131,3.7014,3.3224,3.9745,66.3184,92.813,6554871,100.019
1,131072,1000,inf,2.5,1,134,0,14.0856,3.5604,17.9038,3.8317,374.868,415.754,65544515,1000.13
1,262144,10,inf,2.5,1,135,0,28.1628,7.4184,0.6321,10.1352,35.1388,84.2542,1309445,9.99027
1,262144,100,inf,2.5,1,136,0,28.0097,7.1356,4.0993,8.6483,133.235,183.831,13107679,100.004
1,262144,1000,inf,2.5,1,137,0,27.6684,6.9551,30.4858,8.3687,778.233,854.457,131062295,999.926
1,524288,10,inf,2.5,1,138,0,57.2175,14.6277,1.7614,20.254,71.046,170.42,2624805,10.0128
1,524288,100,inf,2.5,1,139,0,55.7287,14.4459,39.0484,16.9595,269.937,401.906,26210102,99.9836
1,524288,1000,inf,2.5,1,140,0,54.504,14.5659,74.5544,16.1827,1595.24,1760.54,262110370,999.872
1,1048576,10,inf,2.5,1,141,0,112.185,29.2249,3.257,40.7792,141.46,337.992,5248047,10.0099
1,1048576,100,inf,2.5,1,142,0,111.215,28.8612,16.5839,35.6976,539.275,743.003,52438049,100.018
1,1048576,1000,inf,2.5,1,143,0,110.209,28.6247,116.919,32.3051,3259.86,3559.23,524275853,999.977
1,32768,2,inf,2.5,1,144,1,3.4387,0.9021,0.0877,1.5396,8.1805,14.4728,32575,1.98822
1,32768,4,inf,2.5,1,145,1,3.8173,0.9201,1.1826,1.415,5.5448,13.2832,65392,3.99121
1,32768,8,inf,2.5,1,146,1,3.8803,0.9664,0.1619,1.3185,4.4169,11.0762,130726,7.97888
1,32768,16,inf,2.5,1,147,1,3.4496,0.9039,0.1605,1.2211,4.9382,11.0298,262012,15.9919
1,32768,32,inf,2.5,1,148,1,3.4607,0.9076,0.5102,1.0235,6.2581,12.4814,522312,31.8794
1,32768,64,inf,2.5,1,149,1,3.4871,0.9112,0.7671,1.0124,10.5182,17.0296,1049574,64.0609
1,32768,128,inf,2.5,1,150,1,3.4736,0.9076,3.2033,0.9637,16.9957,25.8806,2095678,127.91
1,32768,256,inf,2.5,1,151,1,3.4531,0.892,3.6132,0.9396,43.2983,52.5374,4198993,256.286
1,32768,512,inf,2.5,1,152,1,3.495,1.2104,4.1049,0.9451,76.742,86.8396,8388952,512.021
1,32768,1024,inf,2.5,1,153,1,3.4685,0.8969,4.6859,0.9081,136.817,147.112,16784854,1024.47
1,32768,2048,inf,2.5,1,154,1,3.898,0.9071,4.8775,0.8478,254.105,264.982,33559682,2048.32
1,32768,4096,inf,2.5,1,155,1,3.853,0.8984,5.3115,0.8268,464.87,476.096,67119340,4096.64
1,32768,10,inf,2.5,1,156,2,3.4337,0.9016,0.0877,1.1655,4.6228,10.5331,163164,9.95874
1,32768,10,5,2.5,1,157,2,3.5213,0.9392,3.5065,1.4047,73.7869,83.4935,164511,10.041
1,32768,10,4.5,2.5,1,158,2,3.5268,0.871,3.6174,1.2545,78.9751,88.5872,163854,10.0009
1,32768,10,4,2.5,1,159,2,3.5,0.8933,3.3488,1.2745,79.9797,89.3908,163675,9.98993
1,32768,10,3.5,2.5,1,160,2,3.9174,0.8955,3.4143,1.2039,79.5452,89.318,163860,10.0012
1,32768,10,3,2.5,1,161,2,3.5405,1.1038,3.3382,1.3663,82.4903,92.1744,163680,9.99023
1,32768,10,2.5,2.5,1,162,2,3.4557,1.2331,3.3726,1.1993,84.7619,94.3754,164431,10.0361
1,32768,10,2,2.5,1,163,2,3.5887,0.9331,0.499,1.3255,45.2777,51.9972,163856,10.001
1,32768,10,inf,2.5,1,164,3,3.5413,0.9025,0.1442,1.2006,4.7467,10.8623,163631,9.98724
2,32768,10,inf,2.5,1,165,3,3.5381,1.3184,0.2889,1.5593,14.2928,21.3566,163638,9.98767
3,32768,10,inf,2.5,1,166,3,3.5451,1.6961,2.2878,1.6761,70.9732,80.519,163739,9.99384
4,32768,10,inf,2.5,1,167,3,3.5321,2.1584,1.5295,1.9988,769.28,778.87,163849,10.0005
5,32768,10,inf,2.5,1,168,3,3.5924,2.4904,1.9382,2.2544,1779.64,1790.28,164270,10.0262
1,1024,10,inf,2.5,1,169,0,0.1776,0.0728,0.0079,0.0474,0.1943,0.512,5099,9.95898
1,1024,100,inf,2.5,1,170,0,0.1155,0.0329,0.1145,0.0334,0.3691,0.6761,51574,100.73
1,2048,10,inf,2.5,1,171,0,0.2936,0.109,0.0279,0.0793,0.3154,0.8432,10385,10.1416
1,2048,100,inf,2.5,1,172,0,0.2235,0.0607,0.1433,0.0608,0.8352,1.3411,102318,99.9199
1,4096,10,inf,2.5,1,173,0,0.4917,0.1178,0.0218,0.1465,0.8324,1.6547,20421,9.97119
1,4096,100,inf,2.5,1,174,0,0.4187,0.1142,0.4174,0.1169,1.7766,2.8875,204969,100.083
1,4096,1000,inf,2.5,1,175,0,0.4239,0.1137,0.7012,0.1029,11.2343,12.6237,2046931,999.478
1,8192,10,inf,2.5,1,176,0,1.2624,0.2254,0.0255,0.2899,1.0783,2.9649,40786,9.95752
1,8192,100,inf,2.5,1,177,0,0.864,0.2258,0.7837,0.2332,3.7403,5.9358,408774,99.7983
1,8192,1000,inf,2.5,1,178,0,0.8626,0.2259,1.1251,0.2036,27.8289,30.3356,4094676,999.677
1,16384,10,inf,2.5,1,179,0,1.7693,0.4665,0.0469,0.6029,2.0967,5.1631,82060,10.0171
1,16384,100,inf,2.5,1,180,0,1.7095,0.4619,1.8986,0.5064,8.0813,12.8229,818109,99.8668
1,16384,1000,inf,2.5,1,181,0,1.7011,0.4471,2.5252,0.4095,62.2316,67.4815,8189623,999.71
1,32768,10,inf,2.5,1,182,0,3.6647,0.9016,0.0955,1.1766,4.6308,10.7905,163915,10.0046
1,32768,100,inf,2.5,1,183,0,3.3809,0.8645,0.9605,0.8969,16.2612,22.6912,1639143,100.045
1,32768,1000,inf,2.5,1,184,0,3.4517,0.8723,4.0959,0.8464,135.328,144.923,16378205,999.646
1,65536,10,inf,2.5,1,185,0,6.9319,1.7364,0.435,2.3044,8.9985,21.2159,327494,9.99432
1,65536,100,inf,2.5,1,186,0,6.7316,2.0703,5.4417,1.9595,33.094,49.9612,3273311,99.8935
1,65536,1000,inf,2.5,1,187,0,6.7196,2.0657,8.2235,1.8718,292.009,311.546,32762827,999.842
1,131072,10,inf,2.5,1,188,0,14.164,3.6615,0.4666,4.8468,17.3718,41.8611,656596,10.0189
1,131072,100,inf,2.5,1,189,0,14.1561,3.5381,3.3531,4.3223,65.0282,91.859,6556305,100.041
1,131072,1000,inf,2.5,1,190,0,13.7967,3.5001,17.6408,3.8706,373.927,414.449,65531447,999.931
1,262144,10,inf,2.5,1,191,0,28.1196,7.4639,0.6257,9.8722,35.3072,84.4787,1308384,9.98218
1,262144,100,inf,2.5,1,192,0,27.833,7.4791,17.2396,8.2751,133.963,197.841,13105769,99.9891
1,262144,1000,inf,2.5,1,193,0,27.4671,7.2965,34.6671,7.8961,784.019,864.039,131065816,999.953
1,524288,10,inf,2.5,1,194,0,56.0927,14.3903,1.3361,20.301,71.3447,169.2,2623322,10.0072
1,524288,100,inf,2.5,1,195,0,54.9635,14.5957,13.2132,16.8742,271.295,376.339,26221858,100.028
1,524288,1000,inf,2.5,1,196,0,55.026,14.5753,64.5417,16.5134,1603.37,1759.84,262154351,1000.04
1,1048576,10,inf,2.5,1,197,0,111.07,28.8817,2.7544,41.0156,141.027,336.018,5242918,10.0001
1,1048576,100,inf,2.5,1,198,0,110.461,28.3877,9.3032,35.4955,540.801,735.78,52432493,100.007
1,1048576,1000,inf,2.5,1,199,0,110.778,28.293,142.141,32.4526,3270.7,3595.98,524253493,999.934
1,32768,2,inf,2.5,1,200,1,4.7356,0.9396,0.1021,1.4947,8.3766,15.9791,33148,2.02319
1,32768,4,inf,2.5,1,201,1,3.7983,0.9075,0.1202,1.4697,5.7243,12.3424,65745,4.01276
1,32768,8,inf,2.5,1,202,1,3.5023,1.1891,0.153,1.3774,4.423,11.0312,130303,7.95306
1,32768,16,inf,2.5,1,203,1,3.8214,0.8993,0.1146,1.1029,4.6275,10.9835,262403,16.0158
1,32768,32,inf,2.5,1,204,1,3.551,0.9321,0.1925,1.1544,6.4525,12.6057,523847,31.9731
1,32768,64,inf,2.5,1,205,1,3.6517,0.9298,0.2941,1.1186,10.4223,16.7485,1048407,63.9897
1,32768,128,inf,2.5,1,206,1,3.8817,0.934,1.1498,1.0786,17.0106,24.3956,2099465,128.141
1,32768,256,inf,2.5,1,207,1,3.5131,1.2466,1.5786,0.9452,43.187,50.8127,4199153,256.296
1,32768,512,inf,2.5,1,208,1,3.8507,0.8937,3.5993,1.1873,49.7642,59.6387,8390276,512.102
1,32768,1024,inf,2.5,1,209,1,3.4231,0.8918,4.3102,0.9146,137.57,147.456,16775699,1023.91
1,32768,2048,inf,2.5,1,210,1,3.4578,0.8933,5.2865,0.8232,250.661,261.466,33552959,2047.91
1,32768,4096,inf,2.5,1,211,1,3.8186,0.8945,5.3834,0.8293,469.023,480.286,67102555,4095.61
1,32768,10,inf,2.5,1,212,2,3.7685,0.8728,0.1212,1.0861,4.3515,10.522,163597,9.98517
1,32768,10,5,2.5,1,213,2,3.4537,0.9061,3.5793,1.5745,75.9721,85.8323,163902,10.0038
1,32768,10,4.5,2.5,1,214,2,3.4955,0.9396,3.6471,1.2226,76.6112,86.2572,163033,9.95074
1,32768,10,4,2.5,1,215,2,3.8164,0.8937,3.5432,1.2109,79.7575,89.562,164053,10.013
1,32768,10,3.5,2.5,1,216,2,3.4838,0.8928,3.4087,1.2586,82.0861,91.4746,164003,10.0099
1,32768,10,3,2.5,1,217,2,3.5706,2.5335,3.4806,1.1775,82.061,93.1651,163398,9.97302
1,32768,10,2.5,2.5,1,218,2,3.5529,0.9243,3.3994,1.7206,85.2099,95.1693,162869,9.94073
1,32768,10,2,2.5,1,219,2,3.4996,0.9228,0.4869,1.3198,42.0458,48.6201,164031,10.0117
1,32768,10,inf,2.5,1,220,3,3.4811,0.9225,0.0965,1.2345,4.3539,10.4621,164330,10.0299
2,32768,10,inf,2.5,1,221,3,3.584,1.3148,2.0689,1.3077,14.2692,22.8934,164061,10.0135
3,32768,10,inf,2.5,1,222,3,3.4602,1.6904,1.8792,1.7809,70.6755,79.8299,164190,10.0214
4,32768,10,inf,2.5,1,223,3,3.8928,2.0731,1.8825,1.7229,774.571,784.517,164133,10.0179
5,32768,10,inf,2.5,1,224,3,3.8864,2.4237,1.8708,1.9474,1793.58,1804.08,163780,9.99634
1,1024,10,inf,2.5,1,225,0,0.1772,0.0515,0.0361,0.0454,0.2013,0.5236,5165,10.0879
1,1024,100,inf,2.5,1,226,0,0.116,0.033,0.0983,0.032,0.3799,0.6697,51115,99.834
1,2048,10,inf,2.5,1,227,0,0.2889,0.1071,0.0154,0.0761,0.3116,0.8157,10298,10.0566
1,2048,100,inf,2.5,1,228,0,0.2208,0.0594,0.2101,0.0565,0.8626,1.4266,102497,100.095
1,4096,10,inf,2.5,1,229,0,0.5204,0.1159,0.0167,0.1382,0.5588,1.3927,20367,9.94482
1,4096,100,inf,2.5,1,230,0,0.4239,0.1146,0.4304,0.1182,2.0225,3.1528,204715,99.9585
1,4096,1000,inf,2.5,1,231,0,0.4252,0.1131,0.7007,0.102,11.7792,13.1677,2051175,1001.55
1,8192,10,inf,2.5,1,232,0,0.9053,0.2258,0.0422,0.2713,1.0723,2.6185,41061,10.0247
1,8192,100,inf,2.5,1,233,0,0.8436,0.2212,0.3274,0.2644,3.8826,5.6236,409497,99.9749
1,8192,1000,inf,2.5,1,234,0,0.8668,0.2272,1.1104,0.2022,27.0826,29.5791,4096603,1000.15
1,16384,10,inf,2.5,1,235,0,3.2983,0.4536,0.0543,0.5616,2.1107,6.6481,81704,9.97363
1,16384,100,inf,2.5,1,236,0,1.7386,0.4522,1.0249,0.4785,7.8168,11.9916,818621,99.9293
1,16384,1000,inf,2.5,1,237,0,1.7424,0.4457,2.2859,0.4698,61.2606,66.6802,8192975,1000.12
1,32768,10,inf,2.5,1,238,0,3.5103,0.8964,0.2055,1.1145,4.2917,10.35,163871,10.0019
1,32768,100,inf,2.5,1,239,0,3.4393,0.8891,4.1094,0.9275,15.9606,25.6625,1638996,100.036
1,32768,1000,inf,2.5,1,240,0,3.4579,0.8955,4.2453,0.9989,136.161,146.097,16386504,1000.15
1,65536,10,inf,2.5,1,241,0,7.1787,1.914,0.1512,2.2725,8.9521,21.1376,327694,10.0004
1,65536,100,inf,2.5,1,242,0,6.7547,1.7331,3.481,2.6207,32.1888,47.4473,3275750,99.968
1,65536,1000,inf,2.5,1,243,0,6.6791,1.7279,8.6678,1.9167,180.052,199.704,32765143,999.913
1,131072,10,inf,2.5,1,244,0,14.0379,3.9304,0.4173,4.928,17.6264,42.324,655548,10.0029
1,131072,100,inf,2.5,1,245,0,13.9065,3.5817,6.7089,3.9986,66.3189,95.8589,6561074,100.114
1,131072,1000,inf,2.5,1,246,0,13.7238,3.4639,19.1574,3.8163,377.448,418.953,65539374,1000.05
1,262144,10,inf,2.5,1,247,0,27.9708,7.3118,0.621,10.4184,35.0743,84.1595,1313153,10.0186
1,262144,100,inf,2.5,1,248,0,28.0942,7.1368,3.8415,8.6103,132.907,183.296,13103302,99.9703
1,262144,1000,inf,2.5,1,249,0,27.6801,6.9536,33.0862,8.4581,776.061,854.931,131078655,1000.05
1,524288,10,inf,2.5,1,250,0,56.0009,14.5888,1.3728,20.3232,71.6721,169.674,2623963,10.0096
1,524288,100,inf,2.5,1,251,0,54.9412,14.6361,55.0251,16.9016,268.365,415.264,26216636,100.009
1,524288,1000,inf,2.5,1,252,0,55.457,14.2901,68.4824,16.2968,1609.63,1770.55,262145818,1000.01
1,1048576,10,inf,2.5,1,253,0,112.381,29.2476,2.6731,41.1632,140.894,337.684,5238555,9.99175
1,1048576,100,inf,2.5,1,254,0,112.583,28.4688,12.294,35.5567,542.216,742.726,52426138,99.9949
1,1048576,1000,inf,2.5,1,255,0,112.598,29.7276,146.583,33.9441,3254.99,3589.2,524255240,999.938
1,32768,2,inf,2.5,1,256,1,3.4856,0.8728,0.1002,1.5007,8.2765,14.5624,32850,2.005
1,32768,4,inf,2.5,1,257,1,3.8335,0.8896,0.0881,1.3755,5.6765,12.1897,65436,3.9939
1,32768,8,inf,2.5,1,258,1,3.4833,0.9029,0.1081,1.185,4.6195,10.636,131032,7.99756
1,32768,16,inf,2.5,1,259,1,3.5098,1.1858,0.1276,1.1854,4.518,10.8489,262277,16.0081
1,32768,32,inf,2.5,1,260,1,3.6053,0.9215,0.1804,1.1669,6.3463,12.5464,525119,32.0507
1,32768,64,inf,2.5,1,261,1,3.5714,0.877,0.8793,0.9999,10.6509,17.3463,1048002,63.965
1,32768,128,inf,2.5,1,262,1,3.4903,1.0253,1.6019,0.9793,16.6567,24.1168,2097444,128.018
1,32768,256,inf,2.5,1,263,1,3.5414,0.8728,3.9889,0.9762,28.1345,37.8551,4194635,256.02
1,32768,512,inf,2.5,1,264,1,3.8075,0.8993,4.1104,0.9266,50.0499,60.1432,8388468,511.991
1,32768,1024,inf,2.5,1,265,1,3.5418,0.9044,5.0745,0.9544,136.162,146.984,16772639,1023.72
1,32768,2048,inf,2.5,1,266,1,3.6002,0.9011,4.7551,1.1705,249.292,260.389,33564629,2048.62
1,32768,4096,inf,2.5,1,267,1,3.8274,1.0496,6.6489,0.8362,466.597,479.298,67106386,4095.85
1,32768,10,inf,2.5,1,268,2,3.75,0.8737,0.1743,1.0963,4.3181,10.5512,164355,10.0314
1,32768,10,5,2.5,1,269,2,3.5321,0.9034,3.9416,1.1752,76.6048,86.502,163850,10.0006
1,32768,10,4.5,2.5,1,270,2,3.5066,1.2382,3.4884,1.2109,81.1391,90.9362,164070,10.014
1,32768,10,4,2.5,1,271,2,4.1508,0.9782,3.5278,1.2504,82.6713,92.9382,163329,9.96881
1,32768,10,3.5,2.5,1,272,2,3.8669,0.9312,3.47,1.261,85.4135,95.3081,163520,9.98047
1,32768,10,3,2.5,1,273,2,3.7213,0.9484,3.7941,1.2494,85.306,95.3818,163808,9.99805
1,32768,10,2.5,2.5,1,274,2,3.6962,0.9239,3.5719,1.3194,91.52,101.396,163469,9.97736
1,32768,10,2,2.5,1,275,2,3.8188,0.9321,0.5064,1.3045,44.7689,51.6916,163395,9.97284
1,32768,10,inf,2.5,1,276,3,3.6782,0.9248,0.4127,1.2698,5.1813,11.8257,163509,9.9798
2,32768,10,inf,2.5,1,277,3,3.7955,1.3528,0.2458,1.485,14.8675,22.1157,164202,10.0221
3,32768,10,inf,2.5,1,278,3,3.8316,1.7795,3.0799,1.6659,73.4735,84.1976,163455,9.9765
4,32768,10,inf,2.5,1,279,3,3.6304,2.1834,2.2395,2.1491,784.557,795.141,163793,9.99713
5,32768,10,inf,2.5,1,280,3,3.5688,2.529,1.9464,2.1467,1822.94,1833.57,164163,10.0197
1,1024,10,inf,2.5,1,281,0,0.1952,0.0515,0.0153,0.0478,0.2115,0.5542,5168,10.0938
1,1024,100,inf,2.5,1,282,0,0.1169,0.0334,0.1011,0.033,0.3673,0.6623,51182,99.9648
1,2048,10,inf,2.5,1,283,0,0.2528,0.1025,0.0158,0.0793,0.3344,0.8028,10147,9.90918
1,2048,100,inf,2.5,1,284,0,0.6298,0.0608,0.2004,0.0607,1.2466,2.2164,102323,99.9248
1,4096,10,inf,2.5,1,285,0,0.5542,0.1174,0.0297,0.1484,0.5394,1.4353,20558,10.0381
1,4096,100,inf,2.5,1,286,0,0.4253,0.1392,0.4759,0.179,2.0215,3.2845,204933,100.065
1,4096,1000,inf,2.5,1,287,0,0.4262,0.114,0.6423,0.1034,11.0641,12.3969,2047296,999.656
1,8192,10,inf,2.5,1,288,0,0.9424,0.23,0.0334,0.3103,1.0764,2.6801,41022,10.0151
1,8192,100,inf,2.5,1,289,0,1.1887,0.2221,0.6692,0.2481,3.6355,6.0466,408817,99.8088
1,8192,1000,inf,2.5,1,290,0,0.9483,0.2444,0.9239,0.2027,26.9412,29.3542,4096186,1000.05
1,16384,10,inf,2.5,1,291,0,1.7911,0.466,0.178,0.6103,2.232,5.4632,81468,9.94482
1,16384,100,inf,2.5,1,292,0,1.7331,0.4601,1.6663,0.5218,7.9574,12.5287,817956,99.8481
1,16384,1000,inf,2.5,1,293,0,1.7244,0.447,2.3118,0.4062,62.1941,67.2566,8190842,999.859
1,32768,10,inf,2.5,1,294,0,3.5098,0.9053,0.0816,1.1172,4.2402,10.1839,163408,9.97363
1,32768,100,inf,2.5,1,295,0,3.7788,0.8936,1.94,0.9223,16.3107,24.186,1638146,99.9845
1,32768,1000,inf,2.5,1,296,0,3.4912,0.8974,4.5357,0.8857,138.7,148.848,16376352,999.533
1,65536,10,inf,2.5,1,297,0,6.8503,1.7891,0.2083,2.2623,8.8603,20.8199,328092,10.0126
1,65536,100,inf,2.5,1,298,0,6.7196,2.079,5.4785,1.9664,32.326,49.2336,3276400,99.9878
1,65536,1000,inf,2.5,1,299,0,6.7395,1.7609,8.6391,1.8444,180.917,200.564,32764569,999.895
1,131072,10,inf,2.5,1,300,0,14.0893,3.6318,0.384,4.9401,17.3691,42.0781,653998,9.97922
1,131072,100,inf,2.5,1,301,0,13.4638,3.788,12.2927,4.2574,65.113,100.595,6554008,100.006
1,131072,1000,inf,2.5,1,302,0,13.466,3.8057,17.9538,3.815,378.773,419.4,65535510,999.993
1,262144,10,inf,2.5,1,303,0,27.4088,7.4963,0.6298,9.7099,34.9752,82.9658,1309645,9.9918
1,262144,100,inf,2.5,1,304,0,27.3382,7.2919,19.1369,8.2685,132.182,197.225,13106599,99.9954
1,262144,1000,inf,2.5,1,305,0,27.071,7.258,31.0507,8.1729,773.724,850.966,131065262,999.949
1,524288,10,inf,2.5,1,306,0,57.216,14.7385,1.344,20.1804,70.8755,170.055,2621741,10.0011
1,524288,100,inf,2.5,1,307,0,57.2925,14.35,63.1175,16.7197,273.062,430.31,26215795,100.005
1,524288,1000,inf,2.5,1,308,0,54.7923,14.2808,72.1636,16.1179,1582.34,1745.09,262149212,1000.02
1,1048576,10,inf,2.5,1,309,0,111.134,28.7078,2.8118,40.1127,139.684,333.282,5240701,9.99584
1,1048576,100,inf,2.5,1,310,0,109.62,28.5598,18.7162,35.1713,539.694,742.873,52425758,99.9942
1,1048576,1000,inf,2.5,1,311,0,113.781,29.2521,141.722,32.7927,3245.22,3573.62,524278540,999.982
1,32768,2,inf,2.5,1,312,1,4.1322,0.9118,0.0844,1.3722,7.7228,14.5484,32886,2.0072
1,32768,4,inf,2.5,1,313,1,4.103,0.8797,0.2703,1.3301,5.6766,12.5825,65410,3.99231
1,32768,8,inf,2.5,1,314,1,3.5464,0.9369,0.0871,1.5317,4.7281,11.1689,131590,8.03162
1,32768,16,inf,2.5,1,315,1,3.4504,0.9053,0.1219,1.1942,4.7105,10.8322,261602,15.9669
1,32768,32,inf,2.5,1,316,1,4.0817,0.9573,0.4095,1.0666,6.3049,13.171,524160,31.9922
1,32768,64,inf,2.5,1,317,1,3.6253,1.2462,0.7773,0.9874,10.1281,17.0944,1049335,64.0463
1,32768,128,inf,2.5,1,318,1,3.8807,0.9155,2.8776,0.9676,16.9321,25.9154,2096616,127.967
1,32768,256,inf,2.5,1,319,1,3.4722,0.923,2.9324,1.043,44.382,53.0968,4194748,256.027
1,32768,512,inf,2.5,1,320,1,3.5038,0.8937,4.3909,0.9568,50.0578,60.1466,8385618,511.818
1,32768,1024,inf,2.5,1,321,1,3.4876,0.8937,4.0037,0.9678,138.557,148.246,16776970,1023.98
1,32768,2048,inf,2.5,1,322,1,3.6104,0.9048,4.6071,0.8978,249.627,259.984,33549494,2047.7
1,32768,4096,inf,2.5,1,323,1,3.5891,0.8737,6.2673,0.8047,457.654,469.525,67117609,4096.53
1,32768,10,inf,2.5,1,324,2,3.8001,0.8723,0.1484,1.0863,4.2374,10.4667,164024,10.0112
1,32768,10,5,2.5,1,325,2,3.4602,0.8746,3.8117,1.1793,75.1689,84.8405,164767,10.0566
1,32768,10,4.5,2.5,1,326,2,3.487,0.9381,3.739,1.2694,75.7848,85.5527,164628,10.0481
1,32768,10,4,2.5,1,327,2,3.9764,0.8862,3.3261,1.286,78.6889,88.4985,164159,10.0195
1,32768,10,3.5,2.5,1,328,2,3.5451,0.8713,3.3484,1.171,79.9657,89.2424,163841,10.0001
1,32768,10,3,2.5,1,329,2,3.4769,0.9067,3.6819,1.2151,84.4528,94.1046,163467,9.97723
1,32768,10,2.5,2.5,1,330,2,3.5311,0.8905,3.4444,1.2838,85.1737,94.6666,163422,9.97449
1,32768,10,2,2.5,1,331,2,3.8451,0.8946,0.4827,1.1946,41.6797,48.4341,163754,9.99475
1,32768,10,inf,2.5,1,332,3,4.0293,0.8774,0.0747,1.0941,4.1781,10.5781,163745,9.9942
2,32768,10,inf,2.5,1,333,3,3.4537,1.2578,0.1544,1.3083,14.362,20.8715,163510,9.97986
3,32768,10,inf,2.5,1,334,3,4.07,1.6398,1.8829,1.5662,70.9402,80.4447,163773,9.99591
4,32768,10,inf,2.5,1,335,3,3.5029,2.0781,2.2776,1.7805,768.917,778.94,163640,9.98779
5,32768,10,inf,2.5,1,336,3,3.516,2.4751,1.9052,2.0638,1800.12,1810.79,163553,9.98248
1,1024,10,inf,2.5,1,337,0,0.1841,0.0575,0.0454,0.0672,0.2021,0.5677,5167,10.0918
1,1024,100,inf,2.5,1,338,0,0.1132,0.033,0.1127,0.0307,0.486,0.7856,50949,99.5098
1,2048,10,inf,2.5,1,339,0,0.2899,0.1076,0.012,0.0746,0.2601,0.7615,10284,10.043
1,2048,100,inf,2.5,1,340,0,0.2217,0.0946,0.1799,0.0566,0.8696,1.4405,102603,100.198
1,4096,10,inf,2.5,1,341,0,0.5602,0.116,0.0158,0.1349,0.5319,1.4029,20623,10.0698
1,4096,100,inf,2.5,1,342,0,0.4564,0.1141,0.3474,0.1205,1.9144,2.9968,205548,100.365
1,4096,1000,inf,2.5,1,343,0,0.4257,0.1145,0.6066,0.1043,11.3828,12.6813,2046874,999.45
1,8192,10,inf,2.5,1,344,0,0.9521,0.224,0.0237,0.2708,1.0036,2.5553,40888,9.98242
1,8192,100,inf,2.5,1,345,0,0.9146,0.2216,0.6065,0.2264,3.4866,5.537,409635,100.009
1,8192,1000,inf,2.5,1,346,0,0.9271,0.2217,1.5133,0.1985,27.7816,30.7321,4094326,999.591
1,16384,10,inf,2.5,1,347,0,1.8393,0.4434,0.0445,0.5398,2.5067,5.5378,81760,9.98047
1,16384,100,inf,2.5,1,348,0,1.7438,0.4485,0.4522,0.4707,7.5181,10.7961,818805,99.9518
1,16384,1000,inf,2.5,1,349,0,1.7373,0.4456,2.2423,0.7188,62.3509,67.6744,8193203,1000.15
1,32768,10,inf,2.5,1,350,0,3.8382,0.9382,0.1007,1.2202,4.3524,10.7863,163455,9.9765
1,32768,100,inf,2.5,1,351,0,3.4389,0.8923,2.2591,0.9359,16.4419,24.3088,1636418,99.879
1,32768,1000,inf,2.5,1,352,0,3.7682,0.9164,4.4184,0.9178,136.846,147.189,16378455,999.662
1,65536,10,inf,2.5,1,353,0,7.3845,1.8486,0.1744,2.3156,9.4752,21.9052,326392,9.96069
1,65536,100,inf,2.5,1,354,0,6.9374,1.8028,1.5183,2.0847,33.2976,46.3211,3277207,100.012
1,65536,1000,inf,2.5,1,355,0,7.1528,1.7864,8.327,1.8212,201.105,220.859,32767467,999.984
1,131072,10,inf,2.5,1,356,0,13.8537,4.1558,0.3441,5.0778,17.4307,42.2089,653925,9.9781
1,131072,100,inf,2.5,1,357,0,14.2136,3.5269,3.3441,4.4398,65.4734,92.3709,6556719,100.048
1,131072,1000,inf,2.5,1,358,0,13.952,3.4607,18.2767,3.8334,383.886,424.784,65513001,999.649
1,262144,10,inf,2.5,1,359,0,28.5909,7.3534,0.8265,10.3791,35.3067,85.196,1310987,10.002
1,262144,100,inf,2.5,1,360,0,28.0723,7.1277,29.8722,8.602,134.705,211.118,13110763,100.027
1,262144,1000,inf,2.5,1,361,0,27.7732,7.1044,34.6662,8.4679,778.283,859.347,131059384,999.904
1,524288,10,inf,2.5,1,362,0,55.462,14.4019,1.293,20.2064,70.7293,167.819,2627270,10.0222
1,524288,100,inf,2.5,1,363,0,55.2375,14.3722,28.9001,16.8172,267.762,388.495,26222465,100.031
1,524288,1000,inf,2.5,1,364,0,54.6547,14.31,53.1998,16.1633,1579.68,1723.41,262148223,1000.02
1,1048576,10,inf,2.5,1,365,0,110.774,28.8691,2.7307,40.0579,139.774,334.43,5244047,10.0022
1,1048576,100,inf,2.5,1,366,0,112.382,29.2494,15.5794,36.0139,546.193,750.275,52427209,99.997
1,1048576,1000,inf,2.5,1,367,0,109.986,28.5858,146.885,31.9294,3241.01,3569.75,524291968,1000.01
1,32768,2,inf,2.5,1,368,1,3.5191,0.9025,0.0992,1.4979,8.1823,14.56,32355,1.97479
1,32768,4,inf,2.5,1,369,1,3.6221,0.9071,0.1104,1.3854,5.5856,11.9703,65365,3.98956
1,32768,8,inf,2.5,1,370,1,4.0454,0.9252,0.1521,1.1608,4.621,11.2301,130923,7.99091
1,32768,16,inf,2.5,1,371,1,3.551,0.9433,0.4415,1.2086,5.048,11.5321,262540,16.0242
1,32768,32,inf,2.5,1,372,1,3.6838,0.9432,0.5482,1.1747,6.4905,13.3054,524517,32.014
1,32768,64,inf,2.5,1,373,1,3.6374,0.9451,0.9707,1.0848,10.637,17.6451,1049358,64.0477
1,32768,128,inf,2.5,1,374,1,3.9304,0.9077,3.1123,1.147,17.7294,27.1708,2096695,127.972
1,32768,256,inf,2.5,1,375,1,3.4876,1.2595,2.9017,1.0059,28.0227,37.03,4193630,255.959
1,32768,512,inf,2.5,1,376,1,3.7876,0.9029,3.3957,0.9763,78.8503,88.2579,8387917,511.958
1,32768,1024,inf,2.5,1,377,1,3.5061,0.8932,4.2565,0.9465,136.013,145.952,16776163,1023.94
1,32768,2048,inf,2.5,1,378,1,3.5571,0.8719,4.596,0.7954,246.994,257.155,33552600,2047.89
1,32768,4096,inf,2.5,1,379,1,3.5302,0.8742,6.445,0.8047,462.105,474.097,67114489,4096.34
1,32768,10,inf,2.5,1,380,2,3.9699,0.8756,0.1308,1.1274,4.3454,10.7711,164142,10.0184
1,32768,10,5,2.5,1,381,2,3.5373,0.8746,3.8433,1.2173,76.9262,86.7436,164261,10.0257
1,32768,10,4.5,2.5,1,382,2,3.8716,0.896,3.3359,1.2484,77.876,87.6374,164095,10.0156
1,32768,10,4,2.5,1,383,2,3.615,0.8757,3.2236,1.288,77.4131,86.7506,163585,9.98444
1,32768,10,3.5,2.5,1,384,2,3.5228,0.8742,3.3341,1.2193,79.1045,88.4003,163884,10.0027
1,32768,10,3,2.5,1,385,2,3.5154,0.8955,3.6438,1.2549,83.4964,93.215,164189,10.0213
1,32768,10,2.5,2.5,1,386,2,3.4787,0.8714,3.5867,1.2628,86.0197,95.5547,163897,10.0035
1,32768,10,2,2.5,1,387,2,3.5566,0.8724,0.4731,1.2048,41.5241,47.9685,163976,10.0083
1,32768,10,inf,2.5,1,388,3,3.6619,0.8765,0.0756,1.1288,4.2078,10.2766,164754,10.0558
2,32768,10,inf,2.5,1,389,3,3.4769,1.3217,0.2495,1.7883,13.92,21.0922,164010,10.0104
3,32768,10,inf,2.5,1,390,3,4.0363,1.669,1.8848,1.7423,70.088,79.7677,164493,10.0399
4,32768,10,inf,2.5,1,391,3,3.507,2.3995,1.8787,1.7563,764.425,774.352,164049,10.0128
5,32768,10,inf,2.5,1,392,3,3.4198,2.4214,1.8806,2.0169,1784.52,1794.64,164934,10.0668
1,1024,10,inf,2.5,1,393,0,0.2087,0.3617,0.0608,0.0607,0.1716,0.9002,5133,10.0254
1,1024,100,inf,2.5,1,394,0,0.115,0.033,0.1108,0.032,0.3799,0.6818,51366,100.324
1,2048,10,inf,2.5,1,395,0,0.2959,0.1081,0.0446,0.0747,0.3029,0.8437,10337,10.0947
1,2048,100,inf,2.5,1,396,0,0.2328,0.0598,0.1313,0.0571,0.8399,1.3379,102477,100.075
1,4096,10,inf,2.5,1,397,0,0.5324,0.1155,0.0134,0.1391,0.5625,1.4066,20406,9.96387
1,4096,100,inf,2.5,1,398,0,0.4234,0.1146,0.2606,0.1197,2.0188,2.9812,204904,100.051
1,4096,1000,inf,2.5,1,399,0,0.4243,0.1136,0.7059,0.103,11.4931,12.8886,2046920,999.473
1,8192,10,inf,2.5,1,400,0,1.0574,0.243,0.0255,0.2699,1.0319,2.7088,41147,10.0457
1,8192,100,inf,2.5,1,401,0,0.8437,0.2226,0.8593,0.2282,3.6707,5.9047,409187,99.8992
1,8192,1000,inf,2.5,1,402,0,1.0008,0.2235,1.2173,0.2518,27.2775,30.0582,4100943,1001.21
1,16384,10,inf,2.5,1,403,0,1.9418,0.4448,0.0733,0.5755,2.2099,5.4427,82040,10.0146
1,16384,100,inf,2.5,1,404,0,2.2549,0.4758,0.276,0.4823,7.6713,11.3419,818624,99.9297
1,16384,1000,inf,2.5,1,405,0,1.7127,0.4837,2.1273,0.39,61.7559,66.6421,8189969,999.752
1,32768,10,inf,2.5,1,406,0,3.5025,0.927,0.1002,1.2921,4.6034,10.7655,163639,9.98773
1,32768,100,inf,2.5,1,407,0,3.4411,0.8895,0.9721,0.9901,16.3084,22.9408,1636806,99.9027
1,32768,1000,inf,2.5,1,408,0,3.4412,0.888,4.5978,0.9382,136.937,147.138,16383222,999.953
1,65536,10,inf,2.5,1,409,0,7.027,2.2076,0.1554,2.2298,8.7555,21.1612,327773,10.0028
1,65536,100,inf,2.5,1,410,0,7.059,1.7359,1.2313,1.9122,34.1941,46.8091,3278866,100.063
1,65536,1000,inf,2.5,1,411,0,6.7816,2.0874,8.5339,1.8991,182.769,202.73,32762957,999.846
1,131072,10,inf,2.5,1,412,0,14.3537,3.7167,0.352,5.4933,18.1162,43.4333,655547,10.0029
1,131072,100,inf,2.5,1,413,0,14.1431,3.5488,4.0078,3.9913,65.4297,92.4866,6551463,99.9674
1,131072,1000,inf,2.5,1,414,0,14.0832,3.5482,18.1287,3.8938,382.885,423.908,65522731,999.798
1,262144,10,inf,2.5,1,415,0,28.2731,7.271,0.8125,10.1718,34.9917,84.2583,1311308,10.0045
1,262144,100,inf,2.5,1,416,0,27.8646,7.3966,5.0305,8.5153,135.029,186.607,13105083,99.9838
1,262144,1000,inf,2.5,1,417,0,28.4096,7.0766,35.1194,8.2764,781.564,863.138,131076396,1000.03
1,524288,10,inf,2.5,1,418,0,55.9124,14.38,1.3278,20.8821,72.7606,170.768,2622112,10.0026
1,524288,100,inf,2.5,1,419,0,56.1086,13.9867,16.8896,17.2986,273.139,382.928,26216233,100.007
1,524288,1000,inf,2.5,1,420,0,55.1319,14.4149,76.9183,16.2958,1616.61,1784.97,262132760,999.957
1,1048576,10,inf,2.5,1,421,0,111.392,28.8904,2.6527,40.3158,142.055,336.374,5242971,10.0002
1,1048576,100,inf,2.5,1,422,0,110.578,28.965,53.3612,35.615,548.684,788.463,52452740,100.046
1,1048576,1000,inf,2.5,1,423,0,110.131,28.8812,149.953,33.1218,3281.39,3614.83,524325588,1000.07
1,32768,2,inf,2.5,1,424,1,3.5822,0.8732,0.084,1.5124,8.7977,15.1898,32912,2.00879
1,32768,4,inf,2.5,1,425,1,3.6531,0.8746,0.0784,1.3652,5.4475,11.77,65500,3.9978
1,32768,8,inf,2.5,1,426,1,3.8962,0.8992,0.0863,1.2248,4.4314,10.8698,131405,8.02032
1,32768,16,inf,2.5,1,427,1,3.507,0.9188,0.1971,1.1404,4.8524,10.9552,262929,16.0479
1,32768,32,inf,2.5,1,428,1,3.5112,0.8988,0.2597,1.0746,6.2581,12.3528,525068,32.0476
1,32768,64,inf,2.5,1,429,1,3.8237,0.8988,0.5115,1.037,10.2118,16.8408,1048349,63.9861
1,32768,128,inf,2.5,1,430,1,3.7932,0.8955,3.6049,1.0295,16.7249,26.3917,2098165,128.062
1,32768,256,inf,2.5,1,431,1,3.5079,0.9595,4.2259,1.0077,28.2347,38.2835,4193939,255.978
1,32768,512,inf,2.5,1,432,1,3.7886,0.8946,4.0951,0.9554,77.2652,87.3373,8386394,511.865
1,32768,1024,inf,2.5,1,433,1,3.5501,0.8695,3.8312,0.9117,134.451,143.954,16775015,1023.87
1,32768,2048,inf,2.5,1,434,1,3.5338,1.1803,4.961,0.8539,248.44,259.309,33570164,2048.96
1,32768,4096,inf,2.5,1,435,1,3.6597,0.871,5.4659,0.8052,469.639,480.785,67120267,4096.7
1,32768,10,inf,2.5,1,436,2,3.475,0.8969,0.0858,1.1229,4.223,10.1333,163807,9.99799
1,32768,10,5,2.5,1,437,2,3.8247,0.895,3.4476,1.2397,74.5762,84.3297,164461,10.0379
1,32768,10,4.5,2.5,1,438,2,3.7993,0.9048,3.5697,1.2414,76.7926,86.6514,164105,10.0162
1,32768,10,4,2.5,1,439,2,3.589,0.9049,3.3075,1.2248,76.3144,85.6742,163098,9.95471
1,32768,10,3.5,2.5,1,440,2,3.6067,0.9396,3.3859,1.4002,80.9952,90.6722,163810,9.99817
1,32768,10,3,2.5,1,441,2,3.5172,1.2202,3.437,1.2605,81.8236,91.6048,163649,9.98834
1,32768,10,2.5,2.5,1,442,2,3.5172,0.9044,3.3985,1.2276,85.0087,94.4009,164824,10.0601
1,32768,10,2,2.5,1,443,2,3.8693,0.9089,0.6325,1.2851,42.5957,49.6394,163754,9.99475
1,32768,10,inf,2.5,1,444,3,3.7699,0.9001,0.0914,1.1798,4.2871,10.5637,163728,9.99316
2,32768,10,inf,2.5,1,445,3,3.5066,1.3129,0.6117,1.7262,14.0856,21.5871,163862,10.0013
3,32768,10,inf,2.5,1,446,3,3.841,1.6667,1.6691,1.6765,70.7558,79.9532,164424,10.0356
4,32768,10,inf,2.5,1,447,3,3.5094,2.3986,1.8764,2.0791,780.501,790.742,164026,10.0114
5,32768,10,inf,2.5,1,448,3,3.6508,2.567,2.201,2.4886,1801.83,1813.46,164041,10.0123
1,1024,10,inf,2.5,1,449,0,0.1943,0.0357,0.0148,0.0482,0.1874,0.4921,5145,10.0488
1,1024,100,inf,2.5,1,450,0,0.1168,0.0334,0.1109,0.0325,0.5051,0.8088,51137,99.877
1,2048,10,inf,2.5,1,451,0,0.2755,0.0766,0.0097,0.0788,0.2597,0.7374,10128,9.89062
1,2048,100,inf,2.5,1,452,0,0.2588,0.0612,0.0984,0.0589,0.806,1.3004,102786,100.377
1,4096,10,inf,2.5,1,453,0,0.5263,0.1178,0.0139,0.146,0.5036,1.3533,20191,9.85889
1,4096,100,inf,2.5,1,454,0,0.4253,0.1173,0.4322,0.1275,2.041,3.1917,204367,99.7886
1,4096,1000,inf,2.5,1,455,0,0.4257,0.1168,0.6664,0.1058,11.4338,12.7945,2049892,1000.92
1,8192,10,inf,2.5,1,456,0,0.9461,0.2305,0.0307,0.2954,1.0662,2.6565,40842,9.97119
1,8192,100,inf,2.5,1,457,0,0.8756,0.2287,0.7096,0.2425,3.6907,5.8342,410140,100.132
1,8192,1000,inf,2.5,1,458,0,1.3027,0.2221,1.3166,0.2018,26.5271,29.6594,4094833,999.715
1,16384,10,inf,2.5,1,459,0,1.8198,0.4963,0.1136,0.594,2.4561,5.6766,81632,9.96484
1,16384,100,inf,2.5,1,460,0,1.8036,0.4378,0.2277,0.545,7.1759,10.3494,817855,99.8358
1,16384,1000,inf,2.5,1,461,0,1.7804,0.4355,2.1676,0.3886,62.7396,67.6856,8193839,1000.22
1,32768,10,inf,2.5,1,462,0,3.5116,1.2202,0.1706,1.2178,4.2963,10.752,164150,10.0189
1,32768,100,inf,2.5,1,463,0,3.4533,0.8932,2.8911,0.9831,16.3029,24.8641,1639133,100.045
1,32768,1000,inf,2.5,1,464,0,3.7931,0.8988,4.1933,0.9276,136.682,146.84,16390593,1000.4
1,65536,10,inf,2.5,1,465,0,7.4491,1.812,0.2467,2.4047,8.5065,21.5667,326931,9.97714
1,65536,100,inf,2.5,1,466,0,6.7677,1.7349,8.1708,1.9218,32.4077,51.6837,3275760,99.9683
1,65536,1000,inf,2.5,1,467,0,6.8994,1.7749,8.4369,1.8732,290.492,310.176,32763877,999.874
1,131072,10,inf,2.5,1,468,0,14.1231,3.655,0.5009,5.1571,17.5466,42.3754,656003,10.0098
1,131072,100,inf,2.5,1,469,0,14.0257,3.4675,16.3762,4.2055,66.4325,105.877,6553418,99.9972
1,131072,1000,inf,2.5,1,470,0,14.0643,3.5562,17.0384,3.8849,378.279,418.177,65529018,999.893
1,262144,10,inf,2.5,1,471,0,28.3812,7.2237,0.6497,10.0355,35.2241,84.2972,1312910,10.0167
1,262144,100,inf,2.5,1,472,0,28.1331,7.084,7.6884,8.2611,133.421,187.638,13107534,100.003
1,262144,1000,inf,2.5,1,473,0,27.3868,7.5311,32.4874,7.9179,778.668,856.75,131094828,1000.17
1,524288,10,inf,2.5,1,474,0,55.6502,14.3467,1.4094,20.0055,71.2246,168.122,2616082,9.97956
1,524288,100,inf,2.5,1,475,0,55.38,14.4464,24.5319,16.9633,268.955,385.805,26216855,100.009
1,524288,1000,inf,2.5,1,476,0,55.1535,14.004,72.5681,16.2152,1595.21,1758.95,262157469,1000.05
1,1048576,10,inf,2.5,1,477,0,111.479,29.2257,2.7474,41.0705,140.171,335.981,5233978,9.98302
1,1048576,100,inf,2.5,1,478,0,111.048,28.4456,13.223,35.5144,546.128,745.755,52428035,99.9985
1,1048576,1000,inf,2.5,1,479,0,111.732,28.7411,61.9566,32.6488,3254.31,3500.7,524279649,999.984
1,32768,2,inf,2.5,1,480,1,3.5506,0.9841,0.0849,1.3385,8.0969,14.3796,32567,1.98773
1,32768,4,inf,2.5,1,481,1,3.6503,0.8858,0.0793,1.3273,5.4117,11.7041,65872,4.02051
1,32768,8,inf,2.5,1,482,1,3.8447,0.8778,0.1456,1.1654,4.5844,10.9755,130905,7.98981
1,32768,16,inf,2.5,1,483,1,3.5344,0.8794,0.1122,1.0032,5.6538,11.5108,262282,16.0084
1,32768,32,inf,2.5,1,484,1,3.5362,1.0472,0.2129,1.0319,6.1073,12.6038,523740,31.9666
1,32768,64,inf,2.5,1,485,1,3.4848,0.8729,3.1939,1.1116,10.6008,19.5997,1047700,63.9465
1,32768,128,inf,2.5,1,486,1,3.4996,0.8728,2.0935,1.0082,16.7514,24.5968,2095031,127.871
1,32768,256,inf,2.5,1,487,1,3.4811,0.9003,2.2293,0.9976,43.097,51.0507,4195513,256.074
1,32768,512,inf,2.5,1,488,1,3.8349,0.8969,4.0645,1.004,49.8848,60.0219,8391671,512.187
1,32768,1024,inf,2.5,1,489,1,3.5909,0.8779,3.9647,1.0328,138.037,147.853,16776565,1023.96
1,32768,2048,inf,2.5,1,490,1,3.5089,0.8969,4.6812,0.844,258.053,268.336,33554504,2048
1,32768,4096,inf,2.5,1,491,1,3.5677,0.9021,5.8119,0.8399,482.861,494.331,67111213,4096.14
1,32768,10,inf,2.5,1,492,2,3.47,0.928,0.1572,1.2368,4.3172,10.4853,163856,10.001
1,32768,10,5,2.5,1,493,2,3.8948,0.9098,3.4783,1.2564,78.7618,88.665,163656,9.98877
1,32768,10,4.5,2.5,1,494,2,3.531,0.9429,3.4189,1.3903,80.4999,90.1288,164209,10.0225
1,32768,10,4,2.5,1,495,2,3.5427,0.9238,3.6916,1.4163,77.8792,87.8414,163687,9.99066
1,32768,10,3.5,2.5,1,496,2,3.8919,0.934,3.7454,1.2647,81.5995,91.7834,163963,10.0075
1,32768,10,3,2.5,1,497,2,3.5957,0.907,3.2802,1.2778,90.6476,100.168,162934,9.9447
1,32768,10,2.5,2.5,1,498,2,3.6396,0.9777,3.7097,1.3421,93.1655,103.201,163574,9.98376
1,32768,10,2,2.5,1,499,2,3.5209,0.9271,0.4925,1.2498,46.3903,52.9438,164060,10.0134
1,32768,10,inf,2.5,1,500,3,3.8243,0.9299,0.0928,1.2396,4.4048,10.8545,164275,10.0266
2,32768,10,inf,2.5,1,501,3,3.578,1.3361,0.6405,1.4094,14.8652,22.189,164377,10.0328
3,32768,10,inf,2.5,1,502,3,3.8423,1.7094,0.909,1.6186,72.5496,80.9878,164728,10.0542
4,32768,10,inf,2.5,1,503,3,3.6077,2.4334,2.1393,2.2604,780.466,791.297,163884,10.0027
5,32768,10,inf,2.5,1,504,3,3.6253,2.637,1.9172,2.1913,1804.86,1815.72,163271,9.96527
1,1024,10,inf,2.5,1,505,0,0.2027,0.057,0.0273,0.0487,0.1911,0.5389,5151,10.0605
1,1024,100,inf,2.5,1,506,0,0.1498,0.0348,0.1242,0.0478,0.6159,0.984,51155,99.9121
1,2048,10,inf,2.5,1,507,0,0.2578,0.1132,0.0079,0.128,0.39,0.9146,10279,10.0381
1,2048,100,inf,2.5,1,508,0,0.249,0.0599,0.2375,0.0849,1.004,1.6528,102649,100.243
1,4096,10,inf,2.5,1,509,0,0.5427,0.1303,0.0362,0.1568,0.5899,1.5008,20386,9.9541
1,4096,100,inf,2.5,1,510,0,0.4786,0.1284,0.448,0.1271,2.08,3.3062,205538,100.36
1,4096,1000,inf,2.5,1,511,0,0.4596,0.1507,0.8807,0.1331,11.6522,13.3269,2048740,1000.36
1,8192,10,inf,2.5,1,512,0,1.0217,0.2412,0.0288,0.314,1.0806,2.7756,40903,9.98608
1,8192,100,inf,2.5,1,513,0,0.8696,0.2356,0.4707,0.2541,4.0711,5.9867,409158,99.8921
1,8192,1000,inf,2.5,1,514,0,0.9127,0.2699,1.088,0.2096,27.3216,29.8922,4095086,999.777
1,16384,10,inf,2.5,1,515,0,2.1258,0.4619,0.1094,0.5575,2.1472,5.5679,82353,10.0529
1,16384,100,inf,2.5,1,516,0,1.7243,0.448,0.5774,0.4675,7.5803,10.9593,818958,99.9705
1,16384,1000,inf,2.5,1,517,0,2.0647,0.4484,2.2525,0.4068,61.8463,67.1935,8196806,1000.59
1,32768,10,inf,2.5,1,518,0,3.8029,0.9219,0.0844,1.1748,4.2555,10.5711,164340,10.0305
1,32768,100,inf,2.5,1,519,0,3.442,0.8877,3.34,0.9892,15.9231,24.9234,1638655,100.016
1,32768,1000,inf,2.5,1,520,0,3.5018,0.8961,4.4725,0.9331,137.431,147.567,16387810,1000.23
1,65536,10,inf,2.5,1,521,0,6.9181,1.7799,0.1521,2.1918,9.03,20.928,328618,10.0286
1,65536,100,inf,2.5,1,522,0,6.6996,1.7294,1.1585,2.0127,32.0631,44.3358,3277983,100.036
1,65536,1000,inf,2.5,1,523,0,7.0938,1.7335,7.9286,2.1955,180.002,199.615,32775533,1000.23
1,131072,10,inf,2.5,1,524,0,14.362,4.0226,0.486,5.1344,18.2182,43.6198,654402,9.98538
1,131072,100,inf,2.5,1,525,0,14.0999,3.4847,2.5674,3.962,65.6997,91.487,6553685,100.001
1,131072,1000,inf,2.5,1,526,0,13.4154,3.7659,17.6556,3.8075,373.692,413.676,65531816,999.936
1,262144,10,inf,2.5,1,527,0,28.1971,7.5742,0.6863,9.6659,35.2356,84.1414,1310552,9.99872
1,262144,100,inf,2.5,1,528,0,27.5723,7.3275,4.6284,12.2282,130.873,185.683,13112715,100.042
1,262144,1000,inf,2.5,1,529,0,27.1916,7.482,36.192,7.8317,781.366,862.748,131061920,999.923
1,524288,10,inf,2.5,1,530,0,55.9968,14.5502,1.4929,19.845,70.4859,168.065,2619532,9.99272
1,524288,100,inf,2.5,1,531,0,54.9667,14.3263,7.5331,16.7698,273.71,373.112,26213770,99.9976
1,524288,1000,inf,2.5,1,532,0,55.0187,14.4204,71.411,16.1673,1591.7,1754.25,262152845,1000.03
1,1048576,10,inf,2.5,1,533,0,112.707,29.1878,2.7367,39.8886,140.177,335.552,5246327,10.0066
1,1048576,100,inf,2.5,1,534,0,109.647,28.6901,11.6253,35.474,545.917,742.907,52421799,99.9866
1,1048576,1000,inf,2.5,1,535,0,109.109,28.7217,150.719,32.4606,3249.54,3581.81,524278321,999.982
1,32768,2,inf,2.5,1,536,1,3.4555,0.902,0.0746,1.4938,8.1674,14.4186,32987,2.01337
1,32768,4,inf,2.5,1,537,1,3.775,0.9136,0.1021,1.4396,5.4181,12.0143,66212,4.04126
1,32768,8,inf,2.5,1,538,1,3.8508,0.8747,0.1438,1.2145,4.5997,11.0225,131662,8.03601
1,32768,16,inf,2.5,1,539,1,3.4296,0.903,0.1307,1.1895,4.8129,10.7919,263061,16.056
1,32768,32,inf,2.5,1,540,1,3.5501,1.0681,0.5534,1.0995,6.8206,13.4214,524385,32.0059
1,32768,64,inf,2.5,1,541,1,3.5896,0.9763,0.2537,1.0115,10.1083,16.277,1048488,63.9946
1,32768,128,inf,2.5,1,542,1,3.5307,0.9985,3.6062,1.0295,17.1167,26.6227,2098747,128.097
1,32768,256,inf,2.5,1,543,1,3.4963,0.9007,3.3641,1.0073,28.2343,37.3444,4194611,256.019
1,32768,512,inf,2.5,1,544,1,3.84,0.8951,4.2977,0.9623,76.9183,87.2631,8392283,512.224
1,32768,1024,inf,2.5,1,545,1,3.5349,0.8969,4.7078,0.9475,138.358,148.784,16777734,1024.03
1,32768,2048,inf,2.5,1,546,1,3.6336,0.9374,4.8362,0.9052,248.594,259.247,33551174,2047.8
1,32768,4096,inf,2.5,1,547,1,3.6323,0.9456,5.6269,0.8065,467.963,479.315,67113160,4096.26
1,32768,10,inf,2.5,1,548,2,3.4546,0.9039,0.1113,1.1891,4.6734,10.6755,164755,10.0558
1,32768,10,5,2.5,1,549,2,3.6517,0.9012,3.6178,1.4136,76.4345,86.3647,163566,9.98328
1,32768,10,4.5,2.5,1,550,2,3.5663,0.9261,3.3474,1.3746,75.6701,85.2354,163670,9.98962
1,32768,10,4,2.5,1,551,2,3.4787,0.8955,3.7278,1.5616,82.8549,92.8556,163891,10.0031
1,32768,10,3.5,2.5,1,552,2,3.5586,0.9358,3.8937,1.3811,82.5257,92.6391,162870,9.9408
1,32768,10,3,2.5,1,553,2,3.5014,0.9229,3.8261,1.2517,82.177,92.0301,163078,9.95349
1,32768,10,2.5,2.5,1,554,2,3.4931,0.8955,3.277,1.2595,85.5142,94.7858,163300,9.96704
1,32768,10,2,2.5,1,555,2,3.8345,0.8964,0.4809,1.2401,41.8542,48.6516,164003,10.0099
1,32768,10,inf,2.5,1,556,3,3.7264,0.8992,0.1123,1.1538,4.2666,10.4886,163628,9.98706
2,32768,10,inf,2.5,1,557,3,3.4862,1.2912,0.1953,1.299,14.4449,21.0634,164141,10.0184
3,32768,10,inf,2.5,1,558,3,3.7723,1.6816,0.7305,1.581,71.232,79.3462,164793,10.0582
4,32768,10,inf,2.5,1,559,3,3.5065,2.0836,2.1672,1.7265,768.343,778.205,164308,10.0286
5,32768,10,inf,2.5,1,560,3,3.596,2.4227,1.8935,1.9695,1791.91,1802.17,163325,9.96857
