dimension,n,avgDeg,alpha,ple,threads,seed,plot,TimeWeights,TimePositions,TimeBinary,TimePre,TimeEdges,TimeTotal,GenNumEdge,GenAvgDeg
1,1024,10,inf,2.5,1,1,0,0.3632,0.1503,0.0742,0.1057,0.1382,0.8427,5067,9.89648
1,1024,100,inf,2.5,1,2,0,0.1196,0.0344,2.1171,0.05,0.3803,2.7126,51330,100.254
1,2048,10,inf,2.5,1,3,0,0.3381,0.1104,0.524,0.179,0.275,1.4446,10188,9.94922
1,2048,100,inf,2.5,1,4,0,0.2356,0.064,2.5897,0.0955,0.8153,3.8177,102444,100.043
1,4096,10,inf,2.5,1,5,0,0.5927,0.3399,0.2434,0.5408,0.7759,2.5595,20748,10.1309
1,4096,100,inf,2.5,1,6,0,0.4749,0.128,4.4833,0.1958,1.7553,7.0808,204055,99.6362
1,4096,1000,inf,2.5,1,7,0,0.4568,0.1229,113.019,0.1827,12.9869,126.814,2047342,999.679
1,8192,10,inf,2.5,1,8,0,0.9855,0.4447,1.862,0.6298,1.1348,5.1835,41044,10.0205
1,8192,100,inf,2.5,1,9,0,0.9243,0.3131,7.2185,0.5074,3.8539,12.9637,410132,100.13
1,8192,1000,inf,2.5,1,10,0,1.2745,0.3228,143.379,0.442,33.3356,178.958,4096003,1000
1,16384,10,inf,2.5,1,11,0,2.0076,0.9428,1.0926,1.7155,2.2822,8.256,82253,10.0406
1,16384,100,inf,2.5,1,12,0,1.8472,0.6247,25.5583,1.0421,8.4471,37.7749,819797,100.073
1,16384,1000,inf,2.5,1,13,0,1.85,0.7486,198.311,0.8566,70.8874,272.874,8192295,1000.04
1,32768,10,inf,2.5,1,14,0,3.8808,1.8222,0.8631,2.9667,4.5607,14.536,164178,10.0206
1,32768,100,inf,2.5,1,15,0,4.0937,1.1956,18.1848,2.169,16.6029,42.7403,1637378,99.9376
1,32768,1000,inf,2.5,1,16,0,3.6151,1.4632,355.761,1.8894,154.236,517.435,16385472,1000.09
1,65536,10,inf,2.5,1,17,0,7.9977,3.6809,3.5789,7.6249,9.2025,32.9504,327030,9.98016
1,65536,100,inf,2.5,1,18,0,7.8845,2.541,19.9402,4.7814,34.7144,70.829,3279318,100.077
1,65536,1000,inf,2.5,1,19,0,7.5227,3.0794,306.917,4.007,331.541,654.306,32774026,1000.18
1,131072,10,inf,2.5,1,20,0,15.5989,7.7816,8.2402,14.8791,19.4259,67.7422,656159,10.0122
1,131072,100,inf,2.5,1,21,0,14.9342,4.6168,85.8106,10.4385,67.4226,185.168,6550002,99.9451
1,131072,1000,inf,2.5,1,22,0,14.8453,6.1324,712.398,9.2217,410.573,1155.06,65533350,999.96
1,262144,10,inf,2.5,1,23,0,31.2932,15.6976,14.7631,32.9739,38.2052,136.491,1312849,10.0162
1,262144,100,inf,2.5,1,24,0,29.8379,9.3166,142.718,25.4024,140.129,351.224,13109601,100.018
1,262144,1000,inf,2.5,1,25,0,29.2118,12.8478,1373.66,21.9228,833.923,2275.4,131066627,999.959
1,524288,10,inf,2.5,1,26,0,62.6677,30.3926,19.5552,70.2665,75.3132,265.556,2623270,10.007
1,524288,100,inf,2.5,1,27,0,58.0463,18.7788,117.606,55.1536,280.087,537.072,26206386,99.9694
1,524288,1000,inf,2.5,1,28,0,59.0614,25.3309,1672.96,46.6027,1730.61,3542.34,262133821,999.961
1,1048576,10,inf,2.5,1,29,0,125.991,62.0512,50.331,158.647,155.456,566.847,5237495,9.98973
1,1048576,100,inf,2.5,1,30,0,116.627,36.8613,203.922,119.963,575.634,1068.4,52428172,99.9988
1,1048576,1000,inf,2.5,1,31,0,117.675,51.2219,3925.98,98.5388,3529.88,7738.45,524301344,1000.03
1,32768,2,inf,2.5,1,32,1,3.6508,0.9892,1.6107,3.2427,7.4143,17.2782,32809,2.0025
1,32768,4,inf,2.5,1,33,1,3.6851,1.101,2.0304,2.4742,4.064,13.6645,65944,4.0249
1,32768,8,inf,2.5,1,34,1,3.8692,1.0017,2.3926,2.7677,4.5115,14.8619,131556,8.02954
1,32768,16,inf,2.5,1,35,1,3.8813,1.0045,2.495,2.0884,5.2063,15.0006,262208,16.0039
1,32768,32,inf,2.5,1,36,1,3.7412,1.1251,3.1207,1.9858,6.957,17.2522,524002,31.9825
1,32768,64,inf,2.5,1,37,1,3.8052,1.0272,34.7563,1.7785,11.0312,52.7185,1049119,64.0331
1,32768,128,inf,2.5,1,38,1,3.7393,1.0045,25.9061,1.7006,17.8123,50.5141,2098442,128.079
1,32768,256,inf,2.5,1,39,1,3.8289,0.9874,90.6032,1.6877,29.8899,127.307,4196319,256.123
1,32768,512,inf,2.5,1,40,1,3.7073,0.9498,155.599,1.5657,83.6722,245.826,8386094,511.847
1,32768,1024,inf,2.5,1,41,1,4.0362,0.9522,289.272,1.5123,157.922,454.023,16779710,1024.15
1,32768,2048,inf,2.5,1,42,1,3.7417,0.9869,689.62,1.4567,295.917,992.062,33548891,2047.66
1,32768,4096,inf,2.5,1,43,1,4.0432,0.953,2838.45,1.4526,549.477,3394.71,67105610,4095.8
1,32768,10,inf,2.5,1,44,2,3.9499,0.986,2.4144,2.1871,4.5611,14.407,163891,10.0031
1,32768,10,5,2.5,1,45,2,4.1016,0.9952,17.734,2.2901,82.8921,108.371,164024,10.0112
1,32768,10,4.5,2.5,1,46,2,4.0524,0.9753,8.148,2.1041,93.4313,109.058,163915,10.0046
1,32768,10,4,2.5,1,47,2,3.7287,1.0096,9.0234,2.0623,88.8502,105.022,163833,9.99957
1,32768,10,3.5,2.5,1,48,2,4.0329,0.9757,10.5618,2.2947,84.3924,102.597,164358,10.0316
1,32768,10,3,2.5,1,49,2,4.013,0.9869,7.0237,2.0675,92.1141,106.555,163509,9.9798
1,32768,10,2.5,2.5,1,50,2,3.7269,1.0096,9.2916,2.1467,90.0703,106.586,163488,9.97852
1,32768,10,2,2.5,1,51,2,4.0376,0.9522,2.9263,2.0294,50.7942,61.0913,164577,10.045
1,32768,10,inf,2.5,1,52,3,3.6828,1.011,2.2637,2.3272,4.6989,14.2998,163114,9.95569
2,32768,10,inf,2.5,1,53,3,3.8043,1.7679,3.2881,2.7284,14.0888,26.0341,163331,9.96893
3,32768,10,inf,2.5,1,54,3,4.071,2.2298,32.0413,3.1082,61.1965,103.009,163983,10.0087
4,32768,10,inf,2.5,1,55,3,3.7491,2.7195,88.6767,6.6547,386.965,489.149,163720,9.99268
5,32768,10,inf,2.5,1,56,3,3.7602,3.0683,453.942,23.865,1280.4,1765.42,163763,9.9953
1,32768,10,inf,2.5,1,57,4,3.763,0.9846,1.8263,2.3978,4.3358,13.6149,164938,10.067
2,32768,10,inf,2.5,1,58,4,3.8326,1.7238,2.3466,2.7668,14.1148,25.3138,164602,10.0465
3,32768,10,inf,2.5,1,59,4,3.9091,2.1765,39.828,3.0776,61.0244,110.344,164214,10.0228
4,32768,10,inf,2.5,1,60,4,3.6536,2.6977,107.17,6.1886,415.84,535.934,163834,9.99963
5,32768,10,inf,2.5,1,61,4,3.679,3.4258,456.983,6.8466,1280.92,1752.24,163592,9.98486
1,32768,10,inf,2.5,2,62,4,3.7408,1.2796,2.0169,1.9937,2.5187,12.0065,163728,9.99316
2,32768,10,inf,2.5,2,63,4,3.6211,1.9056,2.7413,2.6866,7.3164,18.7385,163799,9.9975
3,32768,10,inf,2.5,2,64,4,3.7297,2.3467,27.8141,3.0929,33.8482,71.3067,164129,10.0176
4,32768,10,inf,2.5,2,65,4,3.9587,2.7919,90.6055,6.3592,226.606,330.832,163843,10.0002
5,32768,10,inf,2.5,2,66,4,3.5678,3.4435,478.818,7.2079,839.426,1332.98,164006,10.0101
1,32768,10,inf,2.5,3,67,4,3.757,1.7368,2.1862,2.0378,2.0197,12.2054,163853,10.0008
2,32768,10,inf,2.5,3,68,4,3.6707,2.0401,2.86,2.7237,5.7479,17.5101,164822,10.0599
3,32768,10,inf,2.5,3,69,4,3.6717,2.5104,26.7775,3.0924,25.2202,61.7489,163276,9.96558
4,32768,10,inf,2.5,3,70,4,3.6615,2.7784,90.3055,6.1388,187.452,290.876,164177,10.0206
5,32768,10,inf,2.5,3,71,4,3.6892,3.5441,442.346,7.2978,644.358,1101.79,164051,10.0129
1,32768,10,inf,2.5,4,72,4,4.2991,1.331,1.5634,1.9089,1.4498,11.0187,164126,10.0175
2,32768,10,inf,2.5,4,73,4,3.7477,1.8829,6.0786,2.1932,4.0376,18.406,163543,9.98187
3,32768,10,inf,2.5,4,74,4,3.7412,2.836,28.0004,3.0001,18.8513,56.9178,164065,10.0137
4,32768,10,inf,2.5,4,75,4,4.0515,2.8337,80.5431,6.2775,128.76,223.011,163598,9.98523
5,32768,10,inf,2.5,4,76,4,3.5979,3.2232,463.55,6.8512,489.502,967.278,164029,10.0115
1,32768,10,inf,2.5,5,77,4,3.7885,1.4539,2.7622,2.4751,1.5439,12.505,164373,10.0325
2,32768,10,inf,2.5,5,78,4,3.758,1.9539,2.6885,2.4696,4.8528,16.2175,163308,9.96753
3,32768,10,inf,2.5,5,79,4,3.782,2.4306,42.5397,2.9769,16.3,68.5116,164283,10.027
4,32768,10,inf,2.5,5,80,4,3.7755,2.8638,94.7479,6.0197,112.43,220.391,163616,9.98633
5,32768,10,inf,2.5,5,81,4,3.7659,3.3137,435.725,6.8337,443.107,893.332,163720,9.99268
1,32768,10,inf,2.5,6,82,4,3.86,1.3755,3.0025,2.2409,1.3245,12.2876,164042,10.0123
2,32768,10,inf,2.5,6,83,4,3.9898,1.9372,2.5707,2.3444,3.4175,14.7674,163834,9.99963
3,32768,10,inf,2.5,6,84,4,3.7672,2.6375,33.8175,3.0942,14.3133,58.113,164596,10.0461
4,32768,10,inf,2.5,6,85,4,3.7496,2.8504,83.2143,6.1217,96.6276,193.117,163851,10.0007
5,32768,10,inf,2.5,6,86,4,4.0023,3.3248,448.262,6.8906,390.337,853.39,164224,10.0234
1,32768,10,2,2.5,1,87,5,3.8233,1.3663,4.3937,2.1612,49.5699,61.9238,164228,10.0237
2,32768,10,2,2.5,1,88,5,3.5668,2.1537,7.0284,2.3969,159.719,175.329,163964,10.0076
3,32768,10,2,2.5,1,89,5,3.5066,2.3003,26.4103,3.0015,720.538,756.249,163255,9.96429
4,32768,10,2,2.5,1,90,5,3.572,3.0883,47.5872,6.5729,3957.5,4018.85,163930,10.0055
5,32768,10,2,2.5,1,91,5,3.5951,3.4592,49.1238,6.862,19076.6,19140.2,163707,9.99188
1,32768,10,2,2.5,2,92,5,3.7296,1.3881,2.341,2.3412,28.1952,38.5002,164063,10.0136
2,32768,10,2,2.5,2,93,5,3.7176,1.9604,7.8257,2.4668,90.5174,106.976,164564,10.0442
3,32768,10,2,2.5,2,94,5,3.9778,2.3467,12.6187,3.0946,446.138,468.692,164185,10.0211
4,32768,10,2,2.5,2,95,5,3.7538,2.8689,46.6157,7.1327,2531.13,2592.02,163799,9.9975
5,32768,10,2,2.5,2,96,5,3.733,3.6197,84.0009,6.9347,12423.1,12521.9,163899,10.0036
1,32768,10,2,2.5,3,97,5,4.05,1.3361,35.9431,2.4254,24.9521,69.1845,163558,9.98279
2,32768,10,2,2.5,3,98,5,3.6962,1.8949,7.2338,2.6732,69.6385,85.6158,164396,10.0339
3,32768,10,2,2.5,3,99,5,3.6949,2.3327,24.9002,3.1244,325.692,360.247,163693,9.99103
4,32768,10,2,2.5,3,100,5,3.9856,2.8007,17.4887,6.3461,2029.4,2060.58,162960,9.94629
5,32768,10,2,2.5,3,101,5,3.6966,3.9081,124.104,6.9964,9628.1,9767.54,162757,9.9339
1,32768,10,2,2.5,4,102,5,3.8289,1.3756,3.1044,2.3115,15.9509,27.0994,164913,10.0655
2,32768,10,2,2.5,4,103,5,3.8359,2.2074,3.975,2.5586,49.4336,62.5344,165006,10.0712
3,32768,10,2,2.5,4,104,5,4.1114,2.4444,14.6871,3.4695,252.675,277.903,163998,10.0096
4,32768,10,2,2.5,4,105,5,3.7789,3.1555,53.0774,6.6759,1453.47,1520.74,163660,9.98901
5,32768,10,2,2.5,4,106,5,4.065,3.3488,56.6312,7.405,7508.37,7580.41,163326,9.96863
1,32768,10,2,2.5,5,107,5,3.8539,1.696,5.894,2.1584,14.3118,28.4336,163754,9.99475
2,32768,10,2,2.5,5,108,5,3.7555,1.9428,10.2683,2.4506,42.426,61.3524,164344,10.0308
3,32768,10,2,2.5,5,109,5,3.756,2.4148,9.0198,3.3211,215.755,234.783,163561,9.98297
4,32768,10,2,2.5,5,110,5,3.7676,2.8541,15.1981,6.5781,1256.31,1285.28,164062,10.0135
5,32768,10,2,2.5,5,111,5,3.7547,3.3434,52.3414,7.2543,6779.77,6847.04,163456,9.97656
1,32768,10,2,2.5,6,112,5,4.864,1.6315,3.4565,2.5553,13.3278,26.3504,163797,9.99738
2,32768,10,2,2.5,6,113,5,3.7571,2.1639,4.2555,2.541,37.426,50.6351,163467,9.97723
3,32768,10,2,2.5,6,114,5,4.0306,2.4084,59.6243,3.4699,181.431,251.51,163448,9.97607
4,32768,10,2,2.5,6,115,5,4.0567,2.8711,14.111,6.4237,1117.44,1145.5,163936,10.0059
5,32768,10,2,2.5,6,116,5,3.7555,3.5738,75.4945,7.3516,6026.1,6116.86,163443,9.97577
1,1024,10,inf,2.5,1,117,0,0.1739,0.0603,0.1285,0.0859,0.1674,0.6341,5138,10.0352
1,1024,100,inf,2.5,1,118,0,0.1577,0.0566,2.2354,0.0756,0.7058,3.25,50989,99.5879
1,2048,10,inf,2.5,1,119,0,0.3159,0.1058,0.1762,0.1502,0.3534,1.1293,10232,9.99219
1,2048,100,inf,2.5,1,120,0,0.2393,0.0853,2.8749,0.0969,1.2067,4.5314,102156,99.7617
1,4096,10,inf,2.5,1,121,0,0.7003,0.2091,0.3891,0.5574,0.6823,2.638,20371,9.94678
1,4096,100,inf,2.5,1,122,0,0.5306,0.2036,6.733,0.1962,1.8203,9.5457,205035,100.115
1,4096,1000,inf,2.5,1,123,0,0.4526,0.1665,120.53,0.1841,13.1562,134.552,2048185,1000.09
1,8192,10,inf,2.5,1,124,0,1.0411,0.3515,0.615,0.4564,1.1033,3.6911,40858,9.9751
1,8192,100,inf,2.5,1,125,0,0.9025,0.3502,13.4363,0.3975,3.8043,19.0154,410083,100.118
1,8192,1000,inf,2.5,1,126,0,0.9502,0.3298,122.447,0.37,31.0075,155.226,4098728,1000.67
1,16384,10,inf,2.5,1,127,0,2.0735,0.7314,1.1705,0.9939,2.4084,7.6332,81849,9.99133
1,16384,100,inf,2.5,1,128,0,1.9098,0.71,8.1341,0.9164,7.9221,19.8423,819430,100.028
1,16384,1000,inf,2.5,1,129,0,1.8064,0.6651,194.41,0.7295,70.2744,268.118,8188461,999.568
1,32768,10,inf,2.5,1,130,0,4.1642,1.336,1.5963,2.1992,4.628,14.3916,164326,10.0297
1,32768,100,inf,2.5,1,131,0,4.0246,1.3381,15.6188,1.7275,16.5125,39.6902,1638154,99.985
1,32768,1000,inf,2.5,1,132,0,3.5948,1.2953,313.876,1.4785,155.249,475.955,16382079,999.883
1,65536,10,inf,2.5,1,133,0,7.7256,2.6773,3.7862,4.8009,9.6474,29.6293,327618,9.99811
1,65536,100,inf,2.5,1,134,0,7.6044,2.6709,45.6287,3.9658,33.9515,94.7608,3276037,99.9767
1,65536,1000,inf,2.5,1,135,0,7.3127,2.6486,569.404,3.3354,197.396,781.045,32771392,1000.1
1,131072,10,inf,2.5,1,136,0,15.1615,5.3942,5.132,11.9003,18.4947,57.9997,656300,10.0143
1,131072,100,inf,2.5,1,137,0,14.5596,5.2216,28.4439,9.189,68.4282,127.751,6555407,100.028
1,131072,1000,inf,2.5,1,138,0,15.1458,5.1821,738.274,8.0069,414.106,1182.77,65544629,1000.13
1,262144,10,inf,2.5,1,139,0,30.3305,10.9407,15.8085,25.78,38.12,124.937,1311602,10.0067
1,262144,100,inf,2.5,1,140,0,29.6014,10.9426,63.6535,20.2114,139.238,267.526,13109775,100.02
1,262144,1000,inf,2.5,1,141,0,29.2902,10.7224,1148.47,18.2108,842.046,2052.6,131078654,1000.05
1,524288,10,inf,2.5,1,142,0,60.1943,21.7109,20.25,54.616,75.5085,240.333,2622617,10.0045
1,524288,100,inf,2.5,1,143,0,58.0291,21.6343,639.414,44.9744,284.718,1056.58,26207233,99.9727
1,524288,1000,inf,2.5,1,144,0,58.5702,21.1043,2139.77,42.681,1819.45,4089.89,262110056,999.871
1,1048576,10,inf,2.5,1,145,0,123.663,47.1722,42.8235,170.684,158.444,564.852,5239113,9.99282
1,1048576,100,inf,2.5,1,146,0,122.317,65.6501,436.418,126.279,599.905,1371.38,52427984,99.9984
1,1048576,1000,inf,2.5,1,147,0,122.356,65.491,3891.81,98.1298,3553.5,7752.21,524300434,1000.02
1,32768,2,inf,2.5,1,148,1,3.968,1.6408,1.8532,3.2598,7.1481,18.4149,32480,1.98242
1,32768,4,inf,2.5,1,149,1,4.1628,1.4803,1.7276,2.5191,5.1293,15.519,65876,4.02075
1,32768,8,inf,2.5,1,150,1,4.0951,1.8959,1.9547,2.0912,4.3928,14.8976,131294,8.01355
1,32768,16,inf,2.5,1,151,1,3.7649,1.812,2.4125,2.451,4.8622,15.7741,262281,16.0084
1,32768,32,inf,2.5,1,152,1,3.8378,1.4497,3.8103,1.8792,6.739,18.1982,524358,32.0043
1,32768,64,inf,2.5,1,153,1,3.7617,1.799,12.4948,1.9107,10.744,31.2069,1049375,64.0488
1,32768,128,inf,2.5,1,154,1,3.8651,1.441,49.6246,2.0675,17.5597,75.0257,2099792,128.161
1,32768,256,inf,2.5,1,155,1,3.7208,1.3311,41.3328,2.0109,28.8583,77.7099,4196010,256.104
1,32768,512,inf,2.5,1,156,1,4.0627,1.2975,147.558,1.5629,82.6259,237.567,8394897,512.384
1,32768,1024,inf,2.5,1,157,1,3.8631,1.4243,316.642,1.5244,157.553,481.832,16773202,1023.76
1,32768,2048,inf,2.5,1,158,1,3.8373,1.3871,735.074,1.4656,297.518,1039.77,33557407,2048.18
1,32768,4096,inf,2.5,1,159,1,3.7778,1.3974,2276.39,1.4107,544.508,2827.96,67126390,4097.07
1,32768,10,inf,2.5,1,160,2,3.8112,1.4605,1.8666,2.3027,4.9303,14.8281,164196,10.0217
1,32768,10,5,2.5,1,161,2,3.9884,1.4122,8.1669,2.4784,92.4523,109.004,163692,9.99097
1,32768,10,4.5,2.5,1,162,2,3.6583,1.4233,8.8519,2.1426,97.0653,113.643,164086,10.015
1,32768,10,4,2.5,1,163,2,3.7412,1.4224,9.1626,2.2906,86.7428,103.848,163692,9.99097
1,32768,10,3.5,2.5,1,164,2,4.1981,1.3018,9.7929,2.0878,85.3664,103.241,163001,9.94879
1,32768,10,3,2.5,1,165,2,4.1192,1.5133,7.9883,2.0623,88.0177,104.191,164329,10.0298
1,32768,10,2.5,2.5,1,166,2,3.7741,1.3018,14.6778,2.2103,84.8955,107.366,163156,9.95825
1,32768,10,2,2.5,1,167,2,3.7825,1.7308,3.3595,2.4431,50.5972,62.4176,163983,10.0087
1,32768,10,inf,2.5,1,168,3,3.7366,1.428,2.0453,2.4621,4.6776,14.873,163945,10.0064
2,32768,10,inf,2.5,1,169,3,4.1261,1.9344,2.7687,2.6151,14.5205,26.7807,163629,9.98712
3,32768,10,inf,2.5,1,170,3,3.8567,2.52,43.4055,3.0757,60.4522,113.789,164273,10.0264
4,32768,10,inf,2.5,1,171,3,4.0593,2.7841,85.8416,20.6516,385.568,499.427,163497,9.97906
5,32768,10,inf,2.5,1,172,3,4.1336,3.1902,446.322,9.76,1278.42,1742.35,163939,10.006
1,32768,10,inf,2.5,1,173,4,3.7255,1.3867,1.7127,2.6546,4.5399,14.4775,164655,10.0497
2,32768,10,inf,2.5,1,174,4,3.8349,1.8611,2.5618,2.6352,14.2571,25.6829,163934,10.0057
3,32768,10,inf,2.5,1,175,4,3.9216,2.2901,28.2027,3.3104,60.0251,98.2113,164427,10.0358
4,32768,10,inf,2.5,1,176,4,3.9161,2.7043,89.8287,6.0665,386.617,489.654,163290,9.96643
5,32768,10,inf,2.5,1,177,4,3.59,3.1462,463.933,6.8485,1279.5,1757.54,163773,9.99591
1,32768,10,inf,2.5,2,178,4,3.8163,1.3895,1.9965,2.265,2.566,12.4916,164117,10.0169
2,32768,10,inf,2.5,2,179,4,3.7138,2.0508,12.276,2.2349,7.8581,28.6233,162715,9.93134
3,32768,10,inf,2.5,2,180,4,3.7203,2.3462,24.4781,3.2821,33.4029,67.7004,163317,9.96808
4,32768,10,inf,2.5,2,181,4,3.6555,2.7692,97.0523,6.1505,233.108,343.255,162815,9.93744
5,32768,10,inf,2.5,2,182,4,3.9722,3.2454,478.64,7.1925,847.279,1340.89,163242,9.9635
1,32768,10,inf,2.5,3,183,4,3.8414,1.4246,1.6835,2.1431,1.9358,11.5311,163679,9.99017
2,32768,10,inf,2.5,3,184,4,3.9745,1.9691,4.3043,2.534,6.0197,19.2729,163808,9.99805
3,32768,10,inf,2.5,3,185,4,3.7977,2.4528,33.7003,2.9709,25.3728,68.7671,163871,10.0019
4,32768,10,inf,2.5,3,186,4,3.6717,2.7734,94.3991,6.0573,187.524,294.962,163955,10.007
5,32768,10,inf,2.5,3,187,4,4.1294,3.2867,486.727,7.295,655.261,1157.24,163816,9.99854
1,32768,10,inf,2.5,4,188,4,3.7556,1.4252,2.4171,2.6691,1.4877,12.2366,164315,10.029
2,32768,10,inf,2.5,4,189,4,3.764,1.9464,2.2262,2.4561,4.3455,15.2325,163877,10.0023
3,32768,10,inf,2.5,4,190,4,3.7825,2.3907,25.6715,3.4235,18.7264,54.4686,164541,10.0428
4,32768,10,inf,2.5,4,191,4,3.7249,2.7706,102.919,6.4724,131.191,247.615,163284,9.96606
5,32768,10,inf,2.5,4,192,4,3.6619,3.2302,459.995,6.8285,492.566,966.813,163165,9.9588
1,32768,10,inf,2.5,5,193,4,3.8178,1.3686,1.9558,2.265,1.3885,11.2816,163879,10.0024
2,32768,10,inf,2.5,5,194,4,4.0283,1.9386,3.3061,2.451,3.822,16.0339,163493,9.97882
3,32768,10,inf,2.5,5,195,4,4.0237,2.4213,30.2795,3.0048,15.9805,56.1948,163667,9.98944
4,32768,10,inf,2.5,5,196,4,3.7566,2.8549,100.47,6.4701,113.104,227.204,163697,9.99127
5,32768,10,inf,2.5,5,197,4,4.0482,3.3141,439.181,7.1791,448.082,902.654,164033,10.0118
1,32768,10,inf,2.5,6,198,4,3.7978,1.3737,7.5659,1.9469,1.4971,16.6637,163970,10.0079
2,32768,10,inf,2.5,6,199,4,3.8075,1.9529,7.0661,2.2311,3.9268,19.501,163070,9.953
3,32768,10,inf,2.5,6,200,4,3.7537,2.3866,27.2218,2.9857,13.7911,50.6207,164734,10.0546
4,32768,10,inf,2.5,6,201,4,3.7617,2.847,97.837,6.0986,97.1511,208.24,163170,9.95911
5,32768,10,inf,2.5,6,202,4,3.7723,3.5682,445.319,7.1894,393.085,853.517,163948,10.0066
1,32768,10,2,2.5,1,203,5,3.9393,1.6811,3.8813,2.3178,50.0416,62.3593,163701,9.99152
2,32768,10,2,2.5,1,204,5,3.5719,2.2034,2.9251,2.3633,166.843,178.391,163330,9.96887
3,32768,10,2,2.5,1,205,5,3.5687,2.2919,7.7074,3.0327,735.864,752.952,163755,9.99481
4,32768,10,2,2.5,1,206,5,3.5984,3.0088,10.2409,6.5275,3903.88,3927.78,163891,10.0031
5,32768,10,2,2.5,1,207,5,3.5697,3.1777,44.8139,6.892,18362.1,18421.1,163725,9.99298
1,32768,10,2,2.5,2,208,5,3.7235,1.7173,3.055,2.1588,25.8728,37.0301,163374,9.97156
2,32768,10,2,2.5,2,209,5,4.12,1.8903,8.7611,2.4594,89.3403,107.056,164283,10.027
3,32768,10,2,2.5,2,210,5,3.6675,2.3443,32.6006,3.0971,431.597,473.811,162865,9.94049
4,32768,10,2,2.5,2,211,5,3.9957,2.7743,30.565,6.5392,2511.92,2556.34,163733,9.99347
5,32768,10,2,2.5,2,212,5,3.6907,3.3169,52.9081,7.4523,12637.6,12705.5,163833,9.99957
1,32768,10,2,2.5,3,213,5,3.8502,1.4599,3.1982,2.2669,21.556,32.839,164267,10.0261
2,32768,10,2,2.5,3,214,5,3.7848,1.8935,7.2816,2.534,68.6854,84.6604,162963,9.94647
3,32768,10,2,2.5,3,215,5,3.661,2.6666,4.1613,3.0674,326.936,340.993,164462,10.038
4,32768,10,2,2.5,3,216,5,3.6615,2.7992,32.1614,6.5516,2054.99,2100.7,162933,9.94464
5,32768,10,2,2.5,3,217,5,3.8019,3.2598,65.2666,6.969,9444.87,9524.73,163883,10.0026
1,32768,10,2,2.5,4,218,5,3.7973,1.6668,2.9968,2.2484,15.5942,26.8421,163492,9.97876
2,32768,10,2,2.5,4,219,5,3.8144,1.9566,6.2348,2.4343,48.5543,63.4861,163528,9.98096
3,32768,10,2,2.5,4,220,5,3.7742,2.4052,11.8775,3.1379,249.123,270.825,163956,10.0071
4,32768,10,2,2.5,4,221,5,3.7597,2.8439,16.4884,6.5933,1423.02,1453.27,163800,9.99756
5,32768,10,2,2.5,4,222,5,3.801,3.6294,85.4646,6.9588,7286.45,7386.87,163731,9.99335
1,32768,10,2,2.5,5,223,5,4.2124,1.3932,2.5029,2.2033,14.5386,25.3728,163328,9.96875
2,32768,10,2,2.5,5,224,5,3.758,1.9353,4.4244,2.7983,42.2832,55.6911,163054,9.95203
3,32768,10,2,2.5,5,225,5,3.7522,2.6677,8.8802,3.1509,214.098,233.064,163631,9.98724
4,32768,10,2,2.5,5,226,5,3.7668,3.0794,27.2107,6.9603,1266.26,1307.86,164430,10.036
5,32768,10,2,2.5,5,227,5,3.7547,3.3145,52.2946,7.2682,6731.66,6798.89,163741,9.99396
1,32768,10,2,2.5,6,228,5,3.8146,1.377,2.682,2.2363,12.9183,23.6356,164728,10.0542
2,32768,10,2,2.5,6,229,5,3.7658,1.94,3.3712,3.2371,37.0471,49.8579,163889,10.003
3,32768,10,2,2.5,6,230,5,3.7732,2.4028,14.8257,3.3712,188.217,213.096,163744,9.99414
4,32768,10,2,2.5,6,231,5,3.7705,2.8502,14.9691,6.7334,1169.57,1198.44,164236,10.0242
5,32768,10,2,2.5,6,232,5,3.782,3.3103,190.804,6.9092,5952.9,6158.28,163867,10.0016
1,1024,10,inf,2.5,1,233,0,0.1507,0.0492,0.0904,0.0626,0.1433,0.5128,5195,10.1465
1,1024,100,inf,2.5,1,234,0,0.1294,0.0468,2.342,0.0543,0.41,2.9988,51011,99.6309
1,2048,10,inf,2.5,1,235,0,0.2672,0.0908,0.2222,0.1164,0.2977,1.0222,10231,9.99121
1,2048,100,inf,2.5,1,236,0,0.2467,0.0891,3.9485,0.1048,0.8919,5.3091,102436,100.035
1,4096,10,inf,2.5,1,237,0,0.5663,0.1683,0.1363,0.2208,0.5203,1.6747,20419,9.97021
1,4096,100,inf,2.5,1,238,0,0.5291,0.1665,7.0766,0.2115,1.8342,9.881,204663,99.9331
1,4096,1000,inf,2.5,1,239,0,0.4587,0.167,101.273,0.186,12.9762,115.124,2046802,999.415
1,8192,10,inf,2.5,1,240,0,1.0774,0.3516,0.6052,0.4963,1.1617,3.8145,41081,10.0295
1,8192,100,inf,2.5,1,241,0,0.915,0.3506,7.4147,0.409,4.6085,13.8788,409406,99.9526
1,8192,1000,inf,2.5,1,242,0,1.1519,0.3307,124.196,0.3715,31.4778,157.648,4094751,999.695
1,16384,10,inf,2.5,1,243,0,1.8893,0.6966,0.6557,0.942,2.6161,7.0326,81986,10.0081
1,16384,100,inf,2.5,1,244,0,1.9297,0.6493,27.238,0.8315,8.1785,39.0586,819261,100.007
1,16384,1000,inf,2.5,1,245,0,1.792,0.6484,194.702,0.7374,71.5999,269.722,8188262,999.544
1,32768,10,inf,2.5,1,246,0,3.8005,1.4266,2.1259,2.1607,4.5328,14.5029,164390,10.0336
1,32768,100,inf,2.5,1,247,0,3.7176,1.3036,17.031,1.7053,16.377,40.6002,1637568,99.9492
1,32768,1000,inf,2.5,1,248,0,3.9207,1.2968,299.639,1.4515,156.091,462.87,16383628,999.977
1,65536,10,inf,2.5,1,249,0,7.7343,2.7098,3.6972,4.6534,9.2952,29.0643,327836,10.0048
1,65536,100,inf,2.5,1,250,0,7.3549,2.9417,15.4218,3.9517,32.7365,63.38,3278785,100.061
1,65536,1000,inf,2.5,1,251,0,7.2,2.5856,580.961,3.2649,196.793,791.745,32763847,999.873
1,131072,10,inf,2.5,1,252,0,15.3039,5.8513,7.0683,11.7432,18.9333,60.8352,655739,10.0058
1,131072,100,inf,2.5,1,253,0,14.7969,5.3325,33.2383,8.8385,69.1011,133.236,6555028,100.022
1,131072,1000,inf,2.5,1,254,0,14.5239,5.2785,792.477,7.7306,417.939,1239.87,65546831,1000.17
1,262144,10,inf,2.5,1,255,0,29.9344,10.9997,14.548,24.4016,37.1753,121.295,1311095,10.0029
1,262144,100,inf,2.5,1,256,0,29.0918,10.7256,62.9756,20.1559,137.093,263.945,13105522,99.9872
1,262144,1000,inf,2.5,1,257,0,29.4289,10.7344,990.433,18.3647,837.591,1890.49,131081960,1000.08
1,524288,10,inf,2.5,1,258,0,58.9486,21.6199,31.9508,54.0633,74.9302,249.55,2622747,10.005
1,524288,100,inf,2.5,1,259,0,58.0146,21.6269,345.538,44.0663,282.295,759.311,26217254,100.011
1,524288,1000,inf,2.5,1,260,0,58.4928,21.1441,2131.34,40.2412,1739.8,3998.92,262156554,1000.05
1,1048576,10,inf,2.5,1,261,0,119.421,45.7929,64.1883,155.383,155.954,561.244,5250224,10.014
1,1048576,100,inf,2.5,1,262,0,116.795,62.8318,182.425,117.802,570.263,1070.03,52437298,100.016
1,1048576,1000,inf,2.5,1,263,0,116.231,62.7649,2320.88,100.488,3522.11,6143.05,524339326,1000.1
1,32768,2,inf,2.5,1,264,1,3.8163,1.4655,2.0713,3.4527,7.3499,18.6505,33388,2.03784
1,32768,4,inf,2.5,1,265,1,3.8669,1.4697,2.3161,2.5702,5.2907,16.0019,65419,3.99286
1,32768,8,inf,2.5,1,266,1,4.0631,1.5768,1.8346,2.1886,4.6089,14.7868,131701,8.03839
1,32768,16,inf,2.5,1,267,1,3.8057,1.5235,1.7669,2.4371,4.7402,14.7316,261474,15.9591
1,32768,32,inf,2.5,1,268,1,3.9823,1.4164,4.4777,1.8519,6.6422,18.8744,525319,32.0629
1,32768,64,inf,2.5,1,269,1,3.7547,1.5132,11.6452,1.8824,11.0373,30.3341,1047727,63.9482
1,32768,128,inf,2.5,1,270,1,3.7941,1.3454,29.2707,2.1185,17.4164,54.4196,2097508,128.022
1,32768,256,inf,2.5,1,271,1,3.7422,1.6524,61.0885,1.6783,29.4299,98.0605,4195318,256.062
1,32768,512,inf,2.5,1,272,1,3.7306,1.4261,145.226,1.5783,84.455,236.907,8389371,512.047
1,32768,1024,inf,2.5,1,273,1,4.0783,1.3356,293.636,1.4952,155.267,456.277,16771762,1023.67
1,32768,2048,inf,2.5,1,274,1,3.7773,1.3857,797.098,1.4464,297.165,1101.33,33548787,2047.66
1,32768,4096,inf,2.5,1,275,1,3.8289,1.4544,2206.29,1.4461,544.449,2757.99,67117549,4096.53
1,32768,10,inf,2.5,1,276,2,4.1247,1.2995,1.593,2.266,4.4865,14.2285,163757,9.99493
1,32768,10,5,2.5,1,277,2,4.3414,1.3597,10.3509,2.1097,95.2525,113.931,163956,10.0071
1,32768,10,4.5,2.5,1,278,2,3.8566,1.8362,10.6954,3.316,98.0193,118.246,164169,10.0201
1,32768,10,4,2.5,1,279,2,3.7681,1.7035,10.6216,2.2205,86.4256,105.244,164392,10.0337
1,32768,10,3.5,2.5,1,280,2,3.7098,1.4228,8.3864,2.7762,86.655,103.5,163529,9.98102
1,32768,10,3,2.5,1,281,2,3.9055,1.3032,7.6155,2.2251,86.7269,102.27,164377,10.0328
1,32768,10,2.5,2.5,1,282,2,3.8335,1.3357,7.5367,2.2224,89.3718,104.805,163528,9.98096
1,32768,10,2,2.5,1,283,2,3.7273,1.6618,3.8237,2.1255,49.7707,61.6121,163743,9.99408
1,32768,10,inf,2.5,1,284,3,3.7259,1.4266,1.7749,2.7539,4.5853,14.7344,163130,9.95667
2,32768,10,inf,2.5,1,285,3,3.7894,1.9159,2.3303,2.8587,14.2766,25.7154,163894,10.0033
3,32768,10,inf,2.5,1,286,3,4.0798,2.3708,23.7882,4.1489,60.5533,95.4454,164241,10.0245
4,32768,10,inf,2.5,1,287,3,3.757,3.1643,87.2951,20.7897,399.142,514.689,163643,9.98798
5,32768,10,inf,2.5,1,288,3,3.7662,3.6192,455.83,10.1009,1288.18,1762.02,164482,10.0392
1,32768,10,inf,2.5,1,289,4,3.8349,1.4645,1.7832,2.8244,4.6706,15.0474,163954,10.007
2,32768,10,inf,2.5,1,290,4,3.7491,1.8913,2.2975,2.2808,15.6253,26.3454,163494,9.97888
3,32768,10,inf,2.5,1,291,4,3.9726,2.3393,23.693,3.0441,61.0115,94.5516,164053,10.013
4,32768,10,inf,2.5,1,292,4,3.6855,2.7827,82.01,6.3657,386.237,481.633,163869,10.0018
5,32768,10,inf,2.5,1,293,4,3.5696,3.1894,466.018,7.182,1285.88,1766.37,164396,10.0339
1,32768,10,inf,2.5,2,294,4,3.8001,1.3894,1.8389,2.4964,2.4719,12.4902,163124,9.9563
2,32768,10,inf,2.5,2,295,4,3.6713,2.0726,3.3257,2.7446,7.9142,20.199,163139,9.95721
3,32768,10,inf,2.5,2,296,4,3.84,2.3735,31.9839,3.0683,33.9265,75.974,163550,9.9823
4,32768,10,inf,2.5,2,297,4,3.6763,2.7789,88.3084,6.4664,231.988,333.734,163269,9.96515
5,32768,10,inf,2.5,2,298,4,3.6897,3.2306,454.574,7.2998,850.089,1319.49,163559,9.98285
1,32768,10,inf,2.5,3,299,4,3.9003,1.4571,1.7002,2.2791,1.9997,11.833,163002,9.94885
2,32768,10,inf,2.5,3,300,4,3.9765,2.0002,2.5387,2.4644,5.8444,17.2991,162957,9.94611
3,32768,10,inf,2.5,3,301,4,4.012,2.5531,27.7208,3.2399,25.2911,63.4106,163564,9.98315
4,32768,10,inf,2.5,3,302,4,3.9819,3.3837,91.1091,6.4779,187.451,292.917,163685,9.99054
5,32768,10,inf,2.5,3,303,4,3.6382,3.2723,463.598,7.2742,667.124,1145.47,163470,9.97742
1,32768,10,inf,2.5,4,304,4,4.8947,1.6993,3.493,2.5367,1.5393,14.6352,164186,10.0211
2,32768,10,inf,2.5,4,305,4,3.9115,1.9524,2.5619,2.2827,4.0965,15.3067,163539,9.98163
3,32768,10,inf,2.5,4,306,4,4.0849,2.4379,30.0119,4.493,19.9713,61.5411,164310,10.0287
4,32768,10,inf,2.5,4,307,4,4.1187,4.6451,105.331,6.4186,132.266,253.328,163501,9.97931
5,32768,10,inf,2.5,4,308,4,4.0547,3.3419,432.607,6.9816,497.636,945.18,163810,9.99817
1,32768,10,inf,2.5,5,309,4,3.8502,1.4076,1.7957,2.3443,1.3634,11.2436,163298,9.96692
2,32768,10,inf,2.5,5,310,4,3.7527,1.9413,2.7289,2.3958,4.0978,15.4133,164183,10.0209
3,32768,10,inf,2.5,5,311,4,3.7727,2.4084,33.7313,3.1383,16.0709,59.6086,164215,10.0229
4,32768,10,inf,2.5,5,312,4,3.7537,3.1234,106.662,6.2465,117.756,238.368,164416,10.0352
5,32768,10,inf,2.5,5,313,4,3.7101,3.3331,454.332,7.264,448.91,918.127,164418,10.0353
1,32768,10,inf,2.5,6,314,4,3.796,1.3663,1.894,2.0151,1.1877,10.7432,162976,9.94727
2,32768,10,inf,2.5,6,315,4,4.026,1.9251,2.791,2.3861,3.3071,14.9297,163340,9.96948
3,32768,10,inf,2.5,6,316,4,3.756,2.6217,25.671,2.9987,13.9117,49.4432,164721,10.0538
4,32768,10,inf,2.5,6,317,4,3.7695,3.0966,105.395,6.2341,99.9091,218.979,163630,9.98718
5,32768,10,inf,2.5,6,318,4,4.0213,3.3169,423.004,7.2005,393.436,831.56,163790,9.99695
1,32768,10,2,2.5,1,319,5,3.7825,1.6056,3.6248,2.2223,51.1231,62.8638,164506,10.0406
2,32768,10,2,2.5,1,320,5,3.6629,1.8801,5.6529,2.4028,161.77,175.84,163591,9.9848
3,32768,10,2,2.5,1,321,5,3.6749,2.4826,8.9122,3.3034,736.482,755.347,163802,9.99768
4,32768,10,2,2.5,1,322,5,3.6076,2.7065,18.6226,6.6782,3901.05,3933.29,164354,10.0314
5,32768,10,2,2.5,1,323,5,3.7014,3.2862,57.1794,6.9681,18255.2,18326.9,164530,10.0421
1,32768,10,2,2.5,2,324,5,3.7923,1.3922,2.2511,2.4028,27.8433,38.1913,163869,10.0018
2,32768,10,2,2.5,2,325,5,3.6675,1.9019,3.5766,2.4338,89.5954,101.656,164180,10.0208
3,32768,10,2,2.5,2,326,5,3.6591,2.3444,7.0691,3.0548,438.515,455.144,163898,10.0035
4,32768,10,2,2.5,2,327,5,3.9941,2.8003,10.1992,6.6658,2484.06,2508.24,164041,10.0123
5,32768,10,2,2.5,2,328,5,3.7074,3.2571,185.304,7.6522,12343.7,12544.2,164588,10.0457
1,32768,10,2,2.5,3,329,5,3.7881,1.3921,2.7413,2.3373,20.98,32.078,163250,9.96399
2,32768,10,2,2.5,3,330,5,3.9044,1.9028,4.6897,2.4301,70.5063,83.9151,163273,9.96539
3,32768,10,2,2.5,3,331,5,3.7107,2.3513,16.6029,3.0836,324.654,350.921,163291,9.96649
4,32768,10,2,2.5,3,332,5,3.6744,2.7858,26.8267,6.4868,2000.07,2040.41,163720,9.99268
5,32768,10,2,2.5,3,333,5,3.68,3.24,118.07,6.9806,9500.91,9633.45,163785,9.99664
1,32768,10,2,2.5,4,334,5,3.8275,1.3658,3.1944,2.2024,15.4111,26.504,164348,10.031
2,32768,10,2,2.5,4,335,5,3.776,1.9602,5.0421,2.8419,50.3041,64.4201,164286,10.0272
3,32768,10,2,2.5,4,336,5,3.7806,2.4148,23.6657,3.3711,247.569,281.301,164006,10.0101
4,32768,10,2,2.5,4,337,5,4.037,2.8489,35.7497,6.3814,1454.61,1504.19,164440,10.0366
5,32768,10,2,2.5,4,338,5,3.8321,3.3711,43.9523,7.0386,7408.88,7467.68,163847,10.0004
1,32768,10,2,2.5,5,339,5,3.8832,1.3681,2.7474,2.2433,14.2224,24.9804,163208,9.96143
2,32768,10,2,2.5,5,340,5,4.0325,1.9432,8.0524,2.4454,43.3456,60.3285,164385,10.0333
3,32768,10,2,2.5,5,341,5,3.7792,2.3908,17.3375,3.4959,210.95,238.461,163606,9.98572
4,32768,10,2,2.5,5,342,5,3.7097,3.1244,13.688,6.708,1253.93,1281.74,164559,10.0439
5,32768,10,2,2.5,5,343,5,3.7569,3.6099,99.3286,6.8544,6759.25,6873.38,163392,9.97266
1,32768,10,2,2.5,6,344,5,3.8362,1.3668,3.277,2.175,12.9508,24.121,164197,10.0218
2,32768,10,2,2.5,6,345,5,3.7617,1.92,8.25,2.4947,36.7837,53.6988,162971,9.94696
3,32768,10,2,2.5,6,346,5,3.7501,2.6328,7.1476,3.1434,189.812,206.978,164526,10.0419
4,32768,10,2,2.5,6,347,5,3.7663,2.8842,42.3528,6.4078,1103.43,1159.42,163566,9.98328
5,32768,10,2,2.5,6,348,5,3.7802,3.5539,269.589,7.0813,5938.57,6223.15,163223,9.96234
1,1024,10,inf,2.5,1,349,0,0.1498,0.0492,0.1433,0.0631,0.1517,0.5746,5125,10.0098
1,1024,100,inf,2.5,1,350,0,0.1285,0.0477,1.5866,0.0533,0.5467,2.3792,51498,100.582
1,2048,10,inf,2.5,1,351,0,0.2671,0.0905,0.1484,0.116,0.2913,0.9415,10270,10.0293
1,2048,100,inf,2.5,1,352,0,0.2467,0.0908,3.7747,0.1062,0.8899,5.1366,102246,99.8496
1,4096,10,inf,2.5,1,353,0,0.5143,0.1762,0.3938,0.2648,0.6126,2.0262,20673,10.0942
1,4096,100,inf,2.5,1,354,0,0.4671,0.1721,6.9291,0.2129,1.7976,9.6432,204309,99.7603
1,4096,1000,inf,2.5,1,355,0,0.4717,0.1707,122.441,0.1897,13.2995,136.637,2046842,999.435
1,8192,10,inf,2.5,1,356,0,1.0713,0.3302,1.4401,0.4665,1.1864,4.6192,41236,10.0674
1,8192,100,inf,2.5,1,357,0,1.2392,0.3459,6.637,0.4136,3.8925,12.6498,409360,99.9414
1,8192,1000,inf,2.5,1,358,0,0.9457,0.3367,150.205,0.3728,31.6072,183.588,4094841,999.717
1,16384,10,inf,2.5,1,359,0,1.985,0.7318,1.0059,1.2499,2.4087,7.6238,82031,10.0135
1,16384,100,inf,2.5,1,360,0,1.9011,0.6841,13.7057,0.8436,7.9309,25.3018,819571,100.045
1,16384,1000,inf,2.5,1,361,0,1.914,0.7662,137.126,0.7393,70.9231,211.702,8188148,999.53
1,32768,10,inf,2.5,1,362,0,3.769,1.3918,12.0066,2.4041,4.7087,24.7653,164446,10.037
1,32768,100,inf,2.5,1,363,0,3.8853,1.2996,13.1501,1.7614,16.575,37.1465,1639569,100.071
1,32768,1000,inf,2.5,1,364,0,3.6675,1.3278,322.093,1.7665,161.791,491.124,16384445,1000.03
1,65536,10,inf,2.5,1,365,0,7.8808,2.7354,3.6415,4.8779,9.8945,30.0336,326399,9.96091
1,65536,100,inf,2.5,1,366,0,7.6253,3.0229,19.431,3.578,33.7572,68.4345,3279007,100.067
1,65536,1000,inf,2.5,1,367,0,7.6128,2.6537,465.926,3.3744,202.918,683.456,32765819,999.933
1,131072,10,inf,2.5,1,368,0,14.893,5.4108,17.3547,10.7427,18.8475,69.2049,655266,9.99857
1,131072,100,inf,2.5,1,369,0,14.6296,5.2396,64.7323,9.0375,70.0907,165.678,6553410,99.9971
1,131072,1000,inf,2.5,1,370,0,14.8012,5.2109,736.427,8.4815,420.718,1187.62,65545396,1000.14
1,262144,10,inf,2.5,1,371,0,29.7554,11.2585,11.7745,24.7142,37.1599,118.948,1308202,9.98079
1,262144,100,inf,2.5,1,372,0,29.6288,10.9491,47.6049,21.4521,139.456,252.959,13106318,99.9933
1,262144,1000,inf,2.5,1,373,0,29.4233,10.489,1198.48,18.528,859.167,2120.02,131081148,1000.07
1,524288,10,inf,2.5,1,374,0,59.7222,21.23,29.1349,54.5452,77.3936,249.804,2618323,9.98811
1,524288,100,inf,2.5,1,375,0,59.0126,21.1915,149.919,44.9201,283.561,566.552,26224375,100.038
1,524288,1000,inf,2.5,1,376,0,59.9749,21.4581,2254.88,42.8253,1752.25,4139.3,262144355,1000
1,1048576,10,inf,2.5,1,377,0,119.02,45.4526,63.6391,180.712,156.696,586.461,5244673,10.0034
1,1048576,100,inf,2.5,1,378,0,118.451,63.4041,154.507,117.688,564.202,1038.23,52434738,100.011
1,1048576,1000,inf,2.5,1,379,0,117.648,63.3201,4061.85,99.8757,3563.88,7926.95,524282008,999.989
1,32768,2,inf,2.5,1,380,1,3.8307,1.3988,1.4005,3.616,7.6309,18.4065,32308,1.97192
1,32768,4,inf,2.5,1,381,1,3.7955,1.5884,2.0605,2.6768,5.563,16.1748,65248,3.98242
1,32768,8,inf,2.5,1,382,1,3.8432,2.0708,1.9028,2.1918,4.8662,15.3915,131103,8.00189
1,32768,16,inf,2.5,1,383,1,3.8098,1.672,2.9032,2.2534,5.12,16.3376,262316,16.0105
1,32768,32,inf,2.5,1,384,1,3.7931,1.7103,4.3274,2.035,7.2343,19.6142,524760,32.0288
1,32768,64,inf,2.5,1,385,1,3.8279,1.4642,10.6954,1.9019,11.1416,29.5555,1047498,63.9342
1,32768,128,inf,2.5,1,386,1,3.7695,1.3598,14.0869,1.826,17.7896,39.3391,2098362,128.074
1,32768,256,inf,2.5,1,387,1,3.7106,1.3353,63.8381,1.6375,46.7015,117.691,4194533,256.014
1,32768,512,inf,2.5,1,388,1,3.808,1.4562,125.071,1.5713,84.1443,216.508,8389561,512.058
1,32768,1024,inf,2.5,1,389,1,3.7783,1.3844,334.237,1.4938,156.008,497.377,16772253,1023.7
1,32768,2048,inf,2.5,1,390,1,3.8478,1.4715,877.296,1.4665,301.891,1186.46,33550778,2047.78
1,32768,4096,inf,2.5,1,391,1,3.8466,1.7614,1758.28,1.4469,547.146,2312.97,67105817,4095.81
1,32768,10,inf,2.5,1,392,2,3.8024,1.3899,1.5378,2.5225,4.4122,14.1276,164325,10.0296
1,32768,10,5,2.5,1,393,2,4.2184,1.4562,11.5697,2.4468,87.2353,107.432,163506,9.97961
1,32768,10,4.5,2.5,1,394,2,4.0692,1.332,7.2509,2.2828,91.2732,106.703,163875,10.0021
1,32768,10,4,2.5,1,395,2,3.86,1.6241,10.3489,2.0818,87.2464,105.669,164198,10.0219
1,32768,10,3.5,2.5,1,396,2,3.7895,1.6672,8.2286,2.3866,87.0864,103.663,162954,9.94592
1,32768,10,3,2.5,1,397,2,4.0575,1.3351,7.8934,2.2938,88.6567,104.741,163671,9.98969
1,32768,10,2.5,2.5,1,398,2,3.7114,1.4224,7.3414,2.4645,90.47,105.915,163360,9.9707
1,32768,10,2,2.5,1,399,2,3.718,1.3333,2.8778,2.1639,51.6021,62.1891,164095,10.0156
1,32768,10,inf,2.5,1,400,3,3.929,1.5109,1.9168,2.2112,4.9912,15.0512,163682,9.99036
2,32768,10,inf,2.5,1,401,3,3.9058,2.119,3.4875,2.8934,14.5215,27.4189,164322,10.0294
3,32768,10,inf,2.5,1,402,3,3.8234,2.4037,21.0703,3.1893,60.9071,91.8892,163553,9.98248
4,32768,10,inf,2.5,1,403,3,3.7718,2.8337,110.068,20.4828,388.031,525.727,163982,10.0087
5,32768,10,inf,2.5,1,404,3,3.884,3.3474,445.859,9.9947,1288.49,1752.1,163953,10.0069
1,32768,10,inf,2.5,1,405,4,3.8169,1.3918,1.9989,2.2442,4.8664,14.7743,163527,9.9809
2,32768,10,inf,2.5,1,406,4,3.7718,1.9047,2.2548,2.2948,14.3248,25.0444,163594,9.98499
3,32768,10,inf,2.5,1,407,4,3.6373,2.6041,29.037,3.3387,60.8107,99.9323,164384,10.0332
4,32768,10,inf,2.5,1,408,4,3.6782,3.0892,100.457,6.1074,392.865,506.722,163587,9.98456
5,32768,10,inf,2.5,1,409,4,3.6202,3.16,452.805,7.3299,1298.37,1765.82,163715,9.99237
1,32768,10,inf,2.5,2,410,4,3.7242,1.4237,1.9066,2.0456,2.4103,12.0181,163832,9.99951
2,32768,10,inf,2.5,2,411,4,4.0246,1.9752,6.3443,2.5072,7.8024,23.4323,163373,9.9715
3,32768,10,inf,2.5,2,412,4,3.6606,2.376,28.0672,3.0692,33.6199,71.2822,163462,9.97693
4,32768,10,inf,2.5,2,413,4,3.6758,2.7868,83.5214,6.4831,232.166,329.157,163646,9.98816
5,32768,10,inf,2.5,2,414,4,3.6865,3.2302,450.504,7.143,844.564,1309.69,163803,9.99774
1,32768,10,inf,2.5,3,415,4,4.1582,1.3699,6.5145,1.9433,2.054,16.5101,164226,10.0236
2,32768,10,inf,2.5,3,416,4,4.167,1.9139,2.216,2.2512,5.6933,16.7134,164238,10.0243
3,32768,10,inf,2.5,3,417,4,4.185,2.3787,30.1004,3.0405,24.6446,64.8222,164109,10.0164
4,32768,10,inf,2.5,3,418,4,3.8534,3.3136,92.2254,6.611,184.93,291.475,163735,9.99359
5,32768,10,inf,2.5,3,419,4,3.6976,3.2339,466.551,7.2287,648.328,1129.9,164149,10.0189
1,32768,10,inf,2.5,4,420,4,3.7932,1.3361,1.6413,1.9753,1.3675,10.6013,164585,10.0455
2,32768,10,inf,2.5,4,421,4,3.7622,2.2098,7.131,2.4014,4.0561,20.0677,163675,9.98993
3,32768,10,inf,2.5,4,422,4,4.0084,2.5123,25.7744,3.3144,19.1286,55.2135,163920,10.0049
4,32768,10,inf,2.5,4,423,4,3.7297,2.8174,90.9444,6.1687,129.838,234.033,163562,9.98303
5,32768,10,inf,2.5,4,424,4,3.6707,3.2353,451.943,7.2024,492.499,959.085,163126,9.95642
1,32768,10,inf,2.5,5,425,4,4.0914,1.3329,12.2055,2.6504,1.4937,22.2812,164640,10.0488
2,32768,10,inf,2.5,5,426,4,3.7913,1.9553,2.961,2.2851,4.0816,15.5873,163592,9.98486
3,32768,10,inf,2.5,5,427,4,3.7672,2.407,37.8361,3.0159,16.1744,63.6847,162771,9.93475
4,32768,10,inf,2.5,5,428,4,4.0204,2.8476,108.641,6.7311,114.293,237.121,163413,9.97394
5,32768,10,inf,2.5,5,429,4,3.7552,3.3103,439.484,7.2227,445.802,900.15,162631,9.92621
1,32768,10,inf,2.5,6,430,4,3.7926,1.3676,1.8115,2.1059,1.2397,10.7988,163631,9.98724
2,32768,10,inf,2.5,6,431,4,4.013,1.9418,8.2213,2.5341,3.4755,20.6701,163293,9.96661
3,32768,10,inf,2.5,6,432,4,3.8633,2.4181,42.7464,3.3146,14.4459,67.2799,162809,9.93707
4,32768,10,inf,2.5,6,433,4,3.7597,2.8452,104.871,6.4001,97.9294,216.368,163896,10.0034
5,32768,10,inf,2.5,6,434,4,3.7551,3.3443,499.21,6.9931,393.162,907.04,164022,10.0111
1,32768,10,2,2.5,1,435,5,3.7797,1.376,2.9569,2.2219,51.8168,62.6444,163884,10.0027
2,32768,10,2,2.5,1,436,5,3.6504,1.9691,8.1772,2.3652,160.131,176.758,163013,9.94952
3,32768,10,2,2.5,1,437,5,3.8757,2.3193,29.4298,3.0614,721.562,760.743,163044,9.95142
4,32768,10,2,2.5,1,438,5,3.7078,2.7371,17.2926,6.6435,3934.59,3965.5,163813,9.99835
5,32768,10,2,2.5,1,439,5,3.6091,3.2074,236.921,11.2946,23008.2,23263.8,164303,10.0283
1,32768,10,2,2.5,2,440,5,3.7404,1.4363,3.5056,2.1106,26.5587,37.8588,163663,9.9892
2,32768,10,2,2.5,2,441,5,3.6749,2.1848,4.5852,2.4214,90.6621,104.311,163613,9.98615
3,32768,10,2,2.5,2,442,5,3.6698,2.3504,12.4052,3.0961,433.138,455.165,164153,10.0191
4,32768,10,2,2.5,2,443,5,3.6782,2.8007,23.0293,6.5034,2478.79,2515.36,163286,9.96619
5,32768,10,2,2.5,2,444,5,3.661,3.2922,202.074,7.3108,12305.1,12522,163235,9.96307
1,32768,10,2,2.5,3,445,5,3.8271,1.4618,3.61,2.1982,21.4029,33.018,164021,10.011
2,32768,10,2,2.5,3,446,5,3.8809,1.9371,8.5232,2.4403,71.1351,88.3947,164468,10.0383
3,32768,10,2,2.5,3,447,5,3.9564,2.3615,26.3889,3.3993,328.969,365.581,164003,10.0099
4,32768,10,2,2.5,3,448,5,3.9832,2.7747,22.4422,6.6912,2019.75,2056.2,163736,9.99365
5,32768,10,2,2.5,3,449,5,3.7306,3.296,53.0769,7.2417,9548.71,9616.61,163730,9.99329
1,32768,10,2,2.5,4,450,5,3.8447,1.4651,2.6847,2.3389,15.2037,26.0462,163760,9.99512
2,32768,10,2,2.5,4,451,5,3.9619,1.9019,3.8781,2.5618,49.6993,62.482,164229,10.0237
3,32768,10,2,2.5,4,452,5,3.7138,2.3815,52.5696,4.1048,302.782,366.068,163767,9.99554
4,32768,10,2,2.5,4,453,5,3.7565,2.8522,8.3426,6.5183,1443.67,1465.73,164183,10.0209
5,32768,10,2,2.5,4,454,5,3.6912,3.2422,95.854,7.564,7335.38,7446.34,163177,9.95953
1,32768,10,2,2.5,5,455,5,4.6456,1.5447,4.8742,2.1705,19.1406,32.9053,163601,9.98541
2,32768,10,2,2.5,5,456,5,3.9328,1.9436,4.4217,2.7585,42.4779,56.0469,164074,10.0143
3,32768,10,2,2.5,5,457,5,3.693,2.6777,25.6111,3.1128,208.277,243.895,162918,9.94373
4,32768,10,2,2.5,5,458,5,3.7589,2.8443,25.0826,6.264,1265.58,1304.11,164047,10.0126
5,32768,10,2,2.5,5,459,5,3.7681,3.5808,46.7033,7.238,6851.35,6913.23,164259,10.0256
1,32768,10,2,2.5,6,460,5,4.7383,1.6182,4.1725,2.2441,13.1075,26.6513,164356,10.0315
2,32768,10,2,2.5,6,461,5,3.7732,1.9534,3.745,2.5678,36.8469,49.3835,163273,9.96539
3,32768,10,2,2.5,6,462,5,4.0042,2.406,15.4013,3.1642,191.563,217.312,164019,10.0109
4,32768,10,2,2.5,6,463,5,3.7593,2.8494,30.8943,6.2168,1094.15,1138.46,163843,10.0002
5,32768,10,2,2.5,6,464,5,3.7741,3.3294,78.5652,6.938,5921.71,6014.9,163005,9.94904
1,1024,10,inf,2.5,1,465,0,0.1683,0.0575,0.2189,0.0811,0.172,0.7161,5229,10.2129
1,1024,100,inf,2.5,1,466,0,0.1577,0.0561,2.3616,0.0696,0.5403,3.2027,51412,100.414
1,2048,10,inf,2.5,1,467,0,0.3033,0.1053,0.3562,0.1488,0.3302,1.2735,10375,10.1318
1,2048,100,inf,2.5,1,468,0,0.3047,0.1062,4.0719,0.1387,1.1075,5.7572,102538,100.135
1,4096,10,inf,2.5,1,469,0,0.923,0.1711,0.3678,0.224,0.5644,2.3151,20668,10.0918
1,4096,100,inf,2.5,1,470,0,0.4591,0.1665,4.5384,0.2273,1.8908,7.3879,205014,100.104
1,4096,1000,inf,2.5,1,471,0,0.4629,0.2036,116.867,0.1911,13.1344,130.926,2047760,999.883
1,8192,10,inf,2.5,1,472,0,0.9855,0.3626,0.5444,0.493,1.1623,3.6739,41063,10.0251
1,8192,100,inf,2.5,1,473,0,0.9244,0.3584,11.2446,0.4007,3.9472,17.0106,409831,100.056
1,8192,1000,inf,2.5,1,474,0,0.921,0.3395,121.97,0.3705,31.796,155.86,4097244,1000.3
1,16384,10,inf,2.5,1,475,0,1.8964,0.7124,1.158,0.9688,2.3022,7.2858,82355,10.0531
1,16384,100,inf,2.5,1,476,0,1.8504,0.7087,6.7237,0.8663,8.0269,18.4226,818779,99.9486
1,16384,1000,inf,2.5,1,477,0,1.831,0.6869,197.832,0.7823,74.8183,276.194,8191881,999.985
1,32768,10,inf,2.5,1,478,0,3.7144,1.4609,1.733,2.2238,4.4271,14.3676,162614,9.92517
1,32768,100,inf,2.5,1,479,0,3.7978,1.3073,23.8367,1.8908,17.2183,48.5621,1639879,100.09
1,32768,1000,inf,2.5,1,480,0,4.0176,1.2967,343.676,1.5889,160.891,511.998,16387199,1000.2
1,65536,10,inf,2.5,1,481,0,7.846,2.7395,3.8173,4.9391,9.6655,30.0114,327544,9.99585
1,65536,100,inf,2.5,1,482,0,7.4542,3.021,35.0641,3.8071,34.1732,84.5181,3276449,99.9893
1,65536,1000,inf,2.5,1,483,0,7.6795,2.6499,451.289,3.2599,346.248,812.086,32765716,999.93
1,131072,10,inf,2.5,1,484,0,15.4672,5.3644,7.117,11.3958,18.3741,59.6489,654634,9.98892
1,131072,100,inf,2.5,1,485,0,15.0062,5.5902,62.387,8.8631,70.0456,163.838,6552635,99.9853
1,131072,1000,inf,2.5,1,486,0,14.9395,5.1867,806.268,7.7617,420.133,1256.61,65531655,999.934
1,262144,10,inf,2.5,1,487,0,29.7744,11.2501,24.9132,26.5798,38.0438,134.749,1311224,10.0038
1,262144,100,inf,2.5,1,488,0,29.1042,10.6768,124.21,20.2625,139.022,327.205,13102711,99.9658
1,262144,1000,inf,2.5,1,489,0,29.2123,10.9319,1421.29,18.7037,855.909,2339.93,131061108,999.917
1,524288,10,inf,2.5,1,490,0,60.2527,21.9159,20.3719,54.8355,76.7291,241.823,2618923,9.9904
1,524288,100,inf,2.5,1,491,0,58.8346,21.2359,801.05,44.7656,284.851,1218.53,26220358,100.023
1,524288,1000,inf,2.5,1,492,0,59.3567,21.3324,2043.23,40.1971,1779.19,3951.55,262134323,999.963
1,1048576,10,inf,2.5,1,493,0,118.503,45.5467,57.818,155.029,153.851,551.75,5256679,10.0263
1,1048576,100,inf,2.5,1,494,0,120.574,63.6708,162.71,118.827,564.056,1050.2,52414524,99.9728
1,1048576,1000,inf,2.5,1,495,0,119.234,64.5255,3456.91,99.6434,3532.93,7293.25,524327100,1000.07
1,32768,2,inf,2.5,1,496,1,4.1558,1.344,1.6283,3.2715,7.3192,18.2924,32381,1.97638
1,32768,4,inf,2.5,1,497,1,4.2082,1.4567,1.6051,2.4871,5.2541,15.5051,66056,4.03174
1,32768,8,inf,2.5,1,498,1,4.028,1.8758,4.3678,2.157,4.5847,17.5263,131446,8.02283
1,32768,16,inf,2.5,1,499,1,3.7449,1.441,2.1236,2.3916,4.9489,15.1707,261815,15.9799
1,32768,32,inf,2.5,1,500,1,3.9865,1.7641,5.7025,1.8691,6.9315,20.7703,524243,31.9973
1,32768,64,inf,2.5,1,501,1,3.8455,1.4391,6.8689,2.2753,10.8021,25.7284,1050181,64.098
1,32768,128,inf,2.5,1,502,1,4.2277,1.3486,18.6853,1.7442,17.7411,44.2481,2098672,128.093
1,32768,256,inf,2.5,1,503,1,3.7532,1.332,72.1248,1.8073,28.7462,108.219,4193208,255.933
1,32768,512,inf,2.5,1,504,1,4.1748,1.3361,112.855,1.5911,84.5473,204.963,8389209,512.037
1,32768,1024,inf,2.5,1,505,1,3.8047,1.4484,348.197,1.4989,158.307,513.744,16778382,1024.07
1,32768,2048,inf,2.5,1,506,1,3.7881,1.3885,736.175,1.472,299.973,1043.28,33545418,2047.45
1,32768,4096,inf,2.5,1,507,1,3.8159,1.7531,1897.22,1.7544,553.354,2458.38,67110869,4096.12
1,32768,10,inf,2.5,1,508,2,3.7463,1.3904,1.8584,2.375,4.8417,14.6735,163196,9.96069
1,32768,10,5,2.5,1,509,2,4.0984,1.413,15.8928,2.3022,84.7092,108.922,164090,10.0153
1,32768,10,4.5,2.5,1,510,2,4.0227,1.3338,7.4041,2.3276,94.7058,110.286,164096,10.0156
1,32768,10,4,2.5,1,511,2,3.823,1.3935,8.8891,2.3675,88.1355,105.113,163957,10.0071
1,32768,10,3.5,2.5,1,512,2,3.7138,1.6979,8.1229,2.604,88.6517,105.294,164234,10.024
1,32768,10,3,2.5,1,513,2,3.7171,1.4359,9.6668,2.4501,86.665,104.426,163520,9.98047
1,32768,10,2.5,2.5,1,514,2,3.7096,1.2986,7.1499,2.2067,90.1143,104.974,164182,10.0209
1,32768,10,2,2.5,1,515,2,3.7562,1.3003,5.4164,2.3294,49.3663,62.6603,163990,10.0092
1,32768,10,inf,2.5,1,516,3,3.8043,1.4594,2.0448,2.566,4.8037,15.1759,164085,10.015
2,32768,10,inf,2.5,1,517,3,3.757,2.2265,4.8041,2.2419,14.3017,27.8368,163068,9.95288
3,32768,10,inf,2.5,1,518,3,3.6861,2.5303,26.1194,3.1193,60.6368,96.6062,163642,9.98792
4,32768,10,inf,2.5,1,519,3,4.0543,2.7836,115.44,20.8367,405.989,549.631,163888,10.0029
5,32768,10,inf,2.5,1,520,3,4.0385,3.1934,467.253,9.7772,1292.18,1776.97,163615,9.98627
1,32768,10,inf,2.5,1,521,4,3.8442,1.3904,5.6626,1.9562,4.648,17.9956,163789,9.99689
2,32768,10,inf,2.5,1,522,4,3.6109,2.2172,3.9091,2.228,14.1296,26.5896,164648,10.0493
3,32768,10,inf,2.5,1,523,4,3.8163,2.6171,27.0372,2.9696,60.1465,97.0533,163666,9.98938
4,32768,10,inf,2.5,1,524,4,3.6063,2.7028,97.1604,6.1241,388.856,498.966,163459,9.97675
5,32768,10,inf,2.5,1,525,4,3.6907,3.1564,455.256,7.135,1282.84,1752.61,163817,9.9986
1,32768,10,inf,2.5,2,526,4,3.8316,1.3899,1.8894,2.3087,2.5317,12.4382,163415,9.97406
2,32768,10,inf,2.5,2,527,4,4.0321,2.0392,2.9282,3.0994,7.8821,20.4819,164239,10.0244
3,32768,10,inf,2.5,2,528,4,3.8929,2.425,36.7555,3.0752,34.535,81.1563,164324,10.0295
4,32768,10,inf,2.5,2,529,4,3.6748,2.8772,99.0015,6.1496,232.74,344.949,163859,10.0012
5,32768,10,inf,2.5,2,530,4,4.0408,3.3029,429.255,7.1754,847.341,1291.64,164525,10.0418
1,32768,10,inf,2.5,3,531,4,3.8265,1.4274,1.5295,2.2363,2.0921,11.9471,163776,9.99609
2,32768,10,inf,2.5,3,532,4,3.6563,1.933,3.4388,2.4839,6.1695,18.157,163769,9.99567
3,32768,10,inf,2.5,3,533,4,3.7092,2.445,52.7852,3.059,25.3408,87.8136,163967,10.0078
4,32768,10,inf,2.5,3,534,4,3.661,2.7937,92.9771,6.0949,186.004,292.062,163195,9.96063
5,32768,10,inf,2.5,3,535,4,3.9754,3.3433,447.75,6.8327,649.885,1112.36,163200,9.96094
1,32768,10,inf,2.5,4,536,4,3.7445,1.4636,2.0782,2.4552,1.5169,11.7393,163246,9.96375
2,32768,10,inf,2.5,4,537,4,3.77,1.9483,2.4657,2.7205,4.122,15.521,163725,9.99298
3,32768,10,inf,2.5,4,538,4,3.7547,2.4256,39.4523,3.0202,18.8039,67.9342,164242,10.0245
4,32768,10,inf,2.5,4,539,4,3.6981,2.8693,74.8443,6.1362,130.112,218.188,163889,10.003
5,32768,10,inf,2.5,4,540,4,3.7189,3.3062,466.472,7.3262,489.24,970.63,163546,9.98206
1,32768,10,inf,2.5,5,541,4,3.776,1.6371,1.6506,2.1481,1.3111,11.0034,163692,9.99097
2,32768,10,inf,2.5,5,542,4,3.7547,1.9561,11.3692,2.4909,3.6402,23.7589,164160,10.0195
3,32768,10,inf,2.5,5,543,4,4.1623,2.4237,20.0208,2.9997,16.2848,46.3773,163391,9.9726
4,32768,10,inf,2.5,5,544,4,3.7622,3.1208,90.6722,6.4204,113.799,218.35,163490,9.97864
5,32768,10,inf,2.5,5,545,4,3.769,3.603,435.271,6.8522,444.638,894.718,163641,9.98785
1,32768,10,inf,2.5,6,546,4,4.6636,1.587,4.3205,2.221,1.306,14.579,164184,10.021
2,32768,10,inf,2.5,6,547,4,3.7843,1.9478,2.6045,2.4019,3.5989,14.8193,163792,9.99707
3,32768,10,inf,2.5,6,548,4,3.6948,2.4599,40.1977,3.302,14.489,64.6288,163600,9.98535
4,32768,10,inf,2.5,6,549,4,3.7598,2.8507,95.1329,6.0619,97.2602,205.635,164314,10.0289
5,32768,10,inf,2.5,6,550,4,3.7861,3.3267,432.166,7.1773,393.899,840.933,163861,10.0013
1,32768,10,2,2.5,1,551,5,4.0195,1.3694,2.7919,2.214,51.7237,62.6106,163840,10
2,32768,10,2,2.5,1,552,5,3.6893,2.2947,4.4959,2.3453,162.331,175.635,164184,10.021
3,32768,10,2,2.5,1,553,5,3.609,2.2976,11.1286,3.0015,770.439,790.964,164463,10.038
4,32768,10,2,2.5,1,554,5,3.5863,3.0316,23.5697,6.247,3895.44,3932.44,163662,9.98914
5,32768,10,2,2.5,1,555,5,3.5905,3.4811,60.6572,7.1503,18268.4,18343.8,164288,10.0273
1,32768,10,2,2.5,2,556,5,3.7973,1.3904,3.8631,2.523,26.6564,38.7251,163196,9.96069
2,32768,10,2,2.5,2,557,5,3.6087,2.2423,4.8811,2.4988,89.6798,103.386,164384,10.0332
3,32768,10,2,2.5,2,558,5,3.956,2.3574,7.0789,3.0591,437.93,454.876,164044,10.0125
4,32768,10,2,2.5,2,559,5,3.681,2.7845,18.8994,6.6523,2470.9,2503.45,163495,9.97894
5,32768,10,2,2.5,2,560,5,3.6596,3.232,89.5661,6.913,12237.1,12341,164607,10.0468
1,32768,10,2,2.5,3,561,5,4.2138,1.3361,3.6842,2.2294,21.3751,33.345,163147,9.9577
2,32768,10,2,2.5,3,562,5,4.1595,1.8978,96.8515,3.0289,91.3016,197.743,163926,10.0052
3,32768,10,2,2.5,3,563,5,3.9805,2.3434,7.0548,3.0317,330.714,347.618,163863,10.0014
4,32768,10,2,2.5,3,564,5,3.6721,3.0719,18.99,6.2998,2024.56,2057.16,163919,10.0048
5,32768,10,2,2.5,3,565,5,3.6605,3.2533,48.4749,6.8596,9580.68,9643.49,163448,9.97607
1,32768,10,2,2.5,4,566,5,4.0654,1.3342,3.4324,2.1884,15.1207,26.6491,164114,10.0167
2,32768,10,2,2.5,4,567,5,3.7393,1.8857,3.283,2.8025,50.5685,62.7576,163548,9.98218
3,32768,10,2,2.5,4,568,5,3.6708,2.3783,15.1703,3.0613,245.85,270.673,163634,9.98743
4,32768,10,2,2.5,4,569,5,3.809,2.8819,28.2903,6.4116,1462.33,1504.29,163981,10.0086
5,32768,10,2,2.5,4,570,5,3.6934,3.5654,51.6843,6.9514,8071.86,8138.34,163662,9.98914
1,32768,10,2,2.5,5,571,5,3.826,1.3928,3.028,2.2637,14.7891,25.8268,163872,10.002
2,32768,10,2,2.5,5,572,5,3.7848,1.9553,4.6432,2.5183,42.7284,56.1587,163383,9.97211
3,32768,10,2,2.5,5,573,5,4.0013,2.4157,9.7207,3.5575,221.812,242.049,163344,9.96973
4,32768,10,2,2.5,5,574,5,3.7713,2.8697,23.9903,6.6434,1264.6,1302.44,164165,10.0198
5,32768,10,2,2.5,5,575,5,3.7802,3.572,55.0048,6.7825,6796.98,6866.69,163871,10.0019
1,32768,10,2,2.5,6,576,5,3.7217,1.3695,3.8424,2.1528,13.4678,25.0714,163351,9.97015
2,32768,10,2,2.5,6,577,5,3.7564,1.9265,20.755,3.0362,50.4668,80.436,163922,10.005
3,32768,10,2,2.5,6,578,5,4.0153,2.4335,10.1398,3.329,187.502,207.928,164275,10.0266
4,32768,10,2,2.5,6,579,5,3.7639,2.8703,16.9944,6.7153,1117.87,1148.8,163524,9.98071
5,32768,10,2,2.5,6,580,5,3.7672,3.3405,139.365,6.9013,6134.83,6288.78,163724,9.99292
1,1024,10,inf,2.5,1,581,0,0.1684,0.058,0.2069,0.0812,0.1776,0.7095,5229,10.2129
1,1024,100,inf,2.5,1,582,0,0.1567,0.0557,2.2145,0.0667,0.979,3.4909,50981,99.5723
1,2048,10,inf,2.5,1,583,0,0.3052,0.1057,0.1961,0.1484,0.3316,1.1159,10421,10.1768
1,2048,100,inf,2.5,1,584,0,0.3052,0.1048,4.9804,0.1368,0.9512,6.5058,102292,99.8945
1,4096,10,inf,2.5,1,585,0,0.5528,0.1785,0.2022,0.2286,0.5371,1.7623,20663,10.0894
1,4096,100,inf,2.5,1,586,0,0.4587,0.1777,6.7497,0.2068,1.8255,9.4818,205097,100.145
1,4096,1000,inf,2.5,1,587,0,0.4623,0.1665,116.532,0.1897,12.979,130.395,2047523,999.767
1,8192,10,inf,2.5,1,588,0,0.9837,0.3617,0.3534,0.4675,1.0806,3.3745,40922,9.99072
1,8192,100,inf,2.5,1,589,0,0.9233,0.3571,11.9536,0.3956,3.9328,17.691,408868,99.8213
1,8192,1000,inf,2.5,1,590,0,0.9303,0.3386,126.101,0.3794,32.799,160.672,4093517,999.394
1,16384,10,inf,2.5,1,591,0,2.2929,0.6869,1.325,0.92,2.3069,7.7682,81571,9.9574
1,16384,100,inf,2.5,1,592,0,1.9199,0.6502,7.7254,0.8691,8.1279,19.5426,818936,99.9678
1,16384,1000,inf,2.5,1,593,0,1.8482,0.6521,219.56,0.8,75.143,298.248,8190879,999.863
1,32768,10,inf,2.5,1,594,0,3.7787,1.5083,2.3545,2.5665,4.5839,15.2826,163241,9.96344
1,32768,100,inf,2.5,1,595,0,3.8799,1.3435,25.7874,1.7388,17.0746,50.2962,1636094,99.8593
1,32768,1000,inf,2.5,1,596,0,3.6744,1.3287,306.378,1.4816,161.981,475.525,16386495,1000.15
1,65536,10,inf,2.5,1,597,0,7.8724,2.7502,3.7764,5.5184,9.2076,30.1287,328421,10.0226
1,65536,100,inf,2.5,1,598,0,7.8985,2.6759,38.9639,4.0506,34.2229,88.7591,3279430,100.08
1,65536,1000,inf,2.5,1,599,0,7.3247,2.6496,406.554,3.2376,331.729,752.455,32765814,999.933
1,131072,10,inf,2.5,1,600,0,15.4324,5.3328,7.0595,11.4431,18.7955,59.9811,654342,9.98447
1,131072,100,inf,2.5,1,601,0,14.5396,5.6562,187.077,8.4184,70.9955,288.662,6554998,100.021
1,131072,1000,inf,2.5,1,602,0,14.6777,5.172,790.797,8.058,422.222,1242.93,65536113,1000
1,262144,10,inf,2.5,1,603,0,29.619,11.0748,17.4177,24.4939,37.7642,124.217,1314717,10.0305
1,262144,100,inf,2.5,1,604,0,29.485,10.3527,58.2136,20.0664,139.189,261.195,13108418,100.009
1,262144,1000,inf,2.5,1,605,0,29.243,10.7289,1171.31,18.3035,875.909,2109.4,131060564,999.913
1,524288,10,inf,2.5,1,606,0,59.0363,21.5588,20.6682,54.3467,76.1526,239.526,2623206,10.0067
1,524288,100,inf,2.5,1,607,0,58.4283,21.1056,89.5278,44.2597,282.286,503.793,26221932,100.029
1,524288,1000,inf,2.5,1,608,0,58.543,21.2266,2164.98,40.2004,1764.68,4057.44,262176231,1000.12
1,1048576,10,inf,2.5,1,609,0,119.586,45.4195,52.6878,154.762,156.045,549.163,5250464,10.0145
1,1048576,100,inf,2.5,1,610,0,116.772,63.284,198.519,117.589,565.194,1081.31,52418915,99.9811
1,1048576,1000,inf,2.5,1,611,0,116.49,62.7423,3619.25,99.3285,3548.44,7466.42,524290647,1000.01
1,32768,2,inf,2.5,1,612,1,3.6786,1.3102,2.0433,3.2464,7.0711,17.8509,32776,2.00049
1,32768,4,inf,2.5,1,613,1,3.8893,1.7795,1.791,2.5499,5.2174,15.7166,65948,4.02515
1,32768,8,inf,2.5,1,614,1,3.7584,2.3095,2.0711,2.2044,4.4929,15.3052,131431,8.02191
1,32768,16,inf,2.5,1,615,1,3.7876,1.4502,2.5285,2.1124,4.7486,15.0956,261931,15.987
1,32768,32,inf,2.5,1,616,1,3.8219,1.4524,4.4336,1.8774,6.5674,18.6342,525216,32.0566
1,32768,64,inf,2.5,1,617,1,3.7593,1.6279,6.9904,1.7442,15.4311,30.061,1047886,63.9579
1,32768,128,inf,2.5,1,618,1,3.8966,1.4442,18.8489,2.2233,17.8955,44.8102,2098263,128.068
1,32768,256,inf,2.5,1,619,1,3.7464,1.4224,44.7657,1.6301,46.1237,98.1543,4192722,255.903
1,32768,512,inf,2.5,1,620,1,3.8631,1.2985,157.253,1.5442,83.1629,247.589,8388673,512.004
1,32768,1024,inf,2.5,1,621,1,4.0177,1.3342,352.208,1.4983,156.136,515.667,16776496,1023.96
1,32768,2048,inf,2.5,1,622,1,4.2366,1.338,788.073,1.4408,299.659,1095.23,33557495,2048.19
1,32768,4096,inf,2.5,1,623,1,3.8098,1.3889,2382.33,1.8054,543.03,2932.85,67105377,4095.79
1,32768,10,inf,2.5,1,624,2,3.8122,1.6807,1.7846,2.1282,4.3775,14.2396,164361,10.0318
1,32768,10,5,2.5,1,625,2,4.0223,1.414,8.8553,2.1087,95.5567,112.461,162970,9.9469
1,32768,10,4.5,2.5,1,626,2,3.7602,1.4275,8.3479,2.144,92.7013,108.871,163598,9.98523
1,32768,10,4,2.5,1,627,2,4.0682,1.3004,8.8997,2.1885,98.3694,115.32,163720,9.99268
1,32768,10,3.5,2.5,1,628,2,4.1169,1.3018,7.6665,2.0638,88.1772,103.828,162579,9.92303
1,32768,10,3,2.5,1,629,2,3.6972,1.3324,11.2603,2.3096,87.0729,106.174,163963,10.0075
1,32768,10,2.5,2.5,1,630,2,3.7124,1.3385,8.225,2.2052,90.4032,106.376,163571,9.98358
1,32768,10,2,2.5,1,631,2,4.1902,1.3027,8.595,2.1268,48.4758,65.2183,164167,10.02
1,32768,10,inf,2.5,1,632,3,4.4141,1.3793,1.7624,2.0809,4.7805,14.9093,163788,9.99683
2,32768,10,inf,2.5,1,633,3,4.0334,2.4148,2.412,2.4918,14.4965,26.3889,164293,10.0276
3,32768,10,inf,2.5,1,634,3,3.7671,2.3611,45.6562,3.0874,60.5231,115.879,164172,10.0203
4,32768,10,inf,2.5,1,635,3,3.732,2.7817,92.2844,6.3258,391.006,496.653,163340,9.96948
5,32768,10,inf,2.5,1,636,3,3.7348,3.1666,458.052,6.8327,1285.78,1758.1,164098,10.0157
1,32768,10,inf,2.5,1,637,4,3.7951,1.4622,1.9575,2.2289,4.5677,14.485,164452,10.0374
2,32768,10,inf,2.5,1,638,4,3.891,1.9186,2.8786,2.3109,14.5276,26.0248,163678,9.99011
3,32768,10,inf,2.5,1,639,4,3.6596,2.3429,30.7688,3.0131,60.705,100.963,163401,9.97321
4,32768,10,inf,2.5,1,640,4,3.6623,2.778,84.4962,6.6459,389.257,487.385,162916,9.9436
5,32768,10,inf,2.5,1,641,4,3.6544,3.2348,446.99,7.1973,1287.73,1749.34,164255,10.0253
1,32768,10,inf,2.5,2,642,4,3.8317,1.4632,2.1705,2.3166,2.8192,13.0941,163932,10.0056
2,32768,10,inf,2.5,2,643,4,3.7426,2.0504,3.5274,2.5275,7.8261,20.1683,164046,10.0126
3,32768,10,inf,2.5,2,644,4,3.9486,2.3755,36.9094,3.3614,33.4919,80.5589,163765,9.99542
4,32768,10,inf,2.5,2,645,4,3.6133,2.8248,92.3799,6.1811,230.957,336.488,163970,10.0079
5,32768,10,inf,2.5,2,646,4,3.6619,3.2576,463.744,7.1425,845.312,1323.64,163637,9.98761
1,32768,10,inf,2.5,3,647,4,4.2083,1.3361,1.9023,2.2609,1.8638,12.0775,164156,10.0193
2,32768,10,inf,2.5,3,648,4,3.7101,2.0577,1.8969,2.3416,5.9482,16.435,163506,9.97961
3,32768,10,inf,2.5,3,649,4,4.3237,2.6523,34.522,3.1749,25.8277,70.9973,163652,9.98853
4,32768,10,inf,2.5,3,650,4,4.058,2.853,84.1693,6.1931,192.185,290.006,163694,9.99109
5,32768,10,inf,2.5,3,651,4,3.7695,3.3312,486.511,7.3209,663.847,1165.34,163749,9.99445
1,32768,10,inf,2.5,4,652,4,3.955,1.4962,1.9844,2.4584,1.4655,11.898,163265,9.9649
2,32768,10,inf,2.5,4,653,4,4.0737,1.9822,3.032,2.637,4.224,16.4225,163302,9.96716
3,32768,10,inf,2.5,4,654,4,4.0506,2.5076,33.7354,3.1017,19.0553,62.9269,163665,9.98932
4,32768,10,inf,2.5,4,655,4,3.7913,3.1717,92.0942,6.3068,133.36,239.539,164081,10.0147
5,32768,10,inf,2.5,4,656,4,3.7802,3.3211,436.34,7.3341,501.592,952.954,163938,10.006
1,32768,10,inf,2.5,5,657,4,4.68,1.5503,2.8926,2.516,1.7548,13.8755,164085,10.015
2,32768,10,inf,2.5,5,658,4,3.763,1.9271,2.1555,2.4988,3.7519,14.5772,164396,10.0339
3,32768,10,inf,2.5,5,659,4,4.0237,2.4204,32.3549,3.0585,16.3821,58.7252,164408,10.0347
4,32768,10,inf,2.5,5,660,4,3.7714,2.8832,94.3411,6.2544,114.042,221.869,164094,10.0155
5,32768,10,inf,2.5,5,661,4,4.039,3.3187,521.455,6.8727,449.354,985.611,164041,10.0123
1,32768,10,inf,2.5,6,662,4,4.0908,1.3691,2.0888,2.0944,1.2456,11.3701,164015,10.0107
2,32768,10,inf,2.5,6,663,4,3.7677,1.9436,2.7349,2.4181,3.4129,14.7841,163632,9.9873
3,32768,10,inf,2.5,6,664,4,3.7626,2.3996,35.0581,3.3683,14.1857,59.258,163217,9.96198
4,32768,10,inf,2.5,6,665,4,3.7798,2.8526,83.7176,6.2159,96.3632,193.481,164497,10.0401
5,32768,10,inf,2.5,6,666,4,3.7518,3.5627,466.732,7.0066,392.988,874.613,163684,9.99048
1,32768,10,2,2.5,1,667,5,3.7848,1.3719,2.5845,2.3161,52.2754,62.8234,163760,9.99512
2,32768,10,2,2.5,1,668,5,4.0232,1.8976,6.6365,2.3383,161.984,177.342,163938,10.006
3,32768,10,2,2.5,1,669,5,3.6127,2.4854,30.9904,3.3494,731.895,772.822,163042,9.95129
4,32768,10,2,2.5,1,670,5,3.8984,2.7149,112.859,6.4353,5096.78,5223.21,164529,10.0421
5,32768,10,2,2.5,1,671,5,3.5928,3.1462,77.1742,7.1415,18244.6,18336.1,163564,9.98315
1,32768,10,2,2.5,2,672,5,4.0464,1.3032,2.9,2.215,27.7506,38.7085,164294,10.0277
2,32768,10,2,2.5,2,673,5,4.0273,1.8946,28.1387,2.3871,85.42,122.344,164203,10.0222
3,32768,10,2,2.5,2,674,5,3.6512,2.348,15.5654,3.0841,435.763,460.903,163876,10.0022
4,32768,10,2,2.5,2,675,5,3.9811,2.7798,33.997,6.6156,2469.31,2517.52,163489,9.97858
5,32768,10,2,2.5,2,676,5,3.6873,3.2556,127.3,7.0363,12426.1,12567.9,163406,9.97351
1,32768,10,2,2.5,3,677,5,3.8743,1.4596,2.5172,2.3694,21.4155,32.14,164121,10.0172
2,32768,10,2,2.5,3,678,5,3.9258,1.9047,4.7319,2.4802,71.04,84.5598,163981,10.0086
3,32768,10,2,2.5,3,679,5,3.656,2.3508,10.3898,3.0948,328.749,348.735,163260,9.9646
4,32768,10,2,2.5,3,680,5,3.6962,2.7776,87.847,6.7375,2119.21,2220.81,164298,10.028
5,32768,10,2,2.5,3,681,5,3.6596,3.2329,55.4389,6.8986,10134.3,10204.1,163407,9.97357
1,32768,10,2,2.5,4,682,5,3.7278,1.3352,2.7548,2.3568,14.9592,25.6371,163902,10.0038
2,32768,10,2,2.5,4,683,5,3.7112,1.8847,8.1113,2.4302,48.0384,64.6642,163758,9.995
3,32768,10,2,2.5,4,684,5,3.7096,2.3703,12.8126,3.0609,247.557,270.047,163624,9.98682
4,32768,10,2,2.5,4,685,5,3.6939,2.8351,167.253,6.5762,1444.22,1625.14,163755,9.99481
5,32768,10,2,2.5,4,686,5,4.0139,3.2737,61.4396,7.2746,7436.5,7513.06,164299,10.028
1,32768,10,2,2.5,5,687,5,3.7468,1.4349,3.8192,2.2042,14.6082,26.3299,163176,9.95947
2,32768,10,2,2.5,5,688,5,3.7936,1.9358,4.915,2.8262,43.7278,57.6923,163514,9.9801
3,32768,10,2,2.5,5,689,5,3.7659,2.6848,14.8624,3.4216,210.653,235.925,164165,10.0198
4,32768,10,2,2.5,5,690,5,4.0219,2.8493,34.7002,6.3851,1232.99,1281.53,164105,10.0162
5,32768,10,2,2.5,5,691,5,3.7699,3.5859,182.181,6.8772,6834.59,7031.58,164162,10.0197
1,32768,10,2,2.5,6,692,5,4.6071,1.837,3.7134,2.5465,13.3714,26.5935,163865,10.0015
2,32768,10,2,2.5,6,693,5,3.7691,1.9449,3.9921,3.1494,38.4093,51.7696,163997,10.0096
3,32768,10,2,2.5,6,694,5,3.7565,2.4089,8.7573,3.1424,207.258,225.832,163663,9.9892
4,32768,10,2,2.5,6,695,5,4.0496,2.9199,82.8968,6.3133,1111.06,1207.82,162715,9.93134
5,32768,10,2,2.5,6,696,5,3.7597,3.3397,81.2652,7.2974,6169.53,6265.77,164186,10.0211
1,1024,10,inf,2.5,1,697,0,0.1679,0.057,0.1349,0.0813,0.1799,0.6387,5196,10.1484
1,1024,100,inf,2.5,1,698,0,0.1567,0.0557,2.4449,0.0663,0.7027,3.4439,50826,99.2695
1,2048,10,inf,2.5,1,699,0,0.3051,0.1057,0.2876,0.1512,0.3506,1.2303,10201,9.96191
1,2048,100,inf,2.5,1,700,0,0.3051,0.1053,4.103,0.1359,0.9373,5.6143,102145,99.751
1,4096,10,inf,2.5,1,701,0,0.685,0.18,0.2866,0.2309,0.5384,1.9864,20568,10.043
1,4096,100,inf,2.5,1,702,0,0.4595,0.1776,4.3892,0.2156,1.8096,7.1184,205164,100.178
1,4096,1000,inf,2.5,1,703,0,0.4661,0.1772,115.871,0.1906,13.2633,130.034,2047760,999.883
1,8192,10,inf,2.5,1,704,0,1.0151,0.3608,0.5298,0.4661,1.145,3.6424,40745,9.94751
1,8192,100,inf,2.5,1,705,0,0.9206,0.3589,6.4635,0.4012,3.8605,12.1266,409837,100.058
1,8192,1000,inf,2.5,1,706,0,0.9049,0.3371,117.632,0.3808,32.3349,151.716,4096081,1000.02
1,16384,10,inf,2.5,1,707,0,1.9575,0.6989,0.9169,0.9623,2.2145,7.0002,82157,10.0289
1,16384,100,inf,2.5,1,708,0,2.1607,0.7198,10.7998,1.1065,8.4244,23.4504,820065,100.106
1,16384,1000,inf,2.5,1,709,0,1.8198,0.6497,230.657,0.7522,73.3589,307.478,8193842,1000.22
1,32768,10,inf,2.5,1,710,0,4.0853,1.4021,2.1083,2.0438,4.6706,14.8022,164448,10.0371
1,32768,100,inf,2.5,1,711,0,3.8343,1.6419,8.0552,1.7878,16.8228,32.6526,1639926,100.093
1,32768,1000,inf,2.5,1,712,0,3.7351,1.6742,295.967,1.4535,158.709,462.04,16381939,999.874
1,65536,10,inf,2.5,1,713,0,7.7546,3.1792,3.3127,4.7902,9.6228,29.6534,327868,10.0057
1,65536,100,inf,2.5,1,714,0,7.4388,2.67,40.5296,3.6485,34.901,90.1189,3274410,99.9271
1,65536,1000,inf,2.5,1,715,0,7.5729,2.6185,480.536,3.3712,204.946,700.01,32771187,1000.1
1,131072,10,inf,2.5,1,716,0,15.4644,5.3635,6.9918,11.4968,18.9189,60.1827,656548,10.0181
1,131072,100,inf,2.5,1,717,0,14.6755,5.1761,83.8095,8.6591,68.5848,182.857,6552164,99.9781
1,131072,1000,inf,2.5,1,718,0,14.7766,5.1751,810.153,7.6085,414.615,1254.3,65545660,1000.15
1,262144,10,inf,2.5,1,719,0,29.9357,10.8981,14.9937,24.9716,37.3037,122.1,1311037,10.0024
1,262144,100,inf,2.5,1,720,0,29.5091,10.8572,134.489,20.1711,139.975,339.228,13113292,100.046
1,262144,1000,inf,2.5,1,721,0,29.1626,10.8416,1169.7,18.6389,864.002,2096.63,131079494,1000.06
1,524288,10,inf,2.5,1,722,0,60.9104,21.5718,20.204,61.581,76.0784,248.594,2626281,10.0185
1,524288,100,inf,2.5,1,723,0,59.5317,21.3881,107.544,45.7076,284.338,526.237,26224143,100.037
1,524288,1000,inf,2.5,1,724,0,58.8309,21.319,2424.01,40.7016,1766.67,4319.33,262154392,1000.04
1,1048576,10,inf,2.5,1,725,0,119.45,57.5959,62.3508,156.488,155.017,571.883,5245557,10.0051
1,1048576,100,inf,2.5,1,726,0,117.085,62.6533,188.833,119.868,570.416,1078.72,52427189,99.9969
1,1048576,1000,inf,2.5,1,727,0,118.99,63.1889,2211.39,102.658,3517.57,6033.87,524284399,999.993
1,32768,2,inf,2.5,1,728,1,4.1558,1.3121,1.7252,3.2608,7.1401,18.4427,32299,1.97137
1,32768,4,inf,2.5,1,729,1,3.8247,1.5439,1.7637,2.6504,5.4183,15.7696,65260,3.98315
1,32768,8,inf,2.5,1,730,1,3.8201,2.0039,2.1245,2.1723,4.3538,14.9991,130725,7.97882
1,32768,16,inf,2.5,1,731,1,4.1108,1.3431,4.5671,1.9975,5.0082,17.5073,263109,16.0589
1,32768,32,inf,2.5,1,732,1,3.7477,1.5361,3.7198,2.0328,6.8475,18.387,523403,31.946
1,32768,64,inf,2.5,1,733,1,3.802,1.4362,5.3904,1.9173,10.9143,23.9661,1048008,63.9653
1,32768,128,inf,2.5,1,734,1,3.6773,1.4238,50.1691,2.0786,17.3667,75.1829,2096977,127.989
1,32768,256,inf,2.5,1,735,1,3.7621,1.3356,73.3519,1.6775,29.2327,109.818,4192198,255.871
1,32768,512,inf,2.5,1,736,1,3.9569,1.6227,110.089,1.5327,83.5368,201.248,8386825,511.891
1,32768,1024,inf,2.5,1,737,1,4.0538,1.298,278.394,1.4835,155.928,441.633,16776871,1023.98
1,32768,2048,inf,2.5,1,738,1,3.9462,1.4581,631.778,1.4914,296.11,935.302,33549378,2047.69
1,32768,4096,inf,2.5,1,739,1,3.8085,1.3881,2354.04,1.4103,549.799,2910.93,67103940,4095.7
1,32768,10,inf,2.5,1,740,2,3.8432,1.4234,2.5252,2.3448,4.8533,15.4495,163473,9.9776
1,32768,10,5,2.5,1,741,2,4.0524,1.4136,15.3762,2.1644,81.9882,105.498,163501,9.97931
1,32768,10,4.5,2.5,1,742,2,3.6568,1.4229,7.872,2.2372,90.906,106.6,163815,9.99847
1,32768,10,4,2.5,1,743,2,4.0622,1.3352,8.4884,2.1199,90.2577,106.766,164045,10.0125
1,32768,10,3.5,2.5,1,744,2,3.6939,1.3315,8.8904,2.2154,84.3354,100.959,164156,10.0193
1,32768,10,3,2.5,1,745,2,3.7371,1.3333,10.2779,2.2303,84.2857,102.355,164134,10.0179
1,32768,10,2.5,2.5,1,746,2,3.8367,1.301,7.22,2.2859,89.4975,104.632,163253,9.96417
1,32768,10,2,2.5,1,747,2,4.1567,1.3347,3.7087,2.1189,51.3568,63.1824,163705,9.99176
1,32768,10,inf,2.5,1,748,3,3.7036,1.715,1.9261,2.7547,4.6549,15.2565,163681,9.9903
2,32768,10,inf,2.5,1,749,3,3.7403,1.9047,2.707,2.3546,14.4928,25.7016,164746,10.0553
3,32768,10,inf,2.5,1,750,3,3.8506,2.3837,37.2044,3.4045,60.9438,108.27,164139,10.0182
4,32768,10,inf,2.5,1,751,3,3.7254,3.1351,93.6862,6.6742,393.292,501.041,164331,10.03
5,32768,10,inf,2.5,1,752,3,4.0542,3.1847,480.025,7.206,1285.9,1780.9,164338,10.0304
1,32768,10,inf,2.5,1,753,4,3.9082,1.7107,1.6556,2.1263,4.5004,14.3917,163992,10.0093
2,32768,10,inf,2.5,1,754,4,3.8553,1.9752,3.2246,2.3022,14.7775,26.7182,163331,9.96893
3,32768,10,inf,2.5,1,755,4,3.7147,2.3504,35.5682,3.0326,60.6761,105.804,163680,9.99023
4,32768,10,inf,2.5,1,756,4,3.5747,2.702,88.4852,6.0373,385.473,486.787,164047,10.0126
5,32768,10,inf,2.5,1,757,4,3.5752,3.5242,433.965,6.8095,1277.73,1726.13,163528,9.98096
1,32768,10,inf,2.5,2,758,4,3.873,1.3884,1.4554,2.0332,2.8763,12.0933,163965,10.0076
2,32768,10,inf,2.5,2,759,4,3.6169,1.9145,2.0782,2.3517,7.8178,18.2497,163605,9.98566
3,32768,10,inf,2.5,2,760,4,3.6731,2.4213,39.301,3.3309,33.8514,83.0531,164455,10.0375
4,32768,10,inf,2.5,2,761,4,3.6553,2.7757,91.0679,6.1036,232.209,336.332,164481,10.0391
5,32768,10,inf,2.5,2,762,4,3.673,3.226,422.096,6.9175,878.802,1315.27,163040,9.95117
1,32768,10,inf,2.5,3,763,4,3.8293,1.4233,1.6951,2.5164,1.9223,12.1897,164073,10.0142
2,32768,10,inf,2.5,3,764,4,3.6661,2.0076,3.3994,2.4952,6.188,18.2298,163695,9.99115
3,32768,10,inf,2.5,3,765,4,3.7923,2.4779,30.2544,3.0567,24.6344,65.0101,163819,9.99872
4,32768,10,inf,2.5,3,766,4,3.6967,2.7668,91.7789,6.5113,186.357,291.628,163366,9.97107
5,32768,10,inf,2.5,3,767,4,3.7116,3.3842,481.767,7.2148,650.941,1147.58,163124,9.9563
1,32768,10,inf,2.5,4,768,4,3.7093,1.4233,1.8179,2.3096,1.6116,11.3434,164558,10.0438
2,32768,10,inf,2.5,4,769,4,3.7352,1.8838,2.7808,2.374,3.8775,15.1327,163580,9.98413
3,32768,10,inf,2.5,4,770,4,3.9592,2.3855,30.0643,3.0215,19.06,58.964,162950,9.94568
4,32768,10,inf,2.5,4,771,4,3.6753,2.7812,79.3925,6.5967,131.559,224.858,163751,9.99457
5,32768,10,inf,2.5,4,772,4,3.7115,3.2713,458.12,7.1583,491.727,964.519,163694,9.99109
1,32768,10,inf,2.5,5,773,4,4.0487,1.3361,1.9835,2.2126,1.3833,11.4471,163717,9.99249
2,32768,10,inf,2.5,5,774,4,3.7783,1.9433,3.4568,2.4998,3.9105,16.0784,163649,9.98834
3,32768,10,inf,2.5,5,775,4,3.7765,2.4079,25.7901,3.0186,15.8823,51.3643,164363,10.0319
4,32768,10,inf,2.5,5,776,4,3.7722,3.1481,91.2101,6.2191,114.3,219.202,164329,10.0298
5,32768,10,inf,2.5,5,777,4,4.0431,3.3266,486.975,6.8971,450.105,951.929,164259,10.0256
1,32768,10,inf,2.5,6,778,4,4.0423,1.3718,1.7698,2.0536,1.1849,10.9023,164208,10.0225
2,32768,10,inf,2.5,6,779,4,3.7538,1.9631,5.0444,2.6351,3.5794,17.4577,164469,10.0384
3,32768,10,inf,2.5,6,780,4,3.7579,2.688,23.7194,3.1119,13.9567,47.7217,163890,10.0031
4,32768,10,inf,2.5,6,781,4,3.7491,2.8503,118.294,6.6203,99.3174,231.384,163643,9.98798
5,32768,10,inf,2.5,6,782,4,3.7533,3.3173,472.649,6.9198,392.257,879.456,163813,9.99835
1,32768,10,2,2.5,1,783,5,3.7877,1.3704,2.6982,2.2446,51.6471,62.2419,164087,10.0151
2,32768,10,2,2.5,1,784,5,3.8939,1.9014,3.0817,2.3416,164.629,176.349,163293,9.96661
3,32768,10,2,2.5,1,785,5,3.744,2.2989,5.3881,3.0344,738.604,753.555,164526,10.0419
4,32768,10,2,2.5,1,786,5,3.5998,3.0135,31.4885,6.4862,3887.34,3932.45,163394,9.97278
5,32768,10,2,2.5,1,787,5,3.6225,3.4713,43.3752,7.2205,18217.1,18275.3,163136,9.95703
1,32768,10,2,2.5,2,788,5,3.8659,1.4599,3.1639,2.3225,27.117,38.4329,164144,10.0186
2,32768,10,2,2.5,2,789,5,3.6582,1.8917,12.903,2.3676,87.8108,109.115,163846,10.0004
3,32768,10,2,2.5,2,790,5,3.6629,2.3564,13.4767,3.065,436.577,459.631,162873,9.94098
4,32768,10,2,2.5,2,791,5,3.7097,3.1244,13.0522,6.6951,2500.59,2527.74,163672,9.98975
5,32768,10,2,2.5,2,792,5,3.674,3.2524,49.8917,7.2343,12250.9,12315.5,163932,10.0056
1,32768,10,2,2.5,3,793,5,3.9433,1.4247,6.5438,2.1213,20.5839,35.4422,164148,10.0188
2,32768,10,2,2.5,3,794,5,3.667,1.8913,3.8827,2.4389,70.8461,83.2041,163231,9.96283
3,32768,10,2,2.5,3,795,5,3.6555,2.3429,9.2146,3.1133,328.893,347.708,164277,10.0267
4,32768,10,2,2.5,3,796,5,3.692,2.7765,22.9217,6.3338,2033.09,2069.37,163608,9.98584
5,32768,10,2,2.5,3,797,5,3.6736,3.5112,31.2793,7.1485,9584.8,9631.01,164243,10.0246
1,32768,10,2,2.5,4,798,5,3.8465,1.498,2.5766,2.5466,15.4202,26.431,163523,9.98065
2,32768,10,2,2.5,4,799,5,3.8312,1.9529,3.5603,2.6287,51.1676,63.6429,164979,10.0695
3,32768,10,2,2.5,4,800,5,4.0422,2.4106,15.693,3.1767,251.721,277.587,163053,9.95197
4,32768,10,2,2.5,4,801,5,3.8335,2.8777,28.8774,6.656,1447.13,1489.99,163638,9.98767
5,32768,10,2,2.5,4,802,5,4.1107,3.3702,124.182,7.1425,7471.02,7610.48,163113,9.95563
1,32768,10,2,2.5,5,803,5,4.5357,1.4632,3.2381,2.2381,14.4909,26.4826,163612,9.98608
2,32768,10,2,2.5,5,804,5,3.7709,1.9404,5.9891,2.7789,42.1394,57.1256,165127,10.0786
3,32768,10,2,2.5,5,805,5,3.7723,2.6857,5.2823,3.1934,213.243,228.696,163537,9.98151
4,32768,10,2,2.5,5,806,5,3.7714,2.8457,22.5874,6.5127,1283.27,1319.57,163893,10.0032
5,32768,10,2,2.5,5,807,5,3.7603,3.3136,36.9842,6.8424,6774.03,6825.53,163754,9.99475
1,32768,10,2,2.5,6,808,5,4.4536,1.4636,2.6096,2.1963,13.0899,24.3349,164251,10.0251
2,32768,10,2,2.5,6,809,5,3.7584,1.9442,3.5186,3.0159,37.6394,50.368,164102,10.016
3,32768,10,2,2.5,6,810,5,3.7607,2.4182,9.7118,3.0191,190.788,210.22,164154,10.0192
4,32768,10,2,2.5,6,811,5,3.7722,3.0123,58.8758,6.2079,1093.83,1166.28,163533,9.98126
5,32768,10,2,2.5,6,812,5,3.7723,3.3219,51.5001,7.1716,6114.58,6180.93,164141,10.0184
1,1024,10,inf,2.5,1,813,0,0.1702,0.0589,0.102,0.0789,0.1716,0.5992,5094,9.94922
1,1024,100,inf,2.5,1,814,0,0.1563,0.0574,3.3312,0.0691,0.5045,4.1363,51358,100.309
1,2048,10,inf,2.5,1,815,0,0.3033,0.1052,0.2764,0.1493,0.3348,1.1989,10243,10.0029
1,2048,100,inf,2.5,1,816,0,0.3038,0.1048,4.7345,0.1048,0.9118,6.1889,102503,100.101
1,4096,10,inf,2.5,1,817,0,0.5107,0.1873,0.2703,0.2444,0.6011,1.8816,20642,10.0791
1,4096,100,inf,2.5,1,818,0,0.7995,0.1721,3.9403,0.2124,1.8504,7.0404,204237,99.7251
1,4096,1000,inf,2.5,1,819,0,0.4736,0.1707,111.929,0.1911,13.0402,125.87,2047394,999.704
1,8192,10,inf,2.5,1,820,0,1.3172,0.3404,0.4883,0.4545,1.0954,3.8173,40546,9.89893
1,8192,100,inf,2.5,1,821,0,0.9192,0.3367,7.5385,0.4015,3.8242,13.1422,409211,99.905
1,8192,1000,inf,2.5,1,822,0,1.2545,0.3372,154.555,0.3631,31.4417,188.071,4095671,999.92
1,16384,10,inf,2.5,1,823,0,2.1041,0.8102,1.2629,0.9818,2.2701,7.6712,82004,10.0103
1,16384,100,inf,2.5,1,824,0,2.0113,0.6929,22.0423,0.8222,7.8948,33.7108,818968,99.9717
1,16384,1000,inf,2.5,1,825,0,1.7943,0.6498,224.695,0.7425,74.5642,302.693,8195946,1000.48
1,32768,10,inf,2.5,1,826,0,3.9652,1.299,2.0522,2.2692,4.4703,14.5122,164294,10.0277
1,32768,100,inf,2.5,1,827,0,4.0292,1.3031,19.948,1.7823,16.5941,44.1437,1638491,100.006
1,32768,1000,inf,2.5,1,828,0,3.6327,1.294,310.661,1.5545,161.152,478.783,16383056,999.942
1,65536,10,inf,2.5,1,829,0,7.2425,2.7107,4.5124,4.7532,9.0406,29.229,327041,9.9805
1,65536,100,inf,2.5,1,830,0,7.7218,2.6133,17.236,3.7032,34.7265,67.2306,3274819,99.9395
1,65536,1000,inf,2.5,1,831,0,7.2246,2.5851,496.991,3.3419,204.141,715.272,32768467,1000.01
1,131072,10,inf,2.5,1,832,0,15.4077,5.6246,8.2495,11.494,18.8155,61.5063,656068,10.0108
1,131072,100,inf,2.5,1,833,0,14.821,5.1914,86.6598,8.5611,70.1956,187.384,6555603,100.031
1,131072,1000,inf,2.5,1,834,0,14.6551,5.4925,673.463,7.7537,421.911,1125.27,65526956,999.862
1,262144,10,inf,2.5,1,835,0,30.472,10.8109,10.8346,24.8302,36.9975,117.917,1310670,9.99962
1,262144,100,inf,2.5,1,836,0,29.1725,10.3472,352.444,19.829,141.184,556.865,13111590,100.033
1,262144,1000,inf,2.5,1,837,0,29.3842,10.6819,1069.03,18.2159,862.23,1993.52,131080123,1000.06
1,524288,10,inf,2.5,1,838,0,59.3596,21.0454,30.1607,60.5825,76.6531,255.525,2621264,9.99933
1,524288,100,inf,2.5,1,839,0,58.6565,21.1172,658.317,44.0339,286.786,1076.66,26214464,100
1,524288,1000,inf,2.5,1,840,0,58.4988,21.0991,2043.06,40.0543,1729.92,3900.43,262157926,1000.05
1,1048576,10,inf,2.5,1,841,0,118.011,56.7225,51.9963,155.293,154.118,556.744,5248577,10.0109
1,1048576,100,inf,2.5,1,842,0,117.288,63.2542,162.827,118.015,569.908,1051.62,52436917,100.015
1,1048576,1000,inf,2.5,1,843,0,117.163,62.6913,3613.48,100.343,3536.05,7450.11,524274707,999.975
1,32768,2,inf,2.5,1,844,1,3.8289,1.3996,1.8792,3.4369,7.496,18.5411,32968,2.01221
1,32768,4,inf,2.5,1,845,1,3.8427,1.5031,1.92,2.7849,5.5254,16.0765,65981,4.02716
1,32768,8,inf,2.5,1,846,1,3.7844,1.971,2.4089,2.1843,4.9562,15.7835,131690,8.03772
1,32768,16,inf,2.5,1,847,1,3.7101,1.6079,3.7524,2.106,5.1909,16.8625,261809,15.9796
1,32768,32,inf,2.5,1,848,1,3.8057,1.5792,5.2178,2.1389,6.6049,19.8554,524453,32.0101
1,32768,64,inf,2.5,1,849,1,3.9601,1.4038,7.9936,1.8833,11.2135,26.9519,1050483,64.1164
1,32768,128,inf,2.5,1,850,1,3.8483,1.3514,13.3472,1.819,17.8402,38.7097,2098128,128.06
1,32768,256,inf,2.5,1,851,1,3.6551,1.337,56.001,1.6765,29.7582,92.8961,4194614,256.019
1,32768,512,inf,2.5,1,852,1,3.884,1.4288,87.8146,1.6001,85.1553,180.342,8391294,512.164
1,32768,1024,inf,2.5,1,853,1,4.1057,1.3017,243.205,1.496,155.472,406.063,16778227,1024.06
1,32768,2048,inf,2.5,1,854,1,3.84,1.389,802.048,1.9076,304.459,1114.14,33556152,2048.1
1,32768,4096,inf,2.5,1,855,1,3.719,1.3923,2165.95,1.4705,554.237,2727.25,67114388,4096.34
1,32768,10,inf,2.5,1,856,2,4.1772,1.3042,2.1394,2.2289,4.5945,14.9004,163645,9.9881
1,32768,10,5,2.5,1,857,2,4.3539,1.3264,19.3897,2.2641,83.0452,110.884,163436,9.97534
1,32768,10,4.5,2.5,1,858,2,3.7334,1.4223,8.244,2.1696,91.815,107.889,163603,9.98553
1,32768,10,4,2.5,1,859,2,4.0203,1.3334,8.9855,2.2191,87.1828,104.233,163285,9.96613
1,32768,10,3.5,2.5,1,860,2,3.8242,1.3,9.492,2.2687,86.8685,104.243,163845,10.0003
1,32768,10,3,2.5,1,861,2,3.7598,1.4585,7.6452,2.2284,90.3323,105.931,163184,9.95996
1,32768,10,2.5,2.5,1,862,2,4.1215,1.3325,16.6492,2.3096,85.5824,110.492,164201,10.022
1,32768,10,2,2.5,1,863,2,3.8066,1.331,2.9347,2.2522,51.9077,62.7265,164149,10.0189
1,32768,10,inf,2.5,1,864,3,3.8302,1.4252,2.0527,2.3296,4.9568,15.2441,163960,10.0073
2,32768,10,inf,2.5,1,865,3,3.7019,1.9015,3.3289,2.5053,14.3921,26.3347,163842,10.0001
3,32768,10,inf,2.5,1,866,3,4.211,2.3597,33.2332,3.092,60.487,103.86,163817,9.9986
4,32768,10,inf,2.5,1,867,3,3.7143,2.7789,67.2673,6.2409,384.953,465.479,163597,9.98517
5,32768,10,inf,2.5,1,868,3,3.9244,3.4007,460.48,6.9194,1280.09,1755.34,163127,9.95648
1,32768,10,inf,2.5,1,869,4,3.8548,1.3941,2.2702,2.4157,4.4934,14.8846,164065,10.0137
2,32768,10,inf,2.5,1,870,4,3.7908,1.9065,3.3633,2.5674,14.0791,26.2233,164208,10.0225
3,32768,10,inf,2.5,1,871,4,3.9949,2.356,29.9093,3.0358,61.1827,101.312,163574,9.98376
4,32768,10,inf,2.5,1,872,4,3.5869,2.7065,103.68,6.4793,385.839,502.797,163597,9.98517
5,32768,10,inf,2.5,1,873,4,3.6295,3.2139,447.29,6.8694,1293.62,1755.15,163875,10.0021
1,32768,10,inf,2.5,2,874,4,3.7774,1.3909,1.7836,2.4261,2.3967,12.2328,163510,9.97986
2,32768,10,inf,2.5,2,875,4,3.6814,1.9886,5.2202,2.6333,7.6193,21.6232,163984,10.0088
3,32768,10,inf,2.5,2,876,4,3.9011,2.3722,25.1391,3.0812,33.4822,68.4595,163947,10.0065
4,32768,10,inf,2.5,2,877,4,3.7412,3.0984,83.9435,6.176,232.57,330.038,163715,9.99237
5,32768,10,inf,2.5,2,878,4,3.6647,3.297,444.075,6.8842,845.484,1303.93,164346,10.0309
1,32768,10,inf,2.5,3,879,4,3.8353,1.6529,1.8046,2.0368,1.8773,11.6753,163784,9.99658
2,32768,10,inf,2.5,3,880,4,3.6619,1.9961,2.6737,2.6778,5.8128,17.2995,163186,9.96008
3,32768,10,inf,2.5,3,881,4,3.6624,2.5846,31.1939,3.0039,25.7113,66.6311,163570,9.98352
4,32768,10,inf,2.5,3,882,4,3.6633,2.8493,77.4026,6.1653,184.471,275.389,164070,10.014
5,32768,10,inf,2.5,3,883,4,3.6947,3.2822,424.297,7.186,647.594,1086.61,163632,9.9873
1,32768,10,inf,2.5,4,884,4,3.7844,1.4288,1.664,2.2772,1.415,11.0854,164168,10.02
2,32768,10,inf,2.5,4,885,4,4.0742,1.9287,2.2387,2.4083,4.1726,15.3196,163702,9.99158
3,32768,10,inf,2.5,4,886,4,4.0455,2.3889,26.4079,3.0247,19.0192,55.3559,164570,10.0446
4,32768,10,inf,2.5,4,887,4,3.7235,2.7789,87.3377,6.4501,132.149,232.959,163217,9.96198
5,32768,10,inf,2.5,4,888,4,3.6452,3.2446,471.207,7.2436,493.563,979.463,163479,9.97797
1,32768,10,inf,2.5,5,889,4,4.0973,1.3718,1.8189,2.092,1.3361,11.1978,163762,9.99524
2,32768,10,inf,2.5,5,890,4,3.7569,1.9423,2.7492,2.4214,4.1238,15.488,164219,10.0231
3,32768,10,inf,2.5,5,891,4,3.7538,2.4092,31.5506,3.1244,16.9072,58.5012,163133,9.95685
4,32768,10,inf,2.5,5,892,4,3.7638,2.8443,100.22,6.278,114.103,227.764,163826,9.99915
5,32768,10,inf,2.5,5,893,4,3.7662,3.5836,452.745,6.8063,447.312,914.792,164727,10.0541
1,32768,10,inf,2.5,6,894,4,4.014,1.4669,2.1079,2.035,1.1,11.2061,163394,9.97278
2,32768,10,inf,2.5,6,895,4,3.7496,1.977,3.2376,2.4399,3.9087,15.8071,164096,10.0156
3,32768,10,inf,2.5,6,896,4,3.7802,2.388,36.1294,3.1013,14.2664,60.1503,163316,9.96802
4,32768,10,inf,2.5,6,897,4,4.0185,2.8494,81.2838,6.042,95.9819,190.748,163849,10.0005
5,32768,10,inf,2.5,6,898,4,3.751,3.3191,435.751,7.3656,390.993,841.753,163521,9.98053
1,32768,10,2,2.5,1,899,5,4.967,1.6065,3.4207,2.3588,49.9032,62.7502,163612,9.98608
2,32768,10,2,2.5,1,900,5,3.6708,1.8411,3.6244,2.3434,163.342,175.29,163354,9.97034
3,32768,10,2,2.5,1,901,5,3.5822,2.2845,9.9167,3.0655,739.816,759.168,164181,10.0208
4,32768,10,2,2.5,1,902,5,3.6606,3.021,62.3425,6.503,4299.31,4375.37,164038,10.0121
5,32768,10,2,2.5,1,903,5,3.7518,3.2632,47.4912,6.8772,18175.6,18237.5,163833,9.99957
1,32768,10,2,2.5,2,904,5,3.7602,1.3908,3.5529,2.1571,27.6536,39.0113,163821,9.99884
2,32768,10,2,2.5,2,905,5,4.0092,1.9521,4.9456,2.4877,89.058,102.928,163858,10.0011
3,32768,10,2,2.5,2,906,5,3.6693,2.3429,18.7808,3.1083,435.047,463.437,164768,10.0566
4,32768,10,2,2.5,2,907,5,4.057,2.8146,16.3794,6.227,2489.5,2519.5,164127,10.0175
5,32768,10,2,2.5,2,908,5,3.6971,3.2654,86.1511,7.2755,12232.3,12333.2,164096,10.0156
1,32768,10,2,2.5,3,909,5,3.9299,1.4229,2.574,2.3169,20.9026,31.6903,164363,10.0319
2,32768,10,2,2.5,3,910,5,3.826,1.9214,14.9552,2.4645,68.5913,92.2327,163540,9.98169
3,32768,10,2,2.5,3,911,5,3.6675,2.3452,4.1266,3.083,334.813,348.532,163767,9.99554
4,32768,10,2,2.5,3,912,5,3.6675,2.777,93.4308,6.4297,2109.15,2216.02,163050,9.95178
5,32768,10,2,2.5,3,913,5,3.6606,3.2297,100.936,7.2713,9552.36,9668.02,164213,10.0228
1,32768,10,2,2.5,4,914,5,3.8794,1.3699,10.5411,2.5251,14.8517,33.7067,163542,9.98181
2,32768,10,2,2.5,4,915,5,3.9412,2.2534,4.684,2.4645,48.8979,62.7308,164073,10.0142
3,32768,10,2,2.5,4,916,5,3.7523,2.4056,9.3686,3.1369,247.946,267.112,164233,10.024
4,32768,10,2,2.5,4,917,5,3.7542,2.8564,60.5973,6.3894,1430.72,1504.89,163701,9.99152
5,32768,10,2,2.5,4,918,5,3.8006,3.628,56.9219,7.1699,7403.53,7475.65,163990,10.0092
1,32768,10,2,2.5,5,919,5,3.8641,1.3695,3.0619,2.2261,15.0549,26.0879,163960,10.0073
2,32768,10,2,2.5,5,920,5,4.0233,1.9505,4.2467,2.5767,42.3749,55.681,163428,9.97485
3,32768,10,2,2.5,5,921,5,3.7584,2.42,9.6125,3.1318,216.823,236.259,163758,9.995
4,32768,10,2,2.5,5,922,5,3.7547,2.8504,13.3676,6.6115,1269.86,1297.02,163751,9.99457
5,32768,10,2,2.5,5,923,5,3.7583,3.341,70.6606,7.2232,6916.81,7002.37,163641,9.98785
1,32768,10,2,2.5,6,924,5,3.7866,1.3686,2.8894,2.4779,12.326,23.5455,163880,10.0024
2,32768,10,2,2.5,6,925,5,4.001,1.9473,6.9426,2.4464,38.9315,54.7621,163664,9.98926
3,32768,10,2,2.5,6,926,5,3.7659,2.4005,15.8734,3.1207,190.049,215.738,163983,10.0087
4,32768,10,2,2.5,6,927,5,3.7672,2.8424,21.8728,6.6012,1100.83,1136.5,164516,10.0413
5,32768,10,2,2.5,6,928,5,3.7533,3.3183,44.4378,7.732,6095.93,6155.76,162928,9.94434
1,1024,10,inf,2.5,1,929,0,0.1702,0.0579,0.3645,0.0835,0.1804,0.8742,5072,9.90625
1,1024,100,inf,2.5,1,930,0,0.1563,0.0557,1.5541,0.0575,0.4044,2.247,51085,99.7754
1,2048,10,inf,2.5,1,931,0,0.3177,0.1057,0.3998,0.1517,0.3533,1.358,10193,9.9541
1,2048,100,inf,2.5,1,932,0,0.3047,0.1048,4.5885,0.1364,1.0723,6.2363,102527,100.124
1,4096,10,inf,2.5,1,933,0,0.6042,0.1683,0.287,0.2269,0.5681,1.9187,20444,9.98242
1,4096,100,inf,2.5,1,934,0,0.4604,0.1675,6.0953,0.2134,1.7567,8.7564,204339,99.7749
1,4096,1000,inf,2.5,1,935,0,0.7815,0.1679,119.764,0.1855,13.0774,134.041,2047925,999.963
1,8192,10,inf,2.5,1,936,0,1.1478,0.3516,0.6725,0.4628,1.12,3.8781,40565,9.90356
1,8192,100,inf,2.5,1,937,0,0.9127,0.3501,5.0417,0.4072,3.8696,10.7037,409060,99.8682
1,8192,1000,inf,2.5,1,938,0,0.8993,0.6591,135.047,0.3812,31.6151,168.729,4096080,1000.02
1,16384,10,inf,2.5,1,939,0,1.9655,0.6957,1.1599,0.9669,2.2975,7.3331,81761,9.98059
1,16384,100,inf,2.5,1,940,0,1.874,0.6928,7.1262,0.8589,8.3372,19.1471,820097,100.109
1,16384,1000,inf,2.5,1,941,0,1.8569,0.7161,242.845,0.7574,72.8998,319.318,8191043,999.883
1,32768,10,inf,2.5,1,942,0,4.0167,1.3005,0.9057,1.8643,4.4591,13.0102,163842,10.0001
1,32768,100,inf,2.5,1,943,0,3.7607,1.5708,44.0603,1.7924,17.0022,68.6577,1639672,100.078
1,32768,1000,inf,2.5,1,944,0,3.6716,1.6449,329.566,1.5388,160.913,497.812,16383476,999.968
1,65536,10,inf,2.5,1,945,0,7.8382,2.7469,3.2501,4.6646,9.535,29.0412,326382,9.96039
1,65536,100,inf,2.5,1,946,0,7.5502,2.6495,86.0596,3.7449,34.5962,135.578,3280645,100.117
1,65536,1000,inf,2.5,1,947,0,7.2028,2.8911,581.219,3.7472,203.699,799.736,32765366,999.92
1,131072,10,inf,2.5,1,948,0,15.3739,5.5916,7.6295,11.2616,18.8962,60.7453,654801,9.99147
1,131072,100,inf,2.5,1,949,0,14.8675,5.243,118.953,8.8273,71.105,220.942,6555567,100.03
1,131072,1000,inf,2.5,1,950,0,14.8944,5.1737,872.736,8.0162,418.819,1321.61,65526682,999.858
1,262144,10,inf,2.5,1,951,0,30.1144,11.2468,12.217,25.1492,38.8022,121.808,1310847,10.001
1,262144,100,inf,2.5,1,952,0,29.518,10.944,69.0955,21.4821,140.173,275.11,13105851,99.9897
1,262144,1000,inf,2.5,1,953,0,29.3843,10.5243,1438.18,19.1235,856.839,2358.3,131061975,999.924
1,524288,10,inf,2.5,1,954,0,59.4352,21.3681,35.8873,61.3168,76.7782,262.579,2624416,10.0114
1,524288,100,inf,2.5,1,955,0,58.911,21.5434,266.878,45.0115,285.543,685.613,26218087,100.014
1,524288,1000,inf,2.5,1,956,0,58.9914,21.2387,1274.98,40.3233,1749.71,3153.3,262164454,1000.08
1,1048576,10,inf,2.5,1,957,0,120.323,56.9276,62.2576,154.671,154.545,569.377,5238018,9.99073
1,1048576,100,inf,2.5,1,958,0,117.477,63.1796,248.013,119.647,576.384,1145.27,52437458,100.017
1,1048576,1000,inf,2.5,1,959,0,117.671,69.4131,3901.04,99.5836,3521.82,7729.46,524255532,999.938
1,32768,2,inf,2.5,1,960,1,4.0723,1.3835,1.3848,3.2431,7.5539,18.1491,32839,2.00433
1,32768,4,inf,2.5,1,961,1,3.9583,1.484,1.9183,2.7083,5.6339,16.2485,65291,3.98505
1,32768,8,inf,2.5,1,962,1,4.2133,1.4419,1.7856,2.2571,4.3148,14.4941,130915,7.99042
1,32768,16,inf,2.5,1,963,1,4.2657,1.4438,2.4885,2.0308,4.6767,15.4026,262556,16.0251
1,32768,32,inf,2.5,1,964,1,4.3423,1.5541,4.5908,1.773,7.1693,19.9351,524338,32.0031
1,32768,64,inf,2.5,1,965,1,3.9147,1.4376,21.3426,1.8138,11.1226,40.135,1046717,63.8865
1,32768,128,inf,2.5,1,966,1,3.7138,1.3334,12.41,1.7257,17.3788,37.0667,2100726,128.218
1,32768,256,inf,2.5,1,967,1,4.1007,1.5454,60.3097,1.6478,46.4929,114.569,4198517,256.257
1,32768,512,inf,2.5,1,968,1,3.6545,1.3329,129.743,1.5388,84.5158,221.393,8389880,512.078
1,32768,1024,inf,2.5,1,969,1,3.9768,1.3375,281.34,1.4965,155.766,444.383,16783880,1024.41
1,32768,2048,inf,2.5,1,970,1,3.7496,1.6909,863.514,1.4553,297,1167.89,33553782,2047.96
1,32768,4096,inf,2.5,1,971,1,4.0519,1.301,2079.08,1.4224,548.624,2634.96,67116331,4096.46
1,32768,10,inf,2.5,1,972,2,4.115,1.383,1.8324,2.0601,4.5922,14.4728,163629,9.98712
1,32768,10,5,2.5,1,973,2,4.3242,1.6664,9.7865,2.1922,88.857,107.332,163548,9.98218
1,32768,10,4.5,2.5,1,974,2,3.7295,1.4214,10.2794,2.2531,83.2621,101.437,164220,10.0232
1,32768,10,4,2.5,1,975,2,3.7775,1.3866,7.6773,2.386,91.2702,106.992,163810,9.99817
1,32768,10,3.5,2.5,1,976,2,4.3603,1.3467,8.3923,2.1463,87.848,104.587,164209,10.0225
1,32768,10,3,2.5,1,977,2,3.8033,1.3329,19.4944,2.1835,82.9695,110.277,164207,10.0224
1,32768,10,2.5,2.5,1,978,2,4.2839,1.3087,7.1792,2.0666,90.688,106.03,163368,9.97119
1,32768,10,2,2.5,1,979,2,3.731,1.3316,3.2807,2.2075,51.4584,62.5522,164402,10.0343
1,32768,10,inf,2.5,1,980,3,4.0028,1.3361,2.0559,2.1969,4.7044,14.7651,163586,9.9845
2,32768,10,inf,2.5,1,981,3,4.2783,1.9946,3.1842,2.2446,14.6949,26.905,163918,10.0048
3,32768,10,inf,2.5,1,982,3,3.7408,2.3523,25.1812,3.1161,60.8009,95.6945,164509,10.0408
4,32768,10,inf,2.5,1,983,3,3.7235,2.789,103.493,20.885,387.528,518.944,164341,10.0306
5,32768,10,inf,2.5,1,984,3,3.8623,3.3321,408.29,9.799,1347.54,1773.35,164431,10.0361
1,32768,10,inf,2.5,1,985,4,4.1405,1.3028,1.8012,2.1561,4.4609,14.3183,163804,9.9978
2,32768,10,inf,2.5,1,986,4,3.7802,2.1638,3.1128,2.24,14.3556,26.1436,164233,10.024
3,32768,10,inf,2.5,1,987,4,3.5724,2.2859,30.094,3.0093,61.0537,100.486,163488,9.97852
4,32768,10,inf,2.5,1,988,4,3.6137,2.7714,98.5629,6.3792,387.427,499.269,163848,10.0005
5,32768,10,inf,2.5,1,989,4,3.5265,3.2111,464.881,7.2194,1285.95,1765.4,164217,10.023
1,32768,10,inf,2.5,2,990,4,3.9402,1.4311,0.8636,1.9608,2.4395,11.1175,163638,9.98767
2,32768,10,inf,2.5,2,991,4,4.0487,1.8764,2.5952,2.3504,7.7204,19.097,163935,10.0058
3,32768,10,inf,2.5,2,992,4,3.6967,2.578,30.5711,3.0043,33.4016,73.7261,163565,9.98322
4,32768,10,inf,2.5,2,993,4,3.6568,2.7751,83.7524,6.3592,231.485,328.556,164199,10.0219
5,32768,10,inf,2.5,2,994,4,3.6625,3.239,443.06,7.0019,841.595,1299.11,164071,10.0141
1,32768,10,inf,2.5,3,995,4,3.8888,1.4863,4.6725,2.1862,2.291,14.9955,163852,10.0007
2,32768,10,inf,2.5,3,996,4,3.7945,1.8945,3.6958,2.2775,6.2354,18.3676,163917,10.0047
3,32768,10,inf,2.5,3,997,4,3.8762,2.3833,27.7338,3.0826,25.1451,62.6941,164603,10.0466
4,32768,10,inf,2.5,3,998,4,3.9879,2.8118,96.7092,6.1956,185.902,296.124,164237,10.0242
5,32768,10,inf,2.5,3,999,4,3.6791,3.5669,468.726,6.9374,649.632,1133.1,163736,9.99365
1,32768,10,inf,2.5,4,1000,4,5.0222,1.5439,2.5949,2.5303,1.4039,13.6376,163799,9.9975
2,32768,10,inf,2.5,4,1001,4,3.9319,1.9543,10.7284,2.5034,4.2505,23.8715,163419,9.9743
3,32768,10,inf,2.5,4,1002,4,4.0594,2.4385,26.4152,3.3772,19.4602,56.2575,163485,9.97833
4,32768,10,inf,2.5,4,1003,4,3.801,2.8721,91.9662,6.2724,133.847,239.306,163674,9.98987
5,32768,10,inf,2.5,4,1004,4,3.7519,3.6002,436.326,6.8503,497.642,948.774,164507,10.0407
1,32768,10,inf,2.5,5,1005,4,4.7337,1.7577,1.9887,2.0544,1.3909,12.4086,163818,9.99866
2,32768,10,inf,2.5,5,1006,4,3.7686,2.15,2.1904,2.6843,3.7037,14.9802,163873,10.002
3,32768,10,inf,2.5,5,1007,4,3.7691,2.4213,27.4648,3.0752,16.2079,53.4243,163938,10.006
4,32768,10,inf,2.5,5,1008,4,3.7742,2.8735,97.5797,6.3806,114.299,225.476,162999,9.94867
5,32768,10,inf,2.5,5,1009,4,3.7657,3.3419,451.088,6.8466,445.171,910.798,163412,9.97388
1,32768,10,inf,2.5,6,1010,4,3.8511,1.6381,1.83,2.0754,1.2609,11.141,164398,10.0341
2,32768,10,inf,2.5,6,1011,4,3.751,1.9404,3.1152,2.6393,3.3344,15.2613,164222,10.0233
3,32768,10,inf,2.5,6,1012,4,3.757,2.4191,34.0753,2.9919,14.1714,57.9025,163941,10.0062
4,32768,10,inf,2.5,6,1013,4,4.0325,2.8767,91.6805,6.4626,96.2899,201.91,164333,10.0301
5,32768,10,inf,2.5,6,1014,4,4.0074,3.3364,467.768,6.9867,393.401,876.103,163049,9.95172
1,32768,10,2,2.5,1,1015,5,4.647,1.594,3.4069,2.7298,51.5788,64.4615,164037,10.012
2,32768,10,2,2.5,1,1016,5,3.6596,1.9019,4.7676,2.7242,161.73,175.248,164758,10.056
3,32768,10,2,2.5,1,1017,5,3.9025,2.3212,8.6507,3.0413,731.789,750.198,164000,10.0098
4,32768,10,2,2.5,1,1018,5,3.8799,2.7326,15.0455,6.1983,3864.85,3893.24,162338,9.90833
5,32768,10,2,2.5,1,1019,5,3.6073,3.1726,67.1055,7.174,18195.7,18277.3,163854,10.0009
1,32768,10,2,2.5,2,1020,5,3.8503,1.4284,3.0474,2.2915,28.2111,39.3929,163850,10.0006
2,32768,10,2,2.5,2,1021,5,3.6917,1.913,3.9616,2.4936,91.3842,103.919,163137,9.95709
3,32768,10,2,2.5,2,1022,5,3.9736,2.3513,7.2942,3.0998,439.22,456.444,164077,10.0145
4,32768,10,2,2.5,2,1023,5,3.661,2.776,16.1521,6.3072,2474.28,2503.73,163610,9.98596
5,32768,10,2,2.5,2,1024,5,3.7032,3.2611,61.7114,7.308,12277.8,12354.3,163007,9.94916
1,32768,10,2,2.5,3,1025,5,4.2244,1.3393,2.7952,2.2238,22.3008,33.3895,164346,10.0309
2,32768,10,2,2.5,3,1026,5,4.1915,1.9056,9.2596,2.4905,69.6227,87.963,163310,9.96765
3,32768,10,2,2.5,3,1027,5,3.603,2.3477,6.233,3.4584,331.399,347.546,163218,9.96204
4,32768,10,2,2.5,3,1028,5,3.9962,2.7766,17.375,6.324,2011.31,2042.35,163788,9.99683
5,32768,10,2,2.5,3,1029,5,3.6642,3.2357,84.456,7.1944,9657.57,9756.68,163991,10.0092
1,32768,10,2,2.5,4,1030,5,4.1401,1.3347,6.2952,2.0804,15.2817,29.6381,164377,10.0328
2,32768,10,2,2.5,4,1031,5,3.7477,2.4027,3.788,2.5382,48.4124,61.3691,164314,10.0289
3,32768,10,2,2.5,4,1032,5,3.7685,2.3569,7.7882,3.0956,252.077,269.567,164119,10.017
4,32768,10,2,2.5,4,1033,5,3.7129,2.7793,14.9575,6.6291,1471.05,1499.7,163989,10.0091
5,32768,10,2,2.5,4,1034,5,3.7115,3.5808,116.843,6.9654,7470.3,7601.96,163895,10.0034
1,32768,10,2,2.5,5,1035,5,3.7964,1.6752,2.6327,2.2103,13.9599,24.7932,163295,9.96674
2,32768,10,2,2.5,5,1036,5,3.7709,1.9627,4.9543,2.8263,42.7195,56.7443,163437,9.9754
3,32768,10,2,2.5,5,1037,5,3.7742,2.6638,25.6228,3.4008,211.381,247.381,163792,9.99707
4,32768,10,2,2.5,5,1038,5,3.7691,2.8698,72.6484,6.2757,1257.01,1343.15,164296,10.0278
5,32768,10,2,2.5,5,1039,5,3.7704,3.341,47.0103,6.868,6745.72,6807.29,164252,10.0251
1,32768,10,2,2.5,6,1040,5,4.6646,1.5495,3.3113,2.1946,12.9452,25.179,164376,10.0327
2,32768,10,2,2.5,6,1041,5,3.7676,1.9479,4.9452,2.4946,37.1274,50.7729,162393,9.91168
3,32768,10,2,2.5,6,1042,5,3.7552,2.4037,10.3268,3.1509,191.358,211.521,164471,10.0385
4,32768,10,2,2.5,6,1043,5,4.0816,2.9402,19.0376,6.4217,1117.52,1150.57,164141,10.0184
5,32768,10,2,2.5,6,1044,5,4.0116,3.3174,105.557,7.3214,5993.65,6114.44,163177,9.95953
1,1024,10,inf,2.5,1,1045,0,0.1711,0.0575,0.0839,0.0793,0.1618,0.5713,5112,9.98438
1,1024,100,inf,2.5,1,1046,0,0.1572,0.0561,3.1573,0.0691,0.705,4.1624,51112,99.8281
1,2048,10,inf,2.5,1,1047,0,0.305,0.1057,0.1925,0.1484,0.3372,1.12,10318,10.0762
1,2048,100,inf,2.5,1,1048,0,0.3037,0.1057,3.7909,0.1368,1.0829,5.448,102231,99.835
1,4096,10,inf,2.5,1,1049,0,0.5806,0.179,1.6839,0.2648,0.5732,3.3497,20496,10.0078
1,4096,100,inf,2.5,1,1050,0,0.4763,0.1795,6.7446,0.2073,1.7285,9.3997,205330,100.259
1,4096,1000,inf,2.5,1,1051,0,0.4717,0.1679,100.933,0.1938,14.0026,115.835,2047913,999.958
1,8192,10,inf,2.5,1,1052,0,1.0328,0.3622,0.5723,0.4722,1.1442,3.7087,40913,9.98853
1,8192,100,inf,2.5,1,1053,0,0.9252,0.3585,12.136,0.4091,3.8242,17.7873,409514,99.979
1,8192,1000,inf,2.5,1,1054,0,0.9359,0.345,90.1005,0.6766,31.2678,123.459,4096381,1000.09
1,16384,10,inf,2.5,1,1055,0,2.2627,0.6558,1.2239,0.928,2.3253,7.6327,82099,10.0219
1,16384,100,inf,2.5,1,1056,0,1.8968,0.6492,24.121,1.3988,8.3182,36.6215,819185,99.9982
1,16384,1000,inf,2.5,1,1057,0,1.8319,0.6506,209.178,0.7323,73.5722,286.207,8198468,1000.79
1,32768,10,inf,2.5,1,1058,0,3.674,1.6371,2.1397,2.0962,4.5853,14.6078,163406,9.97351
1,32768,100,inf,2.5,1,1059,0,3.8019,1.3032,21.5352,1.8884,17.3705,46.3856,1639050,100.04
1,32768,1000,inf,2.5,1,1060,0,3.6999,1.3269,385.024,1.5276,163.682,555.745,16387232,1000.2
1,65536,10,inf,2.5,1,1061,0,7.6736,2.6727,4.1605,4.8148,9.3903,29.7323,328677,10.0304
1,65536,100,inf,2.5,1,1062,0,7.8802,2.6115,28.4699,4.026,35.0837,79.054,3273748,99.9069
1,65536,1000,inf,2.5,1,1063,0,7.2714,2.5865,460.023,3.2167,347.649,821.762,32767613,999.988
1,131072,10,inf,2.5,1,1064,0,15.1138,5.3811,5.46,11.5075,19.0664,58.4492,655678,10.0049
1,131072,100,inf,2.5,1,1065,0,14.739,5.1757,96.2958,8.6294,70.1402,196.993,6552351,99.9809
1,131072,1000,inf,2.5,1,1066,0,15.2927,5.5986,664.979,8.4437,420.605,1116.85,65537915,1000.03
1,262144,10,inf,2.5,1,1067,0,29.9172,11.1619,10.4765,24.4685,37.4016,117.657,1309868,9.9935
1,262144,100,inf,2.5,1,1068,0,29.2648,10.7441,257.68,20.4054,142.643,464.616,13103974,99.9754
1,262144,1000,inf,2.5,1,1069,0,29.2596,10.8117,1071.29,18.9853,876.563,2010.9,131074392,1000.02
1,524288,10,inf,2.5,1,1070,0,63.5228,21.8601,19.7756,54.541,77.4998,246.569,2617536,9.98511
1,524288,100,inf,2.5,1,1071,0,60.4707,21.7893,103.154,44.6302,284.461,522.547,26213380,99.9961
1,524288,1000,inf,2.5,1,1072,0,58.3143,21.165,2061.78,40.9016,1772.11,3962.21,262150281,1000.02
1,1048576,10,inf,2.5,1,1073,0,119.881,45.766,53.9061,168.592,158.096,568.74,5237779,9.99027
1,1048576,100,inf,2.5,1,1074,0,121.201,64.4884,174.855,120.17,580.084,1081.3,52437443,100.016
1,1048576,1000,inf,2.5,1,1075,0,118.156,64.7142,3655.77,101.525,3584.35,7544.71,524278243,999.981
1,32768,2,inf,2.5,1,1076,1,3.6972,1.4382,3.0497,3.5475,7.3029,19.5567,33387,2.03778
1,32768,4,inf,2.5,1,1077,1,4.4183,1.4701,1.9019,2.5484,5.1794,16.0418,65648,4.00684
1,32768,8,inf,2.5,1,1078,1,4.2694,1.4093,3.9212,2.303,4.442,16.8561,131577,8.03082
1,32768,16,inf,2.5,1,1079,1,4.0149,1.3463,2.8402,2.0795,4.8997,15.6805,262344,16.0122
1,32768,32,inf,2.5,1,1080,1,3.9745,1.3486,4.1239,1.7998,6.7056,18.4798,523447,31.9487
1,32768,64,inf,2.5,1,1081,1,3.9977,1.3644,6.3596,1.863,10.7853,24.8659,1048671,64.0058
1,32768,128,inf,2.5,1,1082,1,3.7473,1.3514,22.5025,1.7419,17.5412,47.6796,2095728,127.913
1,32768,256,inf,2.5,1,1083,1,3.742,1.3505,74.4408,1.8478,30.0229,111.875,4193530,255.953
1,32768,512,inf,2.5,1,1084,1,3.7899,1.6403,128.477,1.5931,83.4305,219.405,8387431,511.928
1,32768,1024,inf,2.5,1,1085,1,4.031,1.331,343.695,1.4906,157.857,508.873,16779861,1024.16
1,32768,2048,inf,2.5,1,1086,1,3.7546,1.4215,849.869,1.4544,298.147,1155.12,33559664,2048.32
1,32768,4096,inf,2.5,1,1087,1,4.1864,1.3105,2200.92,1.4828,552.379,2760.77,67107672,4095.93
1,32768,10,inf,2.5,1,1088,2,3.8586,1.4284,2.3708,2.0967,4.5245,14.7348,164313,10.0289
1,32768,10,5,2.5,1,1089,2,4.1832,1.4167,9.0449,2.2057,94.8694,112.227,163445,9.97589
1,32768,10,4.5,2.5,1,1090,2,3.7282,1.4234,8.5593,2.1431,98.1129,114.475,163193,9.96051
1,32768,10,4,2.5,1,1091,2,3.7194,1.4227,8.4494,2.5298,89.4304,106.046,164073,10.0142
1,32768,10,3.5,2.5,1,1092,2,3.9643,1.4298,8.9335,2.1459,87.6016,104.589,163992,10.0093
1,32768,10,3,2.5,1,1093,2,4.0677,1.3329,6.9584,2.2498,88.7722,104.218,163772,9.99585
1,32768,10,2.5,2.5,1,1094,2,3.7602,1.3338,23.903,2.2437,84.4967,116.536,164132,10.0178
1,32768,10,2,2.5,1,1095,2,3.7264,1.3338,3.5613,2.2944,50.4839,61.9051,164217,10.023
1,32768,10,inf,2.5,1,1096,3,3.9452,1.3384,1.8699,2.1273,4.538,14.317,164041,10.0123
2,32768,10,inf,2.5,1,1097,3,3.8851,2.2761,2.6616,2.2386,14.3926,25.9636,163605,9.98566
3,32768,10,inf,2.5,1,1098,3,3.7347,2.4635,34.3657,3.1007,60.7597,104.908,162905,9.94293
4,32768,10,inf,2.5,1,1099,3,3.7876,2.7813,63.0317,6.5256,386.154,462.804,163703,9.99164
5,32768,10,inf,2.5,1,1100,3,3.7834,3.3099,474.283,6.9764,1292.46,1781.34,163941,10.0062
1,32768,10,inf,2.5,1,1101,4,3.8368,1.5355,1.6,2.4023,4.692,14.5267,163365,9.97101
2,32768,10,inf,2.5,1,1102,4,3.7139,1.8689,2.1505,2.3174,14.3823,24.9242,164234,10.024
3,32768,10,inf,2.5,1,1103,4,3.5729,2.6142,28.4926,3.0382,60.588,98.7803,164494,10.0399
4,32768,10,inf,2.5,1,1104,4,3.6759,3.1193,86.599,6.1147,388.425,488.493,163720,9.99268
5,32768,10,inf,2.5,1,1105,4,3.9059,3.2273,446.96,6.8883,1286.45,1747.97,163957,10.0071
1,32768,10,inf,2.5,2,1106,4,4.2769,1.306,2.771,2.1555,2.4872,13.4753,164236,10.0242
2,32768,10,inf,2.5,2,1107,4,3.6893,2.3958,3.9944,2.4079,7.5928,20.5713,163833,9.99957
3,32768,10,inf,2.5,2,1108,4,4.1809,2.4223,37.2652,3.0845,33.6537,81.0806,163660,9.98901
4,32768,10,inf,2.5,2,1109,4,3.9708,2.7965,96.0144,6.3982,231.982,341.684,163316,9.96802
5,32768,10,inf,2.5,2,1110,4,3.662,3.2403,437.153,7.2208,844.329,1296.17,163255,9.96429
1,32768,10,inf,2.5,3,1111,4,3.8836,1.4336,1.5341,2.4097,2.0434,11.8062,164383,10.0331
2,32768,10,inf,2.5,3,1112,4,4.0283,2.0104,2.4552,2.3926,5.8486,17.2123,163701,9.99152
3,32768,10,inf,2.5,3,1113,4,3.9857,2.4969,28.3103,3.4277,25.351,64.0487,163489,9.97858
4,32768,10,inf,2.5,3,1114,4,3.6725,3.1318,80.7573,6.5252,186.533,281.154,163535,9.98138
5,32768,10,inf,2.5,3,1115,4,3.8942,3.2492,447.543,7.4722,648.54,1111.26,163637,9.98761
1,32768,10,inf,2.5,4,1116,4,3.7398,1.4252,1.701,2.1505,1.4938,11.0567,164534,10.0424
2,32768,10,inf,2.5,4,1117,4,4.1252,1.9932,2.8485,2.4538,4.2124,16.115,163719,9.99261
3,32768,10,inf,2.5,4,1118,4,4.0895,2.4441,28.5139,3.3929,18.8141,57.7716,163718,9.99255
4,32768,10,inf,2.5,4,1119,4,3.7148,2.8244,99.4037,6.4412,131.115,244.029,163406,9.97351
5,32768,10,inf,2.5,4,1120,4,4.0487,3.245,413.219,7.0046,512.424,940.543,163760,9.99512
1,32768,10,inf,2.5,5,1121,4,3.8748,1.3708,2.7803,2.4126,1.5472,12.4684,164255,10.0253
2,32768,10,inf,2.5,5,1122,4,3.7486,1.9409,2.9523,2.4616,3.9819,15.57,163563,9.98309
3,32768,10,inf,2.5,5,1123,4,3.7519,2.4138,19.2237,3.0162,16.3223,45.218,163549,9.98224
4,32768,10,inf,2.5,5,1124,4,4.197,2.861,87.9388,6.2117,113.669,215.401,163851,10.0007
5,32768,10,inf,2.5,5,1125,4,3.7524,3.5808,448.019,6.8661,454.579,917.375,163472,9.97754
1,32768,10,inf,2.5,6,1126,4,4.0622,1.3704,2.0745,2.08,1.165,11.2329,164174,10.0204
2,32768,10,inf,2.5,6,1127,4,3.7134,1.9538,2.5851,2.6509,3.2798,14.6736,164042,10.0123
3,32768,10,inf,2.5,6,1128,4,3.7542,2.4145,25.6918,3.014,14.0253,49.3829,163563,9.98309
4,32768,10,inf,2.5,6,1129,4,3.7565,2.8494,89.9437,6.0484,97.203,200.364,164001,10.0098
5,32768,10,inf,2.5,6,1130,4,3.7625,3.3304,443.385,6.8443,395.813,853.71,163700,9.99146
1,32768,10,2,2.5,1,1131,5,3.7825,1.3694,4.5492,2.2237,49.3826,61.7994,163434,9.97522
2,32768,10,2,2.5,1,1132,5,3.5928,1.8403,5.4326,2.6616,161.299,175.292,163718,9.99255
3,32768,10,2,2.5,1,1133,5,3.8762,2.2799,4.4564,3.0442,735.269,749.413,163724,9.99292
4,32768,10,2,2.5,1,1134,5,3.8976,2.708,17.6417,6.183,3894.8,3925.76,164185,10.0211
5,32768,10,2,2.5,1,1135,5,3.5766,3.1527,84.6743,7.1679,18117.4,18216.5,163290,9.96643
1,32768,10,2,2.5,2,1136,5,3.8011,1.389,18.5767,2.7965,35.0692,62.1259,164081,10.0147
2,32768,10,2,2.5,2,1137,5,3.6971,1.9475,17.7358,2.5586,88.3099,114.739,163662,9.98914
3,32768,10,2,2.5,2,1138,5,3.6007,2.3434,12.0311,3.1013,434.166,455.747,164374,10.0326
4,32768,10,2,2.5,2,1139,5,3.6629,2.7974,32.1489,6.6764,2469.46,2515.27,163775,9.99603
5,32768,10,2,2.5,2,1140,5,3.7147,3.2696,149.786,7.1922,12345.9,12510.4,163839,9.99994
1,32768,10,2,2.5,3,1141,5,3.8423,1.4586,2.7492,2.3694,21.6807,32.6219,164046,10.0126
2,32768,10,2,2.5,3,1142,5,3.8947,1.9088,6.7562,2.3931,71.9531,87.3949,164382,10.0331
3,32768,10,2,2.5,3,1143,5,3.6581,2.336,56.3126,3.0799,335.129,401.055,164560,10.0439
4,32768,10,2,2.5,3,1144,5,3.7161,2.7737,24.4439,6.2589,2009.58,2047.33,164110,10.0165
5,32768,10,2,2.5,3,1145,5,3.6597,3.2366,62.8577,6.8322,9492.98,9570.12,163320,9.96826
1,32768,10,2,2.5,4,1146,5,3.7584,1.4265,3.2561,2.5126,15.6722,27.1684,163497,9.97906
2,32768,10,2,2.5,4,1147,5,3.8024,1.9799,4.2634,2.5669,50.3407,63.4705,164097,10.0157
3,32768,10,2,2.5,4,1148,5,4.0552,2.4269,6.4947,3.083,250.566,267.136,164723,10.0539
4,32768,10,2,2.5,4,1149,5,4.0343,2.8532,61.1608,6.3184,1444.77,1519.69,164484,10.0393
5,32768,10,2,2.5,4,1150,5,3.8001,3.3781,149.536,6.9454,7433.52,7598.07,164252,10.0251
1,32768,10,2,2.5,5,1151,5,4.7365,1.5467,3.4425,2.5224,14.4863,27.2486,163831,9.99945
2,32768,10,2,2.5,5,1152,5,3.7613,2.2311,4.6206,2.5219,42.9446,56.5677,163594,9.98499
3,32768,10,2,2.5,5,1153,5,3.756,2.4278,11.4139,3.0622,213.861,235.035,164456,10.0376
4,32768,10,2,2.5,5,1154,5,3.7551,2.8517,40.3978,6.2891,1268.47,1322.34,164852,10.0618
5,32768,10,2,2.5,5,1155,5,3.7718,3.3165,140.553,6.8805,6762.58,6917.69,163778,9.99622
1,32768,10,2,2.5,6,1156,5,3.8072,1.3662,3.6013,2.2176,12.845,24.3543,164077,10.0145
2,32768,10,2,2.5,6,1157,5,3.7682,1.9548,7.065,2.7858,37.0427,53.1131,163596,9.98511
3,32768,10,2,2.5,6,1158,5,3.7524,2.4148,12.0992,3.0029,188.937,210.702,162827,9.93817
4,32768,10,2,2.5,6,1159,5,4.0005,2.8549,24.5936,6.5795,1112.34,1151.19,163438,9.97546
5,32768,10,2,2.5,6,1160,5,3.7533,3.3344,65.4826,6.7966,6104.56,6184.51,163583,9.98431
